18:08:57.599 [main                     ] DEBUG Logger               - Configured Logger
18:08:57.648 [main                     ] DEBUG GameApplication      - Logging settings
Title: Shooter
Version: 0.1
Width: 1280
Height: 720
Fullscreen: true
Intro: false
Profiling: false
Single step:false
App Mode: DEVELOPER
Menu Key: ESCAPE
Stage Style: DECORATED
Scene Factory: class com.aen.spaceship_fights.MySceneFactory

18:08:58.297 [JavaFX Application Thread] DEBUG FXGLApplication      - Initializing FXGL
18:08:58.301 [JavaFX Application Thread] INFO  Engine               - FXGL-21.1 (27.03.2024 07.52) on WINDOWS (J:22.0.2 FX:22.0.1)
18:08:58.301 [JavaFX Application Thread] DEBUG Engine               - JRE Vendor Name: Oracle Corporation
18:08:58.301 [JavaFX Application Thread] DEBUG Engine               - Running on OS: Windows 11 version 10.0
18:08:58.301 [JavaFX Application Thread] DEBUG Engine               - Architecture: amd64
18:08:58.301 [JavaFX Application Thread] INFO  Engine               - Source code and latest versions at: https://github.com/AlmasB/FXGL
18:08:58.301 [JavaFX Application Thread] INFO  Engine               -       Ask questions and discuss at: https://github.com/AlmasB/FXGL/discussions
18:08:58.301 [JavaFX Application Thread] INFO  Engine               -              Join the FXGL chat at: https://gitter.im/AlmasB/FXGL
18:08:58.436 [JavaFX Application Thread] DEBUG PrimaryStageWindow   - Creating a JavaFX scene
18:08:58.514 [JavaFX Application Thread] DEBUG PrimaryStageWindow   - Target settings size: 1280.0 x 720.0
18:08:58.515 [JavaFX Application Thread] DEBUG PrimaryStageWindow   - Scaled scene size:    1280.0 x 720.0
18:08:58.515 [JavaFX Application Thread] DEBUG PrimaryStageWindow   - Scaled ratio: (1.0, 1.0)
18:08:58.516 [JavaFX Application Thread] DEBUG PrimaryStageWindow   - Set initial scene to FXGLStartupScene
18:08:58.521 [JavaFX Application Thread] DEBUG PrimaryStageWindow   - Opening main window
18:08:58.934 [JavaFX Application Thread] DEBUG PrimaryStageWindow   - Window border size: (16.0, 39.0)
18:08:58.934 [JavaFX Application Thread] DEBUG PrimaryStageWindow   - Scaled size: 1280.0 x 720.0
18:08:58.935 [JavaFX Application Thread] DEBUG PrimaryStageWindow   - Scaled ratio: (1.0, 1.0)
18:08:58.935 [JavaFX Application Thread] DEBUG PrimaryStageWindow   - Scene size: 1280.0 x 720.0
18:08:58.935 [JavaFX Application Thread] DEBUG PrimaryStageWindow   - Stage size: 1296.0 x 759.0
18:08:58.947 [FXGL Background Thread 1 ] DEBUG Engine               - Initializing environment variables
18:08:59.023 [FXGL Background Thread 1 ] DEBUG FXGLAssetLoaderServi - User app class for loading assets: class com.aen.spaceship_fights.SpaceShipFightsApp
18:08:59.026 [FXGL Background Thread 1 ] DEBUG GameApplicationServi - Applying CSS: fxgl_dark.css
18:08:59.029 [FXGL Background Thread 1 ] DEBUG FXGLAssetLoaderServi - Loading from file system: jar:file:/C:/Users/pc/.m2/repository/com/github/almasb/fxgl/21.1/fxgl-21.1.jar!/fxglassets/ui/css/fxgl_dark.css
18:08:59.100 [FXGL Background Thread 1 ] DEBUG GameApplicationServi - Initializing application scenes
18:08:59.230 [FXGL Background Thread 1 ] DEBUG GameWorld            - Game world initialized
18:08:59.278 [FXGL Background Thread 1 ] DEBUG PhysicsWorld         - Physics world initialized: appHeight=720, physics.ppm=50.0
18:08:59.278 [FXGL Background Thread 1 ] DEBUG PhysicsWorld         - Using strategy: BRUTE_FORCE
18:08:59.283 [FXGL Background Thread 1 ] DEBUG GameScene            - Game scene initialized: 1280x720
18:08:59.387 [FXGL Background Thread 1 ] DEBUG GameApplicationServi - Application scenes initialized
18:08:59.397 [FXGL Background Thread 1 ] DEBUG SystemBundleService  - Loading FXGL system data
18:08:59.399 [FXGL Background Thread 1 ] DEBUG FileSystemAccess     - Reading from: C:\Users\pc\Desktop\Java\GameEngines\Asteriods\system\fxgl.bundle
18:08:59.400 [FXGL Background Thread 1 ] DEBUG SystemBundleService  - Bundle FXGL: {}
18:08:59.401 [FXGL Background Thread 1 ] DEBUG UpdaterService       - Checking for updates
18:08:59.404 [FXGL Background Thread 4 ] DEBUG FXGLApplication      - Loading fonts
18:08:59.404 [FXGL Background Thread 4 ] DEBUG FXGLAssetLoaderServi - Loading from file system: jar:file:/C:/Users/pc/.m2/repository/com/github/almasb/fxgl/21.1/fxgl-21.1.jar!/fxglassets/ui/fonts/VarelaRound-Regular.ttf
18:08:59.405 [FXGL Background Thread 1 ] DEBUG FXGLApplication      - Loading default localization
18:08:59.406 [FXGL Background Thread 1 ] DEBUG FXGLAssetLoaderServi - Loading from file system: jar:file:/C:/Users/pc/.m2/repository/com/github/almasb/fxgl/21.1/fxgl-21.1.jar!/fxglassets/languages/english.lang
18:08:59.411 [FXGL Background Thread 4 ] DEBUG FXGLAssetLoaderServi - Loading from file system: jar:file:/C:/Users/pc/.m2/repository/com/github/almasb/fxgl/21.1/fxgl-21.1.jar!/fxglassets/ui/fonts/Abel-Regular.ttf
18:08:59.415 [FXGL Background Thread 4 ] DEBUG FXGLAssetLoaderServi - Loading from file system: jar:file:/C:/Users/pc/.m2/repository/com/github/almasb/fxgl/21.1/fxgl-21.1.jar!/fxglassets/ui/fonts/TerminalLandMono-Regular.otf
18:08:59.420 [FXGL Background Thread 4 ] DEBUG FXGLAssetLoaderServi - Loading from file system: jar:file:/C:/Users/pc/.m2/repository/com/github/almasb/fxgl/21.1/fxgl-21.1.jar!/fxglassets/ui/fonts/Courier-Prime.ttf
18:08:59.427 [JavaFX Application Thread] DEBUG FXGLApplication      - Registering font factories with UI factory
18:08:59.446 [FXGL Background Thread 1 ] INFO  FXGLApplication      - FXGL initialization took: 0.499 sec
18:08:59.481 [JavaFX Application Thread] DEBUG Input                - Registered new binding: action0 - A
18:08:59.482 [JavaFX Application Thread] DEBUG Input                - Registered new binding: action1 - D
18:08:59.482 [JavaFX Application Thread] DEBUG Input                - Registered new binding: action2 - W
18:08:59.483 [JavaFX Application Thread] DEBUG Input                - Registered new binding: action3 - F
18:08:59.483 [JavaFX Application Thread] DEBUG Input                - Registered new binding: action4 - P
18:08:59.483 [JavaFX Application Thread] DEBUG Input                - Registered new binding: action5 - R
18:08:59.484 [JavaFX Application Thread] DEBUG Input                - Registered new binding: action6 - M
18:08:59.484 [JavaFX Application Thread] DEBUG FXGLAssetLoaderServi - Loading from file system: jar:file:/C:/Users/pc/.m2/repository/com/github/almasb/fxgl/21.1/fxgl-21.1.jar!/fxglassets/textures/fxgl_icon.png
18:08:59.526 [JavaFX Application Thread] DEBUG FXGLAssetLoaderServi - Loading from file system: jar:file:/C:/Users/pc/.m2/repository/com/github/almasb/fxgl/21.1/fxgl-21.1.jar!/fxglassets/textures/fxgl_default_cursor.png
18:08:59.532 [JavaFX Application Thread] DEBUG Input                - Registered new binding: Screenshot - CTRL+8
18:08:59.533 [JavaFX Application Thread] DEBUG Input                - Registered new binding: System info dump - CTRL+9
18:08:59.534 [JavaFX Application Thread] DEBUG Input                - Registered new binding: Restart - CTRL+R
18:08:59.536 [JavaFX Application Thread] DEBUG Input                - Registered new binding: Toggle Debug Camera - CTRL+7
18:08:59.551 [JavaFX Application Thread] DEBUG LoopRunner           - Starting loop
18:08:59.552 [JavaFX Application Thread] DEBUG LoopRunner           - Initializing JavaFX AnimationTimerLoop
18:08:59.562 [JavaFX Application Thread] DEBUG Input                - Clearing active input actions
18:08:59.572 [JavaFX Application Thread] DEBUG GameApplicationServi - Removing overlay from FXGLStartupScene and adding to FXGLMainMenuDummyScene
18:08:59.575 [JavaFX Application Thread] DEBUG PrimaryStageWindow   - FXGLStartupScene -> FXGLMainMenuDummyScene
18:08:59.575 [JavaFX Application Thread] DEBUG PrimaryStageWindow   - Push state: MainMenu
18:08:59.576 [JavaFX Application Thread] DEBUG Input                - Clearing active input actions
18:08:59.592 [JavaFX Application Thread] DEBUG GameApplicationServi - Removing overlay from FXGLMainMenuDummyScene and adding to MainMenu
18:08:59.592 [JavaFX Application Thread] DEBUG PrimaryStageWindow   - FXGLMainMenuDummyScene -> MainMenu
18:09:02.404 [FXGL Background Thread 3 ] DEBUG Engine               - Logging environment variables
18:09:02.405 [FXGL Background Thread 3 ] DEBUG Engine               - achievements: []
18:09:02.406 [FXGL Background Thread 3 ] DEBUG Engine               - actualHeight: 720.0
18:09:02.406 [FXGL Background Thread 3 ] DEBUG Engine               - actualHeightProperty: ReadOnlyDoubleProperty [value: 720.0]
18:09:02.406 [FXGL Background Thread 3 ] DEBUG Engine               - actualWidth: 1280.0
18:09:02.407 [FXGL Background Thread 3 ] DEBUG Engine               - actualWidthProperty: ReadOnlyDoubleProperty [value: 1280.0]
18:09:02.407 [FXGL Background Thread 3 ] DEBUG Engine               - appIcon: fxgl_icon.png
18:09:02.408 [FXGL Background Thread 3 ] DEBUG Engine               - applicationMode: DEVELOPER
18:09:02.408 [FXGL Background Thread 3 ] DEBUG Engine               - cSSList: [fxgl_dark.css]
18:09:02.408 [FXGL Background Thread 3 ] DEBUG Engine               - collisionDetectionStrategy: BRUTE_FORCE
18:09:02.408 [FXGL Background Thread 3 ] DEBUG Engine               - configClass: Optional.empty
18:09:02.408 [FXGL Background Thread 3 ] DEBUG Engine               - credits: [Nyirenda Amos, Ouedraogo Luther Arthur, Magne Lidivine Merveille]
18:09:02.415 [FXGL Background Thread 3 ] DEBUG Engine               - defaultCursor: CursorInfo(imageName=fxgl_default_cursor.png, hotspotX=7.0, hotspotY=6.0)
18:09:02.416 [FXGL Background Thread 3 ] DEBUG Engine               - devBBoxColorProperty: ObjectProperty [value: 0xff0000ff]
18:09:02.416 [FXGL Background Thread 3 ] DEBUG Engine               - devEnableDebugCameraProperty: BooleanProperty [value: false]
18:09:02.417 [FXGL Background Thread 3 ] DEBUG Engine               - devSensorColorProperty: ObjectProperty [value: 0xffff00ff]
18:09:02.417 [FXGL Background Thread 3 ] DEBUG Engine               - devShowBBoxProperty: BooleanProperty [value: false]
18:09:02.417 [FXGL Background Thread 3 ] DEBUG Engine               - devShowPositionProperty: BooleanProperty [value: false]
18:09:02.417 [FXGL Background Thread 3 ] DEBUG Engine               - enabledMenuItems: []
18:09:02.417 [FXGL Background Thread 3 ] DEBUG Engine               - engineServices: [class com.almasb.fxgl.app.services.FXGLAssetLoaderService, class com.almasb.fxgl.app.FXGLApplication$GameApplicationService, class com.almasb.fxgl.app.services.FXGLDialogService, class com.almasb.fxgl.app.services.IOTaskExecutorService, class com.almasb.fxgl.io.FileSystemService, class com.almasb.fxgl.localization.LocalizationService, class com.almasb.fxgl.app.services.SystemBundleService, class com.almasb.fxgl.profile.SaveLoadService, class com.almasb.fxgl.ui.FXGLUIFactoryServiceProvider, class com.almasb.fxgl.ui.FXGLDialogFactoryServiceProvider, class com.almasb.fxgl.audio.AudioPlayer, class com.almasb.fxgl.notification.impl.NotificationServiceProvider, class com.almasb.fxgl.achievement.AchievementService, class com.almasb.fxgl.cutscene.CutsceneService, class com.almasb.fxgl.minigames.MiniGameService, class com.almasb.fxgl.net.NetService, class com.almasb.fxgl.app.services.UpdaterService, class com.almasb.fxgl.dev.DevService]
18:09:02.418 [FXGL Background Thread 3 ] DEBUG Engine               - fontGame: Abel-Regular.ttf
18:09:02.418 [FXGL Background Thread 3 ] DEBUG Engine               - fontMono: TerminalLandMono-Regular.otf
18:09:02.418 [FXGL Background Thread 3 ] DEBUG Engine               - fontSizeScaleUI: 1.0
18:09:02.418 [FXGL Background Thread 3 ] DEBUG Engine               - fontText: Courier-Prime.ttf
18:09:02.418 [FXGL Background Thread 3 ] DEBUG Engine               - fontUI: VarelaRound-Regular.ttf
18:09:02.419 [FXGL Background Thread 3 ] DEBUG Engine               - fullScreen: BooleanProperty [value: false]
18:09:02.419 [FXGL Background Thread 3 ] DEBUG Engine               - gameDifficulty: MEDIUM
18:09:02.419 [FXGL Background Thread 3 ] DEBUG Engine               - gameDifficultyProperty: ObjectProperty [value: MEDIUM]
18:09:02.419 [FXGL Background Thread 3 ] DEBUG Engine               - globalMusicVolume: 0.5
18:09:02.419 [FXGL Background Thread 3 ] DEBUG Engine               - globalMusicVolumeProperty: DoubleProperty [value: 0.5]
18:09:02.420 [FXGL Background Thread 3 ] DEBUG Engine               - globalSoundVolume: 0.5
18:09:02.420 [FXGL Background Thread 3 ] DEBUG Engine               - globalSoundVolumeProperty: DoubleProperty [value: 0.5]
18:09:02.420 [FXGL Background Thread 3 ] DEBUG Engine               - height: 720
18:09:02.420 [FXGL Background Thread 3 ] DEBUG Engine               - is3D: false
18:09:02.420 [FXGL Background Thread 3 ] DEBUG Engine               - isAndroid: false
18:09:02.420 [FXGL Background Thread 3 ] DEBUG Engine               - isBrowser: false
18:09:02.420 [FXGL Background Thread 3 ] DEBUG Engine               - isClickFeedbackEnabled: false
18:09:02.421 [FXGL Background Thread 3 ] DEBUG Engine               - isCloseConfirmation: false
18:09:02.421 [FXGL Background Thread 3 ] DEBUG Engine               - isDesktop: true
18:09:02.421 [FXGL Background Thread 3 ] DEBUG Engine               - isDeveloperMenuEnabled: false
18:09:02.421 [FXGL Background Thread 3 ] DEBUG Engine               - isEmbedded: false
18:09:02.421 [FXGL Background Thread 3 ] DEBUG Engine               - isEntityPreloadEnabled: true
18:09:02.421 [FXGL Background Thread 3 ] DEBUG Engine               - isExperimentalTiledLargeMap: false
18:09:02.422 [FXGL Background Thread 3 ] DEBUG Engine               - isFileSystemWriteAllowed: true
18:09:02.422 [FXGL Background Thread 3 ] DEBUG Engine               - isFullScreenAllowed: true
18:09:02.422 [FXGL Background Thread 3 ] DEBUG Engine               - isFullScreenFromStart: false
18:09:02.422 [FXGL Background Thread 3 ] DEBUG Engine               - isGameMenuEnabled: true
18:09:02.422 [FXGL Background Thread 3 ] DEBUG Engine               - isIOS: false
18:09:02.422 [FXGL Background Thread 3 ] DEBUG Engine               - isIntroEnabled: false
18:09:02.423 [FXGL Background Thread 3 ] DEBUG Engine               - isLinux: false
18:09:02.423 [FXGL Background Thread 3 ] DEBUG Engine               - isMac: false
18:09:02.424 [FXGL Background Thread 3 ] DEBUG Engine               - isMainMenuEnabled: true
18:09:02.424 [FXGL Background Thread 3 ] DEBUG Engine               - isManualResizeEnabled: false
18:09:02.425 [FXGL Background Thread 3 ] DEBUG Engine               - isMobile: false
18:09:02.425 [FXGL Background Thread 3 ] DEBUG Engine               - isNative: false
18:09:02.425 [FXGL Background Thread 3 ] DEBUG Engine               - isPauseMusicWhenMinimized: true
18:09:02.425 [FXGL Background Thread 3 ] DEBUG Engine               - isPreserveResizeRatio: false
18:09:02.426 [FXGL Background Thread 3 ] DEBUG Engine               - isProfilingEnabled: false
18:09:02.426 [FXGL Background Thread 3 ] DEBUG Engine               - isScaleAffectedOnResize: true
18:09:02.426 [FXGL Background Thread 3 ] DEBUG Engine               - isSingleStep: false
18:09:02.426 [FXGL Background Thread 3 ] DEBUG Engine               - isUserProfileEnabled: false
18:09:02.426 [FXGL Background Thread 3 ] DEBUG Engine               - isWindows: true
18:09:02.427 [FXGL Background Thread 3 ] DEBUG Engine               - language: ObjectProperty [value: ENGLISH]
18:09:02.427 [FXGL Background Thread 3 ] DEBUG Engine               - menuKey: ESCAPE
18:09:02.427 [FXGL Background Thread 3 ] DEBUG Engine               - mouseSensitivity: 0.2
18:09:02.427 [FXGL Background Thread 3 ] DEBUG Engine               - notificationViewClass: class com.almasb.fxgl.notification.view.XboxNotificationView
18:09:02.427 [FXGL Background Thread 3 ] DEBUG Engine               - pixelsPerMeter: 50.0
18:09:02.427 [FXGL Background Thread 3 ] DEBUG Engine               - platform: WINDOWS
18:09:02.428 [FXGL Background Thread 3 ] DEBUG Engine               - prefHeightProperty: ReadOnlyDoubleProperty [value: 720.0]
18:09:02.428 [FXGL Background Thread 3 ] DEBUG Engine               - prefWidthProperty: ReadOnlyDoubleProperty [value: 1280.0]
18:09:02.432 [FXGL Background Thread 3 ] DEBUG Engine               - profileDir: profiles/
18:09:02.432 [FXGL Background Thread 3 ] DEBUG Engine               - profileName: StringProperty [value: DEFAULT]
18:09:02.432 [FXGL Background Thread 3 ] DEBUG Engine               - randomSeed: -1
18:09:02.433 [FXGL Background Thread 3 ] DEBUG Engine               - runtimeInfo: RuntimeInfo(platform=WINDOWS, version=21.1, build=27.03.2024 07.52)
18:09:02.433 [FXGL Background Thread 3 ] DEBUG Engine               - saveFileExt: sav
18:09:02.433 [FXGL Background Thread 3 ] DEBUG Engine               - scaledHeightProp$fxgl: DoubleProperty [bound, value: 720.0]
18:09:02.433 [FXGL Background Thread 3 ] DEBUG Engine               - scaledWidthProp$fxgl: DoubleProperty [bound, value: 1280.0]
18:09:02.433 [FXGL Background Thread 3 ] DEBUG Engine               - sceneFactory: com.aen.spaceship_fights.MySceneFactory@2841f28e
18:09:02.433 [FXGL Background Thread 3 ] DEBUG Engine               - secondsIn24h: 60
18:09:02.433 [FXGL Background Thread 3 ] DEBUG Engine               - soundMenuBack: menu/back.wav
18:09:02.433 [FXGL Background Thread 3 ] DEBUG Engine               - soundMenuPress: menu/press.wav
18:09:02.434 [FXGL Background Thread 3 ] DEBUG Engine               - soundMenuSelect: menu/select.wav
18:09:02.434 [FXGL Background Thread 3 ] DEBUG Engine               - soundNotification: core/notification.wav
18:09:02.434 [FXGL Background Thread 3 ] DEBUG Engine               - stageStyle: DECORATED
18:09:02.434 [FXGL Background Thread 3 ] DEBUG Engine               - supportedLanguages: [ENGLISH, FRENCH, GERMAN, HUNGARIAN, RUSSIAN]
18:09:02.434 [FXGL Background Thread 3 ] DEBUG Engine               - ticksPerSecond: -1
18:09:02.434 [FXGL Background Thread 3 ] DEBUG Engine               - title: Shooter
18:09:02.434 [FXGL Background Thread 3 ] DEBUG Engine               - urlGithub: https://github.com/AlmasB/FXGL
18:09:02.434 [FXGL Background Thread 3 ] DEBUG Engine               - urlLeaderboard: http://fxgl-top.herokuapp.com/
18:09:02.434 [FXGL Background Thread 3 ] DEBUG Engine               - urlPOM: https://raw.githubusercontent.com/AlmasB/FXGL/release/README.md
18:09:02.434 [FXGL Background Thread 3 ] DEBUG Engine               - userAppClass: class com.aen.spaceship_fights.SpaceShipFightsApp
18:09:02.434 [FXGL Background Thread 3 ] DEBUG Engine               - version: 0.1
18:09:02.434 [FXGL Background Thread 3 ] DEBUG Engine               - versionCheckDays: 7
18:09:02.434 [FXGL Background Thread 3 ] DEBUG Engine               - width: 1280
18:09:02.435 [FXGL Background Thread 3 ] DEBUG Engine               - Logging services
18:09:02.435 [FXGL Background Thread 3 ] DEBUG Engine               - class com.almasb.fxgl.app.services.FXGLAssetLoaderService
18:09:02.435 [FXGL Background Thread 3 ] DEBUG Engine               - class com.almasb.fxgl.app.FXGLApplication$GameApplicationService
18:09:02.435 [FXGL Background Thread 3 ] DEBUG Engine               - class com.almasb.fxgl.app.services.FXGLDialogService
18:09:02.435 [FXGL Background Thread 3 ] DEBUG Engine               - class com.almasb.fxgl.app.services.IOTaskExecutorService
18:09:02.435 [FXGL Background Thread 3 ] DEBUG Engine               - class com.almasb.fxgl.io.FileSystemService
18:09:02.435 [FXGL Background Thread 3 ] DEBUG Engine               - class com.almasb.fxgl.localization.LocalizationService
18:09:02.435 [FXGL Background Thread 3 ] DEBUG Engine               - class com.almasb.fxgl.app.services.SystemBundleService
18:09:02.435 [FXGL Background Thread 3 ] DEBUG Engine               - class com.almasb.fxgl.profile.SaveLoadService
18:09:02.436 [FXGL Background Thread 3 ] DEBUG Engine               - class com.almasb.fxgl.ui.FXGLUIFactoryServiceProvider
18:09:02.436 [FXGL Background Thread 3 ] DEBUG Engine               - class com.almasb.fxgl.ui.FXGLDialogFactoryServiceProvider
18:09:02.436 [FXGL Background Thread 3 ] DEBUG Engine               - class com.almasb.fxgl.audio.AudioPlayer
18:09:02.436 [FXGL Background Thread 3 ] DEBUG Engine               - class com.almasb.fxgl.notification.impl.NotificationServiceProvider
18:09:02.436 [FXGL Background Thread 3 ] DEBUG Engine               - class com.almasb.fxgl.achievement.AchievementService
18:09:02.436 [FXGL Background Thread 3 ] DEBUG Engine               - class com.almasb.fxgl.cutscene.CutsceneService
18:09:02.436 [FXGL Background Thread 3 ] DEBUG Engine               - class com.almasb.fxgl.minigames.MiniGameService
18:09:02.436 [FXGL Background Thread 3 ] DEBUG Engine               - class com.almasb.fxgl.net.NetService
18:09:02.436 [FXGL Background Thread 3 ] DEBUG Engine               - class com.almasb.fxgl.app.services.UpdaterService
18:09:02.436 [FXGL Background Thread 3 ] DEBUG Engine               - class com.almasb.fxgl.dev.DevService
18:09:59.373 [JavaFX Application Thread] DEBUG FXGLApplication      - Exiting FXGL
18:09:59.373 [JavaFX Application Thread] DEBUG LoopRunner           - Stopping loop
18:09:59.373 [JavaFX Application Thread] DEBUG SystemBundleService  - Saving FXGL system data
18:09:59.375 [JavaFX Application Thread] DEBUG FileSystemAccess     - Writing to: C:\Users\pc\Desktop\Java\GameEngines\Asteriods\system\fxgl.bundle
18:09:59.376 [JavaFX Application Thread] DEBUG Async                - Shutting down background threads
18:09:59.376 [JavaFX Application Thread] DEBUG PrimaryStageWindow   - Closing main window
18:09:59.398 [JavaFX Application Thread] DEBUG Logger               - Closing Logger
