18:12:42.364 [main                     ] DEBUG Logger               - Configured Logger
18:12:42.384 [main                     ] DEBUG GameApplication      - Logging settings
Title: Shooter
Version: 0.1
Width: 1280
Height: 720
Fullscreen: true
Intro: false
Profiling: false
Single step:false
App Mode: DEVELOPER
Menu Key: ESCAPE
Stage Style: DECORATED
Scene Factory: class com.aen.spaceship_fights.MySceneFactory

18:12:42.856 [JavaFX Application Thread] DEBUG FXGLApplication      - Initializing FXGL
18:12:42.860 [JavaFX Application Thread] INFO  Engine               - FXGL-21.1 (27.03.2024 07.52) on WINDOWS (J:22.0.2 FX:22.0.1)
18:12:42.860 [JavaFX Application Thread] DEBUG Engine               - JRE Vendor Name: Oracle Corporation
18:12:42.861 [JavaFX Application Thread] DEBUG Engine               - Running on OS: Windows 11 version 10.0
18:12:42.861 [JavaFX Application Thread] DEBUG Engine               - Architecture: amd64
18:12:42.861 [JavaFX Application Thread] INFO  Engine               - Source code and latest versions at: https://github.com/AlmasB/FXGL
18:12:42.861 [JavaFX Application Thread] INFO  Engine               -       Ask questions and discuss at: https://github.com/AlmasB/FXGL/discussions
18:12:42.861 [JavaFX Application Thread] INFO  Engine               -              Join the FXGL chat at: https://gitter.im/AlmasB/FXGL
18:12:42.984 [JavaFX Application Thread] DEBUG PrimaryStageWindow   - Creating a JavaFX scene
18:12:43.037 [JavaFX Application Thread] DEBUG PrimaryStageWindow   - Target settings size: 1280.0 x 720.0
18:12:43.037 [JavaFX Application Thread] DEBUG PrimaryStageWindow   - Scaled scene size:    1280.0 x 720.0
18:12:43.037 [JavaFX Application Thread] DEBUG PrimaryStageWindow   - Scaled ratio: (1.0, 1.0)
18:12:43.038 [JavaFX Application Thread] DEBUG PrimaryStageWindow   - Set initial scene to FXGLStartupScene
18:12:43.043 [JavaFX Application Thread] DEBUG PrimaryStageWindow   - Opening main window
18:12:43.458 [JavaFX Application Thread] DEBUG PrimaryStageWindow   - Window border size: (16.0, 39.0)
18:12:43.459 [JavaFX Application Thread] DEBUG PrimaryStageWindow   - Scaled size: 1280.0 x 720.0
18:12:43.459 [JavaFX Application Thread] DEBUG PrimaryStageWindow   - Scaled ratio: (1.0, 1.0)
18:12:43.459 [JavaFX Application Thread] DEBUG PrimaryStageWindow   - Scene size: 1280.0 x 720.0
18:12:43.459 [JavaFX Application Thread] DEBUG PrimaryStageWindow   - Stage size: 1296.0 x 759.0
18:12:43.468 [FXGL Background Thread 1 ] DEBUG Engine               - Initializing environment variables
18:12:43.527 [FXGL Background Thread 1 ] DEBUG FXGLAssetLoaderServi - User app class for loading assets: class com.aen.spaceship_fights.SpaceShipFightsApp
18:12:43.527 [FXGL Background Thread 1 ] DEBUG GameApplicationServi - Applying CSS: fxgl_dark.css
18:12:43.528 [FXGL Background Thread 1 ] DEBUG FXGLAssetLoaderServi - Loading from file system: jar:file:/C:/Users/pc/.m2/repository/com/github/almasb/fxgl/21.1/fxgl-21.1.jar!/fxglassets/ui/css/fxgl_dark.css
18:12:43.579 [FXGL Background Thread 1 ] DEBUG GameApplicationServi - Initializing application scenes
18:12:43.651 [FXGL Background Thread 1 ] DEBUG GameWorld            - Game world initialized
18:12:43.711 [FXGL Background Thread 1 ] DEBUG PhysicsWorld         - Physics world initialized: appHeight=720, physics.ppm=50.0
18:12:43.712 [FXGL Background Thread 1 ] DEBUG PhysicsWorld         - Using strategy: BRUTE_FORCE
18:12:43.718 [FXGL Background Thread 1 ] DEBUG GameScene            - Game scene initialized: 1280x720
18:12:43.822 [FXGL Background Thread 1 ] DEBUG GameApplicationServi - Application scenes initialized
18:12:43.832 [FXGL Background Thread 1 ] DEBUG SystemBundleService  - Loading FXGL system data
18:12:43.835 [FXGL Background Thread 1 ] DEBUG FileSystemAccess     - Reading from: C:\Users\pc\Desktop\Java\GameEngines\Asteriods\system\fxgl.bundle
18:12:43.837 [FXGL Background Thread 1 ] DEBUG SystemBundleService  - Bundle FXGL: {}
18:12:43.838 [FXGL Background Thread 1 ] DEBUG UpdaterService       - Checking for updates
18:12:43.842 [FXGL Background Thread 1 ] DEBUG FXGLApplication      - Loading default localization
18:12:43.842 [FXGL Background Thread 1 ] DEBUG FXGLAssetLoaderServi - Loading from file system: jar:file:/C:/Users/pc/.m2/repository/com/github/almasb/fxgl/21.1/fxgl-21.1.jar!/fxglassets/languages/english.lang
18:12:43.848 [FXGL Background Thread 4 ] DEBUG FXGLApplication      - Loading fonts
18:12:43.848 [FXGL Background Thread 4 ] DEBUG FXGLAssetLoaderServi - Loading from file system: jar:file:/C:/Users/pc/.m2/repository/com/github/almasb/fxgl/21.1/fxgl-21.1.jar!/fxglassets/ui/fonts/VarelaRound-Regular.ttf
18:12:43.852 [FXGL Background Thread 4 ] DEBUG FXGLAssetLoaderServi - Loading from file system: jar:file:/C:/Users/pc/.m2/repository/com/github/almasb/fxgl/21.1/fxgl-21.1.jar!/fxglassets/ui/fonts/Abel-Regular.ttf
18:12:43.857 [FXGL Background Thread 4 ] DEBUG FXGLAssetLoaderServi - Loading from file system: jar:file:/C:/Users/pc/.m2/repository/com/github/almasb/fxgl/21.1/fxgl-21.1.jar!/fxglassets/ui/fonts/TerminalLandMono-Regular.otf
18:12:43.872 [FXGL Background Thread 4 ] DEBUG FXGLAssetLoaderServi - Loading from file system: jar:file:/C:/Users/pc/.m2/repository/com/github/almasb/fxgl/21.1/fxgl-21.1.jar!/fxglassets/ui/fonts/Courier-Prime.ttf
18:12:43.874 [FXGL Background Thread 1 ] INFO  FXGLApplication      - FXGL initialization took: 0.406 sec
18:12:43.889 [JavaFX Application Thread] DEBUG Input                - Registered new binding: action0 - A
18:12:43.890 [JavaFX Application Thread] DEBUG Input                - Registered new binding: action1 - D
18:12:43.890 [JavaFX Application Thread] DEBUG Input                - Registered new binding: action2 - W
18:12:43.891 [JavaFX Application Thread] DEBUG Input                - Registered new binding: action3 - F
18:12:43.892 [JavaFX Application Thread] DEBUG Input                - Registered new binding: action4 - P
18:12:43.894 [JavaFX Application Thread] DEBUG Input                - Registered new binding: action5 - R
18:12:43.894 [JavaFX Application Thread] DEBUG Input                - Registered new binding: action6 - M
18:12:43.895 [JavaFX Application Thread] DEBUG FXGLAssetLoaderServi - Loading from file system: jar:file:/C:/Users/pc/.m2/repository/com/github/almasb/fxgl/21.1/fxgl-21.1.jar!/fxglassets/textures/fxgl_icon.png
18:12:43.959 [JavaFX Application Thread] DEBUG FXGLAssetLoaderServi - Loading from file system: jar:file:/C:/Users/pc/.m2/repository/com/github/almasb/fxgl/21.1/fxgl-21.1.jar!/fxglassets/textures/fxgl_default_cursor.png
18:12:43.962 [JavaFX Application Thread] DEBUG Input                - Registered new binding: Screenshot - CTRL+8
18:12:43.962 [JavaFX Application Thread] DEBUG Input                - Registered new binding: System info dump - CTRL+9
18:12:43.964 [JavaFX Application Thread] DEBUG Input                - Registered new binding: Restart - CTRL+R
18:12:43.965 [JavaFX Application Thread] DEBUG Input                - Registered new binding: Toggle Debug Camera - CTRL+7
18:12:43.969 [JavaFX Application Thread] DEBUG LoopRunner           - Starting loop
18:12:43.969 [JavaFX Application Thread] DEBUG LoopRunner           - Initializing JavaFX AnimationTimerLoop
18:12:43.975 [JavaFX Application Thread] DEBUG Input                - Clearing active input actions
18:12:43.982 [JavaFX Application Thread] DEBUG GameApplicationServi - Removing overlay from FXGLStartupScene and adding to FXGLMainMenuDummyScene
18:12:43.982 [JavaFX Application Thread] DEBUG PrimaryStageWindow   - FXGLStartupScene -> FXGLMainMenuDummyScene
18:12:43.982 [JavaFX Application Thread] DEBUG PrimaryStageWindow   - Push state: MainMenu
18:12:43.984 [JavaFX Application Thread] DEBUG Input                - Clearing active input actions
18:12:44.006 [JavaFX Application Thread] DEBUG GameApplicationServi - Removing overlay from FXGLMainMenuDummyScene and adding to MainMenu
18:12:44.006 [JavaFX Application Thread] DEBUG PrimaryStageWindow   - FXGLMainMenuDummyScene -> MainMenu
18:12:44.007 [JavaFX Application Thread] DEBUG FXGLApplication      - Registering font factories with UI factory
18:12:46.840 [FXGL Background Thread 3 ] DEBUG Engine               - Logging environment variables
18:12:46.841 [FXGL Background Thread 3 ] DEBUG Engine               - achievements: []
18:12:46.841 [FXGL Background Thread 3 ] DEBUG Engine               - actualHeight: 720.0
18:12:46.842 [FXGL Background Thread 3 ] DEBUG Engine               - actualHeightProperty: ReadOnlyDoubleProperty [value: 720.0]
18:12:46.842 [FXGL Background Thread 3 ] DEBUG Engine               - actualWidth: 1280.0
18:12:46.842 [FXGL Background Thread 3 ] DEBUG Engine               - actualWidthProperty: ReadOnlyDoubleProperty [value: 1280.0]
18:12:46.842 [FXGL Background Thread 3 ] DEBUG Engine               - appIcon: fxgl_icon.png
18:12:46.842 [FXGL Background Thread 3 ] DEBUG Engine               - applicationMode: DEVELOPER
18:12:46.842 [FXGL Background Thread 3 ] DEBUG Engine               - cSSList: [fxgl_dark.css]
18:12:46.844 [FXGL Background Thread 3 ] DEBUG Engine               - collisionDetectionStrategy: BRUTE_FORCE
18:12:46.844 [FXGL Background Thread 3 ] DEBUG Engine               - configClass: Optional.empty
18:12:46.844 [FXGL Background Thread 3 ] DEBUG Engine               - credits: [Nyirenda Amos, Ouedraogo Luther Arthur, Magne Lidivine Merveille]
18:12:46.850 [FXGL Background Thread 3 ] DEBUG Engine               - defaultCursor: CursorInfo(imageName=fxgl_default_cursor.png, hotspotX=7.0, hotspotY=6.0)
18:12:46.851 [FXGL Background Thread 3 ] DEBUG Engine               - devBBoxColorProperty: ObjectProperty [value: 0xff0000ff]
18:12:46.851 [FXGL Background Thread 3 ] DEBUG Engine               - devEnableDebugCameraProperty: BooleanProperty [value: false]
18:12:46.852 [FXGL Background Thread 3 ] DEBUG Engine               - devSensorColorProperty: ObjectProperty [value: 0xffff00ff]
18:12:46.852 [FXGL Background Thread 3 ] DEBUG Engine               - devShowBBoxProperty: BooleanProperty [value: false]
18:12:46.852 [FXGL Background Thread 3 ] DEBUG Engine               - devShowPositionProperty: BooleanProperty [value: false]
18:12:46.853 [FXGL Background Thread 3 ] DEBUG Engine               - enabledMenuItems: []
18:12:46.853 [FXGL Background Thread 3 ] DEBUG Engine               - engineServices: [class com.almasb.fxgl.app.services.FXGLAssetLoaderService, class com.almasb.fxgl.app.FXGLApplication$GameApplicationService, class com.almasb.fxgl.app.services.FXGLDialogService, class com.almasb.fxgl.app.services.IOTaskExecutorService, class com.almasb.fxgl.io.FileSystemService, class com.almasb.fxgl.localization.LocalizationService, class com.almasb.fxgl.app.services.SystemBundleService, class com.almasb.fxgl.profile.SaveLoadService, class com.almasb.fxgl.ui.FXGLUIFactoryServiceProvider, class com.almasb.fxgl.ui.FXGLDialogFactoryServiceProvider, class com.almasb.fxgl.audio.AudioPlayer, class com.almasb.fxgl.notification.impl.NotificationServiceProvider, class com.almasb.fxgl.achievement.AchievementService, class com.almasb.fxgl.cutscene.CutsceneService, class com.almasb.fxgl.minigames.MiniGameService, class com.almasb.fxgl.net.NetService, class com.almasb.fxgl.app.services.UpdaterService, class com.almasb.fxgl.dev.DevService]
18:12:46.853 [FXGL Background Thread 3 ] DEBUG Engine               - fontGame: Abel-Regular.ttf
18:12:46.853 [FXGL Background Thread 3 ] DEBUG Engine               - fontMono: TerminalLandMono-Regular.otf
18:12:46.853 [FXGL Background Thread 3 ] DEBUG Engine               - fontSizeScaleUI: 1.0
18:12:46.854 [FXGL Background Thread 3 ] DEBUG Engine               - fontText: Courier-Prime.ttf
18:12:46.854 [FXGL Background Thread 3 ] DEBUG Engine               - fontUI: VarelaRound-Regular.ttf
18:12:46.855 [FXGL Background Thread 3 ] DEBUG Engine               - fullScreen: BooleanProperty [value: false]
18:12:46.855 [FXGL Background Thread 3 ] DEBUG Engine               - gameDifficulty: MEDIUM
18:12:46.856 [FXGL Background Thread 3 ] DEBUG Engine               - gameDifficultyProperty: ObjectProperty [value: MEDIUM]
18:12:46.856 [FXGL Background Thread 3 ] DEBUG Engine               - globalMusicVolume: 0.5
18:12:46.856 [FXGL Background Thread 3 ] DEBUG Engine               - globalMusicVolumeProperty: DoubleProperty [value: 0.5]
18:12:46.857 [FXGL Background Thread 3 ] DEBUG Engine               - globalSoundVolume: 0.5
18:12:46.857 [FXGL Background Thread 3 ] DEBUG Engine               - globalSoundVolumeProperty: DoubleProperty [value: 0.5]
18:12:46.857 [FXGL Background Thread 3 ] DEBUG Engine               - height: 720
18:12:46.858 [FXGL Background Thread 3 ] DEBUG Engine               - is3D: false
18:12:46.858 [FXGL Background Thread 3 ] DEBUG Engine               - isAndroid: false
18:12:46.859 [FXGL Background Thread 3 ] DEBUG Engine               - isBrowser: false
18:12:46.859 [FXGL Background Thread 3 ] DEBUG Engine               - isClickFeedbackEnabled: false
18:12:46.859 [FXGL Background Thread 3 ] DEBUG Engine               - isCloseConfirmation: false
18:12:46.859 [FXGL Background Thread 3 ] DEBUG Engine               - isDesktop: true
18:12:46.859 [FXGL Background Thread 3 ] DEBUG Engine               - isDeveloperMenuEnabled: false
18:12:46.860 [FXGL Background Thread 3 ] DEBUG Engine               - isEmbedded: false
18:12:46.860 [FXGL Background Thread 3 ] DEBUG Engine               - isEntityPreloadEnabled: true
18:12:46.860 [FXGL Background Thread 3 ] DEBUG Engine               - isExperimentalTiledLargeMap: false
18:12:46.860 [FXGL Background Thread 3 ] DEBUG Engine               - isFileSystemWriteAllowed: true
18:12:46.861 [FXGL Background Thread 3 ] DEBUG Engine               - isFullScreenAllowed: true
18:12:46.861 [FXGL Background Thread 3 ] DEBUG Engine               - isFullScreenFromStart: false
18:12:46.861 [FXGL Background Thread 3 ] DEBUG Engine               - isGameMenuEnabled: true
18:12:46.861 [FXGL Background Thread 3 ] DEBUG Engine               - isIOS: false
18:12:46.861 [FXGL Background Thread 3 ] DEBUG Engine               - isIntroEnabled: false
18:12:46.861 [FXGL Background Thread 3 ] DEBUG Engine               - isLinux: false
18:12:46.862 [FXGL Background Thread 3 ] DEBUG Engine               - isMac: false
18:12:46.862 [FXGL Background Thread 3 ] DEBUG Engine               - isMainMenuEnabled: true
18:12:46.862 [FXGL Background Thread 3 ] DEBUG Engine               - isManualResizeEnabled: false
18:12:46.862 [FXGL Background Thread 3 ] DEBUG Engine               - isMobile: false
18:12:46.862 [FXGL Background Thread 3 ] DEBUG Engine               - isNative: false
18:12:46.862 [FXGL Background Thread 3 ] DEBUG Engine               - isPauseMusicWhenMinimized: true
18:12:46.862 [FXGL Background Thread 3 ] DEBUG Engine               - isPreserveResizeRatio: false
18:12:46.862 [FXGL Background Thread 3 ] DEBUG Engine               - isProfilingEnabled: false
18:12:46.864 [FXGL Background Thread 3 ] DEBUG Engine               - isScaleAffectedOnResize: true
18:12:46.864 [FXGL Background Thread 3 ] DEBUG Engine               - isSingleStep: false
18:12:46.864 [FXGL Background Thread 3 ] DEBUG Engine               - isUserProfileEnabled: false
18:12:46.865 [FXGL Background Thread 3 ] DEBUG Engine               - isWindows: true
18:12:46.866 [FXGL Background Thread 3 ] DEBUG Engine               - language: ObjectProperty [value: ENGLISH]
18:12:46.866 [FXGL Background Thread 3 ] DEBUG Engine               - menuKey: ESCAPE
18:12:46.866 [FXGL Background Thread 3 ] DEBUG Engine               - mouseSensitivity: 0.2
18:12:46.866 [FXGL Background Thread 3 ] DEBUG Engine               - notificationViewClass: class com.almasb.fxgl.notification.view.XboxNotificationView
18:12:46.867 [FXGL Background Thread 3 ] DEBUG Engine               - pixelsPerMeter: 50.0
18:12:46.867 [FXGL Background Thread 3 ] DEBUG Engine               - platform: WINDOWS
18:12:46.867 [FXGL Background Thread 3 ] DEBUG Engine               - prefHeightProperty: ReadOnlyDoubleProperty [value: 720.0]
18:12:46.867 [FXGL Background Thread 3 ] DEBUG Engine               - prefWidthProperty: ReadOnlyDoubleProperty [value: 1280.0]
18:12:46.867 [FXGL Background Thread 3 ] DEBUG Engine               - profileDir: profiles/
18:12:46.867 [FXGL Background Thread 3 ] DEBUG Engine               - profileName: StringProperty [value: DEFAULT]
18:12:46.868 [FXGL Background Thread 3 ] DEBUG Engine               - randomSeed: -1
18:12:46.868 [FXGL Background Thread 3 ] DEBUG Engine               - runtimeInfo: RuntimeInfo(platform=WINDOWS, version=21.1, build=27.03.2024 07.52)
18:12:46.868 [FXGL Background Thread 3 ] DEBUG Engine               - saveFileExt: sav
18:12:46.868 [FXGL Background Thread 3 ] DEBUG Engine               - scaledHeightProp$fxgl: DoubleProperty [bound, value: 720.0]
18:12:46.869 [FXGL Background Thread 3 ] DEBUG Engine               - scaledWidthProp$fxgl: DoubleProperty [bound, value: 1280.0]
18:12:46.869 [FXGL Background Thread 3 ] DEBUG Engine               - sceneFactory: com.aen.spaceship_fights.MySceneFactory@4ebd5667
18:12:46.869 [FXGL Background Thread 3 ] DEBUG Engine               - secondsIn24h: 60
18:12:46.869 [FXGL Background Thread 3 ] DEBUG Engine               - soundMenuBack: menu/back.wav
18:12:46.869 [FXGL Background Thread 3 ] DEBUG Engine               - soundMenuPress: menu/press.wav
18:12:46.869 [FXGL Background Thread 3 ] DEBUG Engine               - soundMenuSelect: menu/select.wav
18:12:46.869 [FXGL Background Thread 3 ] DEBUG Engine               - soundNotification: core/notification.wav
18:12:46.869 [FXGL Background Thread 3 ] DEBUG Engine               - stageStyle: DECORATED
18:12:46.870 [FXGL Background Thread 3 ] DEBUG Engine               - supportedLanguages: [ENGLISH, FRENCH, GERMAN, HUNGARIAN, RUSSIAN]
18:12:46.870 [FXGL Background Thread 3 ] DEBUG Engine               - ticksPerSecond: -1
18:12:46.870 [FXGL Background Thread 3 ] DEBUG Engine               - title: Shooter
18:12:46.870 [FXGL Background Thread 3 ] DEBUG Engine               - urlGithub: https://github.com/AlmasB/FXGL
18:12:46.870 [FXGL Background Thread 3 ] DEBUG Engine               - urlLeaderboard: http://fxgl-top.herokuapp.com/
18:12:46.870 [FXGL Background Thread 3 ] DEBUG Engine               - urlPOM: https://raw.githubusercontent.com/AlmasB/FXGL/release/README.md
18:12:46.870 [FXGL Background Thread 3 ] DEBUG Engine               - userAppClass: class com.aen.spaceship_fights.SpaceShipFightsApp
18:12:46.870 [FXGL Background Thread 3 ] DEBUG Engine               - version: 0.1
18:12:46.870 [FXGL Background Thread 3 ] DEBUG Engine               - versionCheckDays: 7
18:12:46.871 [FXGL Background Thread 3 ] DEBUG Engine               - width: 1280
18:12:46.871 [FXGL Background Thread 3 ] DEBUG Engine               - Logging services
18:12:46.871 [FXGL Background Thread 3 ] DEBUG Engine               - class com.almasb.fxgl.app.services.FXGLAssetLoaderService
18:12:46.871 [FXGL Background Thread 3 ] DEBUG Engine               - class com.almasb.fxgl.app.FXGLApplication$GameApplicationService
18:12:46.871 [FXGL Background Thread 3 ] DEBUG Engine               - class com.almasb.fxgl.app.services.FXGLDialogService
18:12:46.871 [FXGL Background Thread 3 ] DEBUG Engine               - class com.almasb.fxgl.app.services.IOTaskExecutorService
18:12:46.871 [FXGL Background Thread 3 ] DEBUG Engine               - class com.almasb.fxgl.io.FileSystemService
18:12:46.871 [FXGL Background Thread 3 ] DEBUG Engine               - class com.almasb.fxgl.localization.LocalizationService
18:12:46.871 [FXGL Background Thread 3 ] DEBUG Engine               - class com.almasb.fxgl.app.services.SystemBundleService
18:12:46.872 [FXGL Background Thread 3 ] DEBUG Engine               - class com.almasb.fxgl.profile.SaveLoadService
18:12:46.872 [FXGL Background Thread 3 ] DEBUG Engine               - class com.almasb.fxgl.ui.FXGLUIFactoryServiceProvider
18:12:46.872 [FXGL Background Thread 3 ] DEBUG Engine               - class com.almasb.fxgl.ui.FXGLDialogFactoryServiceProvider
18:12:46.872 [FXGL Background Thread 3 ] DEBUG Engine               - class com.almasb.fxgl.audio.AudioPlayer
18:12:46.872 [FXGL Background Thread 3 ] DEBUG Engine               - class com.almasb.fxgl.notification.impl.NotificationServiceProvider
18:12:46.872 [FXGL Background Thread 3 ] DEBUG Engine               - class com.almasb.fxgl.achievement.AchievementService
18:12:46.872 [FXGL Background Thread 3 ] DEBUG Engine               - class com.almasb.fxgl.cutscene.CutsceneService
18:12:46.872 [FXGL Background Thread 3 ] DEBUG Engine               - class com.almasb.fxgl.minigames.MiniGameService
18:12:46.872 [FXGL Background Thread 3 ] DEBUG Engine               - class com.almasb.fxgl.net.NetService
18:12:46.872 [FXGL Background Thread 3 ] DEBUG Engine               - class com.almasb.fxgl.app.services.UpdaterService
18:12:46.872 [FXGL Background Thread 3 ] DEBUG Engine               - class com.almasb.fxgl.dev.DevService
18:13:02.500 [JavaFX Application Thread] DEBUG Menu                 - fireNewGame()
18:13:02.500 [JavaFX Application Thread] DEBUG GameApplicationServi - Starting new game
18:13:02.500 [JavaFX Application Thread] DEBUG PrimaryStageWindow   - Pop state: MainMenu
18:13:02.500 [JavaFX Application Thread] DEBUG Input                - Clearing active input actions
18:13:02.501 [JavaFX Application Thread] DEBUG GameApplicationServi - Removing overlay from MainMenu and adding to FXGLMainMenuDummyScene
18:13:02.502 [JavaFX Application Thread] DEBUG PrimaryStageWindow   - FXGLMainMenuDummyScene <- MainMenu
18:13:02.502 [JavaFX Application Thread] DEBUG Input                - Clearing active input actions
18:13:02.510 [JavaFX Application Thread] DEBUG GameApplicationServi - Removing overlay from FXGLMainMenuDummyScene and adding to FXGLLoadingScene
18:13:02.510 [JavaFX Application Thread] DEBUG PrimaryStageWindow   - FXGLMainMenuDummyScene -> FXGLLoadingScene
18:13:02.510 [JavaFX Application Thread] DEBUG GameApplicationServi - Clearing previous game
18:13:02.510 [JavaFX Application Thread] DEBUG GameScene            - Clearing game scene
18:13:02.510 [JavaFX Application Thread] DEBUG GameWorld            - Clearing game world
18:13:02.510 [JavaFX Application Thread] DEBUG PhysicsWorld         - Clearing physics world
18:13:02.514 [FXGL Background Thread 2 ] DEBUG FXGLApplication      - Initializing game
18:13:02.541 [FXGL Background Thread 2 ] DEBUG FXGLAssetLoaderServi - Loading from file system: file:/C:/Users/pc/Desktop/Java/GameEngines/Asteriods/target/classes/assets/textures/player.png
18:13:02.594 [FXGL Background Thread 2 ] DEBUG FXGLAssetLoaderServi - Loading from file system: file:/C:/Users/pc/Desktop/Java/GameEngines/Asteriods/target/classes/assets/textures/life.png
18:13:02.597 [FXGL Background Thread 2 ] INFO  FXGLApplication      - Game initialization took: 0.083 sec
18:13:02.597 [JavaFX Application Thread] DEBUG Input                - Clearing active input actions
18:13:02.608 [JavaFX Application Thread] DEBUG GameApplicationServi - Removing overlay from FXGLLoadingScene and adding to GameScene
18:13:02.609 [JavaFX Application Thread] DEBUG PrimaryStageWindow   - FXGLLoadingScene -> GameScene
18:13:08.459 [JavaFX Application Thread] DEBUG FXGLAssetLoaderServi - Loading from file system: file:/C:/Users/pc/Desktop/Java/GameEngines/Asteriods/target/classes/assets/textures/instructor_2.png
18:13:28.500 [JavaFX Application Thread] DEBUG FXGLAssetLoaderServi - Loading from file system: file:/C:/Users/pc/Desktop/Java/GameEngines/Asteriods/target/classes/assets/sounds/level.wav
18:13:30.135 [JavaFX Application Thread] DEBUG FXGLAssetLoaderServi - Loading from file system: file:/C:/Users/pc/Desktop/Java/GameEngines/Asteriods/target/classes/assets/textures/enemy3.png
18:13:30.397 [JavaFX Application Thread] DEBUG FXGLAssetLoaderServi - Loading from file system: file:/C:/Users/pc/Desktop/Java/GameEngines/Asteriods/target/classes/assets/textures/enemy2.png
18:13:30.655 [JavaFX Application Thread] DEBUG FXGLAssetLoaderServi - Loading from file system: file:/C:/Users/pc/Desktop/Java/GameEngines/Asteriods/target/classes/assets/textures/enemy1.png
18:13:31.679 [JavaFX Application Thread] DEBUG FXGLAssetLoaderServi - Loading from file system: file:/C:/Users/pc/Desktop/Java/GameEngines/Asteriods/target/classes/assets/textures/bullet.png
18:13:33.947 [JavaFX Application Thread] DEBUG FXGLAssetLoaderServi - Loading from file system: file:/C:/Users/pc/Desktop/Java/GameEngines/Asteriods/target/classes/assets/sounds/explosion.wav
18:13:33.954 [JavaFX Application Thread] DEBUG FXGLAssetLoaderServi - Loading from file system: file:/C:/Users/pc/Desktop/Java/GameEngines/Asteriods/target/classes/assets/textures/explosion.png
18:13:47.891 [JavaFX Application Thread] DEBUG PrimaryStageWindow   - Push state: DialogSubScene
18:13:47.891 [JavaFX Application Thread] DEBUG Input                - Clearing active input actions
18:13:47.893 [JavaFX Application Thread] DEBUG GameApplicationServi - Removing overlay from GameScene and adding to DialogSubScene
18:13:47.893 [JavaFX Application Thread] DEBUG PrimaryStageWindow   - GameScene -> DialogSubScene
18:13:59.108 [JavaFX Application Thread] DEBUG PrimaryStageWindow   - Pop state: DialogSubScene
18:13:59.108 [JavaFX Application Thread] DEBUG Input                - Clearing active input actions
18:13:59.109 [JavaFX Application Thread] DEBUG GameApplicationServi - Removing overlay from DialogSubScene and adding to GameScene
18:13:59.109 [JavaFX Application Thread] DEBUG PrimaryStageWindow   - GameScene <- DialogSubScene
18:13:59.110 [JavaFX Application Thread] DEBUG FXGLApplication      - Exiting FXGL
18:13:59.110 [JavaFX Application Thread] DEBUG LoopRunner           - Stopping loop
18:13:59.110 [JavaFX Application Thread] DEBUG SystemBundleService  - Saving FXGL system data
18:13:59.112 [JavaFX Application Thread] DEBUG FileSystemAccess     - Writing to: C:\Users\pc\Desktop\Java\GameEngines\Asteriods\system\fxgl.bundle
18:13:59.112 [JavaFX Application Thread] DEBUG Async                - Shutting down background threads
18:13:59.112 [JavaFX Application Thread] DEBUG PrimaryStageWindow   - Closing main window
18:13:59.132 [JavaFX Application Thread] DEBUG Logger               - Closing Logger
