23:36:01.478 [main                     ] DEBUG Logger               - Configured Logger
23:36:01.508 [main                     ] DEBUG GameApplication      - Logging settings
Title: Shooter
Version: 0.1
Width: 1280
Height: 720
Fullscreen: true
Intro: false
Profiling: false
Single step:false
App Mode: DEVELOPER
Menu Key: ESCAPE
Stage Style: DECORATED
Scene Factory: class com.aen.spaceship_fights.MySceneFactory

23:36:01.984 [JavaFX Application Thread] DEBUG FXGLApplication      - Initializing FXGL
23:36:01.988 [JavaFX Application Thread] INFO  Engine               - FXGL-21.1 (27.03.2024 07.52) on WINDOWS (J:22.0.2 FX:22.0.1)
23:36:01.988 [JavaFX Application Thread] DEBUG Engine               - JRE Vendor Name: Oracle Corporation
23:36:01.988 [JavaFX Application Thread] DEBUG Engine               - Running on OS: Windows 11 version 10.0
23:36:01.988 [JavaFX Application Thread] DEBUG Engine               - Architecture: amd64
23:36:01.988 [JavaFX Application Thread] INFO  Engine               - Source code and latest versions at: https://github.com/AlmasB/FXGL
23:36:01.988 [JavaFX Application Thread] INFO  Engine               -       Ask questions and discuss at: https://github.com/AlmasB/FXGL/discussions
23:36:01.988 [JavaFX Application Thread] INFO  Engine               -              Join the FXGL chat at: https://gitter.im/AlmasB/FXGL
23:36:02.103 [JavaFX Application Thread] DEBUG PrimaryStageWindow   - Creating a JavaFX scene
23:36:02.152 [JavaFX Application Thread] DEBUG PrimaryStageWindow   - Target settings size: 1280.0 x 720.0
23:36:02.153 [JavaFX Application Thread] DEBUG PrimaryStageWindow   - Scaled scene size:    1280.0 x 720.0
23:36:02.153 [JavaFX Application Thread] DEBUG PrimaryStageWindow   - Scaled ratio: (1.0, 1.0)
23:36:02.154 [JavaFX Application Thread] DEBUG PrimaryStageWindow   - Set initial scene to FXGLStartupScene
23:36:02.157 [JavaFX Application Thread] DEBUG PrimaryStageWindow   - Opening main window
23:36:02.556 [JavaFX Application Thread] DEBUG PrimaryStageWindow   - Window border size: (16.0, 39.0)
23:36:02.556 [JavaFX Application Thread] DEBUG PrimaryStageWindow   - Scaled size: 1280.0 x 720.0
23:36:02.557 [JavaFX Application Thread] DEBUG PrimaryStageWindow   - Scaled ratio: (1.0, 1.0)
23:36:02.557 [JavaFX Application Thread] DEBUG PrimaryStageWindow   - Scene size: 1280.0 x 720.0
23:36:02.557 [JavaFX Application Thread] DEBUG PrimaryStageWindow   - Stage size: 1296.0 x 759.0
23:36:02.575 [FXGL Background Thread 1 ] DEBUG Engine               - Initializing environment variables
23:36:02.635 [FXGL Background Thread 1 ] DEBUG FXGLAssetLoaderServi - User app class for loading assets: class com.aen.spaceship_fights.SpaceShipFightsApp
23:36:02.636 [FXGL Background Thread 1 ] DEBUG GameApplicationServi - Applying CSS: fxgl_dark.css
23:36:02.636 [FXGL Background Thread 1 ] DEBUG FXGLAssetLoaderServi - Loading from file system: jar:file:/C:/Users/pc/.m2/repository/com/github/almasb/fxgl/21.1/fxgl-21.1.jar!/fxglassets/ui/css/fxgl_dark.css
23:36:02.688 [FXGL Background Thread 1 ] DEBUG GameApplicationServi - Initializing application scenes
23:36:02.779 [FXGL Background Thread 1 ] DEBUG GameWorld            - Game world initialized
23:36:02.831 [FXGL Background Thread 1 ] DEBUG PhysicsWorld         - Physics world initialized: appHeight=720, physics.ppm=50.0
23:36:02.832 [FXGL Background Thread 1 ] DEBUG PhysicsWorld         - Using strategy: BRUTE_FORCE
23:36:02.836 [FXGL Background Thread 1 ] DEBUG GameScene            - Game scene initialized: 1280x720
23:36:02.939 [FXGL Background Thread 1 ] DEBUG GameApplicationServi - Application scenes initialized
23:36:02.950 [FXGL Background Thread 1 ] DEBUG SystemBundleService  - Loading FXGL system data
23:36:02.951 [FXGL Background Thread 1 ] DEBUG FileSystemAccess     - Reading from: C:\Users\pc\Desktop\Java\GameEngines\Asteriods\system\fxgl.bundle
23:36:02.954 [FXGL Background Thread 1 ] DEBUG SystemBundleService  - Bundle FXGL: {}
23:36:02.954 [FXGL Background Thread 1 ] DEBUG UpdaterService       - Checking for updates
23:36:02.958 [FXGL Background Thread 4 ] DEBUG FXGLApplication      - Loading fonts
23:36:02.958 [FXGL Background Thread 4 ] DEBUG FXGLAssetLoaderServi - Loading from file system: jar:file:/C:/Users/pc/.m2/repository/com/github/almasb/fxgl/21.1/fxgl-21.1.jar!/fxglassets/ui/fonts/VarelaRound-Regular.ttf
23:36:02.959 [FXGL Background Thread 1 ] DEBUG FXGLApplication      - Loading default localization
23:36:02.959 [FXGL Background Thread 1 ] DEBUG FXGLAssetLoaderServi - Loading from file system: jar:file:/C:/Users/pc/.m2/repository/com/github/almasb/fxgl/21.1/fxgl-21.1.jar!/fxglassets/languages/english.lang
23:36:02.963 [FXGL Background Thread 4 ] DEBUG FXGLAssetLoaderServi - Loading from file system: jar:file:/C:/Users/pc/.m2/repository/com/github/almasb/fxgl/21.1/fxgl-21.1.jar!/fxglassets/ui/fonts/Abel-Regular.ttf
23:36:02.969 [FXGL Background Thread 4 ] DEBUG FXGLAssetLoaderServi - Loading from file system: jar:file:/C:/Users/pc/.m2/repository/com/github/almasb/fxgl/21.1/fxgl-21.1.jar!/fxglassets/ui/fonts/TerminalLandMono-Regular.otf
23:36:02.972 [FXGL Background Thread 4 ] DEBUG FXGLAssetLoaderServi - Loading from file system: jar:file:/C:/Users/pc/.m2/repository/com/github/almasb/fxgl/21.1/fxgl-21.1.jar!/fxglassets/ui/fonts/Courier-Prime.ttf
23:36:02.979 [JavaFX Application Thread] DEBUG FXGLApplication      - Registering font factories with UI factory
23:36:02.993 [FXGL Background Thread 1 ] INFO  FXGLApplication      - FXGL initialization took: 0.417 sec
23:36:03.014 [JavaFX Application Thread] DEBUG Input                - Registered new binding: action0 - A
23:36:03.015 [JavaFX Application Thread] DEBUG Input                - Registered new binding: action1 - D
23:36:03.020 [JavaFX Application Thread] DEBUG Input                - Registered new binding: action2 - W
23:36:03.021 [JavaFX Application Thread] DEBUG Input                - Registered new binding: action3 - F
23:36:03.021 [JavaFX Application Thread] DEBUG Input                - Registered new binding: action4 - P
23:36:03.022 [JavaFX Application Thread] DEBUG Input                - Registered new binding: action5 - R
23:36:03.022 [JavaFX Application Thread] DEBUG Input                - Registered new binding: action6 - M
23:36:03.022 [JavaFX Application Thread] DEBUG FXGLAssetLoaderServi - Loading from file system: jar:file:/C:/Users/pc/.m2/repository/com/github/almasb/fxgl/21.1/fxgl-21.1.jar!/fxglassets/textures/fxgl_icon.png
23:36:03.061 [JavaFX Application Thread] DEBUG FXGLAssetLoaderServi - Loading from file system: jar:file:/C:/Users/pc/.m2/repository/com/github/almasb/fxgl/21.1/fxgl-21.1.jar!/fxglassets/textures/fxgl_default_cursor.png
23:36:03.064 [JavaFX Application Thread] DEBUG Input                - Registered new binding: Screenshot - CTRL+8
23:36:03.066 [JavaFX Application Thread] DEBUG Input                - Registered new binding: System info dump - CTRL+9
23:36:03.067 [JavaFX Application Thread] DEBUG Input                - Registered new binding: Restart - CTRL+R
23:36:03.068 [JavaFX Application Thread] DEBUG Input                - Registered new binding: Toggle Debug Camera - CTRL+7
23:36:03.077 [JavaFX Application Thread] DEBUG LoopRunner           - Starting loop
23:36:03.077 [JavaFX Application Thread] DEBUG LoopRunner           - Initializing JavaFX AnimationTimerLoop
23:36:03.086 [JavaFX Application Thread] DEBUG Input                - Clearing active input actions
23:36:03.100 [JavaFX Application Thread] DEBUG GameApplicationServi - Removing overlay from FXGLStartupScene and adding to FXGLMainMenuDummyScene
23:36:03.100 [JavaFX Application Thread] DEBUG PrimaryStageWindow   - FXGLStartupScene -> FXGLMainMenuDummyScene
23:36:03.100 [JavaFX Application Thread] DEBUG PrimaryStageWindow   - Push state: MainMenu
23:36:03.101 [JavaFX Application Thread] DEBUG Input                - Clearing active input actions
23:36:03.127 [JavaFX Application Thread] DEBUG GameApplicationServi - Removing overlay from FXGLMainMenuDummyScene and adding to MainMenu
23:36:03.128 [JavaFX Application Thread] DEBUG PrimaryStageWindow   - FXGLMainMenuDummyScene -> MainMenu
23:36:05.958 [FXGL Background Thread 3 ] DEBUG Engine               - Logging environment variables
23:36:05.959 [FXGL Background Thread 3 ] DEBUG Engine               - achievements: []
23:36:05.959 [FXGL Background Thread 3 ] DEBUG Engine               - actualHeight: 720.0
23:36:05.960 [FXGL Background Thread 3 ] DEBUG Engine               - actualHeightProperty: ReadOnlyDoubleProperty [value: 720.0]
23:36:05.960 [FXGL Background Thread 3 ] DEBUG Engine               - actualWidth: 1280.0
23:36:05.960 [FXGL Background Thread 3 ] DEBUG Engine               - actualWidthProperty: ReadOnlyDoubleProperty [value: 1280.0]
23:36:05.961 [FXGL Background Thread 3 ] DEBUG Engine               - appIcon: fxgl_icon.png
23:36:05.961 [FXGL Background Thread 3 ] DEBUG Engine               - applicationMode: DEVELOPER
23:36:05.961 [FXGL Background Thread 3 ] DEBUG Engine               - cSSList: [fxgl_dark.css]
23:36:05.961 [FXGL Background Thread 3 ] DEBUG Engine               - collisionDetectionStrategy: BRUTE_FORCE
23:36:05.961 [FXGL Background Thread 3 ] DEBUG Engine               - configClass: Optional.empty
23:36:05.962 [FXGL Background Thread 3 ] DEBUG Engine               - credits: [Nyirenda Amos, Ouedraogo Luther Arthur, Magne Lidivine Merveille]
23:36:05.965 [FXGL Background Thread 3 ] DEBUG Engine               - defaultCursor: CursorInfo(imageName=fxgl_default_cursor.png, hotspotX=7.0, hotspotY=6.0)
23:36:05.966 [FXGL Background Thread 3 ] DEBUG Engine               - devBBoxColorProperty: ObjectProperty [value: 0xff0000ff]
23:36:05.966 [FXGL Background Thread 3 ] DEBUG Engine               - devEnableDebugCameraProperty: BooleanProperty [value: false]
23:36:05.966 [FXGL Background Thread 3 ] DEBUG Engine               - devSensorColorProperty: ObjectProperty [value: 0xffff00ff]
23:36:05.967 [FXGL Background Thread 3 ] DEBUG Engine               - devShowBBoxProperty: BooleanProperty [value: false]
23:36:05.967 [FXGL Background Thread 3 ] DEBUG Engine               - devShowPositionProperty: BooleanProperty [value: false]
23:36:05.967 [FXGL Background Thread 3 ] DEBUG Engine               - enabledMenuItems: []
23:36:05.967 [FXGL Background Thread 3 ] DEBUG Engine               - engineServices: [class com.almasb.fxgl.app.services.FXGLAssetLoaderService, class com.almasb.fxgl.app.FXGLApplication$GameApplicationService, class com.almasb.fxgl.app.services.FXGLDialogService, class com.almasb.fxgl.app.services.IOTaskExecutorService, class com.almasb.fxgl.io.FileSystemService, class com.almasb.fxgl.localization.LocalizationService, class com.almasb.fxgl.app.services.SystemBundleService, class com.almasb.fxgl.profile.SaveLoadService, class com.almasb.fxgl.ui.FXGLUIFactoryServiceProvider, class com.almasb.fxgl.ui.FXGLDialogFactoryServiceProvider, class com.almasb.fxgl.audio.AudioPlayer, class com.almasb.fxgl.notification.impl.NotificationServiceProvider, class com.almasb.fxgl.achievement.AchievementService, class com.almasb.fxgl.cutscene.CutsceneService, class com.almasb.fxgl.minigames.MiniGameService, class com.almasb.fxgl.net.NetService, class com.almasb.fxgl.app.services.UpdaterService, class com.almasb.fxgl.dev.DevService]
23:36:05.967 [FXGL Background Thread 3 ] DEBUG Engine               - fontGame: Abel-Regular.ttf
23:36:05.968 [FXGL Background Thread 3 ] DEBUG Engine               - fontMono: TerminalLandMono-Regular.otf
23:36:05.968 [FXGL Background Thread 3 ] DEBUG Engine               - fontSizeScaleUI: 1.0
23:36:05.968 [FXGL Background Thread 3 ] DEBUG Engine               - fontText: Courier-Prime.ttf
23:36:05.968 [FXGL Background Thread 3 ] DEBUG Engine               - fontUI: VarelaRound-Regular.ttf
23:36:05.968 [FXGL Background Thread 3 ] DEBUG Engine               - fullScreen: BooleanProperty [value: false]
23:36:05.969 [FXGL Background Thread 3 ] DEBUG Engine               - gameDifficulty: MEDIUM
23:36:05.969 [FXGL Background Thread 3 ] DEBUG Engine               - gameDifficultyProperty: ObjectProperty [value: MEDIUM]
23:36:05.969 [FXGL Background Thread 3 ] DEBUG Engine               - globalMusicVolume: 0.5
23:36:05.969 [FXGL Background Thread 3 ] DEBUG Engine               - globalMusicVolumeProperty: DoubleProperty [value: 0.5]
23:36:05.969 [FXGL Background Thread 3 ] DEBUG Engine               - globalSoundVolume: 0.5
23:36:05.969 [FXGL Background Thread 3 ] DEBUG Engine               - globalSoundVolumeProperty: DoubleProperty [value: 0.5]
23:36:05.970 [FXGL Background Thread 3 ] DEBUG Engine               - height: 720
23:36:05.970 [FXGL Background Thread 3 ] DEBUG Engine               - is3D: false
23:36:05.970 [FXGL Background Thread 3 ] DEBUG Engine               - isAndroid: false
23:36:05.971 [FXGL Background Thread 3 ] DEBUG Engine               - isBrowser: false
23:36:05.971 [FXGL Background Thread 3 ] DEBUG Engine               - isClickFeedbackEnabled: false
23:36:05.971 [FXGL Background Thread 3 ] DEBUG Engine               - isCloseConfirmation: false
23:36:05.971 [FXGL Background Thread 3 ] DEBUG Engine               - isDesktop: true
23:36:05.972 [FXGL Background Thread 3 ] DEBUG Engine               - isDeveloperMenuEnabled: false
23:36:05.973 [FXGL Background Thread 3 ] DEBUG Engine               - isEmbedded: false
23:36:05.973 [FXGL Background Thread 3 ] DEBUG Engine               - isEntityPreloadEnabled: true
23:36:05.973 [FXGL Background Thread 3 ] DEBUG Engine               - isExperimentalTiledLargeMap: false
23:36:05.973 [FXGL Background Thread 3 ] DEBUG Engine               - isFileSystemWriteAllowed: true
23:36:05.974 [FXGL Background Thread 3 ] DEBUG Engine               - isFullScreenAllowed: true
23:36:05.974 [FXGL Background Thread 3 ] DEBUG Engine               - isFullScreenFromStart: false
23:36:05.974 [FXGL Background Thread 3 ] DEBUG Engine               - isGameMenuEnabled: true
23:36:05.975 [FXGL Background Thread 3 ] DEBUG Engine               - isIOS: false
23:36:05.975 [FXGL Background Thread 3 ] DEBUG Engine               - isIntroEnabled: false
23:36:05.975 [FXGL Background Thread 3 ] DEBUG Engine               - isLinux: false
23:36:05.975 [FXGL Background Thread 3 ] DEBUG Engine               - isMac: false
23:36:05.975 [FXGL Background Thread 3 ] DEBUG Engine               - isMainMenuEnabled: true
23:36:05.975 [FXGL Background Thread 3 ] DEBUG Engine               - isManualResizeEnabled: false
23:36:05.975 [FXGL Background Thread 3 ] DEBUG Engine               - isMobile: false
23:36:05.975 [FXGL Background Thread 3 ] DEBUG Engine               - isNative: false
23:36:05.975 [FXGL Background Thread 3 ] DEBUG Engine               - isPauseMusicWhenMinimized: true
23:36:05.975 [FXGL Background Thread 3 ] DEBUG Engine               - isPreserveResizeRatio: false
23:36:05.975 [FXGL Background Thread 3 ] DEBUG Engine               - isProfilingEnabled: false
23:36:05.975 [FXGL Background Thread 3 ] DEBUG Engine               - isScaleAffectedOnResize: true
23:36:05.976 [FXGL Background Thread 3 ] DEBUG Engine               - isSingleStep: false
23:36:05.976 [FXGL Background Thread 3 ] DEBUG Engine               - isUserProfileEnabled: false
23:36:05.976 [FXGL Background Thread 3 ] DEBUG Engine               - isWindows: true
23:36:05.976 [FXGL Background Thread 3 ] DEBUG Engine               - language: ObjectProperty [value: ENGLISH]
23:36:05.976 [FXGL Background Thread 3 ] DEBUG Engine               - menuKey: ESCAPE
23:36:05.976 [FXGL Background Thread 3 ] DEBUG Engine               - mouseSensitivity: 0.2
23:36:05.976 [FXGL Background Thread 3 ] DEBUG Engine               - notificationViewClass: class com.almasb.fxgl.notification.view.XboxNotificationView
23:36:05.976 [FXGL Background Thread 3 ] DEBUG Engine               - pixelsPerMeter: 50.0
23:36:05.976 [FXGL Background Thread 3 ] DEBUG Engine               - platform: WINDOWS
23:36:05.976 [FXGL Background Thread 3 ] DEBUG Engine               - prefHeightProperty: ReadOnlyDoubleProperty [value: 720.0]
23:36:05.977 [FXGL Background Thread 3 ] DEBUG Engine               - prefWidthProperty: ReadOnlyDoubleProperty [value: 1280.0]
23:36:05.977 [FXGL Background Thread 3 ] DEBUG Engine               - profileDir: profiles/
23:36:05.977 [FXGL Background Thread 3 ] DEBUG Engine               - profileName: StringProperty [value: DEFAULT]
23:36:05.977 [FXGL Background Thread 3 ] DEBUG Engine               - randomSeed: -1
23:36:05.977 [FXGL Background Thread 3 ] DEBUG Engine               - runtimeInfo: RuntimeInfo(platform=WINDOWS, version=21.1, build=27.03.2024 07.52)
23:36:05.978 [FXGL Background Thread 3 ] DEBUG Engine               - saveFileExt: sav
23:36:05.978 [FXGL Background Thread 3 ] DEBUG Engine               - scaledHeightProp$fxgl: DoubleProperty [bound, value: 720.0]
23:36:05.978 [FXGL Background Thread 3 ] DEBUG Engine               - scaledWidthProp$fxgl: DoubleProperty [bound, value: 1280.0]
23:36:05.978 [FXGL Background Thread 3 ] DEBUG Engine               - sceneFactory: com.aen.spaceship_fights.MySceneFactory@fd48f06
23:36:05.978 [FXGL Background Thread 3 ] DEBUG Engine               - secondsIn24h: 60
23:36:05.978 [FXGL Background Thread 3 ] DEBUG Engine               - soundMenuBack: menu/back.wav
23:36:05.978 [FXGL Background Thread 3 ] DEBUG Engine               - soundMenuPress: menu/press.wav
23:36:05.978 [FXGL Background Thread 3 ] DEBUG Engine               - soundMenuSelect: menu/select.wav
23:36:05.978 [FXGL Background Thread 3 ] DEBUG Engine               - soundNotification: core/notification.wav
23:36:05.978 [FXGL Background Thread 3 ] DEBUG Engine               - stageStyle: DECORATED
23:36:05.978 [FXGL Background Thread 3 ] DEBUG Engine               - supportedLanguages: [ENGLISH, FRENCH, GERMAN, HUNGARIAN, RUSSIAN]
23:36:05.978 [FXGL Background Thread 3 ] DEBUG Engine               - ticksPerSecond: -1
23:36:05.979 [FXGL Background Thread 3 ] DEBUG Engine               - title: Shooter
23:36:05.979 [FXGL Background Thread 3 ] DEBUG Engine               - urlGithub: https://github.com/AlmasB/FXGL
23:36:05.979 [FXGL Background Thread 3 ] DEBUG Engine               - urlLeaderboard: http://fxgl-top.herokuapp.com/
23:36:05.979 [FXGL Background Thread 3 ] DEBUG Engine               - urlPOM: https://raw.githubusercontent.com/AlmasB/FXGL/release/README.md
23:36:05.979 [FXGL Background Thread 3 ] DEBUG Engine               - userAppClass: class com.aen.spaceship_fights.SpaceShipFightsApp
23:36:05.979 [FXGL Background Thread 3 ] DEBUG Engine               - version: 0.1
23:36:05.979 [FXGL Background Thread 3 ] DEBUG Engine               - versionCheckDays: 7
23:36:05.979 [FXGL Background Thread 3 ] DEBUG Engine               - width: 1280
23:36:05.979 [FXGL Background Thread 3 ] DEBUG Engine               - Logging services
23:36:05.979 [FXGL Background Thread 3 ] DEBUG Engine               - class com.almasb.fxgl.app.services.FXGLAssetLoaderService
23:36:05.979 [FXGL Background Thread 3 ] DEBUG Engine               - class com.almasb.fxgl.app.FXGLApplication$GameApplicationService
23:36:05.979 [FXGL Background Thread 3 ] DEBUG Engine               - class com.almasb.fxgl.app.services.FXGLDialogService
23:36:05.979 [FXGL Background Thread 3 ] DEBUG Engine               - class com.almasb.fxgl.app.services.IOTaskExecutorService
23:36:05.980 [FXGL Background Thread 3 ] DEBUG Engine               - class com.almasb.fxgl.io.FileSystemService
23:36:05.980 [FXGL Background Thread 3 ] DEBUG Engine               - class com.almasb.fxgl.localization.LocalizationService
23:36:05.980 [FXGL Background Thread 3 ] DEBUG Engine               - class com.almasb.fxgl.app.services.SystemBundleService
23:36:05.980 [FXGL Background Thread 3 ] DEBUG Engine               - class com.almasb.fxgl.profile.SaveLoadService
23:36:05.980 [FXGL Background Thread 3 ] DEBUG Engine               - class com.almasb.fxgl.ui.FXGLUIFactoryServiceProvider
23:36:05.980 [FXGL Background Thread 3 ] DEBUG Engine               - class com.almasb.fxgl.ui.FXGLDialogFactoryServiceProvider
23:36:05.980 [FXGL Background Thread 3 ] DEBUG Engine               - class com.almasb.fxgl.audio.AudioPlayer
23:36:05.980 [FXGL Background Thread 3 ] DEBUG Engine               - class com.almasb.fxgl.notification.impl.NotificationServiceProvider
23:36:05.980 [FXGL Background Thread 3 ] DEBUG Engine               - class com.almasb.fxgl.achievement.AchievementService
23:36:05.980 [FXGL Background Thread 3 ] DEBUG Engine               - class com.almasb.fxgl.cutscene.CutsceneService
23:36:05.980 [FXGL Background Thread 3 ] DEBUG Engine               - class com.almasb.fxgl.minigames.MiniGameService
23:36:05.980 [FXGL Background Thread 3 ] DEBUG Engine               - class com.almasb.fxgl.net.NetService
23:36:05.980 [FXGL Background Thread 3 ] DEBUG Engine               - class com.almasb.fxgl.app.services.UpdaterService
23:36:05.980 [FXGL Background Thread 3 ] DEBUG Engine               - class com.almasb.fxgl.dev.DevService
23:36:24.932 [JavaFX Application Thread] DEBUG Menu                 - fireNewGame()
23:36:24.932 [JavaFX Application Thread] DEBUG GameApplicationServi - Starting new game
23:36:24.932 [JavaFX Application Thread] DEBUG PrimaryStageWindow   - Pop state: MainMenu
23:36:24.932 [JavaFX Application Thread] DEBUG Input                - Clearing active input actions
23:36:24.933 [JavaFX Application Thread] DEBUG GameApplicationServi - Removing overlay from MainMenu and adding to FXGLMainMenuDummyScene
23:36:24.933 [JavaFX Application Thread] DEBUG PrimaryStageWindow   - FXGLMainMenuDummyScene <- MainMenu
23:36:24.934 [JavaFX Application Thread] DEBUG Input                - Clearing active input actions
23:36:24.938 [JavaFX Application Thread] DEBUG GameApplicationServi - Removing overlay from FXGLMainMenuDummyScene and adding to FXGLLoadingScene
23:36:24.938 [JavaFX Application Thread] DEBUG PrimaryStageWindow   - FXGLMainMenuDummyScene -> FXGLLoadingScene
23:36:24.938 [JavaFX Application Thread] DEBUG GameApplicationServi - Clearing previous game
23:36:24.938 [JavaFX Application Thread] DEBUG GameScene            - Clearing game scene
23:36:24.938 [JavaFX Application Thread] DEBUG GameWorld            - Clearing game world
23:36:24.938 [JavaFX Application Thread] DEBUG PhysicsWorld         - Clearing physics world
23:36:24.940 [FXGL Background Thread 2 ] DEBUG FXGLApplication      - Initializing game
23:36:24.988 [FXGL Background Thread 2 ] DEBUG FXGLAssetLoaderServi - Loading from file system: file:/C:/Users/pc/Desktop/Java/GameEngines/Asteriods/target/classes/assets/textures/player.png
23:36:25.050 [FXGL Background Thread 2 ] DEBUG FXGLAssetLoaderServi - Loading from file system: file:/C:/Users/pc/Desktop/Java/GameEngines/Asteriods/target/classes/assets/textures/life.png
23:36:25.052 [FXGL Background Thread 2 ] INFO  FXGLApplication      - Game initialization took: 0.111 sec
23:36:25.052 [JavaFX Application Thread] DEBUG Input                - Clearing active input actions
23:36:25.059 [JavaFX Application Thread] DEBUG GameApplicationServi - Removing overlay from FXGLLoadingScene and adding to GameScene
23:36:25.059 [JavaFX Application Thread] DEBUG PrimaryStageWindow   - FXGLLoadingScene -> GameScene
23:36:31.043 [JavaFX Application Thread] DEBUG FXGLAssetLoaderServi - Loading from file system: file:/C:/Users/pc/Desktop/Java/GameEngines/Asteriods/target/classes/assets/textures/instructor_2.png
23:36:51.048 [JavaFX Application Thread] DEBUG FXGLAssetLoaderServi - Loading from file system: file:/C:/Users/pc/Desktop/Java/GameEngines/Asteriods/target/classes/assets/sounds/level.wav
23:36:52.602 [JavaFX Application Thread] DEBUG FXGLAssetLoaderServi - Loading from file system: file:/C:/Users/pc/Desktop/Java/GameEngines/Asteriods/target/classes/assets/textures/enemy2.png
23:36:53.110 [JavaFX Application Thread] DEBUG FXGLAssetLoaderServi - Loading from file system: file:/C:/Users/pc/Desktop/Java/GameEngines/Asteriods/target/classes/assets/textures/enemy3.png
23:37:54.362 [JavaFX Application Thread] DEBUG FXGLApplication      - Exiting FXGL
23:37:54.363 [JavaFX Application Thread] DEBUG LoopRunner           - Stopping loop
23:37:54.363 [JavaFX Application Thread] DEBUG SystemBundleService  - Saving FXGL system data
23:37:54.364 [JavaFX Application Thread] DEBUG FileSystemAccess     - Writing to: C:\Users\pc\Desktop\Java\GameEngines\Asteriods\system\fxgl.bundle
23:37:54.366 [JavaFX Application Thread] DEBUG Async                - Shutting down background threads
23:37:54.366 [JavaFX Application Thread] DEBUG PrimaryStageWindow   - Closing main window
23:37:54.393 [JavaFX Application Thread] DEBUG Logger               - Closing Logger
