05:14:55.659 [main                     ] DEBUG Logger               - Configured Logger
05:14:55.679 [main                     ] DEBUG GameApplication      - Logging settings
Title: Shooter
Version: 0.1
Width: 1280
Height: 720
Fullscreen: true
Intro: false
Profiling: false
Single step:false
App Mode: DEVELOPER
Menu Key: ESCAPE
Stage Style: DECORATED
Scene Factory: class com.aen.spaceship_fights.MySceneFactory

05:14:56.587 [JavaFX Application Thread] DEBUG FXGLApplication      - Initializing FXGL
05:14:56.591 [JavaFX Application Thread] INFO  Engine               - FXGL-21.1 (27.03.2024 07.52) on WINDOWS (J:22.0.2 FX:22.0.1)
05:14:56.591 [JavaFX Application Thread] DEBUG Engine               - JRE Vendor Name: Oracle Corporation
05:14:56.592 [JavaFX Application Thread] DEBUG Engine               - Running on OS: Windows 11 version 10.0
05:14:56.592 [JavaFX Application Thread] DEBUG Engine               - Architecture: amd64
05:14:56.592 [JavaFX Application Thread] INFO  Engine               - Source code and latest versions at: https://github.com/AlmasB/FXGL
05:14:56.592 [JavaFX Application Thread] INFO  Engine               -       Ask questions and discuss at: https://github.com/AlmasB/FXGL/discussions
05:14:56.592 [JavaFX Application Thread] INFO  Engine               -              Join the FXGL chat at: https://gitter.im/AlmasB/FXGL
05:14:56.735 [JavaFX Application Thread] DEBUG PrimaryStageWindow   - Creating a JavaFX scene
05:14:56.792 [JavaFX Application Thread] DEBUG PrimaryStageWindow   - Target settings size: 1280.0 x 720.0
05:14:56.792 [JavaFX Application Thread] DEBUG PrimaryStageWindow   - Scaled scene size:    1280.0 x 720.0
05:14:56.792 [JavaFX Application Thread] DEBUG PrimaryStageWindow   - Scaled ratio: (1.0, 1.0)
05:14:56.794 [JavaFX Application Thread] DEBUG PrimaryStageWindow   - Set initial scene to FXGLStartupScene
05:14:56.805 [JavaFX Application Thread] DEBUG PrimaryStageWindow   - Opening main window
05:14:57.498 [JavaFX Application Thread] DEBUG PrimaryStageWindow   - Window border size: (16.0, 39.0)
05:14:57.498 [JavaFX Application Thread] DEBUG PrimaryStageWindow   - Scaled size: 1280.0 x 720.0
05:14:57.498 [JavaFX Application Thread] DEBUG PrimaryStageWindow   - Scaled ratio: (1.0, 1.0)
05:14:57.499 [JavaFX Application Thread] DEBUG PrimaryStageWindow   - Scene size: 1280.0 x 720.0
05:14:57.499 [JavaFX Application Thread] DEBUG PrimaryStageWindow   - Stage size: 1296.0 x 759.0
05:14:57.574 [FXGL Background Thread 1 ] DEBUG Engine               - Initializing environment variables
05:14:57.621 [FXGL Background Thread 1 ] DEBUG FXGLAssetLoaderServi - User app class for loading assets: class com.aen.spaceship_fights.SpaceShipFightsApp
05:14:57.622 [FXGL Background Thread 1 ] DEBUG GameApplicationServi - Applying CSS: fxgl_dark.css
05:14:57.623 [FXGL Background Thread 1 ] DEBUG FXGLAssetLoaderServi - Loading from file system: jar:file:/C:/Users/pc/.m2/repository/com/github/almasb/fxgl/21.1/fxgl-21.1.jar!/fxglassets/ui/css/fxgl_dark.css
05:14:57.690 [FXGL Background Thread 1 ] DEBUG GameApplicationServi - Initializing application scenes
05:14:57.822 [FXGL Background Thread 1 ] DEBUG GameWorld            - Game world initialized
05:14:57.894 [FXGL Background Thread 1 ] DEBUG PhysicsWorld         - Physics world initialized: appHeight=720, physics.ppm=50.0
05:14:57.896 [FXGL Background Thread 1 ] DEBUG PhysicsWorld         - Using strategy: BRUTE_FORCE
05:14:57.921 [FXGL Background Thread 1 ] DEBUG GameScene            - Game scene initialized: 1280x720
05:14:58.035 [FXGL Background Thread 1 ] DEBUG GameApplicationServi - Application scenes initialized
05:14:58.048 [FXGL Background Thread 1 ] DEBUG SystemBundleService  - Loading FXGL system data
05:14:58.049 [FXGL Background Thread 1 ] DEBUG FileSystemAccess     - Reading from: C:\Users\pc\Desktop\Java\GameEngines\Asteriods\system\fxgl.bundle
05:14:58.051 [FXGL Background Thread 1 ] DEBUG SystemBundleService  - Bundle FXGL: {}
05:14:58.051 [FXGL Background Thread 1 ] DEBUG UpdaterService       - Checking for updates
05:14:58.056 [FXGL Background Thread 1 ] DEBUG FXGLApplication      - Loading default localization
05:14:58.057 [FXGL Background Thread 1 ] DEBUG FXGLAssetLoaderServi - Loading from file system: jar:file:/C:/Users/pc/.m2/repository/com/github/almasb/fxgl/21.1/fxgl-21.1.jar!/fxglassets/languages/english.lang
05:14:58.074 [FXGL Background Thread 1 ] INFO  FXGLApplication      - FXGL initialization took: 0.500 sec
05:14:58.079 [FXGL Background Thread 4 ] DEBUG FXGLApplication      - Loading fonts
05:14:58.079 [FXGL Background Thread 4 ] DEBUG FXGLAssetLoaderServi - Loading from file system: jar:file:/C:/Users/pc/.m2/repository/com/github/almasb/fxgl/21.1/fxgl-21.1.jar!/fxglassets/ui/fonts/VarelaRound-Regular.ttf
05:14:58.084 [FXGL Background Thread 4 ] DEBUG FXGLAssetLoaderServi - Loading from file system: jar:file:/C:/Users/pc/.m2/repository/com/github/almasb/fxgl/21.1/fxgl-21.1.jar!/fxglassets/ui/fonts/Abel-Regular.ttf
05:14:58.088 [JavaFX Application Thread] DEBUG Input                - Registered new binding: action0 - A
05:14:58.088 [JavaFX Application Thread] DEBUG Input                - Registered new binding: action1 - D
05:14:58.090 [JavaFX Application Thread] DEBUG Input                - Registered new binding: action2 - W
05:14:58.091 [FXGL Background Thread 4 ] DEBUG FXGLAssetLoaderServi - Loading from file system: jar:file:/C:/Users/pc/.m2/repository/com/github/almasb/fxgl/21.1/fxgl-21.1.jar!/fxglassets/ui/fonts/TerminalLandMono-Regular.otf
05:14:58.096 [JavaFX Application Thread] DEBUG Input                - Registered new binding: action3 - F
05:14:58.098 [JavaFX Application Thread] DEBUG Input                - Registered new binding: action4 - P
05:14:58.099 [JavaFX Application Thread] DEBUG Input                - Registered new binding: action5 - R
05:14:58.099 [JavaFX Application Thread] DEBUG Input                - Registered new binding: action6 - M
05:14:58.099 [JavaFX Application Thread] DEBUG FXGLAssetLoaderServi - Loading from file system: jar:file:/C:/Users/pc/.m2/repository/com/github/almasb/fxgl/21.1/fxgl-21.1.jar!/fxglassets/textures/fxgl_icon.png
05:14:58.101 [FXGL Background Thread 4 ] DEBUG FXGLAssetLoaderServi - Loading from file system: jar:file:/C:/Users/pc/.m2/repository/com/github/almasb/fxgl/21.1/fxgl-21.1.jar!/fxglassets/ui/fonts/Courier-Prime.ttf
05:14:58.179 [JavaFX Application Thread] DEBUG FXGLAssetLoaderServi - Loading from file system: jar:file:/C:/Users/pc/.m2/repository/com/github/almasb/fxgl/21.1/fxgl-21.1.jar!/fxglassets/textures/fxgl_default_cursor.png
05:14:58.181 [JavaFX Application Thread] DEBUG Input                - Registered new binding: Screenshot - CTRL+8
05:14:58.182 [JavaFX Application Thread] DEBUG Input                - Registered new binding: System info dump - CTRL+9
05:14:58.183 [JavaFX Application Thread] DEBUG Input                - Registered new binding: Restart - CTRL+R
05:14:58.184 [JavaFX Application Thread] DEBUG Input                - Registered new binding: Toggle Debug Camera - CTRL+7
05:14:58.190 [JavaFX Application Thread] DEBUG LoopRunner           - Starting loop
05:14:58.190 [JavaFX Application Thread] DEBUG LoopRunner           - Initializing JavaFX AnimationTimerLoop
05:14:58.197 [JavaFX Application Thread] DEBUG Input                - Clearing active input actions
05:14:58.207 [JavaFX Application Thread] DEBUG GameApplicationServi - Removing overlay from FXGLStartupScene and adding to FXGLMainMenuDummyScene
05:14:58.207 [JavaFX Application Thread] DEBUG PrimaryStageWindow   - FXGLStartupScene -> FXGLMainMenuDummyScene
05:14:58.207 [JavaFX Application Thread] DEBUG PrimaryStageWindow   - Push state: MainMenu
05:14:58.208 [JavaFX Application Thread] DEBUG Input                - Clearing active input actions
05:14:58.224 [JavaFX Application Thread] DEBUG GameApplicationServi - Removing overlay from FXGLMainMenuDummyScene and adding to MainMenu
05:14:58.224 [JavaFX Application Thread] DEBUG PrimaryStageWindow   - FXGLMainMenuDummyScene -> MainMenu
05:14:58.224 [JavaFX Application Thread] DEBUG FXGLApplication      - Registering font factories with UI factory
05:15:01.055 [FXGL Background Thread 3 ] DEBUG Engine               - Logging environment variables
05:15:01.055 [FXGL Background Thread 3 ] DEBUG Engine               - achievements: []
05:15:01.055 [FXGL Background Thread 3 ] DEBUG Engine               - actualHeight: 720.0
05:15:01.055 [FXGL Background Thread 3 ] DEBUG Engine               - actualHeightProperty: ReadOnlyDoubleProperty [value: 720.0]
05:15:01.056 [FXGL Background Thread 3 ] DEBUG Engine               - actualWidth: 1280.0
05:15:01.056 [FXGL Background Thread 3 ] DEBUG Engine               - actualWidthProperty: ReadOnlyDoubleProperty [value: 1280.0]
05:15:01.056 [FXGL Background Thread 3 ] DEBUG Engine               - appIcon: fxgl_icon.png
05:15:01.056 [FXGL Background Thread 3 ] DEBUG Engine               - applicationMode: DEVELOPER
05:15:01.056 [FXGL Background Thread 3 ] DEBUG Engine               - cSSList: [fxgl_dark.css]
05:15:01.056 [FXGL Background Thread 3 ] DEBUG Engine               - collisionDetectionStrategy: BRUTE_FORCE
05:15:01.056 [FXGL Background Thread 3 ] DEBUG Engine               - configClass: Optional.empty
05:15:01.056 [FXGL Background Thread 3 ] DEBUG Engine               - credits: [Nyirenda Amos, Ouedraogo Luther Arthur, Magne Lidivine Merveille]
05:15:01.058 [FXGL Background Thread 3 ] DEBUG Engine               - defaultCursor: CursorInfo(imageName=fxgl_default_cursor.png, hotspotX=7.0, hotspotY=6.0)
05:15:01.058 [FXGL Background Thread 3 ] DEBUG Engine               - devBBoxColorProperty: ObjectProperty [value: 0xff0000ff]
05:15:01.058 [FXGL Background Thread 3 ] DEBUG Engine               - devEnableDebugCameraProperty: BooleanProperty [value: false]
05:15:01.058 [FXGL Background Thread 3 ] DEBUG Engine               - devSensorColorProperty: ObjectProperty [value: 0xffff00ff]
05:15:01.058 [FXGL Background Thread 3 ] DEBUG Engine               - devShowBBoxProperty: BooleanProperty [value: false]
05:15:01.058 [FXGL Background Thread 3 ] DEBUG Engine               - devShowPositionProperty: BooleanProperty [value: false]
05:15:01.058 [FXGL Background Thread 3 ] DEBUG Engine               - enabledMenuItems: []
05:15:01.058 [FXGL Background Thread 3 ] DEBUG Engine               - engineServices: [class com.almasb.fxgl.app.services.FXGLAssetLoaderService, class com.almasb.fxgl.app.FXGLApplication$GameApplicationService, class com.almasb.fxgl.app.services.FXGLDialogService, class com.almasb.fxgl.app.services.IOTaskExecutorService, class com.almasb.fxgl.io.FileSystemService, class com.almasb.fxgl.localization.LocalizationService, class com.almasb.fxgl.app.services.SystemBundleService, class com.almasb.fxgl.profile.SaveLoadService, class com.almasb.fxgl.ui.FXGLUIFactoryServiceProvider, class com.almasb.fxgl.ui.FXGLDialogFactoryServiceProvider, class com.almasb.fxgl.audio.AudioPlayer, class com.almasb.fxgl.notification.impl.NotificationServiceProvider, class com.almasb.fxgl.achievement.AchievementService, class com.almasb.fxgl.cutscene.CutsceneService, class com.almasb.fxgl.minigames.MiniGameService, class com.almasb.fxgl.net.NetService, class com.almasb.fxgl.app.services.UpdaterService, class com.almasb.fxgl.dev.DevService]
05:15:01.059 [FXGL Background Thread 3 ] DEBUG Engine               - fontGame: Abel-Regular.ttf
05:15:01.059 [FXGL Background Thread 3 ] DEBUG Engine               - fontMono: TerminalLandMono-Regular.otf
05:15:01.059 [FXGL Background Thread 3 ] DEBUG Engine               - fontSizeScaleUI: 1.0
05:15:01.059 [FXGL Background Thread 3 ] DEBUG Engine               - fontText: Courier-Prime.ttf
05:15:01.059 [FXGL Background Thread 3 ] DEBUG Engine               - fontUI: VarelaRound-Regular.ttf
05:15:01.059 [FXGL Background Thread 3 ] DEBUG Engine               - fullScreen: BooleanProperty [value: false]
05:15:01.059 [FXGL Background Thread 3 ] DEBUG Engine               - gameDifficulty: MEDIUM
05:15:01.059 [FXGL Background Thread 3 ] DEBUG Engine               - gameDifficultyProperty: ObjectProperty [value: MEDIUM]
05:15:01.059 [FXGL Background Thread 3 ] DEBUG Engine               - globalMusicVolume: 0.5
05:15:01.059 [FXGL Background Thread 3 ] DEBUG Engine               - globalMusicVolumeProperty: DoubleProperty [value: 0.5]
05:15:01.059 [FXGL Background Thread 3 ] DEBUG Engine               - globalSoundVolume: 0.5
05:15:01.059 [FXGL Background Thread 3 ] DEBUG Engine               - globalSoundVolumeProperty: DoubleProperty [value: 0.5]
05:15:01.059 [FXGL Background Thread 3 ] DEBUG Engine               - height: 720
05:15:01.059 [FXGL Background Thread 3 ] DEBUG Engine               - is3D: false
05:15:01.059 [FXGL Background Thread 3 ] DEBUG Engine               - isAndroid: false
05:15:01.059 [FXGL Background Thread 3 ] DEBUG Engine               - isBrowser: false
05:15:01.059 [FXGL Background Thread 3 ] DEBUG Engine               - isClickFeedbackEnabled: false
05:15:01.059 [FXGL Background Thread 3 ] DEBUG Engine               - isCloseConfirmation: false
05:15:01.060 [FXGL Background Thread 3 ] DEBUG Engine               - isDesktop: true
05:15:01.060 [FXGL Background Thread 3 ] DEBUG Engine               - isDeveloperMenuEnabled: false
05:15:01.060 [FXGL Background Thread 3 ] DEBUG Engine               - isEmbedded: false
05:15:01.060 [FXGL Background Thread 3 ] DEBUG Engine               - isEntityPreloadEnabled: true
05:15:01.060 [FXGL Background Thread 3 ] DEBUG Engine               - isExperimentalTiledLargeMap: false
05:15:01.060 [FXGL Background Thread 3 ] DEBUG Engine               - isFileSystemWriteAllowed: true
05:15:01.060 [FXGL Background Thread 3 ] DEBUG Engine               - isFullScreenAllowed: true
05:15:01.060 [FXGL Background Thread 3 ] DEBUG Engine               - isFullScreenFromStart: false
05:15:01.060 [FXGL Background Thread 3 ] DEBUG Engine               - isGameMenuEnabled: true
05:15:01.060 [FXGL Background Thread 3 ] DEBUG Engine               - isIOS: false
05:15:01.060 [FXGL Background Thread 3 ] DEBUG Engine               - isIntroEnabled: false
05:15:01.060 [FXGL Background Thread 3 ] DEBUG Engine               - isLinux: false
05:15:01.060 [FXGL Background Thread 3 ] DEBUG Engine               - isMac: false
05:15:01.060 [FXGL Background Thread 3 ] DEBUG Engine               - isMainMenuEnabled: true
05:15:01.060 [FXGL Background Thread 3 ] DEBUG Engine               - isManualResizeEnabled: false
05:15:01.060 [FXGL Background Thread 3 ] DEBUG Engine               - isMobile: false
05:15:01.060 [FXGL Background Thread 3 ] DEBUG Engine               - isNative: false
05:15:01.060 [FXGL Background Thread 3 ] DEBUG Engine               - isPauseMusicWhenMinimized: true
05:15:01.061 [FXGL Background Thread 3 ] DEBUG Engine               - isPreserveResizeRatio: false
05:15:01.061 [FXGL Background Thread 3 ] DEBUG Engine               - isProfilingEnabled: false
05:15:01.061 [FXGL Background Thread 3 ] DEBUG Engine               - isScaleAffectedOnResize: true
05:15:01.061 [FXGL Background Thread 3 ] DEBUG Engine               - isSingleStep: false
05:15:01.061 [FXGL Background Thread 3 ] DEBUG Engine               - isUserProfileEnabled: false
05:15:01.062 [FXGL Background Thread 3 ] DEBUG Engine               - isWindows: true
05:15:01.062 [FXGL Background Thread 3 ] DEBUG Engine               - language: ObjectProperty [value: ENGLISH]
05:15:01.063 [FXGL Background Thread 3 ] DEBUG Engine               - menuKey: ESCAPE
05:15:01.063 [FXGL Background Thread 3 ] DEBUG Engine               - mouseSensitivity: 0.2
05:15:01.063 [FXGL Background Thread 3 ] DEBUG Engine               - notificationViewClass: class com.almasb.fxgl.notification.view.XboxNotificationView
05:15:01.063 [FXGL Background Thread 3 ] DEBUG Engine               - pixelsPerMeter: 50.0
05:15:01.063 [FXGL Background Thread 3 ] DEBUG Engine               - platform: WINDOWS
05:15:01.063 [FXGL Background Thread 3 ] DEBUG Engine               - prefHeightProperty: ReadOnlyDoubleProperty [value: 720.0]
05:15:01.063 [FXGL Background Thread 3 ] DEBUG Engine               - prefWidthProperty: ReadOnlyDoubleProperty [value: 1280.0]
05:15:01.063 [FXGL Background Thread 3 ] DEBUG Engine               - profileDir: profiles/
05:15:01.063 [FXGL Background Thread 3 ] DEBUG Engine               - profileName: StringProperty [value: DEFAULT]
05:15:01.063 [FXGL Background Thread 3 ] DEBUG Engine               - randomSeed: -1
05:15:01.064 [FXGL Background Thread 3 ] DEBUG Engine               - runtimeInfo: RuntimeInfo(platform=WINDOWS, version=21.1, build=27.03.2024 07.52)
05:15:01.064 [FXGL Background Thread 3 ] DEBUG Engine               - saveFileExt: sav
05:15:01.064 [FXGL Background Thread 3 ] DEBUG Engine               - scaledHeightProp$fxgl: DoubleProperty [bound, value: 720.0]
05:15:01.064 [FXGL Background Thread 3 ] DEBUG Engine               - scaledWidthProp$fxgl: DoubleProperty [bound, value: 1280.0]
05:15:01.064 [FXGL Background Thread 3 ] DEBUG Engine               - sceneFactory: com.aen.spaceship_fights.MySceneFactory@2b045ab9
05:15:01.064 [FXGL Background Thread 3 ] DEBUG Engine               - secondsIn24h: 60
05:15:01.064 [FXGL Background Thread 3 ] DEBUG Engine               - soundMenuBack: menu/back.wav
05:15:01.064 [FXGL Background Thread 3 ] DEBUG Engine               - soundMenuPress: menu/press.wav
05:15:01.065 [FXGL Background Thread 3 ] DEBUG Engine               - soundMenuSelect: menu/select.wav
05:15:01.065 [FXGL Background Thread 3 ] DEBUG Engine               - soundNotification: core/notification.wav
05:15:01.065 [FXGL Background Thread 3 ] DEBUG Engine               - stageStyle: DECORATED
05:15:01.065 [FXGL Background Thread 3 ] DEBUG Engine               - supportedLanguages: [ENGLISH, FRENCH, GERMAN, HUNGARIAN, RUSSIAN]
05:15:01.065 [FXGL Background Thread 3 ] DEBUG Engine               - ticksPerSecond: -1
05:15:01.065 [FXGL Background Thread 3 ] DEBUG Engine               - title: Shooter
05:15:01.065 [FXGL Background Thread 3 ] DEBUG Engine               - urlGithub: https://github.com/AlmasB/FXGL
05:15:01.065 [FXGL Background Thread 3 ] DEBUG Engine               - urlLeaderboard: http://fxgl-top.herokuapp.com/
05:15:01.065 [FXGL Background Thread 3 ] DEBUG Engine               - urlPOM: https://raw.githubusercontent.com/AlmasB/FXGL/release/README.md
05:15:01.065 [FXGL Background Thread 3 ] DEBUG Engine               - userAppClass: class com.aen.spaceship_fights.SpaceShipFightsApp
05:15:01.065 [FXGL Background Thread 3 ] DEBUG Engine               - version: 0.1
05:15:01.065 [FXGL Background Thread 3 ] DEBUG Engine               - versionCheckDays: 7
05:15:01.065 [FXGL Background Thread 3 ] DEBUG Engine               - width: 1280
05:15:01.065 [FXGL Background Thread 3 ] DEBUG Engine               - Logging services
05:15:01.065 [FXGL Background Thread 3 ] DEBUG Engine               - class com.almasb.fxgl.app.services.FXGLAssetLoaderService
05:15:01.065 [FXGL Background Thread 3 ] DEBUG Engine               - class com.almasb.fxgl.app.FXGLApplication$GameApplicationService
05:15:01.065 [FXGL Background Thread 3 ] DEBUG Engine               - class com.almasb.fxgl.app.services.FXGLDialogService
05:15:01.065 [FXGL Background Thread 3 ] DEBUG Engine               - class com.almasb.fxgl.app.services.IOTaskExecutorService
05:15:01.065 [FXGL Background Thread 3 ] DEBUG Engine               - class com.almasb.fxgl.io.FileSystemService
05:15:01.065 [FXGL Background Thread 3 ] DEBUG Engine               - class com.almasb.fxgl.localization.LocalizationService
05:15:01.065 [FXGL Background Thread 3 ] DEBUG Engine               - class com.almasb.fxgl.app.services.SystemBundleService
05:15:01.065 [FXGL Background Thread 3 ] DEBUG Engine               - class com.almasb.fxgl.profile.SaveLoadService
05:15:01.066 [FXGL Background Thread 3 ] DEBUG Engine               - class com.almasb.fxgl.ui.FXGLUIFactoryServiceProvider
05:15:01.066 [FXGL Background Thread 3 ] DEBUG Engine               - class com.almasb.fxgl.ui.FXGLDialogFactoryServiceProvider
05:15:01.066 [FXGL Background Thread 3 ] DEBUG Engine               - class com.almasb.fxgl.audio.AudioPlayer
05:15:01.066 [FXGL Background Thread 3 ] DEBUG Engine               - class com.almasb.fxgl.notification.impl.NotificationServiceProvider
05:15:01.066 [FXGL Background Thread 3 ] DEBUG Engine               - class com.almasb.fxgl.achievement.AchievementService
05:15:01.066 [FXGL Background Thread 3 ] DEBUG Engine               - class com.almasb.fxgl.cutscene.CutsceneService
05:15:01.066 [FXGL Background Thread 3 ] DEBUG Engine               - class com.almasb.fxgl.minigames.MiniGameService
05:15:01.066 [FXGL Background Thread 3 ] DEBUG Engine               - class com.almasb.fxgl.net.NetService
05:15:01.066 [FXGL Background Thread 3 ] DEBUG Engine               - class com.almasb.fxgl.app.services.UpdaterService
05:15:01.066 [FXGL Background Thread 3 ] DEBUG Engine               - class com.almasb.fxgl.dev.DevService
05:15:02.259 [JavaFX Application Thread] DEBUG FXGLApplication      - Exiting FXGL
05:15:02.260 [JavaFX Application Thread] DEBUG LoopRunner           - Stopping loop
05:15:02.260 [JavaFX Application Thread] DEBUG SystemBundleService  - Saving FXGL system data
05:15:02.261 [JavaFX Application Thread] DEBUG FileSystemAccess     - Writing to: C:\Users\pc\Desktop\Java\GameEngines\Asteriods\system\fxgl.bundle
05:15:02.261 [JavaFX Application Thread] DEBUG Async                - Shutting down background threads
05:15:02.261 [JavaFX Application Thread] DEBUG PrimaryStageWindow   - Closing main window
05:15:02.300 [JavaFX Application Thread] DEBUG Logger               - Closing Logger
