10:12:16.348 [main                     ] DEBUG Logger               - Configured Logger
10:12:16.371 [main                     ] DEBUG GameApplication      - Logging settings
Title: Shooter
Version: 0.1
Width: 1280
Height: 720
Fullscreen: true
Intro: false
Profiling: false
Single step:false
App Mode: DEVELOPER
Menu Key: ESCAPE
Stage Style: DECORATED
Scene Factory: class com.aen.spaceship_fights.MySceneFactory

10:12:16.903 [JavaFX Application Thread] DEBUG FXGLApplication      - Initializing FXGL
10:12:16.907 [JavaFX Application Thread] INFO  Engine               - FXGL-21.1 (27.03.2024 07.52) on WINDOWS (J:22.0.2 FX:22.0.1)
10:12:16.907 [JavaFX Application Thread] DEBUG Engine               - JRE Vendor Name: Oracle Corporation
10:12:16.907 [JavaFX Application Thread] DEBUG Engine               - Running on OS: Windows 11 version 10.0
10:12:16.907 [JavaFX Application Thread] DEBUG Engine               - Architecture: amd64
10:12:16.907 [JavaFX Application Thread] INFO  Engine               - Source code and latest versions at: https://github.com/AlmasB/FXGL
10:12:16.908 [JavaFX Application Thread] INFO  Engine               -       Ask questions and discuss at: https://github.com/AlmasB/FXGL/discussions
10:12:16.908 [JavaFX Application Thread] INFO  Engine               -              Join the FXGL chat at: https://gitter.im/AlmasB/FXGL
10:12:17.024 [JavaFX Application Thread] DEBUG PrimaryStageWindow   - Creating a JavaFX scene
10:12:17.077 [JavaFX Application Thread] DEBUG PrimaryStageWindow   - Target settings size: 1280.0 x 720.0
10:12:17.077 [JavaFX Application Thread] DEBUG PrimaryStageWindow   - Scaled scene size:    1280.0 x 720.0
10:12:17.078 [JavaFX Application Thread] DEBUG PrimaryStageWindow   - Scaled ratio: (1.0, 1.0)
10:12:17.079 [JavaFX Application Thread] DEBUG PrimaryStageWindow   - Set initial scene to FXGLStartupScene
10:12:17.085 [JavaFX Application Thread] DEBUG PrimaryStageWindow   - Opening main window
10:12:17.565 [JavaFX Application Thread] DEBUG PrimaryStageWindow   - Window border size: (16.0, 39.0)
10:12:17.565 [JavaFX Application Thread] DEBUG PrimaryStageWindow   - Scaled size: 1280.0 x 720.0
10:12:17.565 [JavaFX Application Thread] DEBUG PrimaryStageWindow   - Scaled ratio: (1.0, 1.0)
10:12:17.565 [JavaFX Application Thread] DEBUG PrimaryStageWindow   - Scene size: 1280.0 x 720.0
10:12:17.566 [JavaFX Application Thread] DEBUG PrimaryStageWindow   - Stage size: 1296.0 x 759.0
10:12:17.578 [FXGL Background Thread 1 ] DEBUG Engine               - Initializing environment variables
10:12:17.644 [FXGL Background Thread 1 ] DEBUG FXGLAssetLoaderServi - User app class for loading assets: class com.aen.spaceship_fights.SpaceShipFightsApp
10:12:17.644 [FXGL Background Thread 1 ] DEBUG GameApplicationServi - Applying CSS: fxgl_dark.css
10:12:17.645 [FXGL Background Thread 1 ] DEBUG FXGLAssetLoaderServi - Loading from file system: jar:file:/C:/Users/pc/.m2/repository/com/github/almasb/fxgl/21.1/fxgl-21.1.jar!/fxglassets/ui/css/fxgl_dark.css
10:12:17.701 [FXGL Background Thread 1 ] DEBUG GameApplicationServi - Initializing application scenes
10:12:17.791 [FXGL Background Thread 1 ] DEBUG GameWorld            - Game world initialized
10:12:17.863 [FXGL Background Thread 1 ] DEBUG PhysicsWorld         - Physics world initialized: appHeight=720, physics.ppm=50.0
10:12:17.863 [FXGL Background Thread 1 ] DEBUG PhysicsWorld         - Using strategy: BRUTE_FORCE
10:12:17.868 [FXGL Background Thread 1 ] DEBUG GameScene            - Game scene initialized: 1280x720
10:12:17.971 [FXGL Background Thread 1 ] DEBUG GameApplicationServi - Application scenes initialized
10:12:17.981 [FXGL Background Thread 1 ] DEBUG SystemBundleService  - Loading FXGL system data
10:12:17.982 [FXGL Background Thread 1 ] DEBUG FileSystemAccess     - Reading from: C:\Users\pc\Desktop\Java\GameEngines\Asteriods\system\fxgl.bundle
10:12:17.985 [FXGL Background Thread 1 ] DEBUG SystemBundleService  - Bundle FXGL: {}
10:12:17.985 [FXGL Background Thread 1 ] DEBUG UpdaterService       - Checking for updates
10:12:17.989 [FXGL Background Thread 4 ] DEBUG FXGLApplication      - Loading fonts
10:12:17.990 [FXGL Background Thread 4 ] DEBUG FXGLAssetLoaderServi - Loading from file system: jar:file:/C:/Users/pc/.m2/repository/com/github/almasb/fxgl/21.1/fxgl-21.1.jar!/fxglassets/ui/fonts/VarelaRound-Regular.ttf
10:12:17.990 [FXGL Background Thread 1 ] DEBUG FXGLApplication      - Loading default localization
10:12:17.990 [FXGL Background Thread 1 ] DEBUG FXGLAssetLoaderServi - Loading from file system: jar:file:/C:/Users/pc/.m2/repository/com/github/almasb/fxgl/21.1/fxgl-21.1.jar!/fxglassets/languages/english.lang
10:12:17.992 [FXGL Background Thread 4 ] DEBUG FXGLAssetLoaderServi - Loading from file system: jar:file:/C:/Users/pc/.m2/repository/com/github/almasb/fxgl/21.1/fxgl-21.1.jar!/fxglassets/ui/fonts/Abel-Regular.ttf
10:12:17.997 [FXGL Background Thread 4 ] DEBUG FXGLAssetLoaderServi - Loading from file system: jar:file:/C:/Users/pc/.m2/repository/com/github/almasb/fxgl/21.1/fxgl-21.1.jar!/fxglassets/ui/fonts/TerminalLandMono-Regular.otf
10:12:18.004 [FXGL Background Thread 4 ] DEBUG FXGLAssetLoaderServi - Loading from file system: jar:file:/C:/Users/pc/.m2/repository/com/github/almasb/fxgl/21.1/fxgl-21.1.jar!/fxglassets/ui/fonts/Courier-Prime.ttf
10:12:18.011 [JavaFX Application Thread] DEBUG FXGLApplication      - Registering font factories with UI factory
10:12:18.038 [FXGL Background Thread 1 ] INFO  FXGLApplication      - FXGL initialization took: 0.459 sec
10:12:18.055 [JavaFX Application Thread] DEBUG Input                - Registered new binding: action0 - A
10:12:18.056 [JavaFX Application Thread] DEBUG Input                - Registered new binding: action1 - D
10:12:18.058 [JavaFX Application Thread] DEBUG Input                - Registered new binding: action2 - W
10:12:18.059 [JavaFX Application Thread] DEBUG Input                - Registered new binding: action3 - F
10:12:18.061 [JavaFX Application Thread] DEBUG Input                - Registered new binding: action4 - P
10:12:18.061 [JavaFX Application Thread] DEBUG Input                - Registered new binding: action5 - R
10:12:18.062 [JavaFX Application Thread] DEBUG Input                - Registered new binding: action6 - M
10:12:18.062 [JavaFX Application Thread] DEBUG FXGLAssetLoaderServi - Loading from file system: jar:file:/C:/Users/pc/.m2/repository/com/github/almasb/fxgl/21.1/fxgl-21.1.jar!/fxglassets/textures/fxgl_icon.png
10:12:18.112 [JavaFX Application Thread] DEBUG FXGLAssetLoaderServi - Loading from file system: jar:file:/C:/Users/pc/.m2/repository/com/github/almasb/fxgl/21.1/fxgl-21.1.jar!/fxglassets/textures/fxgl_default_cursor.png
10:12:18.122 [JavaFX Application Thread] DEBUG Input                - Registered new binding: Screenshot - CTRL+8
10:12:18.123 [JavaFX Application Thread] DEBUG Input                - Registered new binding: System info dump - CTRL+9
10:12:18.125 [JavaFX Application Thread] DEBUG Input                - Registered new binding: Restart - CTRL+R
10:12:18.127 [JavaFX Application Thread] DEBUG Input                - Registered new binding: Toggle Debug Camera - CTRL+7
10:12:18.131 [JavaFX Application Thread] DEBUG LoopRunner           - Starting loop
10:12:18.131 [JavaFX Application Thread] DEBUG LoopRunner           - Initializing JavaFX AnimationTimerLoop
10:12:18.134 [JavaFX Application Thread] DEBUG Input                - Clearing active input actions
10:12:18.143 [JavaFX Application Thread] DEBUG GameApplicationServi - Removing overlay from FXGLStartupScene and adding to FXGLMainMenuDummyScene
10:12:18.143 [JavaFX Application Thread] DEBUG PrimaryStageWindow   - FXGLStartupScene -> FXGLMainMenuDummyScene
10:12:18.143 [JavaFX Application Thread] DEBUG PrimaryStageWindow   - Push state: MainMenu
10:12:18.144 [JavaFX Application Thread] DEBUG Input                - Clearing active input actions
10:12:18.157 [JavaFX Application Thread] DEBUG GameApplicationServi - Removing overlay from FXGLMainMenuDummyScene and adding to MainMenu
10:12:18.158 [JavaFX Application Thread] DEBUG PrimaryStageWindow   - FXGLMainMenuDummyScene -> MainMenu
10:12:20.988 [FXGL Background Thread 3 ] DEBUG Engine               - Logging environment variables
10:12:20.989 [FXGL Background Thread 3 ] DEBUG Engine               - achievements: []
10:12:20.989 [FXGL Background Thread 3 ] DEBUG Engine               - actualHeight: 720.0
10:12:20.990 [FXGL Background Thread 3 ] DEBUG Engine               - actualHeightProperty: ReadOnlyDoubleProperty [value: 720.0]
10:12:20.991 [FXGL Background Thread 3 ] DEBUG Engine               - actualWidth: 1280.0
10:12:20.991 [FXGL Background Thread 3 ] DEBUG Engine               - actualWidthProperty: ReadOnlyDoubleProperty [value: 1280.0]
10:12:20.991 [FXGL Background Thread 3 ] DEBUG Engine               - appIcon: fxgl_icon.png
10:12:20.991 [FXGL Background Thread 3 ] DEBUG Engine               - applicationMode: DEVELOPER
10:12:20.991 [FXGL Background Thread 3 ] DEBUG Engine               - cSSList: [fxgl_dark.css]
10:12:20.992 [FXGL Background Thread 3 ] DEBUG Engine               - collisionDetectionStrategy: BRUTE_FORCE
10:12:20.992 [FXGL Background Thread 3 ] DEBUG Engine               - configClass: Optional.empty
10:12:20.992 [FXGL Background Thread 3 ] DEBUG Engine               - credits: [Nyirenda Amos, Ouedraogo Luther Arthur, Magne Lidivine Merveille]
10:12:20.997 [FXGL Background Thread 3 ] DEBUG Engine               - defaultCursor: CursorInfo(imageName=fxgl_default_cursor.png, hotspotX=7.0, hotspotY=6.0)
10:12:20.998 [FXGL Background Thread 3 ] DEBUG Engine               - devBBoxColorProperty: ObjectProperty [value: 0xff0000ff]
10:12:20.998 [FXGL Background Thread 3 ] DEBUG Engine               - devEnableDebugCameraProperty: BooleanProperty [value: false]
10:12:20.998 [FXGL Background Thread 3 ] DEBUG Engine               - devSensorColorProperty: ObjectProperty [value: 0xffff00ff]
10:12:20.998 [FXGL Background Thread 3 ] DEBUG Engine               - devShowBBoxProperty: BooleanProperty [value: false]
10:12:20.999 [FXGL Background Thread 3 ] DEBUG Engine               - devShowPositionProperty: BooleanProperty [value: false]
10:12:20.999 [FXGL Background Thread 3 ] DEBUG Engine               - enabledMenuItems: []
10:12:20.999 [FXGL Background Thread 3 ] DEBUG Engine               - engineServices: [class com.almasb.fxgl.app.services.FXGLAssetLoaderService, class com.almasb.fxgl.app.FXGLApplication$GameApplicationService, class com.almasb.fxgl.app.services.FXGLDialogService, class com.almasb.fxgl.app.services.IOTaskExecutorService, class com.almasb.fxgl.io.FileSystemService, class com.almasb.fxgl.localization.LocalizationService, class com.almasb.fxgl.app.services.SystemBundleService, class com.almasb.fxgl.profile.SaveLoadService, class com.almasb.fxgl.ui.FXGLUIFactoryServiceProvider, class com.almasb.fxgl.ui.FXGLDialogFactoryServiceProvider, class com.almasb.fxgl.audio.AudioPlayer, class com.almasb.fxgl.notification.impl.NotificationServiceProvider, class com.almasb.fxgl.achievement.AchievementService, class com.almasb.fxgl.cutscene.CutsceneService, class com.almasb.fxgl.minigames.MiniGameService, class com.almasb.fxgl.net.NetService, class com.almasb.fxgl.app.services.UpdaterService, class com.almasb.fxgl.dev.DevService]
10:12:21.000 [FXGL Background Thread 3 ] DEBUG Engine               - fontGame: Abel-Regular.ttf
10:12:21.000 [FXGL Background Thread 3 ] DEBUG Engine               - fontMono: TerminalLandMono-Regular.otf
10:12:21.000 [FXGL Background Thread 3 ] DEBUG Engine               - fontSizeScaleUI: 1.0
10:12:21.000 [FXGL Background Thread 3 ] DEBUG Engine               - fontText: Courier-Prime.ttf
10:12:21.000 [FXGL Background Thread 3 ] DEBUG Engine               - fontUI: VarelaRound-Regular.ttf
10:12:21.001 [FXGL Background Thread 3 ] DEBUG Engine               - fullScreen: BooleanProperty [value: false]
10:12:21.001 [FXGL Background Thread 3 ] DEBUG Engine               - gameDifficulty: MEDIUM
10:12:21.002 [FXGL Background Thread 3 ] DEBUG Engine               - gameDifficultyProperty: ObjectProperty [value: MEDIUM]
10:12:21.003 [FXGL Background Thread 3 ] DEBUG Engine               - globalMusicVolume: 0.5
10:12:21.004 [FXGL Background Thread 3 ] DEBUG Engine               - globalMusicVolumeProperty: DoubleProperty [value: 0.5]
10:12:21.004 [FXGL Background Thread 3 ] DEBUG Engine               - globalSoundVolume: 0.5
10:12:21.004 [FXGL Background Thread 3 ] DEBUG Engine               - globalSoundVolumeProperty: DoubleProperty [value: 0.5]
10:12:21.004 [FXGL Background Thread 3 ] DEBUG Engine               - height: 720
10:12:21.005 [FXGL Background Thread 3 ] DEBUG Engine               - is3D: false
10:12:21.005 [FXGL Background Thread 3 ] DEBUG Engine               - isAndroid: false
10:12:21.005 [FXGL Background Thread 3 ] DEBUG Engine               - isBrowser: false
10:12:21.005 [FXGL Background Thread 3 ] DEBUG Engine               - isClickFeedbackEnabled: false
10:12:21.005 [FXGL Background Thread 3 ] DEBUG Engine               - isCloseConfirmation: false
10:12:21.006 [FXGL Background Thread 3 ] DEBUG Engine               - isDesktop: true
10:12:21.006 [FXGL Background Thread 3 ] DEBUG Engine               - isDeveloperMenuEnabled: false
10:12:21.006 [FXGL Background Thread 3 ] DEBUG Engine               - isEmbedded: false
10:12:21.007 [FXGL Background Thread 3 ] DEBUG Engine               - isEntityPreloadEnabled: true
10:12:21.007 [FXGL Background Thread 3 ] DEBUG Engine               - isExperimentalTiledLargeMap: false
10:12:21.007 [FXGL Background Thread 3 ] DEBUG Engine               - isFileSystemWriteAllowed: true
10:12:21.008 [FXGL Background Thread 3 ] DEBUG Engine               - isFullScreenAllowed: true
10:12:21.008 [FXGL Background Thread 3 ] DEBUG Engine               - isFullScreenFromStart: false
10:12:21.008 [FXGL Background Thread 3 ] DEBUG Engine               - isGameMenuEnabled: true
10:12:21.008 [FXGL Background Thread 3 ] DEBUG Engine               - isIOS: false
10:12:21.008 [FXGL Background Thread 3 ] DEBUG Engine               - isIntroEnabled: false
10:12:21.008 [FXGL Background Thread 3 ] DEBUG Engine               - isLinux: false
10:12:21.009 [FXGL Background Thread 3 ] DEBUG Engine               - isMac: false
10:12:21.009 [FXGL Background Thread 3 ] DEBUG Engine               - isMainMenuEnabled: true
10:12:21.009 [FXGL Background Thread 3 ] DEBUG Engine               - isManualResizeEnabled: false
10:12:21.010 [FXGL Background Thread 3 ] DEBUG Engine               - isMobile: false
10:12:21.010 [FXGL Background Thread 3 ] DEBUG Engine               - isNative: false
10:12:21.010 [FXGL Background Thread 3 ] DEBUG Engine               - isPauseMusicWhenMinimized: true
10:12:21.010 [FXGL Background Thread 3 ] DEBUG Engine               - isPreserveResizeRatio: false
10:12:21.011 [FXGL Background Thread 3 ] DEBUG Engine               - isProfilingEnabled: false
10:12:21.011 [FXGL Background Thread 3 ] DEBUG Engine               - isScaleAffectedOnResize: true
10:12:21.011 [FXGL Background Thread 3 ] DEBUG Engine               - isSingleStep: false
10:12:21.011 [FXGL Background Thread 3 ] DEBUG Engine               - isUserProfileEnabled: false
10:12:21.011 [FXGL Background Thread 3 ] DEBUG Engine               - isWindows: true
10:12:21.011 [FXGL Background Thread 3 ] DEBUG Engine               - language: ObjectProperty [value: ENGLISH]
10:12:21.011 [FXGL Background Thread 3 ] DEBUG Engine               - menuKey: ESCAPE
10:12:21.011 [FXGL Background Thread 3 ] DEBUG Engine               - mouseSensitivity: 0.2
10:12:21.013 [FXGL Background Thread 3 ] DEBUG Engine               - notificationViewClass: class com.almasb.fxgl.notification.view.XboxNotificationView
10:12:21.013 [FXGL Background Thread 3 ] DEBUG Engine               - pixelsPerMeter: 50.0
10:12:21.013 [FXGL Background Thread 3 ] DEBUG Engine               - platform: WINDOWS
10:12:21.013 [FXGL Background Thread 3 ] DEBUG Engine               - prefHeightProperty: ReadOnlyDoubleProperty [value: 720.0]
10:12:21.014 [FXGL Background Thread 3 ] DEBUG Engine               - prefWidthProperty: ReadOnlyDoubleProperty [value: 1280.0]
10:12:21.014 [FXGL Background Thread 3 ] DEBUG Engine               - profileDir: profiles/
10:12:21.014 [FXGL Background Thread 3 ] DEBUG Engine               - profileName: StringProperty [value: DEFAULT]
10:12:21.015 [FXGL Background Thread 3 ] DEBUG Engine               - randomSeed: -1
10:12:21.016 [FXGL Background Thread 3 ] DEBUG Engine               - runtimeInfo: RuntimeInfo(platform=WINDOWS, version=21.1, build=27.03.2024 07.52)
10:12:21.016 [FXGL Background Thread 3 ] DEBUG Engine               - saveFileExt: sav
10:12:21.017 [FXGL Background Thread 3 ] DEBUG Engine               - scaledHeightProp$fxgl: DoubleProperty [bound, value: 720.0]
10:12:21.017 [FXGL Background Thread 3 ] DEBUG Engine               - scaledWidthProp$fxgl: DoubleProperty [bound, value: 1280.0]
10:12:21.018 [FXGL Background Thread 3 ] DEBUG Engine               - sceneFactory: com.aen.spaceship_fights.MySceneFactory@5ce1c2ef
10:12:21.018 [FXGL Background Thread 3 ] DEBUG Engine               - secondsIn24h: 60
10:12:21.018 [FXGL Background Thread 3 ] DEBUG Engine               - soundMenuBack: menu/back.wav
10:12:21.018 [FXGL Background Thread 3 ] DEBUG Engine               - soundMenuPress: menu/press.wav
10:12:21.018 [FXGL Background Thread 3 ] DEBUG Engine               - soundMenuSelect: menu/select.wav
10:12:21.019 [FXGL Background Thread 3 ] DEBUG Engine               - soundNotification: core/notification.wav
10:12:21.019 [FXGL Background Thread 3 ] DEBUG Engine               - stageStyle: DECORATED
10:12:21.019 [FXGL Background Thread 3 ] DEBUG Engine               - supportedLanguages: [ENGLISH, FRENCH, GERMAN, HUNGARIAN, RUSSIAN]
10:12:21.019 [FXGL Background Thread 3 ] DEBUG Engine               - ticksPerSecond: -1
10:12:21.019 [FXGL Background Thread 3 ] DEBUG Engine               - title: Shooter
10:12:21.019 [FXGL Background Thread 3 ] DEBUG Engine               - urlGithub: https://github.com/AlmasB/FXGL
10:12:21.020 [FXGL Background Thread 3 ] DEBUG Engine               - urlLeaderboard: http://fxgl-top.herokuapp.com/
10:12:21.020 [FXGL Background Thread 3 ] DEBUG Engine               - urlPOM: https://raw.githubusercontent.com/AlmasB/FXGL/release/README.md
10:12:21.020 [FXGL Background Thread 3 ] DEBUG Engine               - userAppClass: class com.aen.spaceship_fights.SpaceShipFightsApp
10:12:21.020 [FXGL Background Thread 3 ] DEBUG Engine               - version: 0.1
10:12:21.020 [FXGL Background Thread 3 ] DEBUG Engine               - versionCheckDays: 7
10:12:21.020 [FXGL Background Thread 3 ] DEBUG Engine               - width: 1280
10:12:21.021 [FXGL Background Thread 3 ] DEBUG Engine               - Logging services
10:12:21.021 [FXGL Background Thread 3 ] DEBUG Engine               - class com.almasb.fxgl.app.services.FXGLAssetLoaderService
10:12:21.021 [FXGL Background Thread 3 ] DEBUG Engine               - class com.almasb.fxgl.app.FXGLApplication$GameApplicationService
10:12:21.021 [FXGL Background Thread 3 ] DEBUG Engine               - class com.almasb.fxgl.app.services.FXGLDialogService
10:12:21.021 [FXGL Background Thread 3 ] DEBUG Engine               - class com.almasb.fxgl.app.services.IOTaskExecutorService
10:12:21.021 [FXGL Background Thread 3 ] DEBUG Engine               - class com.almasb.fxgl.io.FileSystemService
10:12:21.021 [FXGL Background Thread 3 ] DEBUG Engine               - class com.almasb.fxgl.localization.LocalizationService
10:12:21.022 [FXGL Background Thread 3 ] DEBUG Engine               - class com.almasb.fxgl.app.services.SystemBundleService
10:12:21.022 [FXGL Background Thread 3 ] DEBUG Engine               - class com.almasb.fxgl.profile.SaveLoadService
10:12:21.022 [FXGL Background Thread 3 ] DEBUG Engine               - class com.almasb.fxgl.ui.FXGLUIFactoryServiceProvider
10:12:21.022 [FXGL Background Thread 3 ] DEBUG Engine               - class com.almasb.fxgl.ui.FXGLDialogFactoryServiceProvider
10:12:21.022 [FXGL Background Thread 3 ] DEBUG Engine               - class com.almasb.fxgl.audio.AudioPlayer
10:12:21.023 [FXGL Background Thread 3 ] DEBUG Engine               - class com.almasb.fxgl.notification.impl.NotificationServiceProvider
10:12:21.023 [FXGL Background Thread 3 ] DEBUG Engine               - class com.almasb.fxgl.achievement.AchievementService
10:12:21.023 [FXGL Background Thread 3 ] DEBUG Engine               - class com.almasb.fxgl.cutscene.CutsceneService
10:12:21.023 [FXGL Background Thread 3 ] DEBUG Engine               - class com.almasb.fxgl.minigames.MiniGameService
10:12:21.023 [FXGL Background Thread 3 ] DEBUG Engine               - class com.almasb.fxgl.net.NetService
10:12:21.024 [FXGL Background Thread 3 ] DEBUG Engine               - class com.almasb.fxgl.app.services.UpdaterService
10:12:21.024 [FXGL Background Thread 3 ] DEBUG Engine               - class com.almasb.fxgl.dev.DevService
10:12:45.538 [JavaFX Application Thread] DEBUG Menu                 - fireNewGame()
10:12:45.538 [JavaFX Application Thread] DEBUG GameApplicationServi - Starting new game
10:12:45.538 [JavaFX Application Thread] DEBUG PrimaryStageWindow   - Pop state: MainMenu
10:12:45.538 [JavaFX Application Thread] DEBUG Input                - Clearing active input actions
10:12:45.539 [JavaFX Application Thread] DEBUG GameApplicationServi - Removing overlay from MainMenu and adding to FXGLMainMenuDummyScene
10:12:45.539 [JavaFX Application Thread] DEBUG PrimaryStageWindow   - FXGLMainMenuDummyScene <- MainMenu
10:12:45.539 [JavaFX Application Thread] DEBUG Input                - Clearing active input actions
10:12:45.548 [JavaFX Application Thread] DEBUG GameApplicationServi - Removing overlay from FXGLMainMenuDummyScene and adding to FXGLLoadingScene
10:12:45.548 [JavaFX Application Thread] DEBUG PrimaryStageWindow   - FXGLMainMenuDummyScene -> FXGLLoadingScene
10:12:45.548 [JavaFX Application Thread] DEBUG GameApplicationServi - Clearing previous game
10:12:45.548 [JavaFX Application Thread] DEBUG GameScene            - Clearing game scene
10:12:45.548 [JavaFX Application Thread] DEBUG GameWorld            - Clearing game world
10:12:45.548 [JavaFX Application Thread] DEBUG PhysicsWorld         - Clearing physics world
10:12:45.551 [FXGL Background Thread 2 ] DEBUG FXGLApplication      - Initializing game
10:12:45.585 [FXGL Background Thread 2 ] DEBUG FXGLAssetLoaderServi - Loading from file system: file:/C:/Users/pc/Desktop/Java/GameEngines/Asteriods/target/classes/assets/textures/player.png
10:12:45.643 [FXGL Background Thread 2 ] DEBUG FXGLAssetLoaderServi - Loading from file system: file:/C:/Users/pc/Desktop/Java/GameEngines/Asteriods/target/classes/assets/textures/life.png
10:12:45.645 [FXGL Background Thread 2 ] INFO  FXGLApplication      - Game initialization took: 0.094 sec
10:12:45.653 [JavaFX Application Thread] DEBUG Input                - Clearing active input actions
10:12:45.663 [JavaFX Application Thread] DEBUG GameApplicationServi - Removing overlay from FXGLLoadingScene and adding to GameScene
10:12:45.663 [JavaFX Application Thread] DEBUG PrimaryStageWindow   - FXGLLoadingScene -> GameScene
10:12:51.689 [JavaFX Application Thread] DEBUG FXGLAssetLoaderServi - Loading from file system: file:/C:/Users/pc/Desktop/Java/GameEngines/Asteriods/target/classes/assets/textures/instructor_2.png
10:13:11.696 [JavaFX Application Thread] DEBUG FXGLAssetLoaderServi - Loading from file system: file:/C:/Users/pc/Desktop/Java/GameEngines/Asteriods/target/classes/assets/sounds/level.wav
10:13:13.248 [JavaFX Application Thread] DEBUG FXGLAssetLoaderServi - Loading from file system: file:/C:/Users/pc/Desktop/Java/GameEngines/Asteriods/target/classes/assets/textures/enemy1.png
10:13:13.514 [JavaFX Application Thread] DEBUG FXGLAssetLoaderServi - Loading from file system: file:/C:/Users/pc/Desktop/Java/GameEngines/Asteriods/target/classes/assets/textures/enemy2.png
10:13:14.010 [JavaFX Application Thread] DEBUG FXGLAssetLoaderServi - Loading from file system: file:/C:/Users/pc/Desktop/Java/GameEngines/Asteriods/target/classes/assets/textures/enemy3.png
10:14:46.200 [JavaFX Application Thread] DEBUG FXGLApplication      - Exiting FXGL
10:14:46.200 [JavaFX Application Thread] DEBUG LoopRunner           - Stopping loop
10:14:46.202 [JavaFX Application Thread] DEBUG SystemBundleService  - Saving FXGL system data
10:14:46.204 [JavaFX Application Thread] DEBUG FileSystemAccess     - Writing to: C:\Users\pc\Desktop\Java\GameEngines\Asteriods\system\fxgl.bundle
10:14:46.205 [JavaFX Application Thread] DEBUG Async                - Shutting down background threads
10:14:46.206 [JavaFX Application Thread] DEBUG PrimaryStageWindow   - Closing main window
10:14:46.227 [JavaFX Application Thread] DEBUG Logger               - Closing Logger
