20:27:16.471 [main                     ] DEBUG Logger               - Configured Logger
20:27:16.496 [main                     ] DEBUG GameApplication      - Logging settings
Title: Shooter
Version: 0.1
Width: 1280
Height: 720
Fullscreen: true
Intro: false
Profiling: false
Single step:false
App Mode: DEVELOPER
Menu Key: ESCAPE
Stage Style: DECORATED
Scene Factory: class com.aen.asteriods.MySceneFactory

20:27:17.117 [JavaFX Application Thread] DEBUG FXGLApplication      - Initializing FXGL
20:27:17.121 [JavaFX Application Thread] INFO  Engine               - FXGL-21.1 (27.03.2024 07.52) on WINDOWS (J:22.0.2 FX:22.0.1)
20:27:17.121 [JavaFX Application Thread] DEBUG Engine               - JRE Vendor Name: Oracle Corporation
20:27:17.122 [JavaFX Application Thread] DEBUG Engine               - Running on OS: Windows 11 version 10.0
20:27:17.122 [JavaFX Application Thread] DEBUG Engine               - Architecture: amd64
20:27:17.122 [JavaFX Application Thread] INFO  Engine               - Source code and latest versions at: https://github.com/AlmasB/FXGL
20:27:17.122 [JavaFX Application Thread] INFO  Engine               -       Ask questions and discuss at: https://github.com/AlmasB/FXGL/discussions
20:27:17.122 [JavaFX Application Thread] INFO  Engine               -              Join the FXGL chat at: https://gitter.im/AlmasB/FXGL
20:27:17.264 [JavaFX Application Thread] DEBUG PrimaryStageWindow   - Creating a JavaFX scene
20:27:17.343 [JavaFX Application Thread] DEBUG PrimaryStageWindow   - Target settings size: 1280.0 x 720.0
20:27:17.343 [JavaFX Application Thread] DEBUG PrimaryStageWindow   - Scaled scene size:    1280.0 x 720.0
20:27:17.344 [JavaFX Application Thread] DEBUG PrimaryStageWindow   - Scaled ratio: (1.0, 1.0)
20:27:17.344 [JavaFX Application Thread] DEBUG PrimaryStageWindow   - Set initial scene to FXGLStartupScene
20:27:17.351 [JavaFX Application Thread] DEBUG PrimaryStageWindow   - Opening main window
20:27:18.198 [JavaFX Application Thread] DEBUG PrimaryStageWindow   - Window border size: (16.0, 39.0)
20:27:18.198 [JavaFX Application Thread] DEBUG PrimaryStageWindow   - Scaled size: 1280.0 x 720.0
20:27:18.198 [JavaFX Application Thread] DEBUG PrimaryStageWindow   - Scaled ratio: (1.0, 1.0)
20:27:18.199 [JavaFX Application Thread] DEBUG PrimaryStageWindow   - Scene size: 1280.0 x 720.0
20:27:18.199 [JavaFX Application Thread] DEBUG PrimaryStageWindow   - Stage size: 1296.0 x 759.0
20:27:18.278 [FXGL Background Thread 1 ] DEBUG Engine               - Initializing environment variables
20:27:18.326 [FXGL Background Thread 1 ] DEBUG FXGLAssetLoaderServi - User app class for loading assets: class com.aen.asteriods.AsteroidsApp
20:27:18.326 [FXGL Background Thread 1 ] DEBUG GameApplicationServi - Applying CSS: fxgl_dark.css
20:27:18.327 [FXGL Background Thread 1 ] DEBUG FXGLAssetLoaderServi - Loading from file system: jar:file:/C:/Users/pc/.m2/repository/com/github/almasb/fxgl/21.1/fxgl-21.1.jar!/fxglassets/ui/css/fxgl_dark.css
20:27:18.397 [FXGL Background Thread 1 ] DEBUG GameApplicationServi - Initializing application scenes
20:27:18.547 [FXGL Background Thread 1 ] DEBUG GameWorld            - Game world initialized
20:27:18.630 [FXGL Background Thread 1 ] DEBUG PhysicsWorld         - Physics world initialized: appHeight=720, physics.ppm=50.0
20:27:18.631 [FXGL Background Thread 1 ] DEBUG PhysicsWorld         - Using strategy: BRUTE_FORCE
20:27:18.637 [FXGL Background Thread 1 ] DEBUG GameScene            - Game scene initialized: 1280x720
20:27:18.749 [FXGL Background Thread 1 ] DEBUG GameApplicationServi - Application scenes initialized
20:27:18.762 [FXGL Background Thread 1 ] DEBUG SystemBundleService  - Loading FXGL system data
20:27:18.763 [FXGL Background Thread 1 ] DEBUG FileSystemAccess     - Reading from: C:\Users\pc\Desktop\Java\GameEngines\Asteriods\system\fxgl.bundle
20:27:18.766 [FXGL Background Thread 1 ] DEBUG SystemBundleService  - Bundle FXGL: {}
20:27:18.767 [FXGL Background Thread 1 ] DEBUG UpdaterService       - Checking for updates
20:27:18.771 [FXGL Background Thread 1 ] DEBUG FXGLApplication      - Loading default localization
20:27:18.772 [FXGL Background Thread 1 ] DEBUG FXGLAssetLoaderServi - Loading from file system: jar:file:/C:/Users/pc/.m2/repository/com/github/almasb/fxgl/21.1/fxgl-21.1.jar!/fxglassets/languages/english.lang
20:27:18.788 [FXGL Background Thread 1 ] INFO  FXGLApplication      - FXGL initialization took: 0.510 sec
20:27:18.796 [JavaFX Application Thread] DEBUG Input                - Registered new binding: action0 - A
20:27:18.797 [JavaFX Application Thread] DEBUG Input                - Registered new binding: action1 - D
20:27:18.797 [JavaFX Application Thread] DEBUG Input                - Registered new binding: action2 - W
20:27:18.798 [JavaFX Application Thread] DEBUG Input                - Registered new binding: action3 - F
20:27:18.799 [JavaFX Application Thread] DEBUG FXGLAssetLoaderServi - Loading from file system: jar:file:/C:/Users/pc/.m2/repository/com/github/almasb/fxgl/21.1/fxgl-21.1.jar!/fxglassets/textures/fxgl_icon.png
20:27:18.856 [FXGL Background Thread 4 ] DEBUG FXGLApplication      - Loading fonts
20:27:18.857 [FXGL Background Thread 4 ] DEBUG FXGLAssetLoaderServi - Loading from file system: jar:file:/C:/Users/pc/.m2/repository/com/github/almasb/fxgl/21.1/fxgl-21.1.jar!/fxglassets/ui/fonts/VarelaRound-Regular.ttf
20:27:18.873 [FXGL Background Thread 4 ] DEBUG FXGLAssetLoaderServi - Loading from file system: jar:file:/C:/Users/pc/.m2/repository/com/github/almasb/fxgl/21.1/fxgl-21.1.jar!/fxglassets/ui/fonts/Abel-Regular.ttf
20:27:18.880 [JavaFX Application Thread] DEBUG FXGLAssetLoaderServi - Loading from file system: jar:file:/C:/Users/pc/.m2/repository/com/github/almasb/fxgl/21.1/fxgl-21.1.jar!/fxglassets/textures/fxgl_default_cursor.png
20:27:18.894 [FXGL Background Thread 4 ] DEBUG FXGLAssetLoaderServi - Loading from file system: jar:file:/C:/Users/pc/.m2/repository/com/github/almasb/fxgl/21.1/fxgl-21.1.jar!/fxglassets/ui/fonts/TerminalLandMono-Regular.otf
20:27:18.896 [JavaFX Application Thread] DEBUG Input                - Registered new binding: Screenshot - CTRL+8
20:27:18.898 [JavaFX Application Thread] DEBUG Input                - Registered new binding: System info dump - CTRL+9
20:27:18.901 [JavaFX Application Thread] DEBUG Input                - Registered new binding: Restart - CTRL+R
20:27:18.902 [JavaFX Application Thread] DEBUG Input                - Registered new binding: Toggle Debug Camera - CTRL+7
20:27:18.902 [FXGL Background Thread 4 ] DEBUG FXGLAssetLoaderServi - Loading from file system: jar:file:/C:/Users/pc/.m2/repository/com/github/almasb/fxgl/21.1/fxgl-21.1.jar!/fxglassets/ui/fonts/Courier-Prime.ttf
20:27:18.906 [JavaFX Application Thread] DEBUG LoopRunner           - Starting loop
20:27:18.906 [JavaFX Application Thread] DEBUG LoopRunner           - Initializing JavaFX AnimationTimerLoop
20:27:18.910 [JavaFX Application Thread] DEBUG Input                - Clearing active input actions
20:27:18.924 [JavaFX Application Thread] DEBUG GameApplicationServi - Removing overlay from FXGLStartupScene and adding to FXGLMainMenuDummyScene
20:27:18.925 [JavaFX Application Thread] DEBUG PrimaryStageWindow   - FXGLStartupScene -> FXGLMainMenuDummyScene
20:27:18.925 [JavaFX Application Thread] DEBUG PrimaryStageWindow   - Push state: MainMenu
20:27:18.926 [JavaFX Application Thread] DEBUG Input                - Clearing active input actions
20:27:18.932 [JavaFX Application Thread] DEBUG GameApplicationServi - Removing overlay from FXGLMainMenuDummyScene and adding to MainMenu
20:27:18.934 [JavaFX Application Thread] DEBUG PrimaryStageWindow   - FXGLMainMenuDummyScene -> MainMenu
20:27:19.023 [JavaFX Application Thread] DEBUG FXGLApplication      - Registering font factories with UI factory
20:27:21.740 [JavaFX Application Thread] DEBUG Menu                 - fireNewGame()
20:27:21.740 [JavaFX Application Thread] DEBUG GameApplicationServi - Starting new game
20:27:21.740 [JavaFX Application Thread] DEBUG PrimaryStageWindow   - Pop state: MainMenu
20:27:21.740 [JavaFX Application Thread] DEBUG Input                - Clearing active input actions
20:27:21.741 [JavaFX Application Thread] DEBUG GameApplicationServi - Removing overlay from MainMenu and adding to FXGLMainMenuDummyScene
20:27:21.741 [JavaFX Application Thread] DEBUG PrimaryStageWindow   - FXGLMainMenuDummyScene <- MainMenu
20:27:21.741 [JavaFX Application Thread] DEBUG Input                - Clearing active input actions
20:27:21.746 [JavaFX Application Thread] DEBUG GameApplicationServi - Removing overlay from FXGLMainMenuDummyScene and adding to FXGLLoadingScene
20:27:21.746 [JavaFX Application Thread] DEBUG PrimaryStageWindow   - FXGLMainMenuDummyScene -> FXGLLoadingScene
20:27:21.746 [JavaFX Application Thread] DEBUG GameApplicationServi - Clearing previous game
20:27:21.746 [JavaFX Application Thread] DEBUG GameScene            - Clearing game scene
20:27:21.746 [JavaFX Application Thread] DEBUG GameWorld            - Clearing game world
20:27:21.746 [JavaFX Application Thread] DEBUG PhysicsWorld         - Clearing physics world
20:27:21.748 [FXGL Background Thread 2 ] DEBUG FXGLApplication      - Initializing game
20:27:21.769 [FXGL Background Thread 3 ] DEBUG Engine               - Logging environment variables
20:27:21.769 [FXGL Background Thread 3 ] DEBUG Engine               - achievements: []
20:27:21.769 [FXGL Background Thread 3 ] DEBUG Engine               - actualHeight: 720.0
20:27:21.769 [FXGL Background Thread 3 ] DEBUG Engine               - actualHeightProperty: ReadOnlyDoubleProperty [value: 720.0]
20:27:21.769 [FXGL Background Thread 3 ] DEBUG Engine               - actualWidth: 1280.0
20:27:21.769 [FXGL Background Thread 3 ] DEBUG Engine               - actualWidthProperty: ReadOnlyDoubleProperty [value: 1280.0]
20:27:21.769 [FXGL Background Thread 3 ] DEBUG Engine               - appIcon: fxgl_icon.png
20:27:21.769 [FXGL Background Thread 3 ] DEBUG Engine               - applicationMode: DEVELOPER
20:27:21.770 [FXGL Background Thread 3 ] DEBUG Engine               - cSSList: [fxgl_dark.css]
20:27:21.770 [FXGL Background Thread 3 ] DEBUG Engine               - collisionDetectionStrategy: BRUTE_FORCE
20:27:21.770 [FXGL Background Thread 3 ] DEBUG Engine               - configClass: Optional.empty
20:27:21.770 [FXGL Background Thread 3 ] DEBUG Engine               - credits: [Nyirenda Amos, Ouedraogo Luther Arthur, Magne Lidivine Merveille]
20:27:21.771 [FXGL Background Thread 3 ] DEBUG Engine               - defaultCursor: CursorInfo(imageName=fxgl_default_cursor.png, hotspotX=7.0, hotspotY=6.0)
20:27:21.772 [FXGL Background Thread 3 ] DEBUG Engine               - devBBoxColorProperty: ObjectProperty [value: 0xff0000ff]
20:27:21.772 [FXGL Background Thread 3 ] DEBUG Engine               - devEnableDebugCameraProperty: BooleanProperty [value: false]
20:27:21.772 [FXGL Background Thread 3 ] DEBUG Engine               - devSensorColorProperty: ObjectProperty [value: 0xffff00ff]
20:27:21.772 [FXGL Background Thread 3 ] DEBUG Engine               - devShowBBoxProperty: BooleanProperty [value: false]
20:27:21.772 [FXGL Background Thread 3 ] DEBUG Engine               - devShowPositionProperty: BooleanProperty [value: false]
20:27:21.772 [FXGL Background Thread 3 ] DEBUG Engine               - enabledMenuItems: []
20:27:21.772 [FXGL Background Thread 3 ] DEBUG Engine               - engineServices: [class com.almasb.fxgl.app.services.FXGLAssetLoaderService, class com.almasb.fxgl.app.FXGLApplication$GameApplicationService, class com.almasb.fxgl.app.services.FXGLDialogService, class com.almasb.fxgl.app.services.IOTaskExecutorService, class com.almasb.fxgl.io.FileSystemService, class com.almasb.fxgl.localization.LocalizationService, class com.almasb.fxgl.app.services.SystemBundleService, class com.almasb.fxgl.profile.SaveLoadService, class com.almasb.fxgl.ui.FXGLUIFactoryServiceProvider, class com.almasb.fxgl.ui.FXGLDialogFactoryServiceProvider, class com.almasb.fxgl.audio.AudioPlayer, class com.almasb.fxgl.notification.impl.NotificationServiceProvider, class com.almasb.fxgl.achievement.AchievementService, class com.almasb.fxgl.cutscene.CutsceneService, class com.almasb.fxgl.minigames.MiniGameService, class com.almasb.fxgl.net.NetService, class com.almasb.fxgl.app.services.UpdaterService, class com.almasb.fxgl.dev.DevService]
20:27:21.772 [FXGL Background Thread 3 ] DEBUG Engine               - fontGame: Abel-Regular.ttf
20:27:21.772 [FXGL Background Thread 3 ] DEBUG Engine               - fontMono: TerminalLandMono-Regular.otf
20:27:21.772 [FXGL Background Thread 3 ] DEBUG Engine               - fontSizeScaleUI: 1.0
20:27:21.772 [FXGL Background Thread 3 ] DEBUG Engine               - fontText: Courier-Prime.ttf
20:27:21.772 [FXGL Background Thread 3 ] DEBUG Engine               - fontUI: VarelaRound-Regular.ttf
20:27:21.772 [FXGL Background Thread 3 ] DEBUG Engine               - fullScreen: BooleanProperty [value: false]
20:27:21.773 [FXGL Background Thread 3 ] DEBUG Engine               - gameDifficulty: MEDIUM
20:27:21.773 [FXGL Background Thread 3 ] DEBUG Engine               - gameDifficultyProperty: ObjectProperty [value: MEDIUM]
20:27:21.773 [FXGL Background Thread 3 ] DEBUG Engine               - globalMusicVolume: 0.5
20:27:21.773 [FXGL Background Thread 3 ] DEBUG Engine               - globalMusicVolumeProperty: DoubleProperty [value: 0.5]
20:27:21.773 [FXGL Background Thread 3 ] DEBUG Engine               - globalSoundVolume: 0.5
20:27:21.773 [FXGL Background Thread 3 ] DEBUG Engine               - globalSoundVolumeProperty: DoubleProperty [value: 0.5]
20:27:21.773 [FXGL Background Thread 3 ] DEBUG Engine               - height: 720
20:27:21.773 [FXGL Background Thread 3 ] DEBUG Engine               - is3D: false
20:27:21.773 [FXGL Background Thread 3 ] DEBUG Engine               - isAndroid: false
20:27:21.773 [FXGL Background Thread 3 ] DEBUG Engine               - isBrowser: false
20:27:21.773 [FXGL Background Thread 3 ] DEBUG Engine               - isClickFeedbackEnabled: false
20:27:21.773 [FXGL Background Thread 3 ] DEBUG Engine               - isCloseConfirmation: false
20:27:21.773 [FXGL Background Thread 3 ] DEBUG Engine               - isDesktop: true
20:27:21.773 [FXGL Background Thread 3 ] DEBUG Engine               - isDeveloperMenuEnabled: false
20:27:21.773 [FXGL Background Thread 3 ] DEBUG Engine               - isEmbedded: false
20:27:21.773 [FXGL Background Thread 3 ] DEBUG Engine               - isEntityPreloadEnabled: true
20:27:21.773 [FXGL Background Thread 3 ] DEBUG Engine               - isExperimentalTiledLargeMap: false
20:27:21.774 [FXGL Background Thread 3 ] DEBUG Engine               - isFileSystemWriteAllowed: true
20:27:21.774 [FXGL Background Thread 3 ] DEBUG Engine               - isFullScreenAllowed: true
20:27:21.774 [FXGL Background Thread 3 ] DEBUG Engine               - isFullScreenFromStart: false
20:27:21.774 [FXGL Background Thread 3 ] DEBUG Engine               - isGameMenuEnabled: true
20:27:21.774 [FXGL Background Thread 3 ] DEBUG Engine               - isIOS: false
20:27:21.774 [FXGL Background Thread 3 ] DEBUG Engine               - isIntroEnabled: false
20:27:21.774 [FXGL Background Thread 3 ] DEBUG Engine               - isLinux: false
20:27:21.774 [FXGL Background Thread 3 ] DEBUG Engine               - isMac: false
20:27:21.774 [FXGL Background Thread 3 ] DEBUG Engine               - isMainMenuEnabled: true
20:27:21.774 [FXGL Background Thread 3 ] DEBUG Engine               - isManualResizeEnabled: false
20:27:21.774 [FXGL Background Thread 3 ] DEBUG Engine               - isMobile: false
20:27:21.774 [FXGL Background Thread 3 ] DEBUG Engine               - isNative: false
20:27:21.774 [FXGL Background Thread 3 ] DEBUG Engine               - isPauseMusicWhenMinimized: true
20:27:21.775 [FXGL Background Thread 3 ] DEBUG Engine               - isPreserveResizeRatio: false
20:27:21.775 [FXGL Background Thread 3 ] DEBUG Engine               - isProfilingEnabled: false
20:27:21.775 [FXGL Background Thread 3 ] DEBUG Engine               - isScaleAffectedOnResize: true
20:27:21.775 [FXGL Background Thread 3 ] DEBUG Engine               - isSingleStep: false
20:27:21.775 [FXGL Background Thread 3 ] DEBUG Engine               - isUserProfileEnabled: false
20:27:21.775 [FXGL Background Thread 3 ] DEBUG Engine               - isWindows: true
20:27:21.775 [FXGL Background Thread 3 ] DEBUG Engine               - language: ObjectProperty [value: ENGLISH]
20:27:21.775 [FXGL Background Thread 3 ] DEBUG Engine               - menuKey: ESCAPE
20:27:21.775 [FXGL Background Thread 3 ] DEBUG Engine               - mouseSensitivity: 0.2
20:27:21.775 [FXGL Background Thread 3 ] DEBUG Engine               - notificationViewClass: class com.almasb.fxgl.notification.view.XboxNotificationView
20:27:21.776 [FXGL Background Thread 3 ] DEBUG Engine               - pixelsPerMeter: 50.0
20:27:21.776 [FXGL Background Thread 3 ] DEBUG Engine               - platform: WINDOWS
20:27:21.776 [FXGL Background Thread 3 ] DEBUG Engine               - prefHeightProperty: ReadOnlyDoubleProperty [value: 720.0]
20:27:21.776 [FXGL Background Thread 3 ] DEBUG Engine               - prefWidthProperty: ReadOnlyDoubleProperty [value: 1280.0]
20:27:21.776 [FXGL Background Thread 3 ] DEBUG Engine               - profileDir: profiles/
20:27:21.776 [FXGL Background Thread 3 ] DEBUG Engine               - profileName: StringProperty [value: DEFAULT]
20:27:21.776 [FXGL Background Thread 3 ] DEBUG Engine               - randomSeed: -1
20:27:21.776 [FXGL Background Thread 3 ] DEBUG Engine               - runtimeInfo: RuntimeInfo(platform=WINDOWS, version=21.1, build=27.03.2024 07.52)
20:27:21.776 [FXGL Background Thread 3 ] DEBUG Engine               - saveFileExt: sav
20:27:21.776 [FXGL Background Thread 3 ] DEBUG Engine               - scaledHeightProp$fxgl: DoubleProperty [bound, value: 720.0]
20:27:21.777 [FXGL Background Thread 2 ] DEBUG FXGLAssetLoaderServi - Loading from file system: file:/C:/Users/pc/Desktop/Java/GameEngines/Asteriods/target/classes/assets/textures/player.png
20:27:21.777 [FXGL Background Thread 3 ] DEBUG Engine               - scaledWidthProp$fxgl: DoubleProperty [bound, value: 1280.0]
20:27:21.777 [FXGL Background Thread 3 ] DEBUG Engine               - sceneFactory: com.aen.asteriods.MySceneFactory@1b2758bc
20:27:21.777 [FXGL Background Thread 3 ] DEBUG Engine               - secondsIn24h: 60
20:27:21.777 [FXGL Background Thread 3 ] DEBUG Engine               - soundMenuBack: menu/back.wav
20:27:21.777 [FXGL Background Thread 3 ] DEBUG Engine               - soundMenuPress: menu/press.wav
20:27:21.777 [FXGL Background Thread 3 ] DEBUG Engine               - soundMenuSelect: menu/select.wav
20:27:21.778 [FXGL Background Thread 3 ] DEBUG Engine               - soundNotification: core/notification.wav
20:27:21.778 [FXGL Background Thread 3 ] DEBUG Engine               - stageStyle: DECORATED
20:27:21.778 [FXGL Background Thread 3 ] DEBUG Engine               - supportedLanguages: [ENGLISH, FRENCH, GERMAN, HUNGARIAN, RUSSIAN]
20:27:21.778 [FXGL Background Thread 3 ] DEBUG Engine               - ticksPerSecond: -1
20:27:21.778 [FXGL Background Thread 3 ] DEBUG Engine               - title: Shooter
20:27:21.778 [FXGL Background Thread 3 ] DEBUG Engine               - urlGithub: https://github.com/AlmasB/FXGL
20:27:21.778 [FXGL Background Thread 3 ] DEBUG Engine               - urlLeaderboard: http://fxgl-top.herokuapp.com/
20:27:21.778 [FXGL Background Thread 3 ] DEBUG Engine               - urlPOM: https://raw.githubusercontent.com/AlmasB/FXGL/release/README.md
20:27:21.778 [FXGL Background Thread 3 ] DEBUG Engine               - userAppClass: class com.aen.asteriods.AsteroidsApp
20:27:21.778 [FXGL Background Thread 3 ] DEBUG Engine               - version: 0.1
20:27:21.778 [FXGL Background Thread 3 ] DEBUG Engine               - versionCheckDays: 7
20:27:21.779 [FXGL Background Thread 3 ] DEBUG Engine               - width: 1280
20:27:21.779 [FXGL Background Thread 3 ] DEBUG Engine               - Logging services
20:27:21.779 [FXGL Background Thread 3 ] DEBUG Engine               - class com.almasb.fxgl.app.services.FXGLAssetLoaderService
20:27:21.779 [FXGL Background Thread 3 ] DEBUG Engine               - class com.almasb.fxgl.app.FXGLApplication$GameApplicationService
20:27:21.779 [FXGL Background Thread 3 ] DEBUG Engine               - class com.almasb.fxgl.app.services.FXGLDialogService
20:27:21.779 [FXGL Background Thread 3 ] DEBUG Engine               - class com.almasb.fxgl.app.services.IOTaskExecutorService
20:27:21.779 [FXGL Background Thread 3 ] DEBUG Engine               - class com.almasb.fxgl.io.FileSystemService
20:27:21.779 [FXGL Background Thread 3 ] DEBUG Engine               - class com.almasb.fxgl.localization.LocalizationService
20:27:21.779 [FXGL Background Thread 3 ] DEBUG Engine               - class com.almasb.fxgl.app.services.SystemBundleService
20:27:21.779 [FXGL Background Thread 3 ] DEBUG Engine               - class com.almasb.fxgl.profile.SaveLoadService
20:27:21.779 [FXGL Background Thread 3 ] DEBUG Engine               - class com.almasb.fxgl.ui.FXGLUIFactoryServiceProvider
20:27:21.779 [FXGL Background Thread 3 ] DEBUG Engine               - class com.almasb.fxgl.ui.FXGLDialogFactoryServiceProvider
20:27:21.779 [FXGL Background Thread 3 ] DEBUG Engine               - class com.almasb.fxgl.audio.AudioPlayer
20:27:21.779 [FXGL Background Thread 3 ] DEBUG Engine               - class com.almasb.fxgl.notification.impl.NotificationServiceProvider
20:27:21.779 [FXGL Background Thread 3 ] DEBUG Engine               - class com.almasb.fxgl.achievement.AchievementService
20:27:21.779 [FXGL Background Thread 3 ] DEBUG Engine               - class com.almasb.fxgl.cutscene.CutsceneService
20:27:21.779 [FXGL Background Thread 3 ] DEBUG Engine               - class com.almasb.fxgl.minigames.MiniGameService
20:27:21.779 [FXGL Background Thread 3 ] DEBUG Engine               - class com.almasb.fxgl.net.NetService
20:27:21.780 [FXGL Background Thread 3 ] DEBUG Engine               - class com.almasb.fxgl.app.services.UpdaterService
20:27:21.780 [FXGL Background Thread 3 ] DEBUG Engine               - class com.almasb.fxgl.dev.DevService
20:27:21.831 [FXGL Background Thread 2 ] DEBUG FXGLAssetLoaderServi - Loading from file system: file:/C:/Users/pc/Desktop/Java/GameEngines/Asteriods/target/classes/assets/textures/life.png
20:27:21.837 [FXGL Background Thread 2 ] INFO  FXGLApplication      - Game initialization took: 0.088 sec
20:27:21.838 [JavaFX Application Thread] DEBUG Input                - Clearing active input actions
20:27:21.849 [JavaFX Application Thread] DEBUG GameApplicationServi - Removing overlay from FXGLLoadingScene and adding to GameScene
20:27:21.849 [JavaFX Application Thread] DEBUG PrimaryStageWindow   - FXGLLoadingScene -> GameScene
20:27:22.074 [JavaFX Application Thread] DEBUG PrimaryStageWindow   - Push state: DialogSubScene
20:27:22.074 [JavaFX Application Thread] DEBUG Input                - Clearing active input actions
20:27:22.077 [JavaFX Application Thread] DEBUG GameApplicationServi - Removing overlay from GameScene and adding to DialogSubScene
20:27:22.077 [JavaFX Application Thread] DEBUG PrimaryStageWindow   - GameScene -> DialogSubScene
20:27:42.692 [JavaFX Application Thread] DEBUG PrimaryStageWindow   - Pop state: DialogSubScene
20:27:42.692 [JavaFX Application Thread] DEBUG Input                - Clearing active input actions
20:27:42.693 [JavaFX Application Thread] DEBUG GameApplicationServi - Removing overlay from DialogSubScene and adding to GameScene
20:27:42.693 [JavaFX Application Thread] DEBUG PrimaryStageWindow   - GameScene <- DialogSubScene
20:27:42.695 [JavaFX Application Thread] DEBUG FileSystemAccess     - Writing to: C:\Users\pc\Desktop\Java\GameEngines\Asteriods\.\userinfo.dat
20:27:43.505 [JavaFX Application Thread] DEBUG PrimaryStageWindow   - Push state: DialogSubScene
20:27:43.505 [JavaFX Application Thread] DEBUG Input                - Clearing active input actions
20:27:43.506 [JavaFX Application Thread] DEBUG GameApplicationServi - Removing overlay from GameScene and adding to DialogSubScene
20:27:43.506 [JavaFX Application Thread] DEBUG PrimaryStageWindow   - GameScene -> DialogSubScene
20:27:45.179 [JavaFX Application Thread] DEBUG PrimaryStageWindow   - Pop state: DialogSubScene
20:27:45.180 [JavaFX Application Thread] DEBUG Input                - Clearing active input actions
20:27:45.180 [JavaFX Application Thread] DEBUG GameApplicationServi - Removing overlay from DialogSubScene and adding to GameScene
20:27:45.180 [JavaFX Application Thread] DEBUG PrimaryStageWindow   - GameScene <- DialogSubScene
20:27:50.174 [JavaFX Application Thread] DEBUG FXGLAssetLoaderServi - Loading from file system: file:/C:/Users/pc/Desktop/Java/GameEngines/Asteriods/target/classes/assets/textures/bosses/boss.png
20:28:10.245 [JavaFX Application Thread] DEBUG FXGLAssetLoaderServi - Loading from file system: file:/C:/Users/pc/Desktop/Java/GameEngines/Asteriods/target/classes/assets/sounds/level.wav
20:28:11.798 [JavaFX Application Thread] DEBUG FXGLAssetLoaderServi - Loading from file system: file:/C:/Users/pc/Desktop/Java/GameEngines/Asteriods/target/classes/assets/textures/enemy1.png
20:28:12.288 [JavaFX Application Thread] DEBUG FXGLAssetLoaderServi - Loading from file system: file:/C:/Users/pc/Desktop/Java/GameEngines/Asteriods/target/classes/assets/textures/enemy2.png
20:28:12.544 [JavaFX Application Thread] DEBUG FXGLAssetLoaderServi - Loading from file system: file:/C:/Users/pc/Desktop/Java/GameEngines/Asteriods/target/classes/assets/textures/enemy3.png
20:28:17.656 [JavaFX Application Thread] DEBUG FXGLAssetLoaderServi - Loading from file system: file:/C:/Users/pc/Desktop/Java/GameEngines/Asteriods/target/classes/assets/textures/bullet.png
20:28:18.112 [JavaFX Application Thread] DEBUG FXGLAssetLoaderServi - Loading from file system: file:/C:/Users/pc/Desktop/Java/GameEngines/Asteriods/target/classes/assets/sounds/explosion.wav
20:28:18.121 [JavaFX Application Thread] DEBUG FXGLAssetLoaderServi - Loading from file system: file:/C:/Users/pc/Desktop/Java/GameEngines/Asteriods/target/classes/assets/textures/explosion.png
20:28:36.524 [JavaFX Application Thread] DEBUG FXGLApplication      - Exiting FXGL
20:28:36.524 [JavaFX Application Thread] DEBUG LoopRunner           - Stopping loop
20:28:36.525 [JavaFX Application Thread] DEBUG SystemBundleService  - Saving FXGL system data
20:28:36.525 [JavaFX Application Thread] DEBUG FileSystemAccess     - Writing to: C:\Users\pc\Desktop\Java\GameEngines\Asteriods\system\fxgl.bundle
20:28:36.526 [JavaFX Application Thread] DEBUG Async                - Shutting down background threads
20:28:36.526 [JavaFX Application Thread] DEBUG PrimaryStageWindow   - Closing main window
20:28:36.545 [JavaFX Application Thread] DEBUG Logger               - Closing Logger
