17:06:25.057 [main                     ] DEBUG Logger               - Configured Logger
17:06:25.074 [main                     ] DEBUG GameApplication      - Logging settings
Title: Shooter
Version: 0.1
Width: 1280
Height: 720
Fullscreen: true
Intro: false
Profiling: false
Single step:false
App Mode: DEVELOPER
Menu Key: ESCAPE
Stage Style: DECORATED
Scene Factory: class com.aen.spaceship_fights.MySceneFactory

17:06:25.586 [JavaFX Application Thread] DEBUG FXGLApplication      - Initializing FXGL
17:06:25.590 [JavaFX Application Thread] INFO  Engine               - FXGL-21.1 (27.03.2024 07.52) on WINDOWS (J:22.0.2 FX:22.0.1)
17:06:25.590 [JavaFX Application Thread] DEBUG Engine               - JRE Vendor Name: Oracle Corporation
17:06:25.590 [JavaFX Application Thread] DEBUG Engine               - Running on OS: Windows 11 version 10.0
17:06:25.590 [JavaFX Application Thread] DEBUG Engine               - Architecture: amd64
17:06:25.591 [JavaFX Application Thread] INFO  Engine               - Source code and latest versions at: https://github.com/AlmasB/FXGL
17:06:25.591 [JavaFX Application Thread] INFO  Engine               -       Ask questions and discuss at: https://github.com/AlmasB/FXGL/discussions
17:06:25.591 [JavaFX Application Thread] INFO  Engine               -              Join the FXGL chat at: https://gitter.im/AlmasB/FXGL
17:06:25.716 [JavaFX Application Thread] DEBUG PrimaryStageWindow   - Creating a JavaFX scene
17:06:25.773 [JavaFX Application Thread] DEBUG PrimaryStageWindow   - Target settings size: 1280.0 x 720.0
17:06:25.774 [JavaFX Application Thread] DEBUG PrimaryStageWindow   - Scaled scene size:    1280.0 x 720.0
17:06:25.774 [JavaFX Application Thread] DEBUG PrimaryStageWindow   - Scaled ratio: (1.0, 1.0)
17:06:25.775 [JavaFX Application Thread] DEBUG PrimaryStageWindow   - Set initial scene to FXGLStartupScene
17:06:25.783 [JavaFX Application Thread] DEBUG PrimaryStageWindow   - Opening main window
17:06:26.280 [JavaFX Application Thread] DEBUG PrimaryStageWindow   - Window border size: (16.0, 39.0)
17:06:26.284 [JavaFX Application Thread] DEBUG PrimaryStageWindow   - Scaled size: 1280.0 x 720.0
17:06:26.284 [JavaFX Application Thread] DEBUG PrimaryStageWindow   - Scaled ratio: (1.0, 1.0)
17:06:26.284 [JavaFX Application Thread] DEBUG PrimaryStageWindow   - Scene size: 1280.0 x 720.0
17:06:26.284 [JavaFX Application Thread] DEBUG PrimaryStageWindow   - Stage size: 1296.0 x 759.0
17:06:26.293 [FXGL Background Thread 1 ] DEBUG Engine               - Initializing environment variables
17:06:26.371 [FXGL Background Thread 1 ] DEBUG FXGLAssetLoaderServi - User app class for loading assets: class com.aen.spaceship_fights.SpaceShipFightsApp
17:06:26.371 [FXGL Background Thread 1 ] DEBUG GameApplicationServi - Applying CSS: fxgl_dark.css
17:06:26.372 [FXGL Background Thread 1 ] DEBUG FXGLAssetLoaderServi - Loading from file system: jar:file:/C:/Users/pc/.m2/repository/com/github/almasb/fxgl/21.1/fxgl-21.1.jar!/fxglassets/ui/css/fxgl_dark.css
17:06:26.428 [FXGL Background Thread 1 ] DEBUG GameApplicationServi - Initializing application scenes
17:06:26.522 [FXGL Background Thread 1 ] DEBUG GameWorld            - Game world initialized
17:06:26.602 [FXGL Background Thread 1 ] DEBUG PhysicsWorld         - Physics world initialized: appHeight=720, physics.ppm=50.0
17:06:26.602 [FXGL Background Thread 1 ] DEBUG PhysicsWorld         - Using strategy: BRUTE_FORCE
17:06:26.606 [FXGL Background Thread 1 ] DEBUG GameScene            - Game scene initialized: 1280x720
17:06:26.714 [FXGL Background Thread 1 ] DEBUG GameApplicationServi - Application scenes initialized
17:06:26.725 [FXGL Background Thread 1 ] DEBUG SystemBundleService  - Loading FXGL system data
17:06:26.727 [FXGL Background Thread 1 ] DEBUG FileSystemAccess     - Reading from: C:\Users\pc\Desktop\Java\GameEngines\Asteriods\system\fxgl.bundle
17:06:26.729 [FXGL Background Thread 1 ] DEBUG SystemBundleService  - Bundle FXGL: {}
17:06:26.730 [FXGL Background Thread 1 ] DEBUG UpdaterService       - Checking for updates
17:06:26.734 [FXGL Background Thread 4 ] DEBUG FXGLApplication      - Loading fonts
17:06:26.734 [FXGL Background Thread 1 ] DEBUG FXGLApplication      - Loading default localization
17:06:26.734 [FXGL Background Thread 4 ] DEBUG FXGLAssetLoaderServi - Loading from file system: jar:file:/C:/Users/pc/.m2/repository/com/github/almasb/fxgl/21.1/fxgl-21.1.jar!/fxglassets/ui/fonts/VarelaRound-Regular.ttf
17:06:26.734 [FXGL Background Thread 1 ] DEBUG FXGLAssetLoaderServi - Loading from file system: jar:file:/C:/Users/pc/.m2/repository/com/github/almasb/fxgl/21.1/fxgl-21.1.jar!/fxglassets/languages/english.lang
17:06:26.738 [FXGL Background Thread 4 ] DEBUG FXGLAssetLoaderServi - Loading from file system: jar:file:/C:/Users/pc/.m2/repository/com/github/almasb/fxgl/21.1/fxgl-21.1.jar!/fxglassets/ui/fonts/Abel-Regular.ttf
17:06:26.742 [FXGL Background Thread 4 ] DEBUG FXGLAssetLoaderServi - Loading from file system: jar:file:/C:/Users/pc/.m2/repository/com/github/almasb/fxgl/21.1/fxgl-21.1.jar!/fxglassets/ui/fonts/TerminalLandMono-Regular.otf
17:06:26.750 [FXGL Background Thread 4 ] DEBUG FXGLAssetLoaderServi - Loading from file system: jar:file:/C:/Users/pc/.m2/repository/com/github/almasb/fxgl/21.1/fxgl-21.1.jar!/fxglassets/ui/fonts/Courier-Prime.ttf
17:06:26.757 [JavaFX Application Thread] DEBUG FXGLApplication      - Registering font factories with UI factory
17:06:26.770 [FXGL Background Thread 1 ] INFO  FXGLApplication      - FXGL initialization took: 0.476 sec
17:06:26.788 [JavaFX Application Thread] DEBUG Input                - Registered new binding: action0 - A
17:06:26.789 [JavaFX Application Thread] DEBUG Input                - Registered new binding: action1 - D
17:06:26.789 [JavaFX Application Thread] DEBUG Input                - Registered new binding: action2 - W
17:06:26.792 [JavaFX Application Thread] DEBUG Input                - Registered new binding: action3 - F
17:06:26.793 [JavaFX Application Thread] DEBUG Input                - Registered new binding: action4 - P
17:06:26.793 [JavaFX Application Thread] DEBUG Input                - Registered new binding: action5 - R
17:06:26.793 [JavaFX Application Thread] DEBUG Input                - Registered new binding: action6 - M
17:06:26.794 [JavaFX Application Thread] DEBUG FXGLAssetLoaderServi - Loading from file system: jar:file:/C:/Users/pc/.m2/repository/com/github/almasb/fxgl/21.1/fxgl-21.1.jar!/fxglassets/textures/fxgl_icon.png
17:06:26.839 [JavaFX Application Thread] DEBUG FXGLAssetLoaderServi - Loading from file system: jar:file:/C:/Users/pc/.m2/repository/com/github/almasb/fxgl/21.1/fxgl-21.1.jar!/fxglassets/textures/fxgl_default_cursor.png
17:06:26.842 [JavaFX Application Thread] DEBUG Input                - Registered new binding: Screenshot - CTRL+8
17:06:26.842 [JavaFX Application Thread] DEBUG Input                - Registered new binding: System info dump - CTRL+9
17:06:26.843 [JavaFX Application Thread] DEBUG Input                - Registered new binding: Restart - CTRL+R
17:06:26.844 [JavaFX Application Thread] DEBUG Input                - Registered new binding: Toggle Debug Camera - CTRL+7
17:06:26.854 [JavaFX Application Thread] DEBUG LoopRunner           - Starting loop
17:06:26.854 [JavaFX Application Thread] DEBUG LoopRunner           - Initializing JavaFX AnimationTimerLoop
17:06:26.861 [JavaFX Application Thread] DEBUG Input                - Clearing active input actions
17:06:26.877 [JavaFX Application Thread] DEBUG GameApplicationServi - Removing overlay from FXGLStartupScene and adding to FXGLMainMenuDummyScene
17:06:26.878 [JavaFX Application Thread] DEBUG PrimaryStageWindow   - FXGLStartupScene -> FXGLMainMenuDummyScene
17:06:26.878 [JavaFX Application Thread] DEBUG PrimaryStageWindow   - Push state: MainMenu
17:06:26.879 [JavaFX Application Thread] DEBUG Input                - Clearing active input actions
17:06:26.890 [JavaFX Application Thread] DEBUG GameApplicationServi - Removing overlay from FXGLMainMenuDummyScene and adding to MainMenu
17:06:26.891 [JavaFX Application Thread] DEBUG PrimaryStageWindow   - FXGLMainMenuDummyScene -> MainMenu
17:06:29.733 [FXGL Background Thread 3 ] DEBUG Engine               - Logging environment variables
17:06:29.733 [FXGL Background Thread 3 ] DEBUG Engine               - achievements: []
17:06:29.733 [FXGL Background Thread 3 ] DEBUG Engine               - actualHeight: 720.0
17:06:29.733 [FXGL Background Thread 3 ] DEBUG Engine               - actualHeightProperty: ReadOnlyDoubleProperty [value: 720.0]
17:06:29.733 [FXGL Background Thread 3 ] DEBUG Engine               - actualWidth: 1280.0
17:06:29.733 [FXGL Background Thread 3 ] DEBUG Engine               - actualWidthProperty: ReadOnlyDoubleProperty [value: 1280.0]
17:06:29.733 [FXGL Background Thread 3 ] DEBUG Engine               - appIcon: fxgl_icon.png
17:06:29.734 [FXGL Background Thread 3 ] DEBUG Engine               - applicationMode: DEVELOPER
17:06:29.734 [FXGL Background Thread 3 ] DEBUG Engine               - cSSList: [fxgl_dark.css]
17:06:29.734 [FXGL Background Thread 3 ] DEBUG Engine               - collisionDetectionStrategy: BRUTE_FORCE
17:06:29.734 [FXGL Background Thread 3 ] DEBUG Engine               - configClass: Optional.empty
17:06:29.734 [FXGL Background Thread 3 ] DEBUG Engine               - credits: [Nyirenda Amos, Ouedraogo Luther Arthur, Magne Lidivine Merveille]
17:06:29.737 [FXGL Background Thread 3 ] DEBUG Engine               - defaultCursor: CursorInfo(imageName=fxgl_default_cursor.png, hotspotX=7.0, hotspotY=6.0)
17:06:29.738 [FXGL Background Thread 3 ] DEBUG Engine               - devBBoxColorProperty: ObjectProperty [value: 0xff0000ff]
17:06:29.738 [FXGL Background Thread 3 ] DEBUG Engine               - devEnableDebugCameraProperty: BooleanProperty [value: false]
17:06:29.738 [FXGL Background Thread 3 ] DEBUG Engine               - devSensorColorProperty: ObjectProperty [value: 0xffff00ff]
17:06:29.738 [FXGL Background Thread 3 ] DEBUG Engine               - devShowBBoxProperty: BooleanProperty [value: false]
17:06:29.738 [FXGL Background Thread 3 ] DEBUG Engine               - devShowPositionProperty: BooleanProperty [value: false]
17:06:29.738 [FXGL Background Thread 3 ] DEBUG Engine               - enabledMenuItems: []
17:06:29.738 [FXGL Background Thread 3 ] DEBUG Engine               - engineServices: [class com.almasb.fxgl.app.services.FXGLAssetLoaderService, class com.almasb.fxgl.app.FXGLApplication$GameApplicationService, class com.almasb.fxgl.app.services.FXGLDialogService, class com.almasb.fxgl.app.services.IOTaskExecutorService, class com.almasb.fxgl.io.FileSystemService, class com.almasb.fxgl.localization.LocalizationService, class com.almasb.fxgl.app.services.SystemBundleService, class com.almasb.fxgl.profile.SaveLoadService, class com.almasb.fxgl.ui.FXGLUIFactoryServiceProvider, class com.almasb.fxgl.ui.FXGLDialogFactoryServiceProvider, class com.almasb.fxgl.audio.AudioPlayer, class com.almasb.fxgl.notification.impl.NotificationServiceProvider, class com.almasb.fxgl.achievement.AchievementService, class com.almasb.fxgl.cutscene.CutsceneService, class com.almasb.fxgl.minigames.MiniGameService, class com.almasb.fxgl.net.NetService, class com.almasb.fxgl.app.services.UpdaterService, class com.almasb.fxgl.dev.DevService]
17:06:29.738 [FXGL Background Thread 3 ] DEBUG Engine               - fontGame: Abel-Regular.ttf
17:06:29.738 [FXGL Background Thread 3 ] DEBUG Engine               - fontMono: TerminalLandMono-Regular.otf
17:06:29.738 [FXGL Background Thread 3 ] DEBUG Engine               - fontSizeScaleUI: 1.0
17:06:29.738 [FXGL Background Thread 3 ] DEBUG Engine               - fontText: Courier-Prime.ttf
17:06:29.738 [FXGL Background Thread 3 ] DEBUG Engine               - fontUI: VarelaRound-Regular.ttf
17:06:29.738 [FXGL Background Thread 3 ] DEBUG Engine               - fullScreen: BooleanProperty [value: false]
17:06:29.738 [FXGL Background Thread 3 ] DEBUG Engine               - gameDifficulty: MEDIUM
17:06:29.738 [FXGL Background Thread 3 ] DEBUG Engine               - gameDifficultyProperty: ObjectProperty [value: MEDIUM]
17:06:29.738 [FXGL Background Thread 3 ] DEBUG Engine               - globalMusicVolume: 0.5
17:06:29.738 [FXGL Background Thread 3 ] DEBUG Engine               - globalMusicVolumeProperty: DoubleProperty [value: 0.5]
17:06:29.739 [FXGL Background Thread 3 ] DEBUG Engine               - globalSoundVolume: 0.5
17:06:29.739 [FXGL Background Thread 3 ] DEBUG Engine               - globalSoundVolumeProperty: DoubleProperty [value: 0.5]
17:06:29.739 [FXGL Background Thread 3 ] DEBUG Engine               - height: 720
17:06:29.739 [FXGL Background Thread 3 ] DEBUG Engine               - is3D: false
17:06:29.739 [FXGL Background Thread 3 ] DEBUG Engine               - isAndroid: false
17:06:29.739 [FXGL Background Thread 3 ] DEBUG Engine               - isBrowser: false
17:06:29.739 [FXGL Background Thread 3 ] DEBUG Engine               - isClickFeedbackEnabled: false
17:06:29.739 [FXGL Background Thread 3 ] DEBUG Engine               - isCloseConfirmation: false
17:06:29.739 [FXGL Background Thread 3 ] DEBUG Engine               - isDesktop: true
17:06:29.739 [FXGL Background Thread 3 ] DEBUG Engine               - isDeveloperMenuEnabled: false
17:06:29.739 [FXGL Background Thread 3 ] DEBUG Engine               - isEmbedded: false
17:06:29.739 [FXGL Background Thread 3 ] DEBUG Engine               - isEntityPreloadEnabled: true
17:06:29.739 [FXGL Background Thread 3 ] DEBUG Engine               - isExperimentalTiledLargeMap: false
17:06:29.739 [FXGL Background Thread 3 ] DEBUG Engine               - isFileSystemWriteAllowed: true
17:06:29.739 [FXGL Background Thread 3 ] DEBUG Engine               - isFullScreenAllowed: true
17:06:29.739 [FXGL Background Thread 3 ] DEBUG Engine               - isFullScreenFromStart: false
17:06:29.739 [FXGL Background Thread 3 ] DEBUG Engine               - isGameMenuEnabled: true
17:06:29.739 [FXGL Background Thread 3 ] DEBUG Engine               - isIOS: false
17:06:29.739 [FXGL Background Thread 3 ] DEBUG Engine               - isIntroEnabled: false
17:06:29.739 [FXGL Background Thread 3 ] DEBUG Engine               - isLinux: false
17:06:29.739 [FXGL Background Thread 3 ] DEBUG Engine               - isMac: false
17:06:29.739 [FXGL Background Thread 3 ] DEBUG Engine               - isMainMenuEnabled: true
17:06:29.739 [FXGL Background Thread 3 ] DEBUG Engine               - isManualResizeEnabled: false
17:06:29.739 [FXGL Background Thread 3 ] DEBUG Engine               - isMobile: false
17:06:29.739 [FXGL Background Thread 3 ] DEBUG Engine               - isNative: false
17:06:29.739 [FXGL Background Thread 3 ] DEBUG Engine               - isPauseMusicWhenMinimized: true
17:06:29.739 [FXGL Background Thread 3 ] DEBUG Engine               - isPreserveResizeRatio: false
17:06:29.739 [FXGL Background Thread 3 ] DEBUG Engine               - isProfilingEnabled: false
17:06:29.739 [FXGL Background Thread 3 ] DEBUG Engine               - isScaleAffectedOnResize: true
17:06:29.740 [FXGL Background Thread 3 ] DEBUG Engine               - isSingleStep: false
17:06:29.740 [FXGL Background Thread 3 ] DEBUG Engine               - isUserProfileEnabled: false
17:06:29.741 [FXGL Background Thread 3 ] DEBUG Engine               - isWindows: true
17:06:29.741 [FXGL Background Thread 3 ] DEBUG Engine               - language: ObjectProperty [value: ENGLISH]
17:06:29.741 [FXGL Background Thread 3 ] DEBUG Engine               - menuKey: ESCAPE
17:06:29.741 [FXGL Background Thread 3 ] DEBUG Engine               - mouseSensitivity: 0.2
17:06:29.741 [FXGL Background Thread 3 ] DEBUG Engine               - notificationViewClass: class com.almasb.fxgl.notification.view.XboxNotificationView
17:06:29.741 [FXGL Background Thread 3 ] DEBUG Engine               - pixelsPerMeter: 50.0
17:06:29.741 [FXGL Background Thread 3 ] DEBUG Engine               - platform: WINDOWS
17:06:29.741 [FXGL Background Thread 3 ] DEBUG Engine               - prefHeightProperty: ReadOnlyDoubleProperty [value: 720.0]
17:06:29.741 [FXGL Background Thread 3 ] DEBUG Engine               - prefWidthProperty: ReadOnlyDoubleProperty [value: 1280.0]
17:06:29.741 [FXGL Background Thread 3 ] DEBUG Engine               - profileDir: profiles/
17:06:29.741 [FXGL Background Thread 3 ] DEBUG Engine               - profileName: StringProperty [value: DEFAULT]
17:06:29.741 [FXGL Background Thread 3 ] DEBUG Engine               - randomSeed: -1
17:06:29.742 [FXGL Background Thread 3 ] DEBUG Engine               - runtimeInfo: RuntimeInfo(platform=WINDOWS, version=21.1, build=27.03.2024 07.52)
17:06:29.742 [FXGL Background Thread 3 ] DEBUG Engine               - saveFileExt: sav
17:06:29.742 [FXGL Background Thread 3 ] DEBUG Engine               - scaledHeightProp$fxgl: DoubleProperty [bound, value: 720.0]
17:06:29.742 [FXGL Background Thread 3 ] DEBUG Engine               - scaledWidthProp$fxgl: DoubleProperty [bound, value: 1280.0]
17:06:29.742 [FXGL Background Thread 3 ] DEBUG Engine               - sceneFactory: com.aen.spaceship_fights.MySceneFactory@3ac297f2
17:06:29.742 [FXGL Background Thread 3 ] DEBUG Engine               - secondsIn24h: 60
17:06:29.742 [FXGL Background Thread 3 ] DEBUG Engine               - soundMenuBack: menu/back.wav
17:06:29.742 [FXGL Background Thread 3 ] DEBUG Engine               - soundMenuPress: menu/press.wav
17:06:29.742 [FXGL Background Thread 3 ] DEBUG Engine               - soundMenuSelect: menu/select.wav
17:06:29.742 [FXGL Background Thread 3 ] DEBUG Engine               - soundNotification: core/notification.wav
17:06:29.742 [FXGL Background Thread 3 ] DEBUG Engine               - stageStyle: DECORATED
17:06:29.742 [FXGL Background Thread 3 ] DEBUG Engine               - supportedLanguages: [ENGLISH, FRENCH, GERMAN, HUNGARIAN, RUSSIAN]
17:06:29.742 [FXGL Background Thread 3 ] DEBUG Engine               - ticksPerSecond: -1
17:06:29.742 [FXGL Background Thread 3 ] DEBUG Engine               - title: Shooter
17:06:29.742 [FXGL Background Thread 3 ] DEBUG Engine               - urlGithub: https://github.com/AlmasB/FXGL
17:06:29.742 [FXGL Background Thread 3 ] DEBUG Engine               - urlLeaderboard: http://fxgl-top.herokuapp.com/
17:06:29.742 [FXGL Background Thread 3 ] DEBUG Engine               - urlPOM: https://raw.githubusercontent.com/AlmasB/FXGL/release/README.md
17:06:29.742 [FXGL Background Thread 3 ] DEBUG Engine               - userAppClass: class com.aen.spaceship_fights.SpaceShipFightsApp
17:06:29.742 [FXGL Background Thread 3 ] DEBUG Engine               - version: 0.1
17:06:29.742 [FXGL Background Thread 3 ] DEBUG Engine               - versionCheckDays: 7
17:06:29.742 [FXGL Background Thread 3 ] DEBUG Engine               - width: 1280
17:06:29.742 [FXGL Background Thread 3 ] DEBUG Engine               - Logging services
17:06:29.743 [FXGL Background Thread 3 ] DEBUG Engine               - class com.almasb.fxgl.app.services.FXGLAssetLoaderService
17:06:29.743 [FXGL Background Thread 3 ] DEBUG Engine               - class com.almasb.fxgl.app.FXGLApplication$GameApplicationService
17:06:29.743 [FXGL Background Thread 3 ] DEBUG Engine               - class com.almasb.fxgl.app.services.FXGLDialogService
17:06:29.743 [FXGL Background Thread 3 ] DEBUG Engine               - class com.almasb.fxgl.app.services.IOTaskExecutorService
17:06:29.743 [FXGL Background Thread 3 ] DEBUG Engine               - class com.almasb.fxgl.io.FileSystemService
17:06:29.743 [FXGL Background Thread 3 ] DEBUG Engine               - class com.almasb.fxgl.localization.LocalizationService
17:06:29.743 [FXGL Background Thread 3 ] DEBUG Engine               - class com.almasb.fxgl.app.services.SystemBundleService
17:06:29.743 [FXGL Background Thread 3 ] DEBUG Engine               - class com.almasb.fxgl.profile.SaveLoadService
17:06:29.743 [FXGL Background Thread 3 ] DEBUG Engine               - class com.almasb.fxgl.ui.FXGLUIFactoryServiceProvider
17:06:29.743 [FXGL Background Thread 3 ] DEBUG Engine               - class com.almasb.fxgl.ui.FXGLDialogFactoryServiceProvider
17:06:29.743 [FXGL Background Thread 3 ] DEBUG Engine               - class com.almasb.fxgl.audio.AudioPlayer
17:06:29.743 [FXGL Background Thread 3 ] DEBUG Engine               - class com.almasb.fxgl.notification.impl.NotificationServiceProvider
17:06:29.744 [FXGL Background Thread 3 ] DEBUG Engine               - class com.almasb.fxgl.achievement.AchievementService
17:06:29.744 [FXGL Background Thread 3 ] DEBUG Engine               - class com.almasb.fxgl.cutscene.CutsceneService
17:06:29.744 [FXGL Background Thread 3 ] DEBUG Engine               - class com.almasb.fxgl.minigames.MiniGameService
17:06:29.744 [FXGL Background Thread 3 ] DEBUG Engine               - class com.almasb.fxgl.net.NetService
17:06:29.744 [FXGL Background Thread 3 ] DEBUG Engine               - class com.almasb.fxgl.app.services.UpdaterService
17:06:29.744 [FXGL Background Thread 3 ] DEBUG Engine               - class com.almasb.fxgl.dev.DevService
17:06:54.006 [FXGL Background Thread 2 ] WARN  UpdaterService       - Failed to find updates: java.net.SocketException: A connection attempt failed because the connected party did not properly respond after a period of time, or established connection failed because connected host has failed to respond
17:07:38.481 [JavaFX Application Thread] DEBUG FXGLApplication      - Exiting FXGL
17:07:38.481 [JavaFX Application Thread] DEBUG LoopRunner           - Stopping loop
17:07:38.481 [JavaFX Application Thread] DEBUG SystemBundleService  - Saving FXGL system data
17:07:38.482 [JavaFX Application Thread] DEBUG FileSystemAccess     - Writing to: C:\Users\pc\Desktop\Java\GameEngines\Asteriods\system\fxgl.bundle
17:07:38.483 [JavaFX Application Thread] DEBUG Async                - Shutting down background threads
17:07:38.483 [JavaFX Application Thread] DEBUG PrimaryStageWindow   - Closing main window
17:07:38.504 [JavaFX Application Thread] DEBUG Logger               - Closing Logger
