22:30:58.816 [main                     ] DEBUG Logger               - Configured Logger
22:30:58.825 [main                     ] DEBUG GameApplication      - Logging settings
Title: SpaceShipFights
Version: 0.1
Width: 1280
Height: 720
Fullscreen: true
Intro: false
Profiling: false
Single step:false
App Mode: DEVELOPER
Menu Key: ESCAPE
Stage Style: DECORATED
Scene Factory: class com.aen.spaceship_fights.MySceneFactory

22:30:59.780 [JavaFX Application Thread] DEBUG FXGLApplication      - Initializing FXGL
22:30:59.789 [JavaFX Application Thread] INFO  Engine               - FXGL-21.1 (27.03.2024 07.52) on WINDOWS (J:24 FX:22.0.1)
22:30:59.789 [JavaFX Application Thread] DEBUG Engine               - JRE Vendor Name: Oracle Corporation
22:30:59.789 [JavaFX Application Thread] DEBUG Engine               - Running on OS: Windows 11 version 10.0
22:30:59.790 [JavaFX Application Thread] DEBUG Engine               - Architecture: amd64
22:30:59.790 [JavaFX Application Thread] INFO  Engine               - Source code and latest versions at: https://github.com/AlmasB/FXGL
22:30:59.790 [JavaFX Application Thread] INFO  Engine               -       Ask questions and discuss at: https://github.com/AlmasB/FXGL/discussions
22:30:59.790 [JavaFX Application Thread] INFO  Engine               -              Join the FXGL chat at: https://gitter.im/AlmasB/FXGL
22:31:00.227 [JavaFX Application Thread] DEBUG PrimaryStageWindow   - Creating a JavaFX scene
22:31:00.441 [JavaFX Application Thread] DEBUG PrimaryStageWindow   - Target settings size: 1280.0 x 720.0
22:31:00.442 [JavaFX Application Thread] DEBUG PrimaryStageWindow   - Scaled scene size:    1280.0 x 720.0
22:31:00.442 [JavaFX Application Thread] DEBUG PrimaryStageWindow   - Scaled ratio: (1.0, 1.0)
22:31:00.445 [JavaFX Application Thread] DEBUG PrimaryStageWindow   - Set initial scene to FXGLStartupScene
22:31:00.460 [JavaFX Application Thread] DEBUG PrimaryStageWindow   - Opening main window
22:31:01.664 [JavaFX Application Thread] DEBUG PrimaryStageWindow   - Window border size: (14.6666259765625, 37.33331298828125)
22:31:01.664 [JavaFX Application Thread] DEBUG PrimaryStageWindow   - Scaled size: 1280.0 x 720.0
22:31:01.666 [JavaFX Application Thread] DEBUG PrimaryStageWindow   - Scaled ratio: (1.0, 1.0)
22:31:01.666 [JavaFX Application Thread] DEBUG PrimaryStageWindow   - Scene size: 1280.0 x 720.0
22:31:01.667 [JavaFX Application Thread] DEBUG PrimaryStageWindow   - Stage size: 1294.6666259765625 x 757.3333129882812
22:31:01.692 [FXGL Background Thread 1 ] DEBUG Engine               - Initializing environment variables
22:31:01.895 [FXGL Background Thread 1 ] DEBUG FXGLAssetLoaderServi - User app class for loading assets: class com.aen.spaceship_fights.SpaceShipFightsApp
22:31:01.895 [FXGL Background Thread 1 ] DEBUG GameApplicationServi - Applying CSS: fxgl_dark.css
22:31:01.898 [FXGL Background Thread 1 ] DEBUG FXGLAssetLoaderServi - Loading from file system: jar:file:/C:/Users/merve/.m2/repository/com/github/almasb/fxgl/21.1/fxgl-21.1.jar!/fxglassets/ui/css/fxgl_dark.css
22:31:02.036 [FXGL Background Thread 1 ] DEBUG GameApplicationServi - Initializing application scenes
22:31:02.142 [FXGL Background Thread 1 ] DEBUG GameWorld            - Game world initialized
22:31:02.353 [FXGL Background Thread 1 ] DEBUG PhysicsWorld         - Physics world initialized: appHeight=720, physics.ppm=50,0
22:31:02.354 [FXGL Background Thread 1 ] DEBUG PhysicsWorld         - Using strategy: BRUTE_FORCE
22:31:02.367 [FXGL Background Thread 1 ] DEBUG GameScene            - Game scene initialized: 1280x720
22:31:02.688 [FXGL Background Thread 1 ] DEBUG GameApplicationServi - Application scenes initialized
22:31:02.716 [FXGL Background Thread 1 ] DEBUG SystemBundleService  - Loading FXGL system data
22:31:02.719 [FXGL Background Thread 1 ] DEBUG FileSystemAccess     - Reading from: C:\Users\merve\Desktop\ENSA\SpaceShipFights\SpaceShipFights\system\fxgl.bundle
22:31:02.725 [FXGL Background Thread 1 ] DEBUG SystemBundleService  - Bundle FXGL: {}
22:31:02.726 [FXGL Background Thread 1 ] DEBUG UpdaterService       - Checking for updates
22:31:02.737 [FXGL Background Thread 4 ] DEBUG FXGLApplication      - Loading fonts
22:31:02.738 [FXGL Background Thread 4 ] DEBUG FXGLAssetLoaderServi - Loading from file system: jar:file:/C:/Users/merve/.m2/repository/com/github/almasb/fxgl/21.1/fxgl-21.1.jar!/fxglassets/ui/fonts/VarelaRound-Regular.ttf
22:31:02.740 [FXGL Background Thread 1 ] DEBUG FXGLApplication      - Loading default localization
22:31:02.741 [FXGL Background Thread 1 ] DEBUG FXGLAssetLoaderServi - Loading from file system: jar:file:/C:/Users/merve/.m2/repository/com/github/almasb/fxgl/21.1/fxgl-21.1.jar!/fxglassets/languages/english.lang
22:31:02.769 [FXGL Background Thread 4 ] DEBUG FXGLAssetLoaderServi - Loading from file system: jar:file:/C:/Users/merve/.m2/repository/com/github/almasb/fxgl/21.1/fxgl-21.1.jar!/fxglassets/ui/fonts/Abel-Regular.ttf
22:31:02.797 [FXGL Background Thread 4 ] DEBUG FXGLAssetLoaderServi - Loading from file system: jar:file:/C:/Users/merve/.m2/repository/com/github/almasb/fxgl/21.1/fxgl-21.1.jar!/fxglassets/ui/fonts/TerminalLandMono-Regular.otf
22:31:02.800 [FXGL Background Thread 1 ] INFO  FXGLApplication      - FXGL initialization took: 1,107 sec
22:31:02.823 [FXGL Background Thread 4 ] DEBUG FXGLAssetLoaderServi - Loading from file system: jar:file:/C:/Users/merve/.m2/repository/com/github/almasb/fxgl/21.1/fxgl-21.1.jar!/fxglassets/ui/fonts/Courier-Prime.ttf
22:31:02.830 [JavaFX Application Thread] DEBUG Input                - Registered new binding: action0 - A
22:31:02.831 [JavaFX Application Thread] DEBUG Input                - Registered new binding: action1 - D
22:31:02.832 [JavaFX Application Thread] DEBUG Input                - Registered new binding: action2 - Left
22:31:02.832 [JavaFX Application Thread] DEBUG Input                - Registered new binding: action3 - Right
22:31:02.833 [JavaFX Application Thread] DEBUG Input                - Registered new binding: action4 - W
22:31:02.835 [JavaFX Application Thread] DEBUG Input                - Registered new binding: action5 - F
22:31:02.837 [JavaFX Application Thread] DEBUG Input                - Registered new binding: action6 - Space
22:31:02.838 [JavaFX Application Thread] DEBUG Input                - Registered new binding: action7 - P
22:31:02.839 [JavaFX Application Thread] DEBUG Input                - Registered new binding: action8 - R
22:31:02.840 [JavaFX Application Thread] DEBUG Input                - Registered new binding: action9 - M
22:31:02.841 [JavaFX Application Thread] DEBUG FXGLAssetLoaderServi - Loading from file system: jar:file:/C:/Users/merve/.m2/repository/com/github/almasb/fxgl/21.1/fxgl-21.1.jar!/fxglassets/textures/fxgl_icon.png
22:31:02.976 [JavaFX Application Thread] DEBUG FXGLAssetLoaderServi - Loading from file system: jar:file:/C:/Users/merve/.m2/repository/com/github/almasb/fxgl/21.1/fxgl-21.1.jar!/fxglassets/textures/fxgl_default_cursor.png
22:31:02.984 [JavaFX Application Thread] DEBUG Input                - Registered new binding: Screenshot - CTRL+8
22:31:02.985 [JavaFX Application Thread] DEBUG Input                - Registered new binding: System info dump - CTRL+9
22:31:02.987 [JavaFX Application Thread] DEBUG Input                - Registered new binding: Restart - CTRL+R
22:31:02.988 [JavaFX Application Thread] DEBUG Input                - Registered new binding: Toggle Debug Camera - CTRL+7
22:31:02.999 [JavaFX Application Thread] DEBUG LoopRunner           - Starting loop
22:31:02.999 [JavaFX Application Thread] DEBUG LoopRunner           - Initializing JavaFX AnimationTimerLoop
22:31:03.013 [JavaFX Application Thread] DEBUG Input                - Clearing active input actions
22:31:03.033 [JavaFX Application Thread] DEBUG GameApplicationServi - Removing overlay from FXGLStartupScene and adding to FXGLMainMenuDummyScene
22:31:03.034 [JavaFX Application Thread] DEBUG PrimaryStageWindow   - FXGLStartupScene -> FXGLMainMenuDummyScene
22:31:03.035 [JavaFX Application Thread] DEBUG PrimaryStageWindow   - Push state: MainMenu
22:31:03.035 [JavaFX Application Thread] DEBUG Input                - Clearing active input actions
22:31:03.069 [JavaFX Application Thread] DEBUG GameApplicationServi - Removing overlay from FXGLMainMenuDummyScene and adding to MainMenu
22:31:03.069 [JavaFX Application Thread] DEBUG PrimaryStageWindow   - FXGLMainMenuDummyScene -> MainMenu
22:31:03.071 [JavaFX Application Thread] DEBUG FXGLApplication      - Registering font factories with UI factory
22:31:05.734 [FXGL Background Thread 3 ] DEBUG Engine               - Logging environment variables
22:31:05.735 [FXGL Background Thread 3 ] DEBUG Engine               - achievements: []
22:31:05.735 [FXGL Background Thread 3 ] DEBUG Engine               - actualHeight: 720.0
22:31:05.735 [FXGL Background Thread 3 ] DEBUG Engine               - actualHeightProperty: ReadOnlyDoubleProperty [value: 720.0]
22:31:05.735 [FXGL Background Thread 3 ] DEBUG Engine               - actualWidth: 1280.0
22:31:05.735 [FXGL Background Thread 3 ] DEBUG Engine               - actualWidthProperty: ReadOnlyDoubleProperty [value: 1280.0]
22:31:05.735 [FXGL Background Thread 3 ] DEBUG Engine               - appIcon: fxgl_icon.png
22:31:05.735 [FXGL Background Thread 3 ] DEBUG Engine               - applicationMode: DEVELOPER
22:31:05.735 [FXGL Background Thread 3 ] DEBUG Engine               - cSSList: [fxgl_dark.css]
22:31:05.736 [FXGL Background Thread 3 ] DEBUG Engine               - collisionDetectionStrategy: BRUTE_FORCE
22:31:05.736 [FXGL Background Thread 3 ] DEBUG Engine               - configClass: Optional.empty
22:31:05.736 [FXGL Background Thread 3 ] DEBUG Engine               - credits: [Nyirenda Amos, Ouedraogo Luther Arthur, Magne Lydivine Merveille]
22:31:05.741 [FXGL Background Thread 3 ] DEBUG Engine               - defaultCursor: CursorInfo(imageName=fxgl_default_cursor.png, hotspotX=7.0, hotspotY=6.0)
22:31:05.741 [FXGL Background Thread 3 ] DEBUG Engine               - devBBoxColorProperty: ObjectProperty [value: 0xff0000ff]
22:31:05.741 [FXGL Background Thread 3 ] DEBUG Engine               - devEnableDebugCameraProperty: BooleanProperty [value: false]
22:31:05.742 [FXGL Background Thread 3 ] DEBUG Engine               - devSensorColorProperty: ObjectProperty [value: 0xffff00ff]
22:31:05.742 [FXGL Background Thread 3 ] DEBUG Engine               - devShowBBoxProperty: BooleanProperty [value: false]
22:31:05.742 [FXGL Background Thread 3 ] DEBUG Engine               - devShowPositionProperty: BooleanProperty [value: false]
22:31:05.742 [FXGL Background Thread 3 ] DEBUG Engine               - enabledMenuItems: []
22:31:05.742 [FXGL Background Thread 3 ] DEBUG Engine               - engineServices: [class com.almasb.fxgl.app.services.FXGLAssetLoaderService, class com.almasb.fxgl.app.FXGLApplication$GameApplicationService, class com.almasb.fxgl.app.services.FXGLDialogService, class com.almasb.fxgl.app.services.IOTaskExecutorService, class com.almasb.fxgl.io.FileSystemService, class com.almasb.fxgl.localization.LocalizationService, class com.almasb.fxgl.app.services.SystemBundleService, class com.almasb.fxgl.profile.SaveLoadService, class com.almasb.fxgl.ui.FXGLUIFactoryServiceProvider, class com.almasb.fxgl.ui.FXGLDialogFactoryServiceProvider, class com.almasb.fxgl.audio.AudioPlayer, class com.almasb.fxgl.notification.impl.NotificationServiceProvider, class com.almasb.fxgl.achievement.AchievementService, class com.almasb.fxgl.cutscene.CutsceneService, class com.almasb.fxgl.minigames.MiniGameService, class com.almasb.fxgl.net.NetService, class com.almasb.fxgl.app.services.UpdaterService, class com.almasb.fxgl.dev.DevService]
22:31:05.742 [FXGL Background Thread 3 ] DEBUG Engine               - fontGame: Abel-Regular.ttf
22:31:05.743 [FXGL Background Thread 3 ] DEBUG Engine               - fontMono: TerminalLandMono-Regular.otf
22:31:05.743 [FXGL Background Thread 3 ] DEBUG Engine               - fontSizeScaleUI: 1.0
22:31:05.743 [FXGL Background Thread 3 ] DEBUG Engine               - fontText: Courier-Prime.ttf
22:31:05.743 [FXGL Background Thread 3 ] DEBUG Engine               - fontUI: VarelaRound-Regular.ttf
22:31:05.743 [FXGL Background Thread 3 ] DEBUG Engine               - fullScreen: BooleanProperty [value: false]
22:31:05.743 [FXGL Background Thread 3 ] DEBUG Engine               - gameDifficulty: MEDIUM
22:31:05.743 [FXGL Background Thread 3 ] DEBUG Engine               - gameDifficultyProperty: ObjectProperty [value: MEDIUM]
22:31:05.743 [FXGL Background Thread 3 ] DEBUG Engine               - globalMusicVolume: 0.5
22:31:05.744 [FXGL Background Thread 3 ] DEBUG Engine               - globalMusicVolumeProperty: DoubleProperty [value: 0.5]
22:31:05.744 [FXGL Background Thread 3 ] DEBUG Engine               - globalSoundVolume: 0.5
22:31:05.744 [FXGL Background Thread 3 ] DEBUG Engine               - globalSoundVolumeProperty: DoubleProperty [value: 0.5]
22:31:05.744 [FXGL Background Thread 3 ] DEBUG Engine               - height: 720
22:31:05.744 [FXGL Background Thread 3 ] DEBUG Engine               - is3D: false
22:31:05.744 [FXGL Background Thread 3 ] DEBUG Engine               - isAndroid: false
22:31:05.745 [FXGL Background Thread 3 ] DEBUG Engine               - isBrowser: false
22:31:05.745 [FXGL Background Thread 3 ] DEBUG Engine               - isClickFeedbackEnabled: false
22:31:05.745 [FXGL Background Thread 3 ] DEBUG Engine               - isCloseConfirmation: false
22:31:05.745 [FXGL Background Thread 3 ] DEBUG Engine               - isDesktop: true
22:31:05.745 [FXGL Background Thread 3 ] DEBUG Engine               - isDeveloperMenuEnabled: false
22:31:05.745 [FXGL Background Thread 3 ] DEBUG Engine               - isEmbedded: false
22:31:05.746 [FXGL Background Thread 3 ] DEBUG Engine               - isEntityPreloadEnabled: true
22:31:05.746 [FXGL Background Thread 3 ] DEBUG Engine               - isExperimentalTiledLargeMap: false
22:31:05.746 [FXGL Background Thread 3 ] DEBUG Engine               - isFileSystemWriteAllowed: true
22:31:05.746 [FXGL Background Thread 3 ] DEBUG Engine               - isFullScreenAllowed: true
22:31:05.746 [FXGL Background Thread 3 ] DEBUG Engine               - isFullScreenFromStart: false
22:31:05.746 [FXGL Background Thread 3 ] DEBUG Engine               - isGameMenuEnabled: true
22:31:05.746 [FXGL Background Thread 3 ] DEBUG Engine               - isIOS: false
22:31:05.746 [FXGL Background Thread 3 ] DEBUG Engine               - isIntroEnabled: false
22:31:05.747 [FXGL Background Thread 3 ] DEBUG Engine               - isLinux: false
22:31:05.747 [FXGL Background Thread 3 ] DEBUG Engine               - isMac: false
22:31:05.747 [FXGL Background Thread 3 ] DEBUG Engine               - isMainMenuEnabled: true
22:31:05.747 [FXGL Background Thread 3 ] DEBUG Engine               - isManualResizeEnabled: false
22:31:05.747 [FXGL Background Thread 3 ] DEBUG Engine               - isMobile: false
22:31:05.748 [FXGL Background Thread 3 ] DEBUG Engine               - isNative: false
22:31:05.748 [FXGL Background Thread 3 ] DEBUG Engine               - isPauseMusicWhenMinimized: true
22:31:05.748 [FXGL Background Thread 3 ] DEBUG Engine               - isPreserveResizeRatio: false
22:31:05.748 [FXGL Background Thread 3 ] DEBUG Engine               - isProfilingEnabled: false
22:31:05.748 [FXGL Background Thread 3 ] DEBUG Engine               - isScaleAffectedOnResize: true
22:31:05.748 [FXGL Background Thread 3 ] DEBUG Engine               - isSingleStep: false
22:31:05.748 [FXGL Background Thread 3 ] DEBUG Engine               - isUserProfileEnabled: false
22:31:05.748 [FXGL Background Thread 3 ] DEBUG Engine               - isWindows: true
22:31:05.748 [FXGL Background Thread 3 ] DEBUG Engine               - language: ObjectProperty [value: ENGLISH]
22:31:05.748 [FXGL Background Thread 3 ] DEBUG Engine               - menuKey: ESCAPE
22:31:05.748 [FXGL Background Thread 3 ] DEBUG Engine               - mouseSensitivity: 0.2
22:31:05.750 [FXGL Background Thread 3 ] DEBUG Engine               - notificationViewClass: class com.almasb.fxgl.notification.view.XboxNotificationView
22:31:05.750 [FXGL Background Thread 3 ] DEBUG Engine               - pixelsPerMeter: 50.0
22:31:05.750 [FXGL Background Thread 3 ] DEBUG Engine               - platform: WINDOWS
22:31:05.750 [FXGL Background Thread 3 ] DEBUG Engine               - prefHeightProperty: ReadOnlyDoubleProperty [value: 720.0]
22:31:05.750 [FXGL Background Thread 3 ] DEBUG Engine               - prefWidthProperty: ReadOnlyDoubleProperty [value: 1280.0]
22:31:05.750 [FXGL Background Thread 3 ] DEBUG Engine               - profileDir: profiles/
22:31:05.750 [FXGL Background Thread 3 ] DEBUG Engine               - profileName: StringProperty [value: DEFAULT]
22:31:05.750 [FXGL Background Thread 3 ] DEBUG Engine               - randomSeed: -1
22:31:05.751 [FXGL Background Thread 3 ] DEBUG Engine               - runtimeInfo: RuntimeInfo(platform=WINDOWS, version=21.1, build=27.03.2024 07.52)
22:31:05.751 [FXGL Background Thread 3 ] DEBUG Engine               - saveFileExt: sav
22:31:05.751 [FXGL Background Thread 3 ] DEBUG Engine               - scaledHeightProp$fxgl: DoubleProperty [bound, value: 720.0]
22:31:05.751 [FXGL Background Thread 3 ] DEBUG Engine               - scaledWidthProp$fxgl: DoubleProperty [bound, value: 1280.0]
22:31:05.751 [FXGL Background Thread 3 ] DEBUG Engine               - sceneFactory: com.aen.spaceship_fights.MySceneFactory@9e6b7e5
22:31:05.751 [FXGL Background Thread 3 ] DEBUG Engine               - secondsIn24h: 60
22:31:05.751 [FXGL Background Thread 3 ] DEBUG Engine               - soundMenuBack: menu/back.wav
22:31:05.752 [FXGL Background Thread 3 ] DEBUG Engine               - soundMenuPress: menu/press.wav
22:31:05.752 [FXGL Background Thread 3 ] DEBUG Engine               - soundMenuSelect: menu/select.wav
22:31:05.752 [FXGL Background Thread 3 ] DEBUG Engine               - soundNotification: core/notification.wav
22:31:05.752 [FXGL Background Thread 3 ] DEBUG Engine               - stageStyle: DECORATED
22:31:05.752 [FXGL Background Thread 3 ] DEBUG Engine               - supportedLanguages: [ENGLISH, FRENCH, GERMAN, HUNGARIAN, RUSSIAN]
22:31:05.752 [FXGL Background Thread 3 ] DEBUG Engine               - ticksPerSecond: -1
22:31:05.752 [FXGL Background Thread 3 ] DEBUG Engine               - title: SpaceShipFights
22:31:05.753 [FXGL Background Thread 3 ] DEBUG Engine               - urlGithub: https://github.com/AlmasB/FXGL
22:31:05.753 [FXGL Background Thread 3 ] DEBUG Engine               - urlLeaderboard: http://fxgl-top.herokuapp.com/
22:31:05.753 [FXGL Background Thread 3 ] DEBUG Engine               - urlPOM: https://raw.githubusercontent.com/AlmasB/FXGL/release/README.md
22:31:05.753 [FXGL Background Thread 3 ] DEBUG Engine               - userAppClass: class com.aen.spaceship_fights.SpaceShipFightsApp
22:31:05.753 [FXGL Background Thread 3 ] DEBUG Engine               - version: 0.1
22:31:05.753 [FXGL Background Thread 3 ] DEBUG Engine               - versionCheckDays: 7
22:31:05.753 [FXGL Background Thread 3 ] DEBUG Engine               - width: 1280
22:31:05.753 [FXGL Background Thread 3 ] DEBUG Engine               - Logging services
22:31:05.754 [FXGL Background Thread 3 ] DEBUG Engine               - class com.almasb.fxgl.app.services.FXGLAssetLoaderService
22:31:05.754 [FXGL Background Thread 3 ] DEBUG Engine               - class com.almasb.fxgl.app.FXGLApplication$GameApplicationService
22:31:05.754 [FXGL Background Thread 3 ] DEBUG Engine               - class com.almasb.fxgl.app.services.FXGLDialogService
22:31:05.754 [FXGL Background Thread 3 ] DEBUG Engine               - class com.almasb.fxgl.app.services.IOTaskExecutorService
22:31:05.754 [FXGL Background Thread 3 ] DEBUG Engine               - class com.almasb.fxgl.io.FileSystemService
22:31:05.754 [FXGL Background Thread 3 ] DEBUG Engine               - class com.almasb.fxgl.localization.LocalizationService
22:31:05.754 [FXGL Background Thread 3 ] DEBUG Engine               - class com.almasb.fxgl.app.services.SystemBundleService
22:31:05.755 [FXGL Background Thread 3 ] DEBUG Engine               - class com.almasb.fxgl.profile.SaveLoadService
22:31:05.755 [FXGL Background Thread 3 ] DEBUG Engine               - class com.almasb.fxgl.ui.FXGLUIFactoryServiceProvider
22:31:05.755 [FXGL Background Thread 3 ] DEBUG Engine               - class com.almasb.fxgl.ui.FXGLDialogFactoryServiceProvider
22:31:05.755 [FXGL Background Thread 3 ] DEBUG Engine               - class com.almasb.fxgl.audio.AudioPlayer
22:31:05.755 [FXGL Background Thread 3 ] DEBUG Engine               - class com.almasb.fxgl.notification.impl.NotificationServiceProvider
22:31:05.755 [FXGL Background Thread 3 ] DEBUG Engine               - class com.almasb.fxgl.achievement.AchievementService
22:31:05.755 [FXGL Background Thread 3 ] DEBUG Engine               - class com.almasb.fxgl.cutscene.CutsceneService
22:31:05.755 [FXGL Background Thread 3 ] DEBUG Engine               - class com.almasb.fxgl.minigames.MiniGameService
22:31:05.755 [FXGL Background Thread 3 ] DEBUG Engine               - class com.almasb.fxgl.net.NetService
22:31:05.755 [FXGL Background Thread 3 ] DEBUG Engine               - class com.almasb.fxgl.app.services.UpdaterService
22:31:05.755 [FXGL Background Thread 3 ] DEBUG Engine               - class com.almasb.fxgl.dev.DevService
22:31:17.212 [JavaFX Application Thread] DEBUG Menu                 - fireNewGame()
22:31:17.212 [JavaFX Application Thread] DEBUG GameApplicationServi - Starting new game
22:31:17.212 [JavaFX Application Thread] DEBUG PrimaryStageWindow   - Pop state: MainMenu
22:31:17.212 [JavaFX Application Thread] DEBUG Input                - Clearing active input actions
22:31:17.213 [JavaFX Application Thread] DEBUG GameApplicationServi - Removing overlay from MainMenu and adding to FXGLMainMenuDummyScene
22:31:17.213 [JavaFX Application Thread] DEBUG PrimaryStageWindow   - FXGLMainMenuDummyScene <- MainMenu
22:31:17.213 [JavaFX Application Thread] DEBUG Input                - Clearing active input actions
22:31:17.219 [JavaFX Application Thread] DEBUG GameApplicationServi - Removing overlay from FXGLMainMenuDummyScene and adding to FXGLLoadingScene
22:31:17.220 [JavaFX Application Thread] DEBUG PrimaryStageWindow   - FXGLMainMenuDummyScene -> FXGLLoadingScene
22:31:17.220 [JavaFX Application Thread] DEBUG GameApplicationServi - Clearing previous game
22:31:17.220 [JavaFX Application Thread] DEBUG GameScene            - Clearing game scene
22:31:17.220 [JavaFX Application Thread] DEBUG GameWorld            - Clearing game world
22:31:17.220 [JavaFX Application Thread] DEBUG PhysicsWorld         - Clearing physics world
22:31:17.223 [FXGL Background Thread 2 ] DEBUG FXGLApplication      - Initializing game
22:31:17.225 [FXGL Background Thread 2 ] DEBUG FXGLAssetLoaderServi - Loading from file system: file:/C:/Users/merve/Desktop/ENSA/SpaceShipFights/SpaceShipFights/target/classes/assets/music/bgm.mp3
22:31:17.585 [FXGL Background Thread 2 ] DEBUG AudioPlayer          - Playing music com.almasb.fxgl.audio.Music@71749b83
22:31:17.624 [FXGL Background Thread 2 ] DEBUG FXGLAssetLoaderServi - Loading from file system: file:/C:/Users/merve/Desktop/ENSA/SpaceShipFights/SpaceShipFights/target/classes/assets/textures/player.png
22:31:17.716 [FXGL Background Thread 2 ] DEBUG FXGLAssetLoaderServi - Loading from file system: file:/C:/Users/merve/Desktop/ENSA/SpaceShipFights/SpaceShipFights/target/classes/assets/textures/life.png
22:31:17.720 [FXGL Background Thread 2 ] INFO  FXGLApplication      - Game initialization took: 0,497 sec
22:31:17.852 [JavaFX Application Thread] DEBUG Input                - Clearing active input actions
22:31:17.862 [JavaFX Application Thread] DEBUG GameApplicationServi - Removing overlay from FXGLLoadingScene and adding to GameScene
22:31:17.862 [JavaFX Application Thread] DEBUG PrimaryStageWindow   - FXGLLoadingScene -> GameScene
22:31:17.885 [JavaFX Application Thread] DEBUG FXGLAssetLoaderServi - Loading from file system: file:/C:/Users/merve/Desktop/ENSA/SpaceShipFights/SpaceShipFights/target/classes/assets/sounds/level.wav
22:31:19.405 [JavaFX Application Thread] DEBUG FXGLAssetLoaderServi - Loading from file system: file:/C:/Users/merve/Desktop/ENSA/SpaceShipFights/SpaceShipFights/target/classes/assets/textures/enemy3.png
22:31:19.855 [JavaFX Application Thread] DEBUG FXGLAssetLoaderServi - Loading from file system: file:/C:/Users/merve/Desktop/ENSA/SpaceShipFights/SpaceShipFights/target/classes/assets/textures/enemy2.png
22:31:20.321 [JavaFX Application Thread] DEBUG FXGLAssetLoaderServi - Loading from file system: file:/C:/Users/merve/Desktop/ENSA/SpaceShipFights/SpaceShipFights/target/classes/assets/textures/enemy1.png
22:31:21.087 [JavaFX Application Thread] DEBUG FXGLAssetLoaderServi - Loading from file system: file:/C:/Users/merve/Desktop/ENSA/SpaceShipFights/SpaceShipFights/target/classes/assets/textures/bullet.png
22:31:21.716 [JavaFX Application Thread] DEBUG FXGLAssetLoaderServi - Loading from file system: file:/C:/Users/merve/Desktop/ENSA/SpaceShipFights/SpaceShipFights/target/classes/assets/sounds/explosion.wav
22:31:21.747 [JavaFX Application Thread] DEBUG FXGLAssetLoaderServi - Loading from file system: file:/C:/Users/merve/Desktop/ENSA/SpaceShipFights/SpaceShipFights/target/classes/assets/textures/explosion.png
22:31:22.864 [JavaFX Application Thread] DEBUG FXGLAssetLoaderServi - Loading from file system: file:/C:/Users/merve/Desktop/ENSA/SpaceShipFights/SpaceShipFights/target/classes/assets/textures/enemy_bullet.png
22:31:22.868 [JavaFX Application Thread] DEBUG FXGLAssetLoaderServi - Loading from file system: file:/C:/Users/merve/Desktop/ENSA/SpaceShipFights/SpaceShipFights/target/classes/assets/sounds/shoot2.wav
22:31:24.465 [JavaFX Application Thread] DEBUG FXGLAssetLoaderServi - Loading from file system: file:/C:/Users/merve/Desktop/ENSA/SpaceShipFights/SpaceShipFights/target/classes/assets/sounds/shoot4.wav
22:31:25.935 [JavaFX Application Thread] DEBUG FXGLAssetLoaderServi - Loading from file system: file:/C:/Users/merve/Desktop/ENSA/SpaceShipFights/SpaceShipFights/target/classes/assets/sounds/shoot1.wav
22:31:32.847 [JavaFX Application Thread] DEBUG FXGLAssetLoaderServi - Loading from file system: file:/C:/Users/merve/Desktop/ENSA/SpaceShipFights/SpaceShipFights/target/classes/assets/sounds/shoot3.wav
22:31:46.935 [JavaFX Application Thread] DEBUG PrimaryStageWindow   - Push state: DialogSubScene
22:31:46.935 [JavaFX Application Thread] DEBUG Input                - Clearing active input actions
22:31:46.937 [JavaFX Application Thread] DEBUG GameApplicationServi - Removing overlay from GameScene and adding to DialogSubScene
22:31:46.938 [JavaFX Application Thread] DEBUG PrimaryStageWindow   - GameScene -> DialogSubScene
22:31:46.939 [JavaFX Application Thread] DEBUG LoopRunner           - Stopping loop
22:31:46.941 [JavaFX Application Thread] FATAL FXGLApplication      - Uncaught Exception:
java.lang.ArrayIndexOutOfBoundsException: Index 1 out of bounds for length 1
	at java.base/java.util.Arrays$ArrayList.get(Arrays.java:4224)
	at com.aen.spaceship_fights.SpaceShipFightsApp.getCurrentLevel(SpaceShipFightsApp.java:257)
	at com.aen.spaceship_fights.SpaceShipFightsApp.playInCutscene(SpaceShipFightsApp.java:218)
	at com.aen.spaceship_fights.SpaceShipFightsApp.nextLevel(SpaceShipFightsApp.java:239)
	at com.aen.spaceship_fights.SpaceShipFightsApp.onUpdate(SpaceShipFightsApp.java:192)
	at com.almasb.fxgl.app.FXGLApplication$GameApplicationService.onGameUpdate(FXGLApplication.kt:440)
	at com.almasb.fxgl.app.Engine.onGameUpdate(Engine.kt:138)
	at com.almasb.fxgl.app.FXGLApplication.postServicesInit$lambda$7(FXGLApplication.kt:184)
	at com.almasb.fxgl.scene.Scene.update(Scene.kt:113)
	at com.almasb.fxgl.app.MainWindow$update$1.invoke(MainWindow.kt:121)
	at com.almasb.fxgl.app.MainWindow$update$1.invoke(MainWindow.kt:121)
	at com.almasb.fxgl.core.fsm.StateMachine.runOnActiveStates(StateMachine.kt:69)
	at com.almasb.fxgl.app.MainWindow.update(MainWindow.kt:121)
	at com.almasb.fxgl.app.FXGLApplication$GameApplicationService.onUpdate(FXGLApplication.kt:445)
	at com.almasb.fxgl.app.Engine.loop(Engine.kt:134)
	at com.almasb.fxgl.app.Engine.access$loop(Engine.kt:24)
	at com.almasb.fxgl.app.Engine$loop$1.invoke(Engine.kt:28)
	at com.almasb.fxgl.app.Engine$loop$1.invoke(Engine.kt:28)
	at com.almasb.fxgl.app.LoopRunner.frame(LoopRunner.kt:103)
	at com.almasb.fxgl.app.LoopRunner.access$frame(LoopRunner.kt:23)
	at com.almasb.fxgl.app.LoopRunner$impl$2$1.onTick(LoopRunner.kt:57)
	at com.almasb.fxgl.app.AnimationTimerLoop$timer$1.handle(LoopRunner.kt:137)
	at javafx.animation.AnimationTimer$AnimationTimerReceiver.lambda$handle$0(AnimationTimer.java:60)
	at java.base/java.security.AccessController.doPrivileged(AccessController.java:138)
	at javafx.animation.AnimationTimer$AnimationTimerReceiver.handle(AnimationTimer.java:59)
	at com.sun.scenario.animation.AbstractPrimaryTimer.timePulseImpl(AbstractPrimaryTimer.java:356)
	at com.sun.scenario.animation.AbstractPrimaryTimer$MainLoop.run(AbstractPrimaryTimer.java:266)
	at com.sun.javafx.tk.quantum.QuantumToolkit.pulse(QuantumToolkit.java:594)
	at com.sun.javafx.tk.quantum.QuantumToolkit.pulse(QuantumToolkit.java:578)
	at com.sun.javafx.tk.quantum.QuantumToolkit.pulseFromQueue(QuantumToolkit.java:571)
	at com.sun.javafx.tk.quantum.QuantumToolkit.lambda$runToolkit$11(QuantumToolkit.java:352)
	at com.sun.glass.ui.InvokeLaterDispatcher$Future.run(InvokeLaterDispatcher.java:95)
	at com.sun.glass.ui.win.WinApplication._runLoop(Native Method)
	at com.sun.glass.ui.win.WinApplication.lambda$runLoop$3(WinApplication.java:184)
	at java.base/java.lang.Thread.run(Thread.java:1447)

22:31:46.941 [JavaFX Application Thread] FATAL FXGLApplication      - Application will now exit
22:31:46.953 [JavaFX Application Thread] DEBUG PrimaryStageWindow   - Push state: ErrorSubScene
22:31:46.953 [JavaFX Application Thread] DEBUG Input                - Clearing active input actions
22:31:46.956 [JavaFX Application Thread] DEBUG GameApplicationServi - Removing overlay from DialogSubScene and adding to ErrorSubScene
22:31:46.956 [JavaFX Application Thread] DEBUG PrimaryStageWindow   - DialogSubScene -> ErrorSubScene
22:31:49.865 [JavaFX Application Thread] DEBUG FXGLApplication      - Exiting FXGL
22:31:49.865 [JavaFX Application Thread] DEBUG Async                - Shutting down background threads
22:31:49.866 [JavaFX Application Thread] DEBUG PrimaryStageWindow   - Closing main window
22:31:49.909 [JavaFX Application Thread] DEBUG Logger               - Closing Logger
