02:50:59.162 [main                     ] DEBUG Logger               - Configured Logger
02:50:59.181 [main                     ] DEBUG GameApplication      - Logging settings
Title: Shooter
Version: 0.1
Width: 1280
Height: 720
Fullscreen: true
Intro: false
Profiling: false
Single step:false
App Mode: DEVELOPER
Menu Key: ESCAPE
Stage Style: DECORATED
Scene Factory: class com.aen.spaceship_fights.MySceneFactory

02:50:59.954 [JavaFX Application Thread] DEBUG FXGLApplication      - Initializing FXGL
02:50:59.958 [JavaFX Application Thread] INFO  Engine               - FXGL-21.1 (27.03.2024 07.52) on WINDOWS (J:22.0.2 FX:22.0.1)
02:50:59.958 [JavaFX Application Thread] DEBUG Engine               - JRE Vendor Name: Oracle Corporation
02:50:59.959 [JavaFX Application Thread] DEBUG Engine               - Running on OS: Windows 11 version 10.0
02:50:59.959 [JavaFX Application Thread] DEBUG Engine               - Architecture: amd64
02:50:59.959 [JavaFX Application Thread] INFO  Engine               - Source code and latest versions at: https://github.com/AlmasB/FXGL
02:50:59.959 [JavaFX Application Thread] INFO  Engine               -       Ask questions and discuss at: https://github.com/AlmasB/FXGL/discussions
02:50:59.959 [JavaFX Application Thread] INFO  Engine               -              Join the FXGL chat at: https://gitter.im/AlmasB/FXGL
02:51:00.096 [JavaFX Application Thread] DEBUG PrimaryStageWindow   - Creating a JavaFX scene
02:51:00.156 [JavaFX Application Thread] DEBUG PrimaryStageWindow   - Target settings size: 1280.0 x 720.0
02:51:00.159 [JavaFX Application Thread] DEBUG PrimaryStageWindow   - Scaled scene size:    1280.0 x 720.0
02:51:00.159 [JavaFX Application Thread] DEBUG PrimaryStageWindow   - Scaled ratio: (1.0, 1.0)
02:51:00.161 [JavaFX Application Thread] DEBUG PrimaryStageWindow   - Set initial scene to FXGLStartupScene
02:51:00.168 [JavaFX Application Thread] DEBUG PrimaryStageWindow   - Opening main window
02:51:00.792 [JavaFX Application Thread] DEBUG PrimaryStageWindow   - Window border size: (16.0, 39.0)
02:51:00.792 [JavaFX Application Thread] DEBUG PrimaryStageWindow   - Scaled size: 1280.0 x 720.0
02:51:00.792 [JavaFX Application Thread] DEBUG PrimaryStageWindow   - Scaled ratio: (1.0, 1.0)
02:51:00.792 [JavaFX Application Thread] DEBUG PrimaryStageWindow   - Scene size: 1280.0 x 720.0
02:51:00.792 [JavaFX Application Thread] DEBUG PrimaryStageWindow   - Stage size: 1296.0 x 759.0
02:51:00.814 [FXGL Background Thread 1 ] DEBUG Engine               - Initializing environment variables
02:51:00.883 [FXGL Background Thread 1 ] DEBUG FXGLAssetLoaderServi - User app class for loading assets: class com.aen.spaceship_fights.SpaceShipFightsApp
02:51:00.884 [FXGL Background Thread 1 ] DEBUG GameApplicationServi - Applying CSS: fxgl_dark.css
02:51:00.884 [FXGL Background Thread 1 ] DEBUG FXGLAssetLoaderServi - Loading from file system: jar:file:/C:/Users/pc/.m2/repository/com/github/almasb/fxgl/21.1/fxgl-21.1.jar!/fxglassets/ui/css/fxgl_dark.css
02:51:00.949 [FXGL Background Thread 1 ] DEBUG GameApplicationServi - Initializing application scenes
02:51:01.055 [FXGL Background Thread 1 ] DEBUG GameWorld            - Game world initialized
02:51:01.110 [FXGL Background Thread 1 ] DEBUG PhysicsWorld         - Physics world initialized: appHeight=720, physics.ppm=50.0
02:51:01.110 [FXGL Background Thread 1 ] DEBUG PhysicsWorld         - Using strategy: BRUTE_FORCE
02:51:01.113 [FXGL Background Thread 1 ] DEBUG GameScene            - Game scene initialized: 1280x720
02:51:01.212 [FXGL Background Thread 1 ] DEBUG GameApplicationServi - Application scenes initialized
02:51:01.227 [FXGL Background Thread 1 ] DEBUG SystemBundleService  - Loading FXGL system data
02:51:01.229 [FXGL Background Thread 1 ] DEBUG FileSystemAccess     - Reading from: C:\Users\pc\Desktop\Java\GameEngines\Asteriods\system\fxgl.bundle
02:51:01.231 [FXGL Background Thread 1 ] DEBUG SystemBundleService  - Bundle FXGL: {}
02:51:01.231 [FXGL Background Thread 1 ] DEBUG UpdaterService       - Checking for updates
02:51:01.234 [FXGL Background Thread 1 ] DEBUG FXGLApplication      - Loading default localization
02:51:01.236 [FXGL Background Thread 1 ] DEBUG FXGLAssetLoaderServi - Loading from file system: jar:file:/C:/Users/pc/.m2/repository/com/github/almasb/fxgl/21.1/fxgl-21.1.jar!/fxglassets/languages/english.lang
02:51:01.256 [FXGL Background Thread 1 ] INFO  FXGLApplication      - FXGL initialization took: 0.442 sec
02:51:01.265 [JavaFX Application Thread] DEBUG Input                - Registered new binding: action0 - A
02:51:01.265 [JavaFX Application Thread] DEBUG Input                - Registered new binding: action1 - D
02:51:01.266 [JavaFX Application Thread] DEBUG Input                - Registered new binding: action2 - W
02:51:01.266 [JavaFX Application Thread] DEBUG Input                - Registered new binding: action3 - F
02:51:01.267 [JavaFX Application Thread] DEBUG Input                - Registered new binding: action4 - P
02:51:01.267 [JavaFX Application Thread] DEBUG Input                - Registered new binding: action5 - R
02:51:01.267 [JavaFX Application Thread] DEBUG Input                - Registered new binding: action6 - M
02:51:01.267 [JavaFX Application Thread] DEBUG FXGLAssetLoaderServi - Loading from file system: jar:file:/C:/Users/pc/.m2/repository/com/github/almasb/fxgl/21.1/fxgl-21.1.jar!/fxglassets/textures/fxgl_icon.png
02:51:01.445 [FXGL Background Thread 4 ] DEBUG FXGLApplication      - Loading fonts
02:51:01.446 [FXGL Background Thread 4 ] DEBUG FXGLAssetLoaderServi - Loading from file system: jar:file:/C:/Users/pc/.m2/repository/com/github/almasb/fxgl/21.1/fxgl-21.1.jar!/fxglassets/ui/fonts/VarelaRound-Regular.ttf
02:51:01.449 [JavaFX Application Thread] DEBUG FXGLAssetLoaderServi - Loading from file system: jar:file:/C:/Users/pc/.m2/repository/com/github/almasb/fxgl/21.1/fxgl-21.1.jar!/fxglassets/textures/fxgl_default_cursor.png
02:51:01.451 [JavaFX Application Thread] DEBUG Input                - Registered new binding: Screenshot - CTRL+8
02:51:01.452 [JavaFX Application Thread] DEBUG Input                - Registered new binding: System info dump - CTRL+9
02:51:01.452 [JavaFX Application Thread] DEBUG Input                - Registered new binding: Restart - CTRL+R
02:51:01.453 [JavaFX Application Thread] DEBUG Input                - Registered new binding: Toggle Debug Camera - CTRL+7
02:51:01.454 [JavaFX Application Thread] DEBUG LoopRunner           - Starting loop
02:51:01.455 [JavaFX Application Thread] DEBUG LoopRunner           - Initializing JavaFX AnimationTimerLoop
02:51:01.457 [JavaFX Application Thread] DEBUG Input                - Clearing active input actions
02:51:01.463 [JavaFX Application Thread] DEBUG GameApplicationServi - Removing overlay from FXGLStartupScene and adding to FXGLMainMenuDummyScene
02:51:01.463 [JavaFX Application Thread] DEBUG PrimaryStageWindow   - FXGLStartupScene -> FXGLMainMenuDummyScene
02:51:01.463 [JavaFX Application Thread] DEBUG PrimaryStageWindow   - Push state: MainMenu
02:51:01.464 [JavaFX Application Thread] DEBUG Input                - Clearing active input actions
02:51:01.469 [JavaFX Application Thread] DEBUG GameApplicationServi - Removing overlay from FXGLMainMenuDummyScene and adding to MainMenu
02:51:01.469 [JavaFX Application Thread] DEBUG PrimaryStageWindow   - FXGLMainMenuDummyScene -> MainMenu
02:51:01.481 [FXGL Background Thread 4 ] DEBUG FXGLAssetLoaderServi - Loading from file system: jar:file:/C:/Users/pc/.m2/repository/com/github/almasb/fxgl/21.1/fxgl-21.1.jar!/fxglassets/ui/fonts/Abel-Regular.ttf
02:51:01.529 [FXGL Background Thread 4 ] DEBUG FXGLAssetLoaderServi - Loading from file system: jar:file:/C:/Users/pc/.m2/repository/com/github/almasb/fxgl/21.1/fxgl-21.1.jar!/fxglassets/ui/fonts/TerminalLandMono-Regular.otf
02:51:01.542 [FXGL Background Thread 4 ] DEBUG FXGLAssetLoaderServi - Loading from file system: jar:file:/C:/Users/pc/.m2/repository/com/github/almasb/fxgl/21.1/fxgl-21.1.jar!/fxglassets/ui/fonts/Courier-Prime.ttf
02:51:01.559 [JavaFX Application Thread] DEBUG FXGLApplication      - Registering font factories with UI factory
02:51:04.234 [FXGL Background Thread 3 ] DEBUG Engine               - Logging environment variables
02:51:04.234 [FXGL Background Thread 3 ] DEBUG Engine               - achievements: []
02:51:04.234 [FXGL Background Thread 3 ] DEBUG Engine               - actualHeight: 720.0
02:51:04.234 [FXGL Background Thread 3 ] DEBUG Engine               - actualHeightProperty: ReadOnlyDoubleProperty [value: 720.0]
02:51:04.234 [FXGL Background Thread 3 ] DEBUG Engine               - actualWidth: 1280.0
02:51:04.234 [FXGL Background Thread 3 ] DEBUG Engine               - actualWidthProperty: ReadOnlyDoubleProperty [value: 1280.0]
02:51:04.236 [FXGL Background Thread 3 ] DEBUG Engine               - appIcon: fxgl_icon.png
02:51:04.236 [FXGL Background Thread 3 ] DEBUG Engine               - applicationMode: DEVELOPER
02:51:04.236 [FXGL Background Thread 3 ] DEBUG Engine               - cSSList: [fxgl_dark.css]
02:51:04.236 [FXGL Background Thread 3 ] DEBUG Engine               - collisionDetectionStrategy: BRUTE_FORCE
02:51:04.236 [FXGL Background Thread 3 ] DEBUG Engine               - configClass: Optional.empty
02:51:04.236 [FXGL Background Thread 3 ] DEBUG Engine               - credits: [Nyirenda Amos, Ouedraogo Luther Arthur, Magne Lidivine Merveille]
02:51:04.239 [FXGL Background Thread 3 ] DEBUG Engine               - defaultCursor: CursorInfo(imageName=fxgl_default_cursor.png, hotspotX=7.0, hotspotY=6.0)
02:51:04.239 [FXGL Background Thread 3 ] DEBUG Engine               - devBBoxColorProperty: ObjectProperty [value: 0xff0000ff]
02:51:04.239 [FXGL Background Thread 3 ] DEBUG Engine               - devEnableDebugCameraProperty: BooleanProperty [value: false]
02:51:04.239 [FXGL Background Thread 3 ] DEBUG Engine               - devSensorColorProperty: ObjectProperty [value: 0xffff00ff]
02:51:04.239 [FXGL Background Thread 3 ] DEBUG Engine               - devShowBBoxProperty: BooleanProperty [value: false]
02:51:04.240 [FXGL Background Thread 3 ] DEBUG Engine               - devShowPositionProperty: BooleanProperty [value: false]
02:51:04.240 [FXGL Background Thread 3 ] DEBUG Engine               - enabledMenuItems: []
02:51:04.240 [FXGL Background Thread 3 ] DEBUG Engine               - engineServices: [class com.almasb.fxgl.app.services.FXGLAssetLoaderService, class com.almasb.fxgl.app.FXGLApplication$GameApplicationService, class com.almasb.fxgl.app.services.FXGLDialogService, class com.almasb.fxgl.app.services.IOTaskExecutorService, class com.almasb.fxgl.io.FileSystemService, class com.almasb.fxgl.localization.LocalizationService, class com.almasb.fxgl.app.services.SystemBundleService, class com.almasb.fxgl.profile.SaveLoadService, class com.almasb.fxgl.ui.FXGLUIFactoryServiceProvider, class com.almasb.fxgl.ui.FXGLDialogFactoryServiceProvider, class com.almasb.fxgl.audio.AudioPlayer, class com.almasb.fxgl.notification.impl.NotificationServiceProvider, class com.almasb.fxgl.achievement.AchievementService, class com.almasb.fxgl.cutscene.CutsceneService, class com.almasb.fxgl.minigames.MiniGameService, class com.almasb.fxgl.net.NetService, class com.almasb.fxgl.app.services.UpdaterService, class com.almasb.fxgl.dev.DevService]
02:51:04.240 [FXGL Background Thread 3 ] DEBUG Engine               - fontGame: Abel-Regular.ttf
02:51:04.240 [FXGL Background Thread 3 ] DEBUG Engine               - fontMono: TerminalLandMono-Regular.otf
02:51:04.240 [FXGL Background Thread 3 ] DEBUG Engine               - fontSizeScaleUI: 1.0
02:51:04.240 [FXGL Background Thread 3 ] DEBUG Engine               - fontText: Courier-Prime.ttf
02:51:04.240 [FXGL Background Thread 3 ] DEBUG Engine               - fontUI: VarelaRound-Regular.ttf
02:51:04.240 [FXGL Background Thread 3 ] DEBUG Engine               - fullScreen: BooleanProperty [value: false]
02:51:04.240 [FXGL Background Thread 3 ] DEBUG Engine               - gameDifficulty: MEDIUM
02:51:04.240 [FXGL Background Thread 3 ] DEBUG Engine               - gameDifficultyProperty: ObjectProperty [value: MEDIUM]
02:51:04.240 [FXGL Background Thread 3 ] DEBUG Engine               - globalMusicVolume: 0.5
02:51:04.240 [FXGL Background Thread 3 ] DEBUG Engine               - globalMusicVolumeProperty: DoubleProperty [value: 0.5]
02:51:04.240 [FXGL Background Thread 3 ] DEBUG Engine               - globalSoundVolume: 0.5
02:51:04.240 [FXGL Background Thread 3 ] DEBUG Engine               - globalSoundVolumeProperty: DoubleProperty [value: 0.5]
02:51:04.240 [FXGL Background Thread 3 ] DEBUG Engine               - height: 720
02:51:04.240 [FXGL Background Thread 3 ] DEBUG Engine               - is3D: false
02:51:04.240 [FXGL Background Thread 3 ] DEBUG Engine               - isAndroid: false
02:51:04.241 [FXGL Background Thread 3 ] DEBUG Engine               - isBrowser: false
02:51:04.241 [FXGL Background Thread 3 ] DEBUG Engine               - isClickFeedbackEnabled: false
02:51:04.241 [FXGL Background Thread 3 ] DEBUG Engine               - isCloseConfirmation: false
02:51:04.241 [FXGL Background Thread 3 ] DEBUG Engine               - isDesktop: true
02:51:04.241 [FXGL Background Thread 3 ] DEBUG Engine               - isDeveloperMenuEnabled: false
02:51:04.241 [FXGL Background Thread 3 ] DEBUG Engine               - isEmbedded: false
02:51:04.241 [FXGL Background Thread 3 ] DEBUG Engine               - isEntityPreloadEnabled: true
02:51:04.241 [FXGL Background Thread 3 ] DEBUG Engine               - isExperimentalTiledLargeMap: false
02:51:04.241 [FXGL Background Thread 3 ] DEBUG Engine               - isFileSystemWriteAllowed: true
02:51:04.241 [FXGL Background Thread 3 ] DEBUG Engine               - isFullScreenAllowed: true
02:51:04.241 [FXGL Background Thread 3 ] DEBUG Engine               - isFullScreenFromStart: false
02:51:04.241 [FXGL Background Thread 3 ] DEBUG Engine               - isGameMenuEnabled: true
02:51:04.241 [FXGL Background Thread 3 ] DEBUG Engine               - isIOS: false
02:51:04.241 [FXGL Background Thread 3 ] DEBUG Engine               - isIntroEnabled: false
02:51:04.241 [FXGL Background Thread 3 ] DEBUG Engine               - isLinux: false
02:51:04.241 [FXGL Background Thread 3 ] DEBUG Engine               - isMac: false
02:51:04.241 [FXGL Background Thread 3 ] DEBUG Engine               - isMainMenuEnabled: true
02:51:04.241 [FXGL Background Thread 3 ] DEBUG Engine               - isManualResizeEnabled: false
02:51:04.242 [FXGL Background Thread 3 ] DEBUG Engine               - isMobile: false
02:51:04.242 [FXGL Background Thread 3 ] DEBUG Engine               - isNative: false
02:51:04.242 [FXGL Background Thread 3 ] DEBUG Engine               - isPauseMusicWhenMinimized: true
02:51:04.242 [FXGL Background Thread 3 ] DEBUG Engine               - isPreserveResizeRatio: false
02:51:04.242 [FXGL Background Thread 3 ] DEBUG Engine               - isProfilingEnabled: false
02:51:04.242 [FXGL Background Thread 3 ] DEBUG Engine               - isScaleAffectedOnResize: true
02:51:04.242 [FXGL Background Thread 3 ] DEBUG Engine               - isSingleStep: false
02:51:04.242 [FXGL Background Thread 3 ] DEBUG Engine               - isUserProfileEnabled: false
02:51:04.242 [FXGL Background Thread 3 ] DEBUG Engine               - isWindows: true
02:51:04.242 [FXGL Background Thread 3 ] DEBUG Engine               - language: ObjectProperty [value: ENGLISH]
02:51:04.242 [FXGL Background Thread 3 ] DEBUG Engine               - menuKey: ESCAPE
02:51:04.242 [FXGL Background Thread 3 ] DEBUG Engine               - mouseSensitivity: 0.2
02:51:04.242 [FXGL Background Thread 3 ] DEBUG Engine               - notificationViewClass: class com.almasb.fxgl.notification.view.XboxNotificationView
02:51:04.242 [FXGL Background Thread 3 ] DEBUG Engine               - pixelsPerMeter: 50.0
02:51:04.242 [FXGL Background Thread 3 ] DEBUG Engine               - platform: WINDOWS
02:51:04.242 [FXGL Background Thread 3 ] DEBUG Engine               - prefHeightProperty: ReadOnlyDoubleProperty [value: 720.0]
02:51:04.242 [FXGL Background Thread 3 ] DEBUG Engine               - prefWidthProperty: ReadOnlyDoubleProperty [value: 1280.0]
02:51:04.242 [FXGL Background Thread 3 ] DEBUG Engine               - profileDir: profiles/
02:51:04.242 [FXGL Background Thread 3 ] DEBUG Engine               - profileName: StringProperty [value: DEFAULT]
02:51:04.242 [FXGL Background Thread 3 ] DEBUG Engine               - randomSeed: -1
02:51:04.243 [FXGL Background Thread 3 ] DEBUG Engine               - runtimeInfo: RuntimeInfo(platform=WINDOWS, version=21.1, build=27.03.2024 07.52)
02:51:04.243 [FXGL Background Thread 3 ] DEBUG Engine               - saveFileExt: sav
02:51:04.243 [FXGL Background Thread 3 ] DEBUG Engine               - scaledHeightProp$fxgl: DoubleProperty [bound, value: 720.0]
02:51:04.243 [FXGL Background Thread 3 ] DEBUG Engine               - scaledWidthProp$fxgl: DoubleProperty [bound, value: 1280.0]
02:51:04.243 [FXGL Background Thread 3 ] DEBUG Engine               - sceneFactory: com.aen.spaceship_fights.MySceneFactory@70b0633a
02:51:04.243 [FXGL Background Thread 3 ] DEBUG Engine               - secondsIn24h: 60
02:51:04.243 [FXGL Background Thread 3 ] DEBUG Engine               - soundMenuBack: menu/back.wav
02:51:04.243 [FXGL Background Thread 3 ] DEBUG Engine               - soundMenuPress: menu/press.wav
02:51:04.243 [FXGL Background Thread 3 ] DEBUG Engine               - soundMenuSelect: menu/select.wav
02:51:04.243 [FXGL Background Thread 3 ] DEBUG Engine               - soundNotification: core/notification.wav
02:51:04.243 [FXGL Background Thread 3 ] DEBUG Engine               - stageStyle: DECORATED
02:51:04.243 [FXGL Background Thread 3 ] DEBUG Engine               - supportedLanguages: [ENGLISH, FRENCH, GERMAN, HUNGARIAN, RUSSIAN]
02:51:04.243 [FXGL Background Thread 3 ] DEBUG Engine               - ticksPerSecond: -1
02:51:04.243 [FXGL Background Thread 3 ] DEBUG Engine               - title: Shooter
02:51:04.243 [FXGL Background Thread 3 ] DEBUG Engine               - urlGithub: https://github.com/AlmasB/FXGL
02:51:04.243 [FXGL Background Thread 3 ] DEBUG Engine               - urlLeaderboard: http://fxgl-top.herokuapp.com/
02:51:04.243 [FXGL Background Thread 3 ] DEBUG Engine               - urlPOM: https://raw.githubusercontent.com/AlmasB/FXGL/release/README.md
02:51:04.243 [FXGL Background Thread 3 ] DEBUG Engine               - userAppClass: class com.aen.spaceship_fights.SpaceShipFightsApp
02:51:04.243 [FXGL Background Thread 3 ] DEBUG Engine               - version: 0.1
02:51:04.243 [FXGL Background Thread 3 ] DEBUG Engine               - versionCheckDays: 7
02:51:04.243 [FXGL Background Thread 3 ] DEBUG Engine               - width: 1280
02:51:04.243 [FXGL Background Thread 3 ] DEBUG Engine               - Logging services
02:51:04.243 [FXGL Background Thread 3 ] DEBUG Engine               - class com.almasb.fxgl.app.services.FXGLAssetLoaderService
02:51:04.243 [FXGL Background Thread 3 ] DEBUG Engine               - class com.almasb.fxgl.app.FXGLApplication$GameApplicationService
02:51:04.244 [FXGL Background Thread 3 ] DEBUG Engine               - class com.almasb.fxgl.app.services.FXGLDialogService
02:51:04.244 [FXGL Background Thread 3 ] DEBUG Engine               - class com.almasb.fxgl.app.services.IOTaskExecutorService
02:51:04.244 [FXGL Background Thread 3 ] DEBUG Engine               - class com.almasb.fxgl.io.FileSystemService
02:51:04.244 [FXGL Background Thread 3 ] DEBUG Engine               - class com.almasb.fxgl.localization.LocalizationService
02:51:04.244 [FXGL Background Thread 3 ] DEBUG Engine               - class com.almasb.fxgl.app.services.SystemBundleService
02:51:04.244 [FXGL Background Thread 3 ] DEBUG Engine               - class com.almasb.fxgl.profile.SaveLoadService
02:51:04.244 [FXGL Background Thread 3 ] DEBUG Engine               - class com.almasb.fxgl.ui.FXGLUIFactoryServiceProvider
02:51:04.244 [FXGL Background Thread 3 ] DEBUG Engine               - class com.almasb.fxgl.ui.FXGLDialogFactoryServiceProvider
02:51:04.244 [FXGL Background Thread 3 ] DEBUG Engine               - class com.almasb.fxgl.audio.AudioPlayer
02:51:04.244 [FXGL Background Thread 3 ] DEBUG Engine               - class com.almasb.fxgl.notification.impl.NotificationServiceProvider
02:51:04.244 [FXGL Background Thread 3 ] DEBUG Engine               - class com.almasb.fxgl.achievement.AchievementService
02:51:04.244 [FXGL Background Thread 3 ] DEBUG Engine               - class com.almasb.fxgl.cutscene.CutsceneService
02:51:04.244 [FXGL Background Thread 3 ] DEBUG Engine               - class com.almasb.fxgl.minigames.MiniGameService
02:51:04.244 [FXGL Background Thread 3 ] DEBUG Engine               - class com.almasb.fxgl.net.NetService
02:51:04.244 [FXGL Background Thread 3 ] DEBUG Engine               - class com.almasb.fxgl.app.services.UpdaterService
02:51:04.244 [FXGL Background Thread 3 ] DEBUG Engine               - class com.almasb.fxgl.dev.DevService
02:54:21.181 [JavaFX Application Thread] DEBUG FXGLApplication      - Exiting FXGL
02:54:21.181 [JavaFX Application Thread] DEBUG LoopRunner           - Stopping loop
02:54:21.182 [JavaFX Application Thread] DEBUG SystemBundleService  - Saving FXGL system data
02:54:21.183 [JavaFX Application Thread] DEBUG FileSystemAccess     - Writing to: C:\Users\pc\Desktop\Java\GameEngines\Asteriods\system\fxgl.bundle
02:54:21.183 [JavaFX Application Thread] DEBUG Async                - Shutting down background threads
02:54:21.183 [JavaFX Application Thread] DEBUG PrimaryStageWindow   - Closing main window
02:54:21.203 [JavaFX Application Thread] DEBUG Logger               - Closing Logger
