22:02:48.819 [main                     ] DEBUG Logger               - Configured Logger
22:02:48.842 [main                     ] DEBUG GameApplication      - Logging settings
Title: Shooter
Version: 0.1
Width: 1280
Height: 720
Fullscreen: true
Intro: false
Profiling: false
Single step:false
App Mode: DEVELOPER
Menu Key: ESCAPE
Stage Style: DECORATED
Scene Factory: class com.aen.spaceship_fights.MySceneFactory

22:02:49.533 [JavaFX Application Thread] DEBUG FXGLApplication      - Initializing FXGL
22:02:49.538 [JavaFX Application Thread] INFO  Engine               - FXGL-21.1 (27.03.2024 07.52) on WINDOWS (J:22.0.2 FX:22.0.1)
22:02:49.539 [JavaFX Application Thread] DEBUG Engine               - JRE Vendor Name: Oracle Corporation
22:02:49.539 [JavaFX Application Thread] DEBUG Engine               - Running on OS: Windows 11 version 10.0
22:02:49.539 [JavaFX Application Thread] DEBUG Engine               - Architecture: amd64
22:02:49.539 [JavaFX Application Thread] INFO  Engine               - Source code and latest versions at: https://github.com/AlmasB/FXGL
22:02:49.539 [JavaFX Application Thread] INFO  Engine               -       Ask questions and discuss at: https://github.com/AlmasB/FXGL/discussions
22:02:49.539 [JavaFX Application Thread] INFO  Engine               -              Join the FXGL chat at: https://gitter.im/AlmasB/FXGL
22:02:49.670 [JavaFX Application Thread] DEBUG PrimaryStageWindow   - Creating a JavaFX scene
22:02:49.722 [JavaFX Application Thread] DEBUG PrimaryStageWindow   - Target settings size: 1280.0 x 720.0
22:02:49.722 [JavaFX Application Thread] DEBUG PrimaryStageWindow   - Scaled scene size:    1280.0 x 720.0
22:02:49.722 [JavaFX Application Thread] DEBUG PrimaryStageWindow   - Scaled ratio: (1.0, 1.0)
22:02:49.723 [JavaFX Application Thread] DEBUG PrimaryStageWindow   - Set initial scene to FXGLStartupScene
22:02:49.727 [JavaFX Application Thread] DEBUG PrimaryStageWindow   - Opening main window
22:02:50.287 [JavaFX Application Thread] DEBUG PrimaryStageWindow   - Window border size: (16.0, 39.0)
22:02:50.288 [JavaFX Application Thread] DEBUG PrimaryStageWindow   - Scaled size: 1280.0 x 720.0
22:02:50.288 [JavaFX Application Thread] DEBUG PrimaryStageWindow   - Scaled ratio: (1.0, 1.0)
22:02:50.288 [JavaFX Application Thread] DEBUG PrimaryStageWindow   - Scene size: 1280.0 x 720.0
22:02:50.288 [JavaFX Application Thread] DEBUG PrimaryStageWindow   - Stage size: 1296.0 x 759.0
22:02:50.294 [FXGL Background Thread 1 ] DEBUG Engine               - Initializing environment variables
22:02:50.374 [FXGL Background Thread 1 ] DEBUG FXGLAssetLoaderServi - User app class for loading assets: class com.aen.spaceship_fights.SpaceShipFightsApp
22:02:50.375 [FXGL Background Thread 1 ] DEBUG GameApplicationServi - Applying CSS: fxgl_dark.css
22:02:50.376 [FXGL Background Thread 1 ] DEBUG FXGLAssetLoaderServi - Loading from file system: jar:file:/C:/Users/pc/.m2/repository/com/github/almasb/fxgl/21.1/fxgl-21.1.jar!/fxglassets/ui/css/fxgl_dark.css
22:02:50.469 [FXGL Background Thread 1 ] DEBUG GameApplicationServi - Initializing application scenes
22:02:50.707 [FXGL Background Thread 1 ] DEBUG GameWorld            - Game world initialized
22:02:50.758 [FXGL Background Thread 1 ] DEBUG PhysicsWorld         - Physics world initialized: appHeight=720, physics.ppm=50.0
22:02:50.758 [FXGL Background Thread 1 ] DEBUG PhysicsWorld         - Using strategy: BRUTE_FORCE
22:02:50.761 [FXGL Background Thread 1 ] DEBUG GameScene            - Game scene initialized: 1280x720
22:02:50.860 [FXGL Background Thread 1 ] DEBUG GameApplicationServi - Application scenes initialized
22:02:50.873 [FXGL Background Thread 1 ] DEBUG SystemBundleService  - Loading FXGL system data
22:02:50.874 [FXGL Background Thread 1 ] DEBUG FileSystemAccess     - Reading from: C:\Users\pc\Desktop\Java\GameEngines\Asteriods\system\fxgl.bundle
22:02:50.877 [FXGL Background Thread 1 ] DEBUG SystemBundleService  - Bundle FXGL: {}
22:02:50.877 [FXGL Background Thread 1 ] DEBUG UpdaterService       - Checking for updates
22:02:50.879 [FXGL Background Thread 4 ] DEBUG FXGLApplication      - Loading fonts
22:02:50.880 [FXGL Background Thread 4 ] DEBUG FXGLAssetLoaderServi - Loading from file system: jar:file:/C:/Users/pc/.m2/repository/com/github/almasb/fxgl/21.1/fxgl-21.1.jar!/fxglassets/ui/fonts/VarelaRound-Regular.ttf
22:02:50.880 [FXGL Background Thread 1 ] DEBUG FXGLApplication      - Loading default localization
22:02:50.882 [FXGL Background Thread 1 ] DEBUG FXGLAssetLoaderServi - Loading from file system: jar:file:/C:/Users/pc/.m2/repository/com/github/almasb/fxgl/21.1/fxgl-21.1.jar!/fxglassets/languages/english.lang
22:02:50.885 [FXGL Background Thread 4 ] DEBUG FXGLAssetLoaderServi - Loading from file system: jar:file:/C:/Users/pc/.m2/repository/com/github/almasb/fxgl/21.1/fxgl-21.1.jar!/fxglassets/ui/fonts/Abel-Regular.ttf
22:02:50.890 [FXGL Background Thread 4 ] DEBUG FXGLAssetLoaderServi - Loading from file system: jar:file:/C:/Users/pc/.m2/repository/com/github/almasb/fxgl/21.1/fxgl-21.1.jar!/fxglassets/ui/fonts/TerminalLandMono-Regular.otf
22:02:50.895 [FXGL Background Thread 4 ] DEBUG FXGLAssetLoaderServi - Loading from file system: jar:file:/C:/Users/pc/.m2/repository/com/github/almasb/fxgl/21.1/fxgl-21.1.jar!/fxglassets/ui/fonts/Courier-Prime.ttf
22:02:50.905 [JavaFX Application Thread] DEBUG FXGLApplication      - Registering font factories with UI factory
22:02:50.936 [FXGL Background Thread 1 ] INFO  FXGLApplication      - FXGL initialization took: 0.641 sec
22:02:50.951 [JavaFX Application Thread] DEBUG Input                - Registered new binding: action0 - A
22:02:50.952 [JavaFX Application Thread] DEBUG Input                - Registered new binding: action1 - D
22:02:50.953 [JavaFX Application Thread] DEBUG Input                - Registered new binding: action2 - W
22:02:50.954 [JavaFX Application Thread] DEBUG Input                - Registered new binding: action3 - F
22:02:50.954 [JavaFX Application Thread] DEBUG Input                - Registered new binding: action4 - P
22:02:50.955 [JavaFX Application Thread] DEBUG Input                - Registered new binding: action5 - R
22:02:50.955 [JavaFX Application Thread] DEBUG Input                - Registered new binding: action6 - M
22:02:50.955 [JavaFX Application Thread] DEBUG FXGLAssetLoaderServi - Loading from file system: jar:file:/C:/Users/pc/.m2/repository/com/github/almasb/fxgl/21.1/fxgl-21.1.jar!/fxglassets/textures/fxgl_icon.png
22:02:51.005 [JavaFX Application Thread] DEBUG FXGLAssetLoaderServi - Loading from file system: jar:file:/C:/Users/pc/.m2/repository/com/github/almasb/fxgl/21.1/fxgl-21.1.jar!/fxglassets/textures/fxgl_default_cursor.png
22:02:51.010 [JavaFX Application Thread] DEBUG Input                - Registered new binding: Screenshot - CTRL+8
22:02:51.011 [JavaFX Application Thread] DEBUG Input                - Registered new binding: System info dump - CTRL+9
22:02:51.012 [JavaFX Application Thread] DEBUG Input                - Registered new binding: Restart - CTRL+R
22:02:51.014 [JavaFX Application Thread] DEBUG Input                - Registered new binding: Toggle Debug Camera - CTRL+7
22:02:51.026 [JavaFX Application Thread] DEBUG LoopRunner           - Starting loop
22:02:51.026 [JavaFX Application Thread] DEBUG LoopRunner           - Initializing JavaFX AnimationTimerLoop
22:02:51.034 [JavaFX Application Thread] DEBUG Input                - Clearing active input actions
22:02:51.046 [JavaFX Application Thread] DEBUG GameApplicationServi - Removing overlay from FXGLStartupScene and adding to FXGLMainMenuDummyScene
22:02:51.050 [JavaFX Application Thread] DEBUG PrimaryStageWindow   - FXGLStartupScene -> FXGLMainMenuDummyScene
22:02:51.050 [JavaFX Application Thread] DEBUG PrimaryStageWindow   - Push state: MainMenu
22:02:51.053 [JavaFX Application Thread] DEBUG Input                - Clearing active input actions
22:02:51.067 [JavaFX Application Thread] DEBUG GameApplicationServi - Removing overlay from FXGLMainMenuDummyScene and adding to MainMenu
22:02:51.068 [JavaFX Application Thread] DEBUG PrimaryStageWindow   - FXGLMainMenuDummyScene -> MainMenu
22:02:53.879 [FXGL Background Thread 3 ] DEBUG Engine               - Logging environment variables
22:02:53.880 [FXGL Background Thread 3 ] DEBUG Engine               - achievements: []
22:02:53.880 [FXGL Background Thread 3 ] DEBUG Engine               - actualHeight: 720.0
22:02:53.881 [FXGL Background Thread 3 ] DEBUG Engine               - actualHeightProperty: ReadOnlyDoubleProperty [value: 720.0]
22:02:53.881 [FXGL Background Thread 3 ] DEBUG Engine               - actualWidth: 1280.0
22:02:53.881 [FXGL Background Thread 3 ] DEBUG Engine               - actualWidthProperty: ReadOnlyDoubleProperty [value: 1280.0]
22:02:53.881 [FXGL Background Thread 3 ] DEBUG Engine               - appIcon: fxgl_icon.png
22:02:53.881 [FXGL Background Thread 3 ] DEBUG Engine               - applicationMode: DEVELOPER
22:02:53.881 [FXGL Background Thread 3 ] DEBUG Engine               - cSSList: [fxgl_dark.css]
22:02:53.881 [FXGL Background Thread 3 ] DEBUG Engine               - collisionDetectionStrategy: BRUTE_FORCE
22:02:53.882 [FXGL Background Thread 3 ] DEBUG Engine               - configClass: Optional.empty
22:02:53.882 [FXGL Background Thread 3 ] DEBUG Engine               - credits: [Nyirenda Amos, Ouedraogo Luther Arthur, Magne Lidivine Merveille]
22:02:53.885 [FXGL Background Thread 3 ] DEBUG Engine               - defaultCursor: CursorInfo(imageName=fxgl_default_cursor.png, hotspotX=7.0, hotspotY=6.0)
22:02:53.885 [FXGL Background Thread 3 ] DEBUG Engine               - devBBoxColorProperty: ObjectProperty [value: 0xff0000ff]
22:02:53.886 [FXGL Background Thread 3 ] DEBUG Engine               - devEnableDebugCameraProperty: BooleanProperty [value: false]
22:02:53.886 [FXGL Background Thread 3 ] DEBUG Engine               - devSensorColorProperty: ObjectProperty [value: 0xffff00ff]
22:02:53.886 [FXGL Background Thread 3 ] DEBUG Engine               - devShowBBoxProperty: BooleanProperty [value: false]
22:02:53.886 [FXGL Background Thread 3 ] DEBUG Engine               - devShowPositionProperty: BooleanProperty [value: false]
22:02:53.886 [FXGL Background Thread 3 ] DEBUG Engine               - enabledMenuItems: []
22:02:53.887 [FXGL Background Thread 3 ] DEBUG Engine               - engineServices: [class com.almasb.fxgl.app.services.FXGLAssetLoaderService, class com.almasb.fxgl.app.FXGLApplication$GameApplicationService, class com.almasb.fxgl.app.services.FXGLDialogService, class com.almasb.fxgl.app.services.IOTaskExecutorService, class com.almasb.fxgl.io.FileSystemService, class com.almasb.fxgl.localization.LocalizationService, class com.almasb.fxgl.app.services.SystemBundleService, class com.almasb.fxgl.profile.SaveLoadService, class com.almasb.fxgl.ui.FXGLUIFactoryServiceProvider, class com.almasb.fxgl.ui.FXGLDialogFactoryServiceProvider, class com.almasb.fxgl.audio.AudioPlayer, class com.almasb.fxgl.notification.impl.NotificationServiceProvider, class com.almasb.fxgl.achievement.AchievementService, class com.almasb.fxgl.cutscene.CutsceneService, class com.almasb.fxgl.minigames.MiniGameService, class com.almasb.fxgl.net.NetService, class com.almasb.fxgl.app.services.UpdaterService, class com.almasb.fxgl.dev.DevService]
22:02:53.887 [FXGL Background Thread 3 ] DEBUG Engine               - fontGame: Abel-Regular.ttf
22:02:53.887 [FXGL Background Thread 3 ] DEBUG Engine               - fontMono: TerminalLandMono-Regular.otf
22:02:53.887 [FXGL Background Thread 3 ] DEBUG Engine               - fontSizeScaleUI: 1.0
22:02:53.887 [FXGL Background Thread 3 ] DEBUG Engine               - fontText: Courier-Prime.ttf
22:02:53.887 [FXGL Background Thread 3 ] DEBUG Engine               - fontUI: VarelaRound-Regular.ttf
22:02:53.887 [FXGL Background Thread 3 ] DEBUG Engine               - fullScreen: BooleanProperty [value: false]
22:02:53.888 [FXGL Background Thread 3 ] DEBUG Engine               - gameDifficulty: MEDIUM
22:02:53.888 [FXGL Background Thread 3 ] DEBUG Engine               - gameDifficultyProperty: ObjectProperty [value: MEDIUM]
22:02:53.888 [FXGL Background Thread 3 ] DEBUG Engine               - globalMusicVolume: 0.5
22:02:53.888 [FXGL Background Thread 3 ] DEBUG Engine               - globalMusicVolumeProperty: DoubleProperty [value: 0.5]
22:02:53.888 [FXGL Background Thread 3 ] DEBUG Engine               - globalSoundVolume: 0.5
22:02:53.888 [FXGL Background Thread 3 ] DEBUG Engine               - globalSoundVolumeProperty: DoubleProperty [value: 0.5]
22:02:53.888 [FXGL Background Thread 3 ] DEBUG Engine               - height: 720
22:02:53.888 [FXGL Background Thread 3 ] DEBUG Engine               - is3D: false
22:02:53.888 [FXGL Background Thread 3 ] DEBUG Engine               - isAndroid: false
22:02:53.888 [FXGL Background Thread 3 ] DEBUG Engine               - isBrowser: false
22:02:53.888 [FXGL Background Thread 3 ] DEBUG Engine               - isClickFeedbackEnabled: false
22:02:53.890 [FXGL Background Thread 3 ] DEBUG Engine               - isCloseConfirmation: false
22:02:53.890 [FXGL Background Thread 3 ] DEBUG Engine               - isDesktop: true
22:02:53.890 [FXGL Background Thread 3 ] DEBUG Engine               - isDeveloperMenuEnabled: false
22:02:53.890 [FXGL Background Thread 3 ] DEBUG Engine               - isEmbedded: false
22:02:53.890 [FXGL Background Thread 3 ] DEBUG Engine               - isEntityPreloadEnabled: true
22:02:53.890 [FXGL Background Thread 3 ] DEBUG Engine               - isExperimentalTiledLargeMap: false
22:02:53.890 [FXGL Background Thread 3 ] DEBUG Engine               - isFileSystemWriteAllowed: true
22:02:53.890 [FXGL Background Thread 3 ] DEBUG Engine               - isFullScreenAllowed: true
22:02:53.890 [FXGL Background Thread 3 ] DEBUG Engine               - isFullScreenFromStart: false
22:02:53.891 [FXGL Background Thread 3 ] DEBUG Engine               - isGameMenuEnabled: true
22:02:53.891 [FXGL Background Thread 3 ] DEBUG Engine               - isIOS: false
22:02:53.891 [FXGL Background Thread 3 ] DEBUG Engine               - isIntroEnabled: false
22:02:53.891 [FXGL Background Thread 3 ] DEBUG Engine               - isLinux: false
22:02:53.891 [FXGL Background Thread 3 ] DEBUG Engine               - isMac: false
22:02:53.891 [FXGL Background Thread 3 ] DEBUG Engine               - isMainMenuEnabled: true
22:02:53.892 [FXGL Background Thread 3 ] DEBUG Engine               - isManualResizeEnabled: false
22:02:53.892 [FXGL Background Thread 3 ] DEBUG Engine               - isMobile: false
22:02:53.892 [FXGL Background Thread 3 ] DEBUG Engine               - isNative: false
22:02:53.893 [FXGL Background Thread 3 ] DEBUG Engine               - isPauseMusicWhenMinimized: true
22:02:53.893 [FXGL Background Thread 3 ] DEBUG Engine               - isPreserveResizeRatio: false
22:02:53.893 [FXGL Background Thread 3 ] DEBUG Engine               - isProfilingEnabled: false
22:02:53.893 [FXGL Background Thread 3 ] DEBUG Engine               - isScaleAffectedOnResize: true
22:02:53.893 [FXGL Background Thread 3 ] DEBUG Engine               - isSingleStep: false
22:02:53.893 [FXGL Background Thread 3 ] DEBUG Engine               - isUserProfileEnabled: false
22:02:53.893 [FXGL Background Thread 3 ] DEBUG Engine               - isWindows: true
22:02:53.893 [FXGL Background Thread 3 ] DEBUG Engine               - language: ObjectProperty [value: ENGLISH]
22:02:53.894 [FXGL Background Thread 3 ] DEBUG Engine               - menuKey: ESCAPE
22:02:53.894 [FXGL Background Thread 3 ] DEBUG Engine               - mouseSensitivity: 0.2
22:02:53.894 [FXGL Background Thread 3 ] DEBUG Engine               - notificationViewClass: class com.almasb.fxgl.notification.view.XboxNotificationView
22:02:53.894 [FXGL Background Thread 3 ] DEBUG Engine               - pixelsPerMeter: 50.0
22:02:53.895 [FXGL Background Thread 3 ] DEBUG Engine               - platform: WINDOWS
22:02:53.895 [FXGL Background Thread 3 ] DEBUG Engine               - prefHeightProperty: ReadOnlyDoubleProperty [value: 720.0]
22:02:53.895 [FXGL Background Thread 3 ] DEBUG Engine               - prefWidthProperty: ReadOnlyDoubleProperty [value: 1280.0]
22:02:53.896 [FXGL Background Thread 3 ] DEBUG Engine               - profileDir: profiles/
22:02:53.896 [FXGL Background Thread 3 ] DEBUG Engine               - profileName: StringProperty [value: DEFAULT]
22:02:53.896 [FXGL Background Thread 3 ] DEBUG Engine               - randomSeed: -1
22:02:53.897 [FXGL Background Thread 3 ] DEBUG Engine               - runtimeInfo: RuntimeInfo(platform=WINDOWS, version=21.1, build=27.03.2024 07.52)
22:02:53.899 [FXGL Background Thread 3 ] DEBUG Engine               - saveFileExt: sav
22:02:53.899 [FXGL Background Thread 3 ] DEBUG Engine               - scaledHeightProp$fxgl: DoubleProperty [bound, value: 720.0]
22:02:53.899 [FXGL Background Thread 3 ] DEBUG Engine               - scaledWidthProp$fxgl: DoubleProperty [bound, value: 1280.0]
22:02:53.899 [FXGL Background Thread 3 ] DEBUG Engine               - sceneFactory: com.aen.spaceship_fights.MySceneFactory@c4fc9c2
22:02:53.900 [FXGL Background Thread 3 ] DEBUG Engine               - secondsIn24h: 60
22:02:53.900 [FXGL Background Thread 3 ] DEBUG Engine               - soundMenuBack: menu/back.wav
22:02:53.900 [FXGL Background Thread 3 ] DEBUG Engine               - soundMenuPress: menu/press.wav
22:02:53.900 [FXGL Background Thread 3 ] DEBUG Engine               - soundMenuSelect: menu/select.wav
22:02:53.900 [FXGL Background Thread 3 ] DEBUG Engine               - soundNotification: core/notification.wav
22:02:53.900 [FXGL Background Thread 3 ] DEBUG Engine               - stageStyle: DECORATED
22:02:53.900 [FXGL Background Thread 3 ] DEBUG Engine               - supportedLanguages: [ENGLISH, FRENCH, GERMAN, HUNGARIAN, RUSSIAN]
22:02:53.900 [FXGL Background Thread 3 ] DEBUG Engine               - ticksPerSecond: -1
22:02:53.900 [FXGL Background Thread 3 ] DEBUG Engine               - title: Shooter
22:02:53.900 [FXGL Background Thread 3 ] DEBUG Engine               - urlGithub: https://github.com/AlmasB/FXGL
22:02:53.900 [FXGL Background Thread 3 ] DEBUG Engine               - urlLeaderboard: http://fxgl-top.herokuapp.com/
22:02:53.901 [FXGL Background Thread 3 ] DEBUG Engine               - urlPOM: https://raw.githubusercontent.com/AlmasB/FXGL/release/README.md
22:02:53.901 [FXGL Background Thread 3 ] DEBUG Engine               - userAppClass: class com.aen.spaceship_fights.SpaceShipFightsApp
22:02:53.901 [FXGL Background Thread 3 ] DEBUG Engine               - version: 0.1
22:02:53.901 [FXGL Background Thread 3 ] DEBUG Engine               - versionCheckDays: 7
22:02:53.901 [FXGL Background Thread 3 ] DEBUG Engine               - width: 1280
22:02:53.901 [FXGL Background Thread 3 ] DEBUG Engine               - Logging services
22:02:53.901 [FXGL Background Thread 3 ] DEBUG Engine               - class com.almasb.fxgl.app.services.FXGLAssetLoaderService
22:02:53.901 [FXGL Background Thread 3 ] DEBUG Engine               - class com.almasb.fxgl.app.FXGLApplication$GameApplicationService
22:02:53.902 [FXGL Background Thread 3 ] DEBUG Engine               - class com.almasb.fxgl.app.services.FXGLDialogService
22:02:53.902 [FXGL Background Thread 3 ] DEBUG Engine               - class com.almasb.fxgl.app.services.IOTaskExecutorService
22:02:53.902 [FXGL Background Thread 3 ] DEBUG Engine               - class com.almasb.fxgl.io.FileSystemService
22:02:53.902 [FXGL Background Thread 3 ] DEBUG Engine               - class com.almasb.fxgl.localization.LocalizationService
22:02:53.902 [FXGL Background Thread 3 ] DEBUG Engine               - class com.almasb.fxgl.app.services.SystemBundleService
22:02:53.903 [FXGL Background Thread 3 ] DEBUG Engine               - class com.almasb.fxgl.profile.SaveLoadService
22:02:53.904 [FXGL Background Thread 3 ] DEBUG Engine               - class com.almasb.fxgl.ui.FXGLUIFactoryServiceProvider
22:02:53.904 [FXGL Background Thread 3 ] DEBUG Engine               - class com.almasb.fxgl.ui.FXGLDialogFactoryServiceProvider
22:02:53.904 [FXGL Background Thread 3 ] DEBUG Engine               - class com.almasb.fxgl.audio.AudioPlayer
22:02:53.904 [FXGL Background Thread 3 ] DEBUG Engine               - class com.almasb.fxgl.notification.impl.NotificationServiceProvider
22:02:53.904 [FXGL Background Thread 3 ] DEBUG Engine               - class com.almasb.fxgl.achievement.AchievementService
22:02:53.905 [FXGL Background Thread 3 ] DEBUG Engine               - class com.almasb.fxgl.cutscene.CutsceneService
22:02:53.905 [FXGL Background Thread 3 ] DEBUG Engine               - class com.almasb.fxgl.minigames.MiniGameService
22:02:53.905 [FXGL Background Thread 3 ] DEBUG Engine               - class com.almasb.fxgl.net.NetService
22:02:53.905 [FXGL Background Thread 3 ] DEBUG Engine               - class com.almasb.fxgl.app.services.UpdaterService
22:02:53.905 [FXGL Background Thread 3 ] DEBUG Engine               - class com.almasb.fxgl.dev.DevService
22:04:42.829 [JavaFX Application Thread] DEBUG Menu                 - fireNewGame()
22:04:42.829 [JavaFX Application Thread] DEBUG GameApplicationServi - Starting new game
22:04:42.829 [JavaFX Application Thread] DEBUG PrimaryStageWindow   - Pop state: MainMenu
22:04:42.829 [JavaFX Application Thread] DEBUG Input                - Clearing active input actions
22:04:42.831 [JavaFX Application Thread] DEBUG GameApplicationServi - Removing overlay from MainMenu and adding to FXGLMainMenuDummyScene
22:04:42.831 [JavaFX Application Thread] DEBUG PrimaryStageWindow   - FXGLMainMenuDummyScene <- MainMenu
22:04:42.831 [JavaFX Application Thread] DEBUG Input                - Clearing active input actions
22:04:42.840 [JavaFX Application Thread] DEBUG GameApplicationServi - Removing overlay from FXGLMainMenuDummyScene and adding to FXGLLoadingScene
22:04:42.840 [JavaFX Application Thread] DEBUG PrimaryStageWindow   - FXGLMainMenuDummyScene -> FXGLLoadingScene
22:04:42.840 [JavaFX Application Thread] DEBUG GameApplicationServi - Clearing previous game
22:04:42.840 [JavaFX Application Thread] DEBUG GameScene            - Clearing game scene
22:04:42.840 [JavaFX Application Thread] DEBUG GameWorld            - Clearing game world
22:04:42.840 [JavaFX Application Thread] DEBUG PhysicsWorld         - Clearing physics world
22:04:42.844 [FXGL Background Thread 5 ] DEBUG FXGLApplication      - Initializing game
22:04:42.923 [FXGL Background Thread 5 ] DEBUG FXGLAssetLoaderServi - Loading from file system: file:/C:/Users/pc/Desktop/Java/GameEngines/Asteriods/target/classes/assets/textures/player.png
22:04:43.026 [FXGL Background Thread 5 ] DEBUG FXGLAssetLoaderServi - Loading from file system: file:/C:/Users/pc/Desktop/Java/GameEngines/Asteriods/target/classes/assets/textures/life.png
22:04:43.028 [FXGL Background Thread 5 ] INFO  FXGLApplication      - Game initialization took: 0.183 sec
22:04:43.033 [JavaFX Application Thread] DEBUG Input                - Clearing active input actions
22:04:43.044 [JavaFX Application Thread] DEBUG GameApplicationServi - Removing overlay from FXGLLoadingScene and adding to GameScene
22:04:43.044 [JavaFX Application Thread] DEBUG PrimaryStageWindow   - FXGLLoadingScene -> GameScene
22:04:49.025 [JavaFX Application Thread] DEBUG FXGLAssetLoaderServi - Loading from file system: file:/C:/Users/pc/Desktop/Java/GameEngines/Asteriods/target/classes/assets/textures/instructor_2.png
22:05:09.273 [JavaFX Application Thread] DEBUG FXGLAssetLoaderServi - Loading from file system: file:/C:/Users/pc/Desktop/Java/GameEngines/Asteriods/target/classes/assets/sounds/level.wav
22:05:10.873 [JavaFX Application Thread] DEBUG FXGLAssetLoaderServi - Loading from file system: file:/C:/Users/pc/Desktop/Java/GameEngines/Asteriods/target/classes/assets/textures/enemy1.png
22:05:11.122 [JavaFX Application Thread] DEBUG FXGLAssetLoaderServi - Loading from file system: file:/C:/Users/pc/Desktop/Java/GameEngines/Asteriods/target/classes/assets/textures/enemy2.png
22:05:11.616 [JavaFX Application Thread] DEBUG FXGLAssetLoaderServi - Loading from file system: file:/C:/Users/pc/Desktop/Java/GameEngines/Asteriods/target/classes/assets/textures/enemy3.png
22:06:03.765 [JavaFX Application Thread] DEBUG FXGLApplication      - Exiting FXGL
22:06:03.765 [JavaFX Application Thread] DEBUG LoopRunner           - Stopping loop
22:06:03.766 [JavaFX Application Thread] DEBUG SystemBundleService  - Saving FXGL system data
22:06:03.767 [JavaFX Application Thread] DEBUG FileSystemAccess     - Writing to: C:\Users\pc\Desktop\Java\GameEngines\Asteriods\system\fxgl.bundle
22:06:03.768 [JavaFX Application Thread] DEBUG Async                - Shutting down background threads
22:06:03.768 [JavaFX Application Thread] DEBUG PrimaryStageWindow   - Closing main window
22:06:03.807 [JavaFX Application Thread] DEBUG Logger               - Closing Logger
