17:02:59.963 [main                     ] DEBUG Logger               - Configured Logger
17:02:59.981 [main                     ] DEBUG GameApplication      - Logging settings
Title: Shooter
Version: 0.1
Width: 1280
Height: 720
Fullscreen: true
Intro: false
Profiling: false
Single step:false
App Mode: DEVELOPER
Menu Key: ESCAPE
Stage Style: DECORATED
Scene Factory: class com.aen.spaceship_fights.MySceneFactory

17:03:00.484 [JavaFX Application Thread] DEBUG FXGLApplication      - Initializing FXGL
17:03:00.488 [JavaFX Application Thread] INFO  Engine               - FXGL-21.1 (27.03.2024 07.52) on WINDOWS (J:22.0.2 FX:22.0.1)
17:03:00.489 [JavaFX Application Thread] DEBUG Engine               - JRE Vendor Name: Oracle Corporation
17:03:00.489 [JavaFX Application Thread] DEBUG Engine               - Running on OS: Windows 11 version 10.0
17:03:00.489 [JavaFX Application Thread] DEBUG Engine               - Architecture: amd64
17:03:00.489 [JavaFX Application Thread] INFO  Engine               - Source code and latest versions at: https://github.com/AlmasB/FXGL
17:03:00.489 [JavaFX Application Thread] INFO  Engine               -       Ask questions and discuss at: https://github.com/AlmasB/FXGL/discussions
17:03:00.489 [JavaFX Application Thread] INFO  Engine               -              Join the FXGL chat at: https://gitter.im/AlmasB/FXGL
17:03:00.608 [JavaFX Application Thread] DEBUG PrimaryStageWindow   - Creating a JavaFX scene
17:03:00.662 [JavaFX Application Thread] DEBUG PrimaryStageWindow   - Target settings size: 1280.0 x 720.0
17:03:00.662 [JavaFX Application Thread] DEBUG PrimaryStageWindow   - Scaled scene size:    1280.0 x 720.0
17:03:00.663 [JavaFX Application Thread] DEBUG PrimaryStageWindow   - Scaled ratio: (1.0, 1.0)
17:03:00.664 [JavaFX Application Thread] DEBUG PrimaryStageWindow   - Set initial scene to FXGLStartupScene
17:03:00.668 [JavaFX Application Thread] DEBUG PrimaryStageWindow   - Opening main window
17:03:01.035 [JavaFX Application Thread] DEBUG PrimaryStageWindow   - Window border size: (16.0, 39.0)
17:03:01.035 [JavaFX Application Thread] DEBUG PrimaryStageWindow   - Scaled size: 1280.0 x 720.0
17:03:01.036 [JavaFX Application Thread] DEBUG PrimaryStageWindow   - Scaled ratio: (1.0, 1.0)
17:03:01.036 [JavaFX Application Thread] DEBUG PrimaryStageWindow   - Scene size: 1280.0 x 720.0
17:03:01.036 [JavaFX Application Thread] DEBUG PrimaryStageWindow   - Stage size: 1296.0 x 759.0
17:03:01.083 [FXGL Background Thread 1 ] DEBUG Engine               - Initializing environment variables
17:03:01.126 [FXGL Background Thread 1 ] DEBUG FXGLAssetLoaderServi - User app class for loading assets: class com.aen.spaceship_fights.SpaceShipFightsApp
17:03:01.126 [FXGL Background Thread 1 ] DEBUG GameApplicationServi - Applying CSS: fxgl_dark.css
17:03:01.128 [FXGL Background Thread 1 ] DEBUG FXGLAssetLoaderServi - Loading from file system: jar:file:/C:/Users/pc/.m2/repository/com/github/almasb/fxgl/21.1/fxgl-21.1.jar!/fxglassets/ui/css/fxgl_dark.css
17:03:01.189 [FXGL Background Thread 1 ] DEBUG GameApplicationServi - Initializing application scenes
17:03:01.257 [FXGL Background Thread 1 ] DEBUG GameWorld            - Game world initialized
17:03:01.309 [FXGL Background Thread 1 ] DEBUG PhysicsWorld         - Physics world initialized: appHeight=720, physics.ppm=50.0
17:03:01.310 [FXGL Background Thread 1 ] DEBUG PhysicsWorld         - Using strategy: BRUTE_FORCE
17:03:01.314 [FXGL Background Thread 1 ] DEBUG GameScene            - Game scene initialized: 1280x720
17:03:01.412 [FXGL Background Thread 1 ] DEBUG GameApplicationServi - Application scenes initialized
17:03:01.424 [FXGL Background Thread 1 ] DEBUG SystemBundleService  - Loading FXGL system data
17:03:01.425 [FXGL Background Thread 1 ] DEBUG FileSystemAccess     - Reading from: C:\Users\pc\Desktop\Java\GameEngines\Asteriods\system\fxgl.bundle
17:03:01.428 [FXGL Background Thread 1 ] DEBUG SystemBundleService  - Bundle FXGL: {}
17:03:01.428 [FXGL Background Thread 1 ] DEBUG UpdaterService       - Checking for updates
17:03:01.432 [FXGL Background Thread 4 ] DEBUG FXGLApplication      - Loading fonts
17:03:01.432 [FXGL Background Thread 4 ] DEBUG FXGLAssetLoaderServi - Loading from file system: jar:file:/C:/Users/pc/.m2/repository/com/github/almasb/fxgl/21.1/fxgl-21.1.jar!/fxglassets/ui/fonts/VarelaRound-Regular.ttf
17:03:01.433 [FXGL Background Thread 1 ] DEBUG FXGLApplication      - Loading default localization
17:03:01.433 [FXGL Background Thread 1 ] DEBUG FXGLAssetLoaderServi - Loading from file system: jar:file:/C:/Users/pc/.m2/repository/com/github/almasb/fxgl/21.1/fxgl-21.1.jar!/fxglassets/languages/english.lang
17:03:01.436 [FXGL Background Thread 4 ] DEBUG FXGLAssetLoaderServi - Loading from file system: jar:file:/C:/Users/pc/.m2/repository/com/github/almasb/fxgl/21.1/fxgl-21.1.jar!/fxglassets/ui/fonts/Abel-Regular.ttf
17:03:01.439 [FXGL Background Thread 4 ] DEBUG FXGLAssetLoaderServi - Loading from file system: jar:file:/C:/Users/pc/.m2/repository/com/github/almasb/fxgl/21.1/fxgl-21.1.jar!/fxglassets/ui/fonts/TerminalLandMono-Regular.otf
17:03:01.448 [FXGL Background Thread 4 ] DEBUG FXGLAssetLoaderServi - Loading from file system: jar:file:/C:/Users/pc/.m2/repository/com/github/almasb/fxgl/21.1/fxgl-21.1.jar!/fxglassets/ui/fonts/Courier-Prime.ttf
17:03:01.455 [JavaFX Application Thread] DEBUG FXGLApplication      - Registering font factories with UI factory
17:03:01.469 [FXGL Background Thread 1 ] INFO  FXGLApplication      - FXGL initialization took: 0.386 sec
17:03:01.492 [JavaFX Application Thread] DEBUG Input                - Registered new binding: action0 - A
17:03:01.493 [JavaFX Application Thread] DEBUG Input                - Registered new binding: action1 - D
17:03:01.494 [JavaFX Application Thread] DEBUG Input                - Registered new binding: action2 - W
17:03:01.494 [JavaFX Application Thread] DEBUG Input                - Registered new binding: action3 - F
17:03:01.495 [JavaFX Application Thread] DEBUG Input                - Registered new binding: action4 - P
17:03:01.495 [JavaFX Application Thread] DEBUG Input                - Registered new binding: action5 - R
17:03:01.495 [JavaFX Application Thread] DEBUG Input                - Registered new binding: action6 - M
17:03:01.495 [JavaFX Application Thread] DEBUG FXGLAssetLoaderServi - Loading from file system: jar:file:/C:/Users/pc/.m2/repository/com/github/almasb/fxgl/21.1/fxgl-21.1.jar!/fxglassets/textures/fxgl_icon.png
17:03:01.538 [JavaFX Application Thread] DEBUG FXGLAssetLoaderServi - Loading from file system: jar:file:/C:/Users/pc/.m2/repository/com/github/almasb/fxgl/21.1/fxgl-21.1.jar!/fxglassets/textures/fxgl_default_cursor.png
17:03:01.546 [JavaFX Application Thread] DEBUG Input                - Registered new binding: Screenshot - CTRL+8
17:03:01.546 [JavaFX Application Thread] DEBUG Input                - Registered new binding: System info dump - CTRL+9
17:03:01.547 [JavaFX Application Thread] DEBUG Input                - Registered new binding: Restart - CTRL+R
17:03:01.549 [JavaFX Application Thread] DEBUG Input                - Registered new binding: Toggle Debug Camera - CTRL+7
17:03:01.556 [JavaFX Application Thread] DEBUG LoopRunner           - Starting loop
17:03:01.556 [JavaFX Application Thread] DEBUG LoopRunner           - Initializing JavaFX AnimationTimerLoop
17:03:01.564 [JavaFX Application Thread] DEBUG Input                - Clearing active input actions
17:03:01.572 [JavaFX Application Thread] DEBUG GameApplicationServi - Removing overlay from FXGLStartupScene and adding to FXGLMainMenuDummyScene
17:03:01.573 [JavaFX Application Thread] DEBUG PrimaryStageWindow   - FXGLStartupScene -> FXGLMainMenuDummyScene
17:03:01.573 [JavaFX Application Thread] DEBUG PrimaryStageWindow   - Push state: MainMenu
17:03:01.573 [JavaFX Application Thread] DEBUG Input                - Clearing active input actions
17:03:01.587 [JavaFX Application Thread] DEBUG GameApplicationServi - Removing overlay from FXGLMainMenuDummyScene and adding to MainMenu
17:03:01.588 [JavaFX Application Thread] DEBUG PrimaryStageWindow   - FXGLMainMenuDummyScene -> MainMenu
17:03:04.431 [FXGL Background Thread 3 ] DEBUG Engine               - Logging environment variables
17:03:04.431 [FXGL Background Thread 3 ] DEBUG Engine               - achievements: []
17:03:04.432 [FXGL Background Thread 3 ] DEBUG Engine               - actualHeight: 720.0
17:03:04.432 [FXGL Background Thread 3 ] DEBUG Engine               - actualHeightProperty: ReadOnlyDoubleProperty [value: 720.0]
17:03:04.432 [FXGL Background Thread 3 ] DEBUG Engine               - actualWidth: 1280.0
17:03:04.432 [FXGL Background Thread 3 ] DEBUG Engine               - actualWidthProperty: ReadOnlyDoubleProperty [value: 1280.0]
17:03:04.432 [FXGL Background Thread 3 ] DEBUG Engine               - appIcon: fxgl_icon.png
17:03:04.432 [FXGL Background Thread 3 ] DEBUG Engine               - applicationMode: DEVELOPER
17:03:04.432 [FXGL Background Thread 3 ] DEBUG Engine               - cSSList: [fxgl_dark.css]
17:03:04.432 [FXGL Background Thread 3 ] DEBUG Engine               - collisionDetectionStrategy: BRUTE_FORCE
17:03:04.432 [FXGL Background Thread 3 ] DEBUG Engine               - configClass: Optional.empty
17:03:04.432 [FXGL Background Thread 3 ] DEBUG Engine               - credits: [Nyirenda Amos, Ouedraogo Luther Arthur, Magne Lidivine Merveille]
17:03:04.434 [FXGL Background Thread 3 ] DEBUG Engine               - defaultCursor: CursorInfo(imageName=fxgl_default_cursor.png, hotspotX=7.0, hotspotY=6.0)
17:03:04.434 [FXGL Background Thread 3 ] DEBUG Engine               - devBBoxColorProperty: ObjectProperty [value: 0xff0000ff]
17:03:04.435 [FXGL Background Thread 3 ] DEBUG Engine               - devEnableDebugCameraProperty: BooleanProperty [value: false]
17:03:04.435 [FXGL Background Thread 3 ] DEBUG Engine               - devSensorColorProperty: ObjectProperty [value: 0xffff00ff]
17:03:04.435 [FXGL Background Thread 3 ] DEBUG Engine               - devShowBBoxProperty: BooleanProperty [value: false]
17:03:04.435 [FXGL Background Thread 3 ] DEBUG Engine               - devShowPositionProperty: BooleanProperty [value: false]
17:03:04.435 [FXGL Background Thread 3 ] DEBUG Engine               - enabledMenuItems: []
17:03:04.435 [FXGL Background Thread 3 ] DEBUG Engine               - engineServices: [class com.almasb.fxgl.app.services.FXGLAssetLoaderService, class com.almasb.fxgl.app.FXGLApplication$GameApplicationService, class com.almasb.fxgl.app.services.FXGLDialogService, class com.almasb.fxgl.app.services.IOTaskExecutorService, class com.almasb.fxgl.io.FileSystemService, class com.almasb.fxgl.localization.LocalizationService, class com.almasb.fxgl.app.services.SystemBundleService, class com.almasb.fxgl.profile.SaveLoadService, class com.almasb.fxgl.ui.FXGLUIFactoryServiceProvider, class com.almasb.fxgl.ui.FXGLDialogFactoryServiceProvider, class com.almasb.fxgl.audio.AudioPlayer, class com.almasb.fxgl.notification.impl.NotificationServiceProvider, class com.almasb.fxgl.achievement.AchievementService, class com.almasb.fxgl.cutscene.CutsceneService, class com.almasb.fxgl.minigames.MiniGameService, class com.almasb.fxgl.net.NetService, class com.almasb.fxgl.app.services.UpdaterService, class com.almasb.fxgl.dev.DevService]
17:03:04.435 [FXGL Background Thread 3 ] DEBUG Engine               - fontGame: Abel-Regular.ttf
17:03:04.435 [FXGL Background Thread 3 ] DEBUG Engine               - fontMono: TerminalLandMono-Regular.otf
17:03:04.435 [FXGL Background Thread 3 ] DEBUG Engine               - fontSizeScaleUI: 1.0
17:03:04.435 [FXGL Background Thread 3 ] DEBUG Engine               - fontText: Courier-Prime.ttf
17:03:04.435 [FXGL Background Thread 3 ] DEBUG Engine               - fontUI: VarelaRound-Regular.ttf
17:03:04.436 [FXGL Background Thread 3 ] DEBUG Engine               - fullScreen: BooleanProperty [value: false]
17:03:04.436 [FXGL Background Thread 3 ] DEBUG Engine               - gameDifficulty: MEDIUM
17:03:04.436 [FXGL Background Thread 3 ] DEBUG Engine               - gameDifficultyProperty: ObjectProperty [value: MEDIUM]
17:03:04.436 [FXGL Background Thread 3 ] DEBUG Engine               - globalMusicVolume: 0.5
17:03:04.436 [FXGL Background Thread 3 ] DEBUG Engine               - globalMusicVolumeProperty: DoubleProperty [value: 0.5]
17:03:04.436 [FXGL Background Thread 3 ] DEBUG Engine               - globalSoundVolume: 0.5
17:03:04.436 [FXGL Background Thread 3 ] DEBUG Engine               - globalSoundVolumeProperty: DoubleProperty [value: 0.5]
17:03:04.436 [FXGL Background Thread 3 ] DEBUG Engine               - height: 720
17:03:04.436 [FXGL Background Thread 3 ] DEBUG Engine               - is3D: false
17:03:04.436 [FXGL Background Thread 3 ] DEBUG Engine               - isAndroid: false
17:03:04.436 [FXGL Background Thread 3 ] DEBUG Engine               - isBrowser: false
17:03:04.436 [FXGL Background Thread 3 ] DEBUG Engine               - isClickFeedbackEnabled: false
17:03:04.436 [FXGL Background Thread 3 ] DEBUG Engine               - isCloseConfirmation: false
17:03:04.437 [FXGL Background Thread 3 ] DEBUG Engine               - isDesktop: true
17:03:04.437 [FXGL Background Thread 3 ] DEBUG Engine               - isDeveloperMenuEnabled: false
17:03:04.437 [FXGL Background Thread 3 ] DEBUG Engine               - isEmbedded: false
17:03:04.437 [FXGL Background Thread 3 ] DEBUG Engine               - isEntityPreloadEnabled: true
17:03:04.437 [FXGL Background Thread 3 ] DEBUG Engine               - isExperimentalTiledLargeMap: false
17:03:04.437 [FXGL Background Thread 3 ] DEBUG Engine               - isFileSystemWriteAllowed: true
17:03:04.437 [FXGL Background Thread 3 ] DEBUG Engine               - isFullScreenAllowed: true
17:03:04.437 [FXGL Background Thread 3 ] DEBUG Engine               - isFullScreenFromStart: false
17:03:04.437 [FXGL Background Thread 3 ] DEBUG Engine               - isGameMenuEnabled: true
17:03:04.437 [FXGL Background Thread 3 ] DEBUG Engine               - isIOS: false
17:03:04.437 [FXGL Background Thread 3 ] DEBUG Engine               - isIntroEnabled: false
17:03:04.437 [FXGL Background Thread 3 ] DEBUG Engine               - isLinux: false
17:03:04.437 [FXGL Background Thread 3 ] DEBUG Engine               - isMac: false
17:03:04.437 [FXGL Background Thread 3 ] DEBUG Engine               - isMainMenuEnabled: true
17:03:04.437 [FXGL Background Thread 3 ] DEBUG Engine               - isManualResizeEnabled: false
17:03:04.437 [FXGL Background Thread 3 ] DEBUG Engine               - isMobile: false
17:03:04.437 [FXGL Background Thread 3 ] DEBUG Engine               - isNative: false
17:03:04.437 [FXGL Background Thread 3 ] DEBUG Engine               - isPauseMusicWhenMinimized: true
17:03:04.437 [FXGL Background Thread 3 ] DEBUG Engine               - isPreserveResizeRatio: false
17:03:04.438 [FXGL Background Thread 3 ] DEBUG Engine               - isProfilingEnabled: false
17:03:04.438 [FXGL Background Thread 3 ] DEBUG Engine               - isScaleAffectedOnResize: true
17:03:04.438 [FXGL Background Thread 3 ] DEBUG Engine               - isSingleStep: false
17:03:04.438 [FXGL Background Thread 3 ] DEBUG Engine               - isUserProfileEnabled: false
17:03:04.438 [FXGL Background Thread 3 ] DEBUG Engine               - isWindows: true
17:03:04.438 [FXGL Background Thread 3 ] DEBUG Engine               - language: ObjectProperty [value: ENGLISH]
17:03:04.438 [FXGL Background Thread 3 ] DEBUG Engine               - menuKey: ESCAPE
17:03:04.438 [FXGL Background Thread 3 ] DEBUG Engine               - mouseSensitivity: 0.2
17:03:04.438 [FXGL Background Thread 3 ] DEBUG Engine               - notificationViewClass: class com.almasb.fxgl.notification.view.XboxNotificationView
17:03:04.438 [FXGL Background Thread 3 ] DEBUG Engine               - pixelsPerMeter: 50.0
17:03:04.438 [FXGL Background Thread 3 ] DEBUG Engine               - platform: WINDOWS
17:03:04.438 [FXGL Background Thread 3 ] DEBUG Engine               - prefHeightProperty: ReadOnlyDoubleProperty [value: 720.0]
17:03:04.438 [FXGL Background Thread 3 ] DEBUG Engine               - prefWidthProperty: ReadOnlyDoubleProperty [value: 1280.0]
17:03:04.438 [FXGL Background Thread 3 ] DEBUG Engine               - profileDir: profiles/
17:03:04.438 [FXGL Background Thread 3 ] DEBUG Engine               - profileName: StringProperty [value: DEFAULT]
17:03:04.439 [FXGL Background Thread 3 ] DEBUG Engine               - randomSeed: -1
17:03:04.439 [FXGL Background Thread 3 ] DEBUG Engine               - runtimeInfo: RuntimeInfo(platform=WINDOWS, version=21.1, build=27.03.2024 07.52)
17:03:04.439 [FXGL Background Thread 3 ] DEBUG Engine               - saveFileExt: sav
17:03:04.439 [FXGL Background Thread 3 ] DEBUG Engine               - scaledHeightProp$fxgl: DoubleProperty [bound, value: 720.0]
17:03:04.439 [FXGL Background Thread 3 ] DEBUG Engine               - scaledWidthProp$fxgl: DoubleProperty [bound, value: 1280.0]
17:03:04.439 [FXGL Background Thread 3 ] DEBUG Engine               - sceneFactory: com.aen.spaceship_fights.MySceneFactory@24088f9
17:03:04.439 [FXGL Background Thread 3 ] DEBUG Engine               - secondsIn24h: 60
17:03:04.439 [FXGL Background Thread 3 ] DEBUG Engine               - soundMenuBack: menu/back.wav
17:03:04.439 [FXGL Background Thread 3 ] DEBUG Engine               - soundMenuPress: menu/press.wav
17:03:04.439 [FXGL Background Thread 3 ] DEBUG Engine               - soundMenuSelect: menu/select.wav
17:03:04.439 [FXGL Background Thread 3 ] DEBUG Engine               - soundNotification: core/notification.wav
17:03:04.439 [FXGL Background Thread 3 ] DEBUG Engine               - stageStyle: DECORATED
17:03:04.440 [FXGL Background Thread 3 ] DEBUG Engine               - supportedLanguages: [ENGLISH, FRENCH, GERMAN, HUNGARIAN, RUSSIAN]
17:03:04.440 [FXGL Background Thread 3 ] DEBUG Engine               - ticksPerSecond: -1
17:03:04.440 [FXGL Background Thread 3 ] DEBUG Engine               - title: Shooter
17:03:04.440 [FXGL Background Thread 3 ] DEBUG Engine               - urlGithub: https://github.com/AlmasB/FXGL
17:03:04.440 [FXGL Background Thread 3 ] DEBUG Engine               - urlLeaderboard: http://fxgl-top.herokuapp.com/
17:03:04.440 [FXGL Background Thread 3 ] DEBUG Engine               - urlPOM: https://raw.githubusercontent.com/AlmasB/FXGL/release/README.md
17:03:04.440 [FXGL Background Thread 3 ] DEBUG Engine               - userAppClass: class com.aen.spaceship_fights.SpaceShipFightsApp
17:03:04.440 [FXGL Background Thread 3 ] DEBUG Engine               - version: 0.1
17:03:04.440 [FXGL Background Thread 3 ] DEBUG Engine               - versionCheckDays: 7
17:03:04.440 [FXGL Background Thread 3 ] DEBUG Engine               - width: 1280
17:03:04.440 [FXGL Background Thread 3 ] DEBUG Engine               - Logging services
17:03:04.440 [FXGL Background Thread 3 ] DEBUG Engine               - class com.almasb.fxgl.app.services.FXGLAssetLoaderService
17:03:04.440 [FXGL Background Thread 3 ] DEBUG Engine               - class com.almasb.fxgl.app.FXGLApplication$GameApplicationService
17:03:04.440 [FXGL Background Thread 3 ] DEBUG Engine               - class com.almasb.fxgl.app.services.FXGLDialogService
17:03:04.440 [FXGL Background Thread 3 ] DEBUG Engine               - class com.almasb.fxgl.app.services.IOTaskExecutorService
17:03:04.440 [FXGL Background Thread 3 ] DEBUG Engine               - class com.almasb.fxgl.io.FileSystemService
17:03:04.440 [FXGL Background Thread 3 ] DEBUG Engine               - class com.almasb.fxgl.localization.LocalizationService
17:03:04.440 [FXGL Background Thread 3 ] DEBUG Engine               - class com.almasb.fxgl.app.services.SystemBundleService
17:03:04.440 [FXGL Background Thread 3 ] DEBUG Engine               - class com.almasb.fxgl.profile.SaveLoadService
17:03:04.441 [FXGL Background Thread 3 ] DEBUG Engine               - class com.almasb.fxgl.ui.FXGLUIFactoryServiceProvider
17:03:04.441 [FXGL Background Thread 3 ] DEBUG Engine               - class com.almasb.fxgl.ui.FXGLDialogFactoryServiceProvider
17:03:04.441 [FXGL Background Thread 3 ] DEBUG Engine               - class com.almasb.fxgl.audio.AudioPlayer
17:03:04.441 [FXGL Background Thread 3 ] DEBUG Engine               - class com.almasb.fxgl.notification.impl.NotificationServiceProvider
17:03:04.441 [FXGL Background Thread 3 ] DEBUG Engine               - class com.almasb.fxgl.achievement.AchievementService
17:03:04.441 [FXGL Background Thread 3 ] DEBUG Engine               - class com.almasb.fxgl.cutscene.CutsceneService
17:03:04.441 [FXGL Background Thread 3 ] DEBUG Engine               - class com.almasb.fxgl.minigames.MiniGameService
17:03:04.441 [FXGL Background Thread 3 ] DEBUG Engine               - class com.almasb.fxgl.net.NetService
17:03:04.441 [FXGL Background Thread 3 ] DEBUG Engine               - class com.almasb.fxgl.app.services.UpdaterService
17:03:04.442 [FXGL Background Thread 3 ] DEBUG Engine               - class com.almasb.fxgl.dev.DevService
17:03:16.605 [JavaFX Application Thread] DEBUG Menu                 - fireNewGame()
17:03:16.605 [JavaFX Application Thread] DEBUG GameApplicationServi - Starting new game
17:03:16.605 [JavaFX Application Thread] DEBUG PrimaryStageWindow   - Pop state: MainMenu
17:03:16.605 [JavaFX Application Thread] DEBUG Input                - Clearing active input actions
17:03:16.605 [JavaFX Application Thread] DEBUG GameApplicationServi - Removing overlay from MainMenu and adding to FXGLMainMenuDummyScene
17:03:16.606 [JavaFX Application Thread] DEBUG PrimaryStageWindow   - FXGLMainMenuDummyScene <- MainMenu
17:03:16.606 [JavaFX Application Thread] DEBUG Input                - Clearing active input actions
17:03:16.611 [JavaFX Application Thread] DEBUG GameApplicationServi - Removing overlay from FXGLMainMenuDummyScene and adding to FXGLLoadingScene
17:03:16.611 [JavaFX Application Thread] DEBUG PrimaryStageWindow   - FXGLMainMenuDummyScene -> FXGLLoadingScene
17:03:16.611 [JavaFX Application Thread] DEBUG GameApplicationServi - Clearing previous game
17:03:16.611 [JavaFX Application Thread] DEBUG GameScene            - Clearing game scene
17:03:16.611 [JavaFX Application Thread] DEBUG GameWorld            - Clearing game world
17:03:16.611 [JavaFX Application Thread] DEBUG PhysicsWorld         - Clearing physics world
17:03:16.612 [FXGL Background Thread 2 ] DEBUG FXGLApplication      - Initializing game
17:03:16.634 [FXGL Background Thread 2 ] DEBUG FXGLAssetLoaderServi - Loading from file system: file:/C:/Users/pc/Desktop/Java/GameEngines/Asteriods/target/classes/assets/textures/DurrrSpaceShip.png
17:03:16.672 [FXGL Background Thread 2 ] DEBUG FXGLAssetLoaderServi - Loading from file system: file:/C:/Users/pc/Desktop/Java/GameEngines/Asteriods/target/classes/assets/textures/life.png
17:03:16.673 [FXGL Background Thread 2 ] INFO  FXGLApplication      - Game initialization took: 0.062 sec
17:03:16.676 [JavaFX Application Thread] DEBUG Input                - Clearing active input actions
17:03:16.684 [JavaFX Application Thread] DEBUG GameApplicationServi - Removing overlay from FXGLLoadingScene and adding to GameScene
17:03:16.684 [JavaFX Application Thread] DEBUG PrimaryStageWindow   - FXGLLoadingScene -> GameScene
17:03:22.570 [JavaFX Application Thread] DEBUG FXGLAssetLoaderServi - Loading from file system: file:/C:/Users/pc/Desktop/Java/GameEngines/Asteriods/target/classes/assets/textures/instructor_2.png
17:03:42.703 [JavaFX Application Thread] DEBUG FXGLAssetLoaderServi - Loading from file system: file:/C:/Users/pc/Desktop/Java/GameEngines/Asteriods/target/classes/assets/sounds/level.wav
17:03:44.322 [JavaFX Application Thread] DEBUG FXGLAssetLoaderServi - Loading from file system: file:/C:/Users/pc/Desktop/Java/GameEngines/Asteriods/target/classes/assets/textures/enemy3.png
17:03:44.586 [JavaFX Application Thread] DEBUG FXGLAssetLoaderServi - Loading from file system: file:/C:/Users/pc/Desktop/Java/GameEngines/Asteriods/target/classes/assets/textures/enemy1.png
17:03:47.418 [JavaFX Application Thread] DEBUG FXGLAssetLoaderServi - Loading from file system: file:/C:/Users/pc/Desktop/Java/GameEngines/Asteriods/target/classes/assets/textures/enemy_bullet.png
17:03:47.422 [JavaFX Application Thread] DEBUG FXGLAssetLoaderServi - Loading from file system: file:/C:/Users/pc/Desktop/Java/GameEngines/Asteriods/target/classes/assets/sounds/shoot2.wav
17:03:48.954 [JavaFX Application Thread] DEBUG FXGLAssetLoaderServi - Loading from file system: file:/C:/Users/pc/Desktop/Java/GameEngines/Asteriods/target/classes/assets/sounds/shoot1.wav
17:03:52.166 [JavaFX Application Thread] DEBUG FXGLApplication      - Exiting FXGL
17:03:52.166 [JavaFX Application Thread] DEBUG LoopRunner           - Stopping loop
17:03:52.166 [JavaFX Application Thread] DEBUG SystemBundleService  - Saving FXGL system data
17:03:52.167 [JavaFX Application Thread] DEBUG FileSystemAccess     - Writing to: C:\Users\pc\Desktop\Java\GameEngines\Asteriods\system\fxgl.bundle
17:03:52.169 [JavaFX Application Thread] DEBUG Async                - Shutting down background threads
17:03:52.169 [JavaFX Application Thread] DEBUG PrimaryStageWindow   - Closing main window
17:03:52.188 [JavaFX Application Thread] DEBUG Logger               - Closing Logger
