16:42:04.826 [main                     ] DEBUG Logger               - Configured Logger
16:42:04.845 [main                     ] DEBUG GameApplication      - Logging settings
Title: Shooter
Version: 0.1
Width: 1280
Height: 720
Fullscreen: true
Intro: false
Profiling: false
Single step:false
App Mode: DEVELOPER
Menu Key: ESCAPE
Stage Style: DECORATED
Scene Factory: class com.aen.spaceship_fights.MySceneFactory

16:42:05.315 [JavaFX Application Thread] DEBUG FXGLApplication      - Initializing FXGL
16:42:05.318 [JavaFX Application Thread] INFO  Engine               - FXGL-21.1 (27.03.2024 07.52) on WINDOWS (J:22.0.2 FX:22.0.1)
16:42:05.318 [JavaFX Application Thread] DEBUG Engine               - JRE Vendor Name: Oracle Corporation
16:42:05.319 [JavaFX Application Thread] DEBUG Engine               - Running on OS: Windows 11 version 10.0
16:42:05.319 [JavaFX Application Thread] DEBUG Engine               - Architecture: amd64
16:42:05.319 [JavaFX Application Thread] INFO  Engine               - Source code and latest versions at: https://github.com/AlmasB/FXGL
16:42:05.319 [JavaFX Application Thread] INFO  Engine               -       Ask questions and discuss at: https://github.com/AlmasB/FXGL/discussions
16:42:05.319 [JavaFX Application Thread] INFO  Engine               -              Join the FXGL chat at: https://gitter.im/AlmasB/FXGL
16:42:05.443 [JavaFX Application Thread] DEBUG PrimaryStageWindow   - Creating a JavaFX scene
16:42:05.498 [JavaFX Application Thread] DEBUG PrimaryStageWindow   - Target settings size: 1280.0 x 720.0
16:42:05.498 [JavaFX Application Thread] DEBUG PrimaryStageWindow   - Scaled scene size:    1280.0 x 720.0
16:42:05.498 [JavaFX Application Thread] DEBUG PrimaryStageWindow   - Scaled ratio: (1.0, 1.0)
16:42:05.499 [JavaFX Application Thread] DEBUG PrimaryStageWindow   - Set initial scene to FXGLStartupScene
16:42:05.505 [JavaFX Application Thread] DEBUG PrimaryStageWindow   - Opening main window
16:42:05.926 [JavaFX Application Thread] DEBUG PrimaryStageWindow   - Window border size: (16.0, 39.0)
16:42:05.926 [JavaFX Application Thread] DEBUG PrimaryStageWindow   - Scaled size: 1280.0 x 720.0
16:42:05.927 [JavaFX Application Thread] DEBUG PrimaryStageWindow   - Scaled ratio: (1.0, 1.0)
16:42:05.927 [JavaFX Application Thread] DEBUG PrimaryStageWindow   - Scene size: 1280.0 x 720.0
16:42:05.927 [JavaFX Application Thread] DEBUG PrimaryStageWindow   - Stage size: 1296.0 x 759.0
16:42:05.933 [FXGL Background Thread 1 ] DEBUG Engine               - Initializing environment variables
16:42:05.998 [FXGL Background Thread 1 ] DEBUG FXGLAssetLoaderServi - User app class for loading assets: class com.aen.spaceship_fights.SpaceShipFightsApp
16:42:05.998 [FXGL Background Thread 1 ] DEBUG GameApplicationServi - Applying CSS: fxgl_dark.css
16:42:05.999 [FXGL Background Thread 1 ] DEBUG FXGLAssetLoaderServi - Loading from file system: jar:file:/C:/Users/pc/.m2/repository/com/github/almasb/fxgl/21.1/fxgl-21.1.jar!/fxglassets/ui/css/fxgl_dark.css
16:42:06.051 [FXGL Background Thread 1 ] DEBUG GameApplicationServi - Initializing application scenes
16:42:06.130 [FXGL Background Thread 1 ] DEBUG GameWorld            - Game world initialized
16:42:06.201 [FXGL Background Thread 1 ] DEBUG PhysicsWorld         - Physics world initialized: appHeight=720, physics.ppm=50.0
16:42:06.201 [FXGL Background Thread 1 ] DEBUG PhysicsWorld         - Using strategy: BRUTE_FORCE
16:42:06.206 [FXGL Background Thread 1 ] DEBUG GameScene            - Game scene initialized: 1280x720
16:42:06.362 [FXGL Background Thread 1 ] DEBUG GameApplicationServi - Application scenes initialized
16:42:06.373 [FXGL Background Thread 1 ] DEBUG SystemBundleService  - Loading FXGL system data
16:42:06.375 [FXGL Background Thread 1 ] DEBUG FileSystemAccess     - Reading from: C:\Users\pc\Desktop\Java\GameEngines\Asteriods\system\fxgl.bundle
16:42:06.377 [FXGL Background Thread 1 ] DEBUG SystemBundleService  - Bundle FXGL: {}
16:42:06.377 [FXGL Background Thread 1 ] DEBUG UpdaterService       - Checking for updates
16:42:06.380 [FXGL Background Thread 4 ] DEBUG FXGLApplication      - Loading fonts
16:42:06.380 [FXGL Background Thread 4 ] DEBUG FXGLAssetLoaderServi - Loading from file system: jar:file:/C:/Users/pc/.m2/repository/com/github/almasb/fxgl/21.1/fxgl-21.1.jar!/fxglassets/ui/fonts/VarelaRound-Regular.ttf
16:42:06.382 [FXGL Background Thread 1 ] DEBUG FXGLApplication      - Loading default localization
16:42:06.382 [FXGL Background Thread 1 ] DEBUG FXGLAssetLoaderServi - Loading from file system: jar:file:/C:/Users/pc/.m2/repository/com/github/almasb/fxgl/21.1/fxgl-21.1.jar!/fxglassets/languages/english.lang
16:42:06.385 [FXGL Background Thread 4 ] DEBUG FXGLAssetLoaderServi - Loading from file system: jar:file:/C:/Users/pc/.m2/repository/com/github/almasb/fxgl/21.1/fxgl-21.1.jar!/fxglassets/ui/fonts/Abel-Regular.ttf
16:42:06.391 [FXGL Background Thread 4 ] DEBUG FXGLAssetLoaderServi - Loading from file system: jar:file:/C:/Users/pc/.m2/repository/com/github/almasb/fxgl/21.1/fxgl-21.1.jar!/fxglassets/ui/fonts/TerminalLandMono-Regular.otf
16:42:06.395 [FXGL Background Thread 4 ] DEBUG FXGLAssetLoaderServi - Loading from file system: jar:file:/C:/Users/pc/.m2/repository/com/github/almasb/fxgl/21.1/fxgl-21.1.jar!/fxglassets/ui/fonts/Courier-Prime.ttf
16:42:06.407 [JavaFX Application Thread] DEBUG FXGLApplication      - Registering font factories with UI factory
16:42:06.418 [FXGL Background Thread 1 ] INFO  FXGLApplication      - FXGL initialization took: 0.485 sec
16:42:06.433 [JavaFX Application Thread] DEBUG Input                - Registered new binding: action0 - A
16:42:06.434 [JavaFX Application Thread] DEBUG Input                - Registered new binding: action1 - D
16:42:06.437 [JavaFX Application Thread] DEBUG Input                - Registered new binding: action2 - W
16:42:06.441 [JavaFX Application Thread] DEBUG Input                - Registered new binding: action3 - F
16:42:06.442 [JavaFX Application Thread] DEBUG Input                - Registered new binding: action4 - P
16:42:06.443 [JavaFX Application Thread] DEBUG Input                - Registered new binding: action5 - R
16:42:06.443 [JavaFX Application Thread] DEBUG Input                - Registered new binding: action6 - M
16:42:06.444 [JavaFX Application Thread] DEBUG FXGLAssetLoaderServi - Loading from file system: jar:file:/C:/Users/pc/.m2/repository/com/github/almasb/fxgl/21.1/fxgl-21.1.jar!/fxglassets/textures/fxgl_icon.png
16:42:06.485 [JavaFX Application Thread] DEBUG FXGLAssetLoaderServi - Loading from file system: jar:file:/C:/Users/pc/.m2/repository/com/github/almasb/fxgl/21.1/fxgl-21.1.jar!/fxglassets/textures/fxgl_default_cursor.png
16:42:06.490 [JavaFX Application Thread] DEBUG Input                - Registered new binding: Screenshot - CTRL+8
16:42:06.491 [JavaFX Application Thread] DEBUG Input                - Registered new binding: System info dump - CTRL+9
16:42:06.492 [JavaFX Application Thread] DEBUG Input                - Registered new binding: Restart - CTRL+R
16:42:06.494 [JavaFX Application Thread] DEBUG Input                - Registered new binding: Toggle Debug Camera - CTRL+7
16:42:06.503 [JavaFX Application Thread] DEBUG LoopRunner           - Starting loop
16:42:06.503 [JavaFX Application Thread] DEBUG LoopRunner           - Initializing JavaFX AnimationTimerLoop
16:42:06.513 [JavaFX Application Thread] DEBUG Input                - Clearing active input actions
16:42:06.525 [JavaFX Application Thread] DEBUG GameApplicationServi - Removing overlay from FXGLStartupScene and adding to FXGLMainMenuDummyScene
16:42:06.525 [JavaFX Application Thread] DEBUG PrimaryStageWindow   - FXGLStartupScene -> FXGLMainMenuDummyScene
16:42:06.526 [JavaFX Application Thread] DEBUG PrimaryStageWindow   - Push state: MainMenu
16:42:06.526 [JavaFX Application Thread] DEBUG Input                - Clearing active input actions
16:42:06.542 [JavaFX Application Thread] DEBUG GameApplicationServi - Removing overlay from FXGLMainMenuDummyScene and adding to MainMenu
16:42:06.542 [JavaFX Application Thread] DEBUG PrimaryStageWindow   - FXGLMainMenuDummyScene -> MainMenu
16:42:09.380 [FXGL Background Thread 3 ] DEBUG Engine               - Logging environment variables
16:42:09.380 [FXGL Background Thread 3 ] DEBUG Engine               - achievements: []
16:42:09.380 [FXGL Background Thread 3 ] DEBUG Engine               - actualHeight: 720.0
16:42:09.380 [FXGL Background Thread 3 ] DEBUG Engine               - actualHeightProperty: ReadOnlyDoubleProperty [value: 720.0]
16:42:09.380 [FXGL Background Thread 3 ] DEBUG Engine               - actualWidth: 1280.0
16:42:09.380 [FXGL Background Thread 3 ] DEBUG Engine               - actualWidthProperty: ReadOnlyDoubleProperty [value: 1280.0]
16:42:09.380 [FXGL Background Thread 3 ] DEBUG Engine               - appIcon: fxgl_icon.png
16:42:09.380 [FXGL Background Thread 3 ] DEBUG Engine               - applicationMode: DEVELOPER
16:42:09.380 [FXGL Background Thread 3 ] DEBUG Engine               - cSSList: [fxgl_dark.css]
16:42:09.380 [FXGL Background Thread 3 ] DEBUG Engine               - collisionDetectionStrategy: BRUTE_FORCE
16:42:09.380 [FXGL Background Thread 3 ] DEBUG Engine               - configClass: Optional.empty
16:42:09.380 [FXGL Background Thread 3 ] DEBUG Engine               - credits: [Nyirenda Amos, Ouedraogo Luther Arthur, Magne Lidivine Merveille]
16:42:09.382 [FXGL Background Thread 3 ] DEBUG Engine               - defaultCursor: CursorInfo(imageName=fxgl_default_cursor.png, hotspotX=7.0, hotspotY=6.0)
16:42:09.383 [FXGL Background Thread 3 ] DEBUG Engine               - devBBoxColorProperty: ObjectProperty [value: 0xff0000ff]
16:42:09.383 [FXGL Background Thread 3 ] DEBUG Engine               - devEnableDebugCameraProperty: BooleanProperty [value: false]
16:42:09.383 [FXGL Background Thread 3 ] DEBUG Engine               - devSensorColorProperty: ObjectProperty [value: 0xffff00ff]
16:42:09.383 [FXGL Background Thread 3 ] DEBUG Engine               - devShowBBoxProperty: BooleanProperty [value: false]
16:42:09.383 [FXGL Background Thread 3 ] DEBUG Engine               - devShowPositionProperty: BooleanProperty [value: false]
16:42:09.383 [FXGL Background Thread 3 ] DEBUG Engine               - enabledMenuItems: []
16:42:09.383 [FXGL Background Thread 3 ] DEBUG Engine               - engineServices: [class com.almasb.fxgl.app.services.FXGLAssetLoaderService, class com.almasb.fxgl.app.FXGLApplication$GameApplicationService, class com.almasb.fxgl.app.services.FXGLDialogService, class com.almasb.fxgl.app.services.IOTaskExecutorService, class com.almasb.fxgl.io.FileSystemService, class com.almasb.fxgl.localization.LocalizationService, class com.almasb.fxgl.app.services.SystemBundleService, class com.almasb.fxgl.profile.SaveLoadService, class com.almasb.fxgl.ui.FXGLUIFactoryServiceProvider, class com.almasb.fxgl.ui.FXGLDialogFactoryServiceProvider, class com.almasb.fxgl.audio.AudioPlayer, class com.almasb.fxgl.notification.impl.NotificationServiceProvider, class com.almasb.fxgl.achievement.AchievementService, class com.almasb.fxgl.cutscene.CutsceneService, class com.almasb.fxgl.minigames.MiniGameService, class com.almasb.fxgl.net.NetService, class com.almasb.fxgl.app.services.UpdaterService, class com.almasb.fxgl.dev.DevService]
16:42:09.384 [FXGL Background Thread 3 ] DEBUG Engine               - fontGame: Abel-Regular.ttf
16:42:09.384 [FXGL Background Thread 3 ] DEBUG Engine               - fontMono: TerminalLandMono-Regular.otf
16:42:09.384 [FXGL Background Thread 3 ] DEBUG Engine               - fontSizeScaleUI: 1.0
16:42:09.384 [FXGL Background Thread 3 ] DEBUG Engine               - fontText: Courier-Prime.ttf
16:42:09.384 [FXGL Background Thread 3 ] DEBUG Engine               - fontUI: VarelaRound-Regular.ttf
16:42:09.384 [FXGL Background Thread 3 ] DEBUG Engine               - fullScreen: BooleanProperty [value: false]
16:42:09.384 [FXGL Background Thread 3 ] DEBUG Engine               - gameDifficulty: MEDIUM
16:42:09.384 [FXGL Background Thread 3 ] DEBUG Engine               - gameDifficultyProperty: ObjectProperty [value: MEDIUM]
16:42:09.384 [FXGL Background Thread 3 ] DEBUG Engine               - globalMusicVolume: 0.5
16:42:09.384 [FXGL Background Thread 3 ] DEBUG Engine               - globalMusicVolumeProperty: DoubleProperty [value: 0.5]
16:42:09.385 [FXGL Background Thread 3 ] DEBUG Engine               - globalSoundVolume: 0.5
16:42:09.385 [FXGL Background Thread 3 ] DEBUG Engine               - globalSoundVolumeProperty: DoubleProperty [value: 0.5]
16:42:09.385 [FXGL Background Thread 3 ] DEBUG Engine               - height: 720
16:42:09.385 [FXGL Background Thread 3 ] DEBUG Engine               - is3D: false
16:42:09.385 [FXGL Background Thread 3 ] DEBUG Engine               - isAndroid: false
16:42:09.385 [FXGL Background Thread 3 ] DEBUG Engine               - isBrowser: false
16:42:09.385 [FXGL Background Thread 3 ] DEBUG Engine               - isClickFeedbackEnabled: false
16:42:09.385 [FXGL Background Thread 3 ] DEBUG Engine               - isCloseConfirmation: false
16:42:09.385 [FXGL Background Thread 3 ] DEBUG Engine               - isDesktop: true
16:42:09.385 [FXGL Background Thread 3 ] DEBUG Engine               - isDeveloperMenuEnabled: false
16:42:09.385 [FXGL Background Thread 3 ] DEBUG Engine               - isEmbedded: false
16:42:09.385 [FXGL Background Thread 3 ] DEBUG Engine               - isEntityPreloadEnabled: true
16:42:09.385 [FXGL Background Thread 3 ] DEBUG Engine               - isExperimentalTiledLargeMap: false
16:42:09.385 [FXGL Background Thread 3 ] DEBUG Engine               - isFileSystemWriteAllowed: true
16:42:09.386 [FXGL Background Thread 3 ] DEBUG Engine               - isFullScreenAllowed: true
16:42:09.386 [FXGL Background Thread 3 ] DEBUG Engine               - isFullScreenFromStart: false
16:42:09.386 [FXGL Background Thread 3 ] DEBUG Engine               - isGameMenuEnabled: true
16:42:09.386 [FXGL Background Thread 3 ] DEBUG Engine               - isIOS: false
16:42:09.386 [FXGL Background Thread 3 ] DEBUG Engine               - isIntroEnabled: false
16:42:09.386 [FXGL Background Thread 3 ] DEBUG Engine               - isLinux: false
16:42:09.386 [FXGL Background Thread 3 ] DEBUG Engine               - isMac: false
16:42:09.387 [FXGL Background Thread 3 ] DEBUG Engine               - isMainMenuEnabled: true
16:42:09.387 [FXGL Background Thread 3 ] DEBUG Engine               - isManualResizeEnabled: false
16:42:09.387 [FXGL Background Thread 3 ] DEBUG Engine               - isMobile: false
16:42:09.387 [FXGL Background Thread 3 ] DEBUG Engine               - isNative: false
16:42:09.387 [FXGL Background Thread 3 ] DEBUG Engine               - isPauseMusicWhenMinimized: true
16:42:09.387 [FXGL Background Thread 3 ] DEBUG Engine               - isPreserveResizeRatio: false
16:42:09.387 [FXGL Background Thread 3 ] DEBUG Engine               - isProfilingEnabled: false
16:42:09.387 [FXGL Background Thread 3 ] DEBUG Engine               - isScaleAffectedOnResize: true
16:42:09.387 [FXGL Background Thread 3 ] DEBUG Engine               - isSingleStep: false
16:42:09.387 [FXGL Background Thread 3 ] DEBUG Engine               - isUserProfileEnabled: false
16:42:09.387 [FXGL Background Thread 3 ] DEBUG Engine               - isWindows: true
16:42:09.388 [FXGL Background Thread 3 ] DEBUG Engine               - language: ObjectProperty [value: ENGLISH]
16:42:09.388 [FXGL Background Thread 3 ] DEBUG Engine               - menuKey: ESCAPE
16:42:09.388 [FXGL Background Thread 3 ] DEBUG Engine               - mouseSensitivity: 0.2
16:42:09.388 [FXGL Background Thread 3 ] DEBUG Engine               - notificationViewClass: class com.almasb.fxgl.notification.view.XboxNotificationView
16:42:09.388 [FXGL Background Thread 3 ] DEBUG Engine               - pixelsPerMeter: 50.0
16:42:09.388 [FXGL Background Thread 3 ] DEBUG Engine               - platform: WINDOWS
16:42:09.388 [FXGL Background Thread 3 ] DEBUG Engine               - prefHeightProperty: ReadOnlyDoubleProperty [value: 720.0]
16:42:09.388 [FXGL Background Thread 3 ] DEBUG Engine               - prefWidthProperty: ReadOnlyDoubleProperty [value: 1280.0]
16:42:09.388 [FXGL Background Thread 3 ] DEBUG Engine               - profileDir: profiles/
16:42:09.388 [FXGL Background Thread 3 ] DEBUG Engine               - profileName: StringProperty [value: DEFAULT]
16:42:09.388 [FXGL Background Thread 3 ] DEBUG Engine               - randomSeed: -1
16:42:09.388 [FXGL Background Thread 3 ] DEBUG Engine               - runtimeInfo: RuntimeInfo(platform=WINDOWS, version=21.1, build=27.03.2024 07.52)
16:42:09.388 [FXGL Background Thread 3 ] DEBUG Engine               - saveFileExt: sav
16:42:09.388 [FXGL Background Thread 3 ] DEBUG Engine               - scaledHeightProp$fxgl: DoubleProperty [bound, value: 720.0]
16:42:09.389 [FXGL Background Thread 3 ] DEBUG Engine               - scaledWidthProp$fxgl: DoubleProperty [bound, value: 1280.0]
16:42:09.389 [FXGL Background Thread 3 ] DEBUG Engine               - sceneFactory: com.aen.spaceship_fights.MySceneFactory@464f664c
16:42:09.389 [FXGL Background Thread 3 ] DEBUG Engine               - secondsIn24h: 60
16:42:09.389 [FXGL Background Thread 3 ] DEBUG Engine               - soundMenuBack: menu/back.wav
16:42:09.389 [FXGL Background Thread 3 ] DEBUG Engine               - soundMenuPress: menu/press.wav
16:42:09.389 [FXGL Background Thread 3 ] DEBUG Engine               - soundMenuSelect: menu/select.wav
16:42:09.389 [FXGL Background Thread 3 ] DEBUG Engine               - soundNotification: core/notification.wav
16:42:09.389 [FXGL Background Thread 3 ] DEBUG Engine               - stageStyle: DECORATED
16:42:09.389 [FXGL Background Thread 3 ] DEBUG Engine               - supportedLanguages: [ENGLISH, FRENCH, GERMAN, HUNGARIAN, RUSSIAN]
16:42:09.389 [FXGL Background Thread 3 ] DEBUG Engine               - ticksPerSecond: -1
16:42:09.389 [FXGL Background Thread 3 ] DEBUG Engine               - title: Shooter
16:42:09.389 [FXGL Background Thread 3 ] DEBUG Engine               - urlGithub: https://github.com/AlmasB/FXGL
16:42:09.389 [FXGL Background Thread 3 ] DEBUG Engine               - urlLeaderboard: http://fxgl-top.herokuapp.com/
16:42:09.389 [FXGL Background Thread 3 ] DEBUG Engine               - urlPOM: https://raw.githubusercontent.com/AlmasB/FXGL/release/README.md
16:42:09.389 [FXGL Background Thread 3 ] DEBUG Engine               - userAppClass: class com.aen.spaceship_fights.SpaceShipFightsApp
16:42:09.389 [FXGL Background Thread 3 ] DEBUG Engine               - version: 0.1
16:42:09.389 [FXGL Background Thread 3 ] DEBUG Engine               - versionCheckDays: 7
16:42:09.389 [FXGL Background Thread 3 ] DEBUG Engine               - width: 1280
16:42:09.389 [FXGL Background Thread 3 ] DEBUG Engine               - Logging services
16:42:09.389 [FXGL Background Thread 3 ] DEBUG Engine               - class com.almasb.fxgl.app.services.FXGLAssetLoaderService
16:42:09.389 [FXGL Background Thread 3 ] DEBUG Engine               - class com.almasb.fxgl.app.FXGLApplication$GameApplicationService
16:42:09.389 [FXGL Background Thread 3 ] DEBUG Engine               - class com.almasb.fxgl.app.services.FXGLDialogService
16:42:09.389 [FXGL Background Thread 3 ] DEBUG Engine               - class com.almasb.fxgl.app.services.IOTaskExecutorService
16:42:09.389 [FXGL Background Thread 3 ] DEBUG Engine               - class com.almasb.fxgl.io.FileSystemService
16:42:09.389 [FXGL Background Thread 3 ] DEBUG Engine               - class com.almasb.fxgl.localization.LocalizationService
16:42:09.390 [FXGL Background Thread 3 ] DEBUG Engine               - class com.almasb.fxgl.app.services.SystemBundleService
16:42:09.390 [FXGL Background Thread 3 ] DEBUG Engine               - class com.almasb.fxgl.profile.SaveLoadService
16:42:09.390 [FXGL Background Thread 3 ] DEBUG Engine               - class com.almasb.fxgl.ui.FXGLUIFactoryServiceProvider
16:42:09.390 [FXGL Background Thread 3 ] DEBUG Engine               - class com.almasb.fxgl.ui.FXGLDialogFactoryServiceProvider
16:42:09.390 [FXGL Background Thread 3 ] DEBUG Engine               - class com.almasb.fxgl.audio.AudioPlayer
16:42:09.390 [FXGL Background Thread 3 ] DEBUG Engine               - class com.almasb.fxgl.notification.impl.NotificationServiceProvider
16:42:09.390 [FXGL Background Thread 3 ] DEBUG Engine               - class com.almasb.fxgl.achievement.AchievementService
16:42:09.390 [FXGL Background Thread 3 ] DEBUG Engine               - class com.almasb.fxgl.cutscene.CutsceneService
16:42:09.390 [FXGL Background Thread 3 ] DEBUG Engine               - class com.almasb.fxgl.minigames.MiniGameService
16:42:09.390 [FXGL Background Thread 3 ] DEBUG Engine               - class com.almasb.fxgl.net.NetService
16:42:09.390 [FXGL Background Thread 3 ] DEBUG Engine               - class com.almasb.fxgl.app.services.UpdaterService
16:42:09.390 [FXGL Background Thread 3 ] DEBUG Engine               - class com.almasb.fxgl.dev.DevService
16:44:47.069 [JavaFX Application Thread] DEBUG Menu                 - fireNewGame()
16:44:47.069 [JavaFX Application Thread] DEBUG GameApplicationServi - Starting new game
16:44:47.069 [JavaFX Application Thread] DEBUG PrimaryStageWindow   - Pop state: MainMenu
16:44:47.069 [JavaFX Application Thread] DEBUG Input                - Clearing active input actions
16:44:47.070 [JavaFX Application Thread] DEBUG GameApplicationServi - Removing overlay from MainMenu and adding to FXGLMainMenuDummyScene
16:44:47.070 [JavaFX Application Thread] DEBUG PrimaryStageWindow   - FXGLMainMenuDummyScene <- MainMenu
16:44:47.070 [JavaFX Application Thread] DEBUG Input                - Clearing active input actions
16:44:47.078 [JavaFX Application Thread] DEBUG GameApplicationServi - Removing overlay from FXGLMainMenuDummyScene and adding to FXGLLoadingScene
16:44:47.078 [JavaFX Application Thread] DEBUG PrimaryStageWindow   - FXGLMainMenuDummyScene -> FXGLLoadingScene
16:44:47.078 [JavaFX Application Thread] DEBUG GameApplicationServi - Clearing previous game
16:44:47.078 [JavaFX Application Thread] DEBUG GameScene            - Clearing game scene
16:44:47.078 [JavaFX Application Thread] DEBUG GameWorld            - Clearing game world
16:44:47.078 [JavaFX Application Thread] DEBUG PhysicsWorld         - Clearing physics world
16:44:47.083 [FXGL Background Thread 5 ] DEBUG FXGLApplication      - Initializing game
16:44:47.108 [FXGL Background Thread 5 ] DEBUG FXGLAssetLoaderServi - Loading from file system: file:/C:/Users/pc/Desktop/Java/GameEngines/Asteriods/target/classes/assets/textures/player.png
16:44:47.153 [FXGL Background Thread 5 ] DEBUG FXGLAssetLoaderServi - Loading from file system: file:/C:/Users/pc/Desktop/Java/GameEngines/Asteriods/target/classes/assets/textures/life.png
16:44:47.155 [FXGL Background Thread 5 ] INFO  FXGLApplication      - Game initialization took: 0.072 sec
16:44:47.158 [JavaFX Application Thread] DEBUG Input                - Clearing active input actions
16:44:47.166 [JavaFX Application Thread] DEBUG GameApplicationServi - Removing overlay from FXGLLoadingScene and adding to GameScene
16:44:47.166 [JavaFX Application Thread] DEBUG PrimaryStageWindow   - FXGLLoadingScene -> GameScene
16:44:53.206 [JavaFX Application Thread] DEBUG FXGLAssetLoaderServi - Loading from file system: file:/C:/Users/pc/Desktop/Java/GameEngines/Asteriods/target/classes/assets/textures/instructor_2.png
16:45:13.338 [JavaFX Application Thread] DEBUG FXGLAssetLoaderServi - Loading from file system: file:/C:/Users/pc/Desktop/Java/GameEngines/Asteriods/target/classes/assets/sounds/level.wav
16:45:14.980 [JavaFX Application Thread] DEBUG FXGLAssetLoaderServi - Loading from file system: file:/C:/Users/pc/Desktop/Java/GameEngines/Asteriods/target/classes/assets/textures/enemy3.png
16:45:15.287 [JavaFX Application Thread] DEBUG FXGLAssetLoaderServi - Loading from file system: file:/C:/Users/pc/Desktop/Java/GameEngines/Asteriods/target/classes/assets/textures/enemy1.png
16:45:20.097 [JavaFX Application Thread] DEBUG PrimaryStageWindow   - Push state: DialogSubScene
16:45:20.097 [JavaFX Application Thread] DEBUG Input                - Clearing active input actions
16:45:20.098 [JavaFX Application Thread] DEBUG GameApplicationServi - Removing overlay from GameScene and adding to DialogSubScene
16:45:20.098 [JavaFX Application Thread] DEBUG PrimaryStageWindow   - GameScene -> DialogSubScene
16:45:31.533 [JavaFX Application Thread] DEBUG PrimaryStageWindow   - Pop state: DialogSubScene
16:45:31.533 [JavaFX Application Thread] DEBUG Input                - Clearing active input actions
16:45:31.534 [JavaFX Application Thread] DEBUG GameApplicationServi - Removing overlay from DialogSubScene and adding to GameScene
16:45:31.534 [JavaFX Application Thread] DEBUG PrimaryStageWindow   - GameScene <- DialogSubScene
16:45:31.534 [JavaFX Application Thread] DEBUG FXGLApplication      - Exiting FXGL
16:45:31.534 [JavaFX Application Thread] DEBUG LoopRunner           - Stopping loop
16:45:31.534 [JavaFX Application Thread] DEBUG SystemBundleService  - Saving FXGL system data
16:45:31.535 [JavaFX Application Thread] DEBUG FileSystemAccess     - Writing to: C:\Users\pc\Desktop\Java\GameEngines\Asteriods\system\fxgl.bundle
16:45:31.536 [JavaFX Application Thread] DEBUG Async                - Shutting down background threads
16:45:31.536 [JavaFX Application Thread] DEBUG PrimaryStageWindow   - Closing main window
16:45:31.572 [JavaFX Application Thread] DEBUG Logger               - Closing Logger
