19:07:34.905 [main                     ] DEBUG Logger               - Configured Logger
19:07:34.931 [main                     ] DEBUG GameApplication      - Logging settings
Title: Shooter
Version: 0.1
Width: 1280
Height: 720
Fullscreen: true
Intro: false
Profiling: false
Single step:false
App Mode: DEVELOPER
Menu Key: ESCAPE
Stage Style: DECORATED
Scene Factory: class com.aen.spaceship_fights.MySceneFactory

19:07:35.487 [JavaFX Application Thread] DEBUG FXGLApplication      - Initializing FXGL
19:07:35.491 [JavaFX Application Thread] INFO  Engine               - FXGL-21.1 (27.03.2024 07.52) on WINDOWS (J:22.0.2 FX:22.0.1)
19:07:35.491 [JavaFX Application Thread] DEBUG Engine               - JRE Vendor Name: Oracle Corporation
19:07:35.492 [JavaFX Application Thread] DEBUG Engine               - Running on OS: Windows 11 version 10.0
19:07:35.492 [JavaFX Application Thread] DEBUG Engine               - Architecture: amd64
19:07:35.492 [JavaFX Application Thread] INFO  Engine               - Source code and latest versions at: https://github.com/AlmasB/FXGL
19:07:35.492 [JavaFX Application Thread] INFO  Engine               -       Ask questions and discuss at: https://github.com/AlmasB/FXGL/discussions
19:07:35.492 [JavaFX Application Thread] INFO  Engine               -              Join the FXGL chat at: https://gitter.im/AlmasB/FXGL
19:07:35.615 [JavaFX Application Thread] DEBUG PrimaryStageWindow   - Creating a JavaFX scene
19:07:35.671 [JavaFX Application Thread] DEBUG PrimaryStageWindow   - Target settings size: 1280.0 x 720.0
19:07:35.671 [JavaFX Application Thread] DEBUG PrimaryStageWindow   - Scaled scene size:    1280.0 x 720.0
19:07:35.672 [JavaFX Application Thread] DEBUG PrimaryStageWindow   - Scaled ratio: (1.0, 1.0)
19:07:35.673 [JavaFX Application Thread] DEBUG PrimaryStageWindow   - Set initial scene to FXGLStartupScene
19:07:35.677 [JavaFX Application Thread] DEBUG PrimaryStageWindow   - Opening main window
19:07:36.108 [JavaFX Application Thread] DEBUG PrimaryStageWindow   - Window border size: (16.0, 39.0)
19:07:36.109 [JavaFX Application Thread] DEBUG PrimaryStageWindow   - Scaled size: 1280.0 x 720.0
19:07:36.109 [JavaFX Application Thread] DEBUG PrimaryStageWindow   - Scaled ratio: (1.0, 1.0)
19:07:36.110 [JavaFX Application Thread] DEBUG PrimaryStageWindow   - Scene size: 1280.0 x 720.0
19:07:36.110 [JavaFX Application Thread] DEBUG PrimaryStageWindow   - Stage size: 1296.0 x 759.0
19:07:36.123 [FXGL Background Thread 1 ] DEBUG Engine               - Initializing environment variables
19:07:36.189 [FXGL Background Thread 1 ] DEBUG FXGLAssetLoaderServi - User app class for loading assets: class com.aen.spaceship_fights.SpaceShipFightsApp
19:07:36.189 [FXGL Background Thread 1 ] DEBUG GameApplicationServi - Applying CSS: fxgl_dark.css
19:07:36.189 [FXGL Background Thread 1 ] DEBUG FXGLAssetLoaderServi - Loading from file system: jar:file:/C:/Users/pc/.m2/repository/com/github/almasb/fxgl/21.1/fxgl-21.1.jar!/fxglassets/ui/css/fxgl_dark.css
19:07:36.252 [FXGL Background Thread 1 ] DEBUG GameApplicationServi - Initializing application scenes
19:07:36.362 [FXGL Background Thread 1 ] DEBUG GameWorld            - Game world initialized
19:07:36.415 [FXGL Background Thread 1 ] DEBUG PhysicsWorld         - Physics world initialized: appHeight=720, physics.ppm=50.0
19:07:36.415 [FXGL Background Thread 1 ] DEBUG PhysicsWorld         - Using strategy: BRUTE_FORCE
19:07:36.420 [FXGL Background Thread 1 ] DEBUG GameScene            - Game scene initialized: 1280x720
19:07:36.522 [FXGL Background Thread 1 ] DEBUG GameApplicationServi - Application scenes initialized
19:07:36.533 [FXGL Background Thread 1 ] DEBUG SystemBundleService  - Loading FXGL system data
19:07:36.534 [FXGL Background Thread 1 ] DEBUG FileSystemAccess     - Reading from: C:\Users\pc\Desktop\Java\GameEngines\Asteriods\system\fxgl.bundle
19:07:36.537 [FXGL Background Thread 1 ] DEBUG SystemBundleService  - Bundle FXGL: {}
19:07:36.537 [FXGL Background Thread 1 ] DEBUG UpdaterService       - Checking for updates
19:07:36.541 [FXGL Background Thread 4 ] DEBUG FXGLApplication      - Loading fonts
19:07:36.542 [FXGL Background Thread 4 ] DEBUG FXGLAssetLoaderServi - Loading from file system: jar:file:/C:/Users/pc/.m2/repository/com/github/almasb/fxgl/21.1/fxgl-21.1.jar!/fxglassets/ui/fonts/VarelaRound-Regular.ttf
19:07:36.542 [FXGL Background Thread 1 ] DEBUG FXGLApplication      - Loading default localization
19:07:36.542 [FXGL Background Thread 1 ] DEBUG FXGLAssetLoaderServi - Loading from file system: jar:file:/C:/Users/pc/.m2/repository/com/github/almasb/fxgl/21.1/fxgl-21.1.jar!/fxglassets/languages/english.lang
19:07:36.546 [FXGL Background Thread 4 ] DEBUG FXGLAssetLoaderServi - Loading from file system: jar:file:/C:/Users/pc/.m2/repository/com/github/almasb/fxgl/21.1/fxgl-21.1.jar!/fxglassets/ui/fonts/Abel-Regular.ttf
19:07:36.553 [FXGL Background Thread 4 ] DEBUG FXGLAssetLoaderServi - Loading from file system: jar:file:/C:/Users/pc/.m2/repository/com/github/almasb/fxgl/21.1/fxgl-21.1.jar!/fxglassets/ui/fonts/TerminalLandMono-Regular.otf
19:07:36.556 [FXGL Background Thread 4 ] DEBUG FXGLAssetLoaderServi - Loading from file system: jar:file:/C:/Users/pc/.m2/repository/com/github/almasb/fxgl/21.1/fxgl-21.1.jar!/fxglassets/ui/fonts/Courier-Prime.ttf
19:07:36.564 [JavaFX Application Thread] DEBUG FXGLApplication      - Registering font factories with UI factory
19:07:36.599 [FXGL Background Thread 1 ] INFO  FXGLApplication      - FXGL initialization took: 0.476 sec
19:07:36.610 [JavaFX Application Thread] DEBUG Input                - Registered new binding: action0 - A
19:07:36.610 [JavaFX Application Thread] DEBUG Input                - Registered new binding: action1 - D
19:07:36.610 [JavaFX Application Thread] DEBUG Input                - Registered new binding: action2 - W
19:07:36.611 [JavaFX Application Thread] DEBUG Input                - Registered new binding: action3 - F
19:07:36.611 [JavaFX Application Thread] DEBUG Input                - Registered new binding: action4 - P
19:07:36.611 [JavaFX Application Thread] DEBUG Input                - Registered new binding: action5 - R
19:07:36.611 [JavaFX Application Thread] DEBUG Input                - Registered new binding: action6 - M
19:07:36.612 [JavaFX Application Thread] DEBUG FXGLAssetLoaderServi - Loading from file system: jar:file:/C:/Users/pc/.m2/repository/com/github/almasb/fxgl/21.1/fxgl-21.1.jar!/fxglassets/textures/fxgl_icon.png
19:07:36.655 [JavaFX Application Thread] DEBUG FXGLAssetLoaderServi - Loading from file system: jar:file:/C:/Users/pc/.m2/repository/com/github/almasb/fxgl/21.1/fxgl-21.1.jar!/fxglassets/textures/fxgl_default_cursor.png
19:07:36.661 [JavaFX Application Thread] DEBUG Input                - Registered new binding: Screenshot - CTRL+8
19:07:36.662 [JavaFX Application Thread] DEBUG Input                - Registered new binding: System info dump - CTRL+9
19:07:36.663 [JavaFX Application Thread] DEBUG Input                - Registered new binding: Restart - CTRL+R
19:07:36.665 [JavaFX Application Thread] DEBUG Input                - Registered new binding: Toggle Debug Camera - CTRL+7
19:07:36.673 [JavaFX Application Thread] DEBUG LoopRunner           - Starting loop
19:07:36.673 [JavaFX Application Thread] DEBUG LoopRunner           - Initializing JavaFX AnimationTimerLoop
19:07:36.682 [JavaFX Application Thread] DEBUG Input                - Clearing active input actions
19:07:36.693 [JavaFX Application Thread] DEBUG GameApplicationServi - Removing overlay from FXGLStartupScene and adding to FXGLMainMenuDummyScene
19:07:36.693 [JavaFX Application Thread] DEBUG PrimaryStageWindow   - FXGLStartupScene -> FXGLMainMenuDummyScene
19:07:36.693 [JavaFX Application Thread] DEBUG PrimaryStageWindow   - Push state: MainMenu
19:07:36.695 [JavaFX Application Thread] DEBUG Input                - Clearing active input actions
19:07:36.713 [JavaFX Application Thread] DEBUG GameApplicationServi - Removing overlay from FXGLMainMenuDummyScene and adding to MainMenu
19:07:36.714 [JavaFX Application Thread] DEBUG PrimaryStageWindow   - FXGLMainMenuDummyScene -> MainMenu
19:07:39.541 [FXGL Background Thread 3 ] DEBUG Engine               - Logging environment variables
19:07:39.542 [FXGL Background Thread 3 ] DEBUG Engine               - achievements: []
19:07:39.542 [FXGL Background Thread 3 ] DEBUG Engine               - actualHeight: 720.0
19:07:39.542 [FXGL Background Thread 3 ] DEBUG Engine               - actualHeightProperty: ReadOnlyDoubleProperty [value: 720.0]
19:07:39.543 [FXGL Background Thread 3 ] DEBUG Engine               - actualWidth: 1280.0
19:07:39.543 [FXGL Background Thread 3 ] DEBUG Engine               - actualWidthProperty: ReadOnlyDoubleProperty [value: 1280.0]
19:07:39.543 [FXGL Background Thread 3 ] DEBUG Engine               - appIcon: fxgl_icon.png
19:07:39.543 [FXGL Background Thread 3 ] DEBUG Engine               - applicationMode: DEVELOPER
19:07:39.544 [FXGL Background Thread 3 ] DEBUG Engine               - cSSList: [fxgl_dark.css]
19:07:39.544 [FXGL Background Thread 3 ] DEBUG Engine               - collisionDetectionStrategy: BRUTE_FORCE
19:07:39.545 [FXGL Background Thread 3 ] DEBUG Engine               - configClass: Optional.empty
19:07:39.545 [FXGL Background Thread 3 ] DEBUG Engine               - credits: [Nyirenda Amos, Ouedraogo Luther Arthur, Magne Lidivine Merveille]
19:07:39.549 [FXGL Background Thread 3 ] DEBUG Engine               - defaultCursor: CursorInfo(imageName=fxgl_default_cursor.png, hotspotX=7.0, hotspotY=6.0)
19:07:39.550 [FXGL Background Thread 3 ] DEBUG Engine               - devBBoxColorProperty: ObjectProperty [value: 0xff0000ff]
19:07:39.550 [FXGL Background Thread 3 ] DEBUG Engine               - devEnableDebugCameraProperty: BooleanProperty [value: false]
19:07:39.550 [FXGL Background Thread 3 ] DEBUG Engine               - devSensorColorProperty: ObjectProperty [value: 0xffff00ff]
19:07:39.550 [FXGL Background Thread 3 ] DEBUG Engine               - devShowBBoxProperty: BooleanProperty [value: false]
19:07:39.551 [FXGL Background Thread 3 ] DEBUG Engine               - devShowPositionProperty: BooleanProperty [value: false]
19:07:39.551 [FXGL Background Thread 3 ] DEBUG Engine               - enabledMenuItems: []
19:07:39.551 [FXGL Background Thread 3 ] DEBUG Engine               - engineServices: [class com.almasb.fxgl.app.services.FXGLAssetLoaderService, class com.almasb.fxgl.app.FXGLApplication$GameApplicationService, class com.almasb.fxgl.app.services.FXGLDialogService, class com.almasb.fxgl.app.services.IOTaskExecutorService, class com.almasb.fxgl.io.FileSystemService, class com.almasb.fxgl.localization.LocalizationService, class com.almasb.fxgl.app.services.SystemBundleService, class com.almasb.fxgl.profile.SaveLoadService, class com.almasb.fxgl.ui.FXGLUIFactoryServiceProvider, class com.almasb.fxgl.ui.FXGLDialogFactoryServiceProvider, class com.almasb.fxgl.audio.AudioPlayer, class com.almasb.fxgl.notification.impl.NotificationServiceProvider, class com.almasb.fxgl.achievement.AchievementService, class com.almasb.fxgl.cutscene.CutsceneService, class com.almasb.fxgl.minigames.MiniGameService, class com.almasb.fxgl.net.NetService, class com.almasb.fxgl.app.services.UpdaterService, class com.almasb.fxgl.dev.DevService]
19:07:39.551 [FXGL Background Thread 3 ] DEBUG Engine               - fontGame: Abel-Regular.ttf
19:07:39.551 [FXGL Background Thread 3 ] DEBUG Engine               - fontMono: TerminalLandMono-Regular.otf
19:07:39.551 [FXGL Background Thread 3 ] DEBUG Engine               - fontSizeScaleUI: 1.0
19:07:39.552 [FXGL Background Thread 3 ] DEBUG Engine               - fontText: Courier-Prime.ttf
19:07:39.552 [FXGL Background Thread 3 ] DEBUG Engine               - fontUI: VarelaRound-Regular.ttf
19:07:39.552 [FXGL Background Thread 3 ] DEBUG Engine               - fullScreen: BooleanProperty [value: false]
19:07:39.553 [FXGL Background Thread 3 ] DEBUG Engine               - gameDifficulty: MEDIUM
19:07:39.554 [FXGL Background Thread 3 ] DEBUG Engine               - gameDifficultyProperty: ObjectProperty [value: MEDIUM]
19:07:39.555 [FXGL Background Thread 3 ] DEBUG Engine               - globalMusicVolume: 0.5
19:07:39.558 [FXGL Background Thread 3 ] DEBUG Engine               - globalMusicVolumeProperty: DoubleProperty [value: 0.5]
19:07:39.558 [FXGL Background Thread 3 ] DEBUG Engine               - globalSoundVolume: 0.5
19:07:39.559 [FXGL Background Thread 3 ] DEBUG Engine               - globalSoundVolumeProperty: DoubleProperty [value: 0.5]
19:07:39.559 [FXGL Background Thread 3 ] DEBUG Engine               - height: 720
19:07:39.559 [FXGL Background Thread 3 ] DEBUG Engine               - is3D: false
19:07:39.559 [FXGL Background Thread 3 ] DEBUG Engine               - isAndroid: false
19:07:39.560 [FXGL Background Thread 3 ] DEBUG Engine               - isBrowser: false
19:07:39.560 [FXGL Background Thread 3 ] DEBUG Engine               - isClickFeedbackEnabled: false
19:07:39.561 [FXGL Background Thread 3 ] DEBUG Engine               - isCloseConfirmation: false
19:07:39.561 [FXGL Background Thread 3 ] DEBUG Engine               - isDesktop: true
19:07:39.561 [FXGL Background Thread 3 ] DEBUG Engine               - isDeveloperMenuEnabled: false
19:07:39.561 [FXGL Background Thread 3 ] DEBUG Engine               - isEmbedded: false
19:07:39.562 [FXGL Background Thread 3 ] DEBUG Engine               - isEntityPreloadEnabled: true
19:07:39.562 [FXGL Background Thread 3 ] DEBUG Engine               - isExperimentalTiledLargeMap: false
19:07:39.562 [FXGL Background Thread 3 ] DEBUG Engine               - isFileSystemWriteAllowed: true
19:07:39.562 [FXGL Background Thread 3 ] DEBUG Engine               - isFullScreenAllowed: true
19:07:39.562 [FXGL Background Thread 3 ] DEBUG Engine               - isFullScreenFromStart: false
19:07:39.563 [FXGL Background Thread 3 ] DEBUG Engine               - isGameMenuEnabled: true
19:07:39.563 [FXGL Background Thread 3 ] DEBUG Engine               - isIOS: false
19:07:39.563 [FXGL Background Thread 3 ] DEBUG Engine               - isIntroEnabled: false
19:07:39.563 [FXGL Background Thread 3 ] DEBUG Engine               - isLinux: false
19:07:39.564 [FXGL Background Thread 3 ] DEBUG Engine               - isMac: false
19:07:39.564 [FXGL Background Thread 3 ] DEBUG Engine               - isMainMenuEnabled: true
19:07:39.564 [FXGL Background Thread 3 ] DEBUG Engine               - isManualResizeEnabled: false
19:07:39.564 [FXGL Background Thread 3 ] DEBUG Engine               - isMobile: false
19:07:39.564 [FXGL Background Thread 3 ] DEBUG Engine               - isNative: false
19:07:39.564 [FXGL Background Thread 3 ] DEBUG Engine               - isPauseMusicWhenMinimized: true
19:07:39.564 [FXGL Background Thread 3 ] DEBUG Engine               - isPreserveResizeRatio: false
19:07:39.565 [FXGL Background Thread 3 ] DEBUG Engine               - isProfilingEnabled: false
19:07:39.565 [FXGL Background Thread 3 ] DEBUG Engine               - isScaleAffectedOnResize: true
19:07:39.565 [FXGL Background Thread 3 ] DEBUG Engine               - isSingleStep: false
19:07:39.565 [FXGL Background Thread 3 ] DEBUG Engine               - isUserProfileEnabled: false
19:07:39.565 [FXGL Background Thread 3 ] DEBUG Engine               - isWindows: true
19:07:39.565 [FXGL Background Thread 3 ] DEBUG Engine               - language: ObjectProperty [value: ENGLISH]
19:07:39.565 [FXGL Background Thread 3 ] DEBUG Engine               - menuKey: ESCAPE
19:07:39.565 [FXGL Background Thread 3 ] DEBUG Engine               - mouseSensitivity: 0.2
19:07:39.565 [FXGL Background Thread 3 ] DEBUG Engine               - notificationViewClass: class com.almasb.fxgl.notification.view.XboxNotificationView
19:07:39.566 [FXGL Background Thread 3 ] DEBUG Engine               - pixelsPerMeter: 50.0
19:07:39.566 [FXGL Background Thread 3 ] DEBUG Engine               - platform: WINDOWS
19:07:39.566 [FXGL Background Thread 3 ] DEBUG Engine               - prefHeightProperty: ReadOnlyDoubleProperty [value: 720.0]
19:07:39.566 [FXGL Background Thread 3 ] DEBUG Engine               - prefWidthProperty: ReadOnlyDoubleProperty [value: 1280.0]
19:07:39.567 [FXGL Background Thread 3 ] DEBUG Engine               - profileDir: profiles/
19:07:39.567 [FXGL Background Thread 3 ] DEBUG Engine               - profileName: StringProperty [value: DEFAULT]
19:07:39.567 [FXGL Background Thread 3 ] DEBUG Engine               - randomSeed: -1
19:07:39.569 [FXGL Background Thread 3 ] DEBUG Engine               - runtimeInfo: RuntimeInfo(platform=WINDOWS, version=21.1, build=27.03.2024 07.52)
19:07:39.569 [FXGL Background Thread 3 ] DEBUG Engine               - saveFileExt: sav
19:07:39.569 [FXGL Background Thread 3 ] DEBUG Engine               - scaledHeightProp$fxgl: DoubleProperty [bound, value: 720.0]
19:07:39.570 [FXGL Background Thread 3 ] DEBUG Engine               - scaledWidthProp$fxgl: DoubleProperty [bound, value: 1280.0]
19:07:39.570 [FXGL Background Thread 3 ] DEBUG Engine               - sceneFactory: com.aen.spaceship_fights.MySceneFactory@690372d7
19:07:39.570 [FXGL Background Thread 3 ] DEBUG Engine               - secondsIn24h: 60
19:07:39.570 [FXGL Background Thread 3 ] DEBUG Engine               - soundMenuBack: menu/back.wav
19:07:39.570 [FXGL Background Thread 3 ] DEBUG Engine               - soundMenuPress: menu/press.wav
19:07:39.570 [FXGL Background Thread 3 ] DEBUG Engine               - soundMenuSelect: menu/select.wav
19:07:39.571 [FXGL Background Thread 3 ] DEBUG Engine               - soundNotification: core/notification.wav
19:07:39.571 [FXGL Background Thread 3 ] DEBUG Engine               - stageStyle: DECORATED
19:07:39.571 [FXGL Background Thread 3 ] DEBUG Engine               - supportedLanguages: [ENGLISH, FRENCH, GERMAN, HUNGARIAN, RUSSIAN]
19:07:39.571 [FXGL Background Thread 3 ] DEBUG Engine               - ticksPerSecond: -1
19:07:39.571 [FXGL Background Thread 3 ] DEBUG Engine               - title: Shooter
19:07:39.571 [FXGL Background Thread 3 ] DEBUG Engine               - urlGithub: https://github.com/AlmasB/FXGL
19:07:39.571 [FXGL Background Thread 3 ] DEBUG Engine               - urlLeaderboard: http://fxgl-top.herokuapp.com/
19:07:39.572 [FXGL Background Thread 3 ] DEBUG Engine               - urlPOM: https://raw.githubusercontent.com/AlmasB/FXGL/release/README.md
19:07:39.572 [FXGL Background Thread 3 ] DEBUG Engine               - userAppClass: class com.aen.spaceship_fights.SpaceShipFightsApp
19:07:39.572 [FXGL Background Thread 3 ] DEBUG Engine               - version: 0.1
19:07:39.572 [FXGL Background Thread 3 ] DEBUG Engine               - versionCheckDays: 7
19:07:39.572 [FXGL Background Thread 3 ] DEBUG Engine               - width: 1280
19:07:39.572 [FXGL Background Thread 3 ] DEBUG Engine               - Logging services
19:07:39.573 [FXGL Background Thread 3 ] DEBUG Engine               - class com.almasb.fxgl.app.services.FXGLAssetLoaderService
19:07:39.573 [FXGL Background Thread 3 ] DEBUG Engine               - class com.almasb.fxgl.app.FXGLApplication$GameApplicationService
19:07:39.573 [FXGL Background Thread 3 ] DEBUG Engine               - class com.almasb.fxgl.app.services.FXGLDialogService
19:07:39.573 [FXGL Background Thread 3 ] DEBUG Engine               - class com.almasb.fxgl.app.services.IOTaskExecutorService
19:07:39.573 [FXGL Background Thread 3 ] DEBUG Engine               - class com.almasb.fxgl.io.FileSystemService
19:07:39.573 [FXGL Background Thread 3 ] DEBUG Engine               - class com.almasb.fxgl.localization.LocalizationService
19:07:39.573 [FXGL Background Thread 3 ] DEBUG Engine               - class com.almasb.fxgl.app.services.SystemBundleService
19:07:39.573 [FXGL Background Thread 3 ] DEBUG Engine               - class com.almasb.fxgl.profile.SaveLoadService
19:07:39.574 [FXGL Background Thread 3 ] DEBUG Engine               - class com.almasb.fxgl.ui.FXGLUIFactoryServiceProvider
19:07:39.574 [FXGL Background Thread 3 ] DEBUG Engine               - class com.almasb.fxgl.ui.FXGLDialogFactoryServiceProvider
19:07:39.574 [FXGL Background Thread 3 ] DEBUG Engine               - class com.almasb.fxgl.audio.AudioPlayer
19:07:39.574 [FXGL Background Thread 3 ] DEBUG Engine               - class com.almasb.fxgl.notification.impl.NotificationServiceProvider
19:07:39.575 [FXGL Background Thread 3 ] DEBUG Engine               - class com.almasb.fxgl.achievement.AchievementService
19:07:39.575 [FXGL Background Thread 3 ] DEBUG Engine               - class com.almasb.fxgl.cutscene.CutsceneService
19:07:39.575 [FXGL Background Thread 3 ] DEBUG Engine               - class com.almasb.fxgl.minigames.MiniGameService
19:07:39.575 [FXGL Background Thread 3 ] DEBUG Engine               - class com.almasb.fxgl.net.NetService
19:07:39.575 [FXGL Background Thread 3 ] DEBUG Engine               - class com.almasb.fxgl.app.services.UpdaterService
19:07:39.575 [FXGL Background Thread 3 ] DEBUG Engine               - class com.almasb.fxgl.dev.DevService
19:08:22.137 [JavaFX Application Thread] DEBUG Menu                 - fireNewGame()
19:08:22.137 [JavaFX Application Thread] DEBUG GameApplicationServi - Starting new game
19:08:22.138 [JavaFX Application Thread] DEBUG PrimaryStageWindow   - Pop state: MainMenu
19:08:22.138 [JavaFX Application Thread] DEBUG Input                - Clearing active input actions
19:08:22.138 [JavaFX Application Thread] DEBUG GameApplicationServi - Removing overlay from MainMenu and adding to FXGLMainMenuDummyScene
19:08:22.139 [JavaFX Application Thread] DEBUG PrimaryStageWindow   - FXGLMainMenuDummyScene <- MainMenu
19:08:22.139 [JavaFX Application Thread] DEBUG Input                - Clearing active input actions
19:08:22.143 [JavaFX Application Thread] DEBUG GameApplicationServi - Removing overlay from FXGLMainMenuDummyScene and adding to FXGLLoadingScene
19:08:22.143 [JavaFX Application Thread] DEBUG PrimaryStageWindow   - FXGLMainMenuDummyScene -> FXGLLoadingScene
19:08:22.143 [JavaFX Application Thread] DEBUG GameApplicationServi - Clearing previous game
19:08:22.143 [JavaFX Application Thread] DEBUG GameScene            - Clearing game scene
19:08:22.144 [JavaFX Application Thread] DEBUG GameWorld            - Clearing game world
19:08:22.144 [JavaFX Application Thread] DEBUG PhysicsWorld         - Clearing physics world
19:08:22.146 [FXGL Background Thread 2 ] DEBUG FXGLApplication      - Initializing game
19:08:22.171 [FXGL Background Thread 2 ] DEBUG FXGLAssetLoaderServi - Loading from file system: file:/C:/Users/pc/Desktop/Java/GameEngines/Asteriods/target/classes/assets/textures/player.png
19:08:22.218 [FXGL Background Thread 2 ] DEBUG FXGLAssetLoaderServi - Loading from file system: file:/C:/Users/pc/Desktop/Java/GameEngines/Asteriods/target/classes/assets/textures/life.png
19:08:22.221 [FXGL Background Thread 2 ] INFO  FXGLApplication      - Game initialization took: 0.075 sec
19:08:22.221 [JavaFX Application Thread] DEBUG Input                - Clearing active input actions
19:08:22.229 [JavaFX Application Thread] DEBUG GameApplicationServi - Removing overlay from FXGLLoadingScene and adding to GameScene
19:08:22.230 [JavaFX Application Thread] DEBUG PrimaryStageWindow   - FXGLLoadingScene -> GameScene
19:08:28.303 [JavaFX Application Thread] DEBUG FXGLAssetLoaderServi - Loading from file system: file:/C:/Users/pc/Desktop/Java/GameEngines/Asteriods/target/classes/assets/textures/instructor_2.png
19:08:48.326 [JavaFX Application Thread] DEBUG FXGLAssetLoaderServi - Loading from file system: file:/C:/Users/pc/Desktop/Java/GameEngines/Asteriods/target/classes/assets/sounds/level.wav
19:08:49.921 [JavaFX Application Thread] DEBUG FXGLAssetLoaderServi - Loading from file system: file:/C:/Users/pc/Desktop/Java/GameEngines/Asteriods/target/classes/assets/textures/enemy2.png
19:08:50.298 [JavaFX Application Thread] DEBUG FXGLAssetLoaderServi - Loading from file system: file:/C:/Users/pc/Desktop/Java/GameEngines/Asteriods/target/classes/assets/textures/enemy1.png
19:08:56.803 [JavaFX Application Thread] DEBUG PrimaryStageWindow   - Push state: DialogSubScene
19:08:56.803 [JavaFX Application Thread] DEBUG Input                - Clearing active input actions
19:08:56.804 [JavaFX Application Thread] DEBUG GameApplicationServi - Removing overlay from GameScene and adding to DialogSubScene
19:08:56.804 [JavaFX Application Thread] DEBUG PrimaryStageWindow   - GameScene -> DialogSubScene
21:15:42.762 [JavaFX Application Thread] DEBUG PrimaryStageWindow   - Pop state: DialogSubScene
21:15:42.763 [JavaFX Application Thread] DEBUG Input                - Clearing active input actions
21:15:42.764 [JavaFX Application Thread] DEBUG GameApplicationServi - Removing overlay from DialogSubScene and adding to GameScene
21:15:42.764 [JavaFX Application Thread] DEBUG PrimaryStageWindow   - GameScene <- DialogSubScene
21:15:42.764 [JavaFX Application Thread] DEBUG FXGLApplication      - Exiting FXGL
21:15:42.764 [JavaFX Application Thread] DEBUG LoopRunner           - Stopping loop
21:15:42.765 [JavaFX Application Thread] DEBUG SystemBundleService  - Saving FXGL system data
21:15:42.768 [JavaFX Application Thread] DEBUG FileSystemAccess     - Writing to: C:\Users\pc\Desktop\Java\GameEngines\Asteriods\system\fxgl.bundle
21:15:42.770 [JavaFX Application Thread] DEBUG Async                - Shutting down background threads
21:15:42.770 [JavaFX Application Thread] DEBUG PrimaryStageWindow   - Closing main window
21:15:42.792 [JavaFX Application Thread] DEBUG Logger               - Closing Logger
