22:28:18.790 [main                     ] DEBUG Logger               - Configured Logger
22:28:18.798 [main                     ] DEBUG GameApplication      - Logging settings
Title: SpaceShipFights
Version: 0.1
Width: 1280
Height: 720
Fullscreen: true
Intro: false
Profiling: false
Single step:false
App Mode: DEVELOPER
Menu Key: ESCAPE
Stage Style: DECORATED
Scene Factory: class com.aen.spaceship_fights.MySceneFactory

22:28:19.694 [JavaFX Application Thread] DEBUG FXGLApplication      - Initializing FXGL
22:28:19.699 [JavaFX Application Thread] INFO  Engine               - FXGL-21.1 (27.03.2024 07.52) on WINDOWS (J:24 FX:22.0.1)
22:28:19.700 [JavaFX Application Thread] DEBUG Engine               - JRE Vendor Name: Oracle Corporation
22:28:19.700 [JavaFX Application Thread] DEBUG Engine               - Running on OS: Windows 11 version 10.0
22:28:19.700 [JavaFX Application Thread] DEBUG Engine               - Architecture: amd64
22:28:19.700 [JavaFX Application Thread] INFO  Engine               - Source code and latest versions at: https://github.com/AlmasB/FXGL
22:28:19.701 [JavaFX Application Thread] INFO  Engine               -       Ask questions and discuss at: https://github.com/AlmasB/FXGL/discussions
22:28:19.701 [JavaFX Application Thread] INFO  Engine               -              Join the FXGL chat at: https://gitter.im/AlmasB/FXGL
22:28:19.974 [JavaFX Application Thread] DEBUG PrimaryStageWindow   - Creating a JavaFX scene
22:28:20.105 [JavaFX Application Thread] DEBUG PrimaryStageWindow   - Target settings size: 1280.0 x 720.0
22:28:20.105 [JavaFX Application Thread] DEBUG PrimaryStageWindow   - Scaled scene size:    1280.0 x 720.0
22:28:20.105 [JavaFX Application Thread] DEBUG PrimaryStageWindow   - Scaled ratio: (1.0, 1.0)
22:28:20.107 [JavaFX Application Thread] DEBUG PrimaryStageWindow   - Set initial scene to FXGLStartupScene
22:28:20.116 [JavaFX Application Thread] DEBUG PrimaryStageWindow   - Opening main window
22:28:20.965 [JavaFX Application Thread] DEBUG PrimaryStageWindow   - Window border size: (14.6666259765625, 37.33331298828125)
22:28:20.965 [JavaFX Application Thread] DEBUG PrimaryStageWindow   - Scaled size: 1280.0 x 720.0
22:28:20.966 [JavaFX Application Thread] DEBUG PrimaryStageWindow   - Scaled ratio: (1.0, 1.0)
22:28:20.966 [JavaFX Application Thread] DEBUG PrimaryStageWindow   - Scene size: 1280.0 x 720.0
22:28:20.966 [JavaFX Application Thread] DEBUG PrimaryStageWindow   - Stage size: 1294.6666259765625 x 757.3333129882812
22:28:20.989 [FXGL Background Thread 1 ] DEBUG Engine               - Initializing environment variables
22:28:21.125 [FXGL Background Thread 1 ] DEBUG FXGLAssetLoaderServi - User app class for loading assets: class com.aen.spaceship_fights.SpaceShipFightsApp
22:28:21.127 [FXGL Background Thread 1 ] DEBUG GameApplicationServi - Applying CSS: fxgl_dark.css
22:28:21.131 [FXGL Background Thread 1 ] DEBUG FXGLAssetLoaderServi - Loading from file system: jar:file:/C:/Users/merve/.m2/repository/com/github/almasb/fxgl/21.1/fxgl-21.1.jar!/fxglassets/ui/css/fxgl_dark.css
22:28:21.284 [FXGL Background Thread 1 ] DEBUG GameApplicationServi - Initializing application scenes
22:28:21.390 [FXGL Background Thread 1 ] DEBUG GameWorld            - Game world initialized
22:28:21.550 [FXGL Background Thread 1 ] DEBUG PhysicsWorld         - Physics world initialized: appHeight=720, physics.ppm=50,0
22:28:21.550 [FXGL Background Thread 1 ] DEBUG PhysicsWorld         - Using strategy: BRUTE_FORCE
22:28:21.560 [FXGL Background Thread 1 ] DEBUG GameScene            - Game scene initialized: 1280x720
22:28:21.796 [FXGL Background Thread 1 ] DEBUG GameApplicationServi - Application scenes initialized
22:28:21.813 [FXGL Background Thread 1 ] DEBUG SystemBundleService  - Loading FXGL system data
22:28:21.816 [FXGL Background Thread 1 ] DEBUG FileSystemAccess     - Reading from: C:\Users\merve\Desktop\ENSA\SpaceShipFights\SpaceShipFights\system\fxgl.bundle
22:28:21.820 [FXGL Background Thread 1 ] DEBUG SystemBundleService  - Bundle FXGL: {}
22:28:21.821 [FXGL Background Thread 1 ] DEBUG UpdaterService       - Checking for updates
22:28:21.828 [FXGL Background Thread 4 ] DEBUG FXGLApplication      - Loading fonts
22:28:21.829 [FXGL Background Thread 4 ] DEBUG FXGLAssetLoaderServi - Loading from file system: jar:file:/C:/Users/merve/.m2/repository/com/github/almasb/fxgl/21.1/fxgl-21.1.jar!/fxglassets/ui/fonts/VarelaRound-Regular.ttf
22:28:21.830 [FXGL Background Thread 1 ] DEBUG FXGLApplication      - Loading default localization
22:28:21.831 [FXGL Background Thread 1 ] DEBUG FXGLAssetLoaderServi - Loading from file system: jar:file:/C:/Users/merve/.m2/repository/com/github/almasb/fxgl/21.1/fxgl-21.1.jar!/fxglassets/languages/english.lang
22:28:21.852 [FXGL Background Thread 4 ] DEBUG FXGLAssetLoaderServi - Loading from file system: jar:file:/C:/Users/merve/.m2/repository/com/github/almasb/fxgl/21.1/fxgl-21.1.jar!/fxglassets/ui/fonts/Abel-Regular.ttf
22:28:21.873 [FXGL Background Thread 4 ] DEBUG FXGLAssetLoaderServi - Loading from file system: jar:file:/C:/Users/merve/.m2/repository/com/github/almasb/fxgl/21.1/fxgl-21.1.jar!/fxglassets/ui/fonts/TerminalLandMono-Regular.otf
22:28:21.888 [FXGL Background Thread 1 ] INFO  FXGLApplication      - FXGL initialization took: 0,899 sec
22:28:21.892 [FXGL Background Thread 4 ] DEBUG FXGLAssetLoaderServi - Loading from file system: jar:file:/C:/Users/merve/.m2/repository/com/github/almasb/fxgl/21.1/fxgl-21.1.jar!/fxglassets/ui/fonts/Courier-Prime.ttf
22:28:21.907 [JavaFX Application Thread] DEBUG Input                - Registered new binding: action0 - A
22:28:21.908 [JavaFX Application Thread] DEBUG Input                - Registered new binding: action1 - D
22:28:21.908 [JavaFX Application Thread] DEBUG Input                - Registered new binding: action2 - Left
22:28:21.910 [JavaFX Application Thread] DEBUG Input                - Registered new binding: action3 - Right
22:28:21.910 [JavaFX Application Thread] DEBUG Input                - Registered new binding: action4 - W
22:28:21.913 [JavaFX Application Thread] DEBUG Input                - Registered new binding: action5 - F
22:28:21.914 [JavaFX Application Thread] DEBUG Input                - Registered new binding: action6 - Space
22:28:21.915 [JavaFX Application Thread] DEBUG Input                - Registered new binding: action7 - P
22:28:21.916 [JavaFX Application Thread] DEBUG Input                - Registered new binding: action8 - R
22:28:21.916 [JavaFX Application Thread] DEBUG Input                - Registered new binding: action9 - M
22:28:21.917 [JavaFX Application Thread] DEBUG FXGLAssetLoaderServi - Loading from file system: jar:file:/C:/Users/merve/.m2/repository/com/github/almasb/fxgl/21.1/fxgl-21.1.jar!/fxglassets/textures/fxgl_icon.png
22:28:21.997 [JavaFX Application Thread] DEBUG FXGLAssetLoaderServi - Loading from file system: jar:file:/C:/Users/merve/.m2/repository/com/github/almasb/fxgl/21.1/fxgl-21.1.jar!/fxglassets/textures/fxgl_default_cursor.png
22:28:22.002 [JavaFX Application Thread] DEBUG Input                - Registered new binding: Screenshot - CTRL+8
22:28:22.004 [JavaFX Application Thread] DEBUG Input                - Registered new binding: System info dump - CTRL+9
22:28:22.005 [JavaFX Application Thread] DEBUG Input                - Registered new binding: Restart - CTRL+R
22:28:22.007 [JavaFX Application Thread] DEBUG Input                - Registered new binding: Toggle Debug Camera - CTRL+7
22:28:22.014 [JavaFX Application Thread] DEBUG LoopRunner           - Starting loop
22:28:22.014 [JavaFX Application Thread] DEBUG LoopRunner           - Initializing JavaFX AnimationTimerLoop
22:28:22.021 [JavaFX Application Thread] DEBUG Input                - Clearing active input actions
22:28:22.037 [JavaFX Application Thread] DEBUG GameApplicationServi - Removing overlay from FXGLStartupScene and adding to FXGLMainMenuDummyScene
22:28:22.039 [JavaFX Application Thread] DEBUG PrimaryStageWindow   - FXGLStartupScene -> FXGLMainMenuDummyScene
22:28:22.039 [JavaFX Application Thread] DEBUG PrimaryStageWindow   - Push state: MainMenu
22:28:22.040 [JavaFX Application Thread] DEBUG Input                - Clearing active input actions
22:28:22.061 [JavaFX Application Thread] DEBUG GameApplicationServi - Removing overlay from FXGLMainMenuDummyScene and adding to MainMenu
22:28:22.062 [JavaFX Application Thread] DEBUG PrimaryStageWindow   - FXGLMainMenuDummyScene -> MainMenu
22:28:22.062 [JavaFX Application Thread] DEBUG FXGLApplication      - Registering font factories with UI factory
22:28:23.884 [FXGL Background Thread 2 ] WARN  UpdaterService       - Failed to find updates: java.net.UnknownHostException: raw.githubusercontent.com
22:28:24.824 [FXGL Background Thread 3 ] DEBUG Engine               - Logging environment variables
22:28:24.824 [FXGL Background Thread 3 ] DEBUG Engine               - achievements: []
22:28:24.824 [FXGL Background Thread 3 ] DEBUG Engine               - actualHeight: 720.0
22:28:24.825 [FXGL Background Thread 3 ] DEBUG Engine               - actualHeightProperty: ReadOnlyDoubleProperty [value: 720.0]
22:28:24.825 [FXGL Background Thread 3 ] DEBUG Engine               - actualWidth: 1280.0
22:28:24.825 [FXGL Background Thread 3 ] DEBUG Engine               - actualWidthProperty: ReadOnlyDoubleProperty [value: 1280.0]
22:28:24.825 [FXGL Background Thread 3 ] DEBUG Engine               - appIcon: fxgl_icon.png
22:28:24.825 [FXGL Background Thread 3 ] DEBUG Engine               - applicationMode: DEVELOPER
22:28:24.825 [FXGL Background Thread 3 ] DEBUG Engine               - cSSList: [fxgl_dark.css]
22:28:24.825 [FXGL Background Thread 3 ] DEBUG Engine               - collisionDetectionStrategy: BRUTE_FORCE
22:28:24.825 [FXGL Background Thread 3 ] DEBUG Engine               - configClass: Optional.empty
22:28:24.825 [FXGL Background Thread 3 ] DEBUG Engine               - credits: [Nyirenda Amos, Ouedraogo Luther Arthur, Magne Lydivine Merveille]
22:28:24.828 [FXGL Background Thread 3 ] DEBUG Engine               - defaultCursor: CursorInfo(imageName=fxgl_default_cursor.png, hotspotX=7.0, hotspotY=6.0)
22:28:24.828 [FXGL Background Thread 3 ] DEBUG Engine               - devBBoxColorProperty: ObjectProperty [value: 0xff0000ff]
22:28:24.828 [FXGL Background Thread 3 ] DEBUG Engine               - devEnableDebugCameraProperty: BooleanProperty [value: false]
22:28:24.829 [FXGL Background Thread 3 ] DEBUG Engine               - devSensorColorProperty: ObjectProperty [value: 0xffff00ff]
22:28:24.829 [FXGL Background Thread 3 ] DEBUG Engine               - devShowBBoxProperty: BooleanProperty [value: false]
22:28:24.829 [FXGL Background Thread 3 ] DEBUG Engine               - devShowPositionProperty: BooleanProperty [value: false]
22:28:24.829 [FXGL Background Thread 3 ] DEBUG Engine               - enabledMenuItems: []
22:28:24.829 [FXGL Background Thread 3 ] DEBUG Engine               - engineServices: [class com.almasb.fxgl.app.services.FXGLAssetLoaderService, class com.almasb.fxgl.app.FXGLApplication$GameApplicationService, class com.almasb.fxgl.app.services.FXGLDialogService, class com.almasb.fxgl.app.services.IOTaskExecutorService, class com.almasb.fxgl.io.FileSystemService, class com.almasb.fxgl.localization.LocalizationService, class com.almasb.fxgl.app.services.SystemBundleService, class com.almasb.fxgl.profile.SaveLoadService, class com.almasb.fxgl.ui.FXGLUIFactoryServiceProvider, class com.almasb.fxgl.ui.FXGLDialogFactoryServiceProvider, class com.almasb.fxgl.audio.AudioPlayer, class com.almasb.fxgl.notification.impl.NotificationServiceProvider, class com.almasb.fxgl.achievement.AchievementService, class com.almasb.fxgl.cutscene.CutsceneService, class com.almasb.fxgl.minigames.MiniGameService, class com.almasb.fxgl.net.NetService, class com.almasb.fxgl.app.services.UpdaterService, class com.almasb.fxgl.dev.DevService]
22:28:24.829 [FXGL Background Thread 3 ] DEBUG Engine               - fontGame: Abel-Regular.ttf
22:28:24.829 [FXGL Background Thread 3 ] DEBUG Engine               - fontMono: TerminalLandMono-Regular.otf
22:28:24.829 [FXGL Background Thread 3 ] DEBUG Engine               - fontSizeScaleUI: 1.0
22:28:24.829 [FXGL Background Thread 3 ] DEBUG Engine               - fontText: Courier-Prime.ttf
22:28:24.829 [FXGL Background Thread 3 ] DEBUG Engine               - fontUI: VarelaRound-Regular.ttf
22:28:24.830 [FXGL Background Thread 3 ] DEBUG Engine               - fullScreen: BooleanProperty [value: false]
22:28:24.830 [FXGL Background Thread 3 ] DEBUG Engine               - gameDifficulty: MEDIUM
22:28:24.830 [FXGL Background Thread 3 ] DEBUG Engine               - gameDifficultyProperty: ObjectProperty [value: MEDIUM]
22:28:24.830 [FXGL Background Thread 3 ] DEBUG Engine               - globalMusicVolume: 0.5
22:28:24.830 [FXGL Background Thread 3 ] DEBUG Engine               - globalMusicVolumeProperty: DoubleProperty [value: 0.5]
22:28:24.830 [FXGL Background Thread 3 ] DEBUG Engine               - globalSoundVolume: 0.5
22:28:24.830 [FXGL Background Thread 3 ] DEBUG Engine               - globalSoundVolumeProperty: DoubleProperty [value: 0.5]
22:28:24.830 [FXGL Background Thread 3 ] DEBUG Engine               - height: 720
22:28:24.830 [FXGL Background Thread 3 ] DEBUG Engine               - is3D: false
22:28:24.830 [FXGL Background Thread 3 ] DEBUG Engine               - isAndroid: false
22:28:24.830 [FXGL Background Thread 3 ] DEBUG Engine               - isBrowser: false
22:28:24.830 [FXGL Background Thread 3 ] DEBUG Engine               - isClickFeedbackEnabled: false
22:28:24.830 [FXGL Background Thread 3 ] DEBUG Engine               - isCloseConfirmation: false
22:28:24.830 [FXGL Background Thread 3 ] DEBUG Engine               - isDesktop: true
22:28:24.830 [FXGL Background Thread 3 ] DEBUG Engine               - isDeveloperMenuEnabled: false
22:28:24.831 [FXGL Background Thread 3 ] DEBUG Engine               - isEmbedded: false
22:28:24.831 [FXGL Background Thread 3 ] DEBUG Engine               - isEntityPreloadEnabled: true
22:28:24.831 [FXGL Background Thread 3 ] DEBUG Engine               - isExperimentalTiledLargeMap: false
22:28:24.831 [FXGL Background Thread 3 ] DEBUG Engine               - isFileSystemWriteAllowed: true
22:28:24.831 [FXGL Background Thread 3 ] DEBUG Engine               - isFullScreenAllowed: true
22:28:24.831 [FXGL Background Thread 3 ] DEBUG Engine               - isFullScreenFromStart: false
22:28:24.831 [FXGL Background Thread 3 ] DEBUG Engine               - isGameMenuEnabled: true
22:28:24.831 [FXGL Background Thread 3 ] DEBUG Engine               - isIOS: false
22:28:24.831 [FXGL Background Thread 3 ] DEBUG Engine               - isIntroEnabled: false
22:28:24.831 [FXGL Background Thread 3 ] DEBUG Engine               - isLinux: false
22:28:24.831 [FXGL Background Thread 3 ] DEBUG Engine               - isMac: false
22:28:24.831 [FXGL Background Thread 3 ] DEBUG Engine               - isMainMenuEnabled: true
22:28:24.831 [FXGL Background Thread 3 ] DEBUG Engine               - isManualResizeEnabled: false
22:28:24.831 [FXGL Background Thread 3 ] DEBUG Engine               - isMobile: false
22:28:24.831 [FXGL Background Thread 3 ] DEBUG Engine               - isNative: false
22:28:24.832 [FXGL Background Thread 3 ] DEBUG Engine               - isPauseMusicWhenMinimized: true
22:28:24.832 [FXGL Background Thread 3 ] DEBUG Engine               - isPreserveResizeRatio: false
22:28:24.832 [FXGL Background Thread 3 ] DEBUG Engine               - isProfilingEnabled: false
22:28:24.832 [FXGL Background Thread 3 ] DEBUG Engine               - isScaleAffectedOnResize: true
22:28:24.832 [FXGL Background Thread 3 ] DEBUG Engine               - isSingleStep: false
22:28:24.832 [FXGL Background Thread 3 ] DEBUG Engine               - isUserProfileEnabled: false
22:28:24.832 [FXGL Background Thread 3 ] DEBUG Engine               - isWindows: true
22:28:24.832 [FXGL Background Thread 3 ] DEBUG Engine               - language: ObjectProperty [value: ENGLISH]
22:28:24.832 [FXGL Background Thread 3 ] DEBUG Engine               - menuKey: ESCAPE
22:28:24.832 [FXGL Background Thread 3 ] DEBUG Engine               - mouseSensitivity: 0.2
22:28:24.832 [FXGL Background Thread 3 ] DEBUG Engine               - notificationViewClass: class com.almasb.fxgl.notification.view.XboxNotificationView
22:28:24.832 [FXGL Background Thread 3 ] DEBUG Engine               - pixelsPerMeter: 50.0
22:28:24.832 [FXGL Background Thread 3 ] DEBUG Engine               - platform: WINDOWS
22:28:24.832 [FXGL Background Thread 3 ] DEBUG Engine               - prefHeightProperty: ReadOnlyDoubleProperty [value: 720.0]
22:28:24.832 [FXGL Background Thread 3 ] DEBUG Engine               - prefWidthProperty: ReadOnlyDoubleProperty [value: 1280.0]
22:28:24.833 [FXGL Background Thread 3 ] DEBUG Engine               - profileDir: profiles/
22:28:24.833 [FXGL Background Thread 3 ] DEBUG Engine               - profileName: StringProperty [value: DEFAULT]
22:28:24.833 [FXGL Background Thread 3 ] DEBUG Engine               - randomSeed: -1
22:28:24.833 [FXGL Background Thread 3 ] DEBUG Engine               - runtimeInfo: RuntimeInfo(platform=WINDOWS, version=21.1, build=27.03.2024 07.52)
22:28:24.833 [FXGL Background Thread 3 ] DEBUG Engine               - saveFileExt: sav
22:28:24.833 [FXGL Background Thread 3 ] DEBUG Engine               - scaledHeightProp$fxgl: DoubleProperty [bound, value: 720.0]
22:28:24.833 [FXGL Background Thread 3 ] DEBUG Engine               - scaledWidthProp$fxgl: DoubleProperty [bound, value: 1280.0]
22:28:24.833 [FXGL Background Thread 3 ] DEBUG Engine               - sceneFactory: com.aen.spaceship_fights.MySceneFactory@c5d5420
22:28:24.833 [FXGL Background Thread 3 ] DEBUG Engine               - secondsIn24h: 60
22:28:24.833 [FXGL Background Thread 3 ] DEBUG Engine               - soundMenuBack: menu/back.wav
22:28:24.835 [FXGL Background Thread 3 ] DEBUG Engine               - soundMenuPress: menu/press.wav
22:28:24.835 [FXGL Background Thread 3 ] DEBUG Engine               - soundMenuSelect: menu/select.wav
22:28:24.835 [FXGL Background Thread 3 ] DEBUG Engine               - soundNotification: core/notification.wav
22:28:24.835 [FXGL Background Thread 3 ] DEBUG Engine               - stageStyle: DECORATED
22:28:24.835 [FXGL Background Thread 3 ] DEBUG Engine               - supportedLanguages: [ENGLISH, FRENCH, GERMAN, HUNGARIAN, RUSSIAN]
22:28:24.835 [FXGL Background Thread 3 ] DEBUG Engine               - ticksPerSecond: -1
22:28:24.835 [FXGL Background Thread 3 ] DEBUG Engine               - title: SpaceShipFights
22:28:24.835 [FXGL Background Thread 3 ] DEBUG Engine               - urlGithub: https://github.com/AlmasB/FXGL
22:28:24.835 [FXGL Background Thread 3 ] DEBUG Engine               - urlLeaderboard: http://fxgl-top.herokuapp.com/
22:28:24.835 [FXGL Background Thread 3 ] DEBUG Engine               - urlPOM: https://raw.githubusercontent.com/AlmasB/FXGL/release/README.md
22:28:24.835 [FXGL Background Thread 3 ] DEBUG Engine               - userAppClass: class com.aen.spaceship_fights.SpaceShipFightsApp
22:28:24.835 [FXGL Background Thread 3 ] DEBUG Engine               - version: 0.1
22:28:24.835 [FXGL Background Thread 3 ] DEBUG Engine               - versionCheckDays: 7
22:28:24.835 [FXGL Background Thread 3 ] DEBUG Engine               - width: 1280
22:28:24.835 [FXGL Background Thread 3 ] DEBUG Engine               - Logging services
22:28:24.835 [FXGL Background Thread 3 ] DEBUG Engine               - class com.almasb.fxgl.app.services.FXGLAssetLoaderService
22:28:24.835 [FXGL Background Thread 3 ] DEBUG Engine               - class com.almasb.fxgl.app.FXGLApplication$GameApplicationService
22:28:24.835 [FXGL Background Thread 3 ] DEBUG Engine               - class com.almasb.fxgl.app.services.FXGLDialogService
22:28:24.835 [FXGL Background Thread 3 ] DEBUG Engine               - class com.almasb.fxgl.app.services.IOTaskExecutorService
22:28:24.835 [FXGL Background Thread 3 ] DEBUG Engine               - class com.almasb.fxgl.io.FileSystemService
22:28:24.835 [FXGL Background Thread 3 ] DEBUG Engine               - class com.almasb.fxgl.localization.LocalizationService
22:28:24.835 [FXGL Background Thread 3 ] DEBUG Engine               - class com.almasb.fxgl.app.services.SystemBundleService
22:28:24.835 [FXGL Background Thread 3 ] DEBUG Engine               - class com.almasb.fxgl.profile.SaveLoadService
22:28:24.835 [FXGL Background Thread 3 ] DEBUG Engine               - class com.almasb.fxgl.ui.FXGLUIFactoryServiceProvider
22:28:24.836 [FXGL Background Thread 3 ] DEBUG Engine               - class com.almasb.fxgl.ui.FXGLDialogFactoryServiceProvider
22:28:24.836 [FXGL Background Thread 3 ] DEBUG Engine               - class com.almasb.fxgl.audio.AudioPlayer
22:28:24.836 [FXGL Background Thread 3 ] DEBUG Engine               - class com.almasb.fxgl.notification.impl.NotificationServiceProvider
22:28:24.836 [FXGL Background Thread 3 ] DEBUG Engine               - class com.almasb.fxgl.achievement.AchievementService
22:28:24.836 [FXGL Background Thread 3 ] DEBUG Engine               - class com.almasb.fxgl.cutscene.CutsceneService
22:28:24.836 [FXGL Background Thread 3 ] DEBUG Engine               - class com.almasb.fxgl.minigames.MiniGameService
22:28:24.836 [FXGL Background Thread 3 ] DEBUG Engine               - class com.almasb.fxgl.net.NetService
22:28:24.836 [FXGL Background Thread 3 ] DEBUG Engine               - class com.almasb.fxgl.app.services.UpdaterService
22:28:24.836 [FXGL Background Thread 3 ] DEBUG Engine               - class com.almasb.fxgl.dev.DevService
22:28:51.483 [JavaFX Application Thread] DEBUG Menu                 - fireNewGame()
22:28:51.483 [JavaFX Application Thread] DEBUG GameApplicationServi - Starting new game
22:28:51.483 [JavaFX Application Thread] DEBUG PrimaryStageWindow   - Pop state: MainMenu
22:28:51.483 [JavaFX Application Thread] DEBUG Input                - Clearing active input actions
22:28:51.484 [JavaFX Application Thread] DEBUG GameApplicationServi - Removing overlay from MainMenu and adding to FXGLMainMenuDummyScene
22:28:51.484 [JavaFX Application Thread] DEBUG PrimaryStageWindow   - FXGLMainMenuDummyScene <- MainMenu
22:28:51.485 [JavaFX Application Thread] DEBUG Input                - Clearing active input actions
22:28:51.496 [JavaFX Application Thread] DEBUG GameApplicationServi - Removing overlay from FXGLMainMenuDummyScene and adding to FXGLLoadingScene
22:28:51.497 [JavaFX Application Thread] DEBUG PrimaryStageWindow   - FXGLMainMenuDummyScene -> FXGLLoadingScene
22:28:51.497 [JavaFX Application Thread] DEBUG GameApplicationServi - Clearing previous game
22:28:51.497 [JavaFX Application Thread] DEBUG GameScene            - Clearing game scene
22:28:51.497 [JavaFX Application Thread] DEBUG GameWorld            - Clearing game world
22:28:51.497 [JavaFX Application Thread] DEBUG PhysicsWorld         - Clearing physics world
22:28:51.499 [FXGL Background Thread 2 ] DEBUG FXGLApplication      - Initializing game
22:28:51.504 [FXGL Background Thread 2 ] DEBUG FXGLAssetLoaderServi - Loading from file system: file:/C:/Users/merve/Desktop/ENSA/SpaceShipFights/SpaceShipFights/target/classes/assets/music/bgm.mp3
22:28:51.719 [FXGL Background Thread 2 ] DEBUG AudioPlayer          - Playing music com.almasb.fxgl.audio.Music@20b20d05
22:28:51.797 [FXGL Background Thread 2 ] DEBUG FXGLAssetLoaderServi - Loading from file system: file:/C:/Users/merve/Desktop/ENSA/SpaceShipFights/SpaceShipFights/target/classes/assets/textures/player.png
22:28:51.873 [FXGL Background Thread 2 ] DEBUG FXGLAssetLoaderServi - Loading from file system: file:/C:/Users/merve/Desktop/ENSA/SpaceShipFights/SpaceShipFights/target/classes/assets/textures/life.png
22:28:51.875 [FXGL Background Thread 2 ] INFO  FXGLApplication      - Game initialization took: 0,375 sec
22:28:51.881 [JavaFX Application Thread] DEBUG Input                - Clearing active input actions
22:28:51.889 [JavaFX Application Thread] DEBUG GameApplicationServi - Removing overlay from FXGLLoadingScene and adding to GameScene
22:28:51.889 [JavaFX Application Thread] DEBUG PrimaryStageWindow   - FXGLLoadingScene -> GameScene
22:28:51.919 [JavaFX Application Thread] DEBUG FXGLAssetLoaderServi - Loading from file system: file:/C:/Users/merve/Desktop/ENSA/SpaceShipFights/SpaceShipFights/target/classes/assets/sounds/level.wav
22:28:53.473 [JavaFX Application Thread] DEBUG FXGLAssetLoaderServi - Loading from file system: file:/C:/Users/merve/Desktop/ENSA/SpaceShipFights/SpaceShipFights/target/classes/assets/textures/enemy1.png
22:28:53.522 [JavaFX Application Thread] DEBUG FXGLAssetLoaderServi - Loading from file system: file:/C:/Users/merve/Desktop/ENSA/SpaceShipFights/SpaceShipFights/target/classes/assets/textures/enemy2.png
22:28:55.127 [JavaFX Application Thread] DEBUG FXGLAssetLoaderServi - Loading from file system: file:/C:/Users/merve/Desktop/ENSA/SpaceShipFights/SpaceShipFights/target/classes/assets/textures/bullet.png
22:28:55.139 [JavaFX Application Thread] DEBUG FXGLAssetLoaderServi - Loading from file system: file:/C:/Users/merve/Desktop/ENSA/SpaceShipFights/SpaceShipFights/target/classes/assets/textures/enemy3.png
22:28:55.820 [JavaFX Application Thread] DEBUG FXGLAssetLoaderServi - Loading from file system: file:/C:/Users/merve/Desktop/ENSA/SpaceShipFights/SpaceShipFights/target/classes/assets/textures/enemy_bullet.png
22:28:55.823 [JavaFX Application Thread] DEBUG FXGLAssetLoaderServi - Loading from file system: file:/C:/Users/merve/Desktop/ENSA/SpaceShipFights/SpaceShipFights/target/classes/assets/sounds/shoot2.wav
22:28:57.012 [JavaFX Application Thread] DEBUG FXGLAssetLoaderServi - Loading from file system: file:/C:/Users/merve/Desktop/ENSA/SpaceShipFights/SpaceShipFights/target/classes/assets/sounds/shoot4.wav
22:28:57.491 [JavaFX Application Thread] DEBUG FXGLAssetLoaderServi - Loading from file system: file:/C:/Users/merve/Desktop/ENSA/SpaceShipFights/SpaceShipFights/target/classes/assets/sounds/shoot1.wav
22:28:57.764 [JavaFX Application Thread] DEBUG FXGLAssetLoaderServi - Loading from file system: file:/C:/Users/merve/Desktop/ENSA/SpaceShipFights/SpaceShipFights/target/classes/assets/sounds/shoot3.wav
22:29:00.521 [JavaFX Application Thread] DEBUG FXGLAssetLoaderServi - Loading from file system: file:/C:/Users/merve/Desktop/ENSA/SpaceShipFights/SpaceShipFights/target/classes/assets/sounds/explosion.wav
22:29:00.551 [JavaFX Application Thread] DEBUG FXGLAssetLoaderServi - Loading from file system: file:/C:/Users/merve/Desktop/ENSA/SpaceShipFights/SpaceShipFights/target/classes/assets/textures/explosion.png
22:29:08.142 [JavaFX Application Thread] DEBUG PrimaryStageWindow   - Push state: DialogSubScene
22:29:08.142 [JavaFX Application Thread] DEBUG Input                - Clearing active input actions
22:29:08.143 [JavaFX Application Thread] DEBUG GameApplicationServi - Removing overlay from GameScene and adding to DialogSubScene
22:29:08.143 [JavaFX Application Thread] DEBUG PrimaryStageWindow   - GameScene -> DialogSubScene
22:29:08.149 [JavaFX Application Thread] DEBUG LoopRunner           - Stopping loop
22:29:08.151 [JavaFX Application Thread] FATAL FXGLApplication      - Uncaught Exception:
java.lang.ArrayIndexOutOfBoundsException: Index 1 out of bounds for length 1
	at java.base/java.util.Arrays$ArrayList.get(Arrays.java:4224)
	at com.aen.spaceship_fights.SpaceShipFightsApp.getCurrentLevel(SpaceShipFightsApp.java:257)
	at com.aen.spaceship_fights.SpaceShipFightsApp.playInCutscene(SpaceShipFightsApp.java:218)
	at com.aen.spaceship_fights.SpaceShipFightsApp.nextLevel(SpaceShipFightsApp.java:239)
	at com.aen.spaceship_fights.SpaceShipFightsApp.onUpdate(SpaceShipFightsApp.java:192)
	at com.almasb.fxgl.app.FXGLApplication$GameApplicationService.onGameUpdate(FXGLApplication.kt:440)
	at com.almasb.fxgl.app.Engine.onGameUpdate(Engine.kt:138)
	at com.almasb.fxgl.app.FXGLApplication.postServicesInit$lambda$7(FXGLApplication.kt:184)
	at com.almasb.fxgl.scene.Scene.update(Scene.kt:113)
	at com.almasb.fxgl.app.MainWindow$update$1.invoke(MainWindow.kt:121)
	at com.almasb.fxgl.app.MainWindow$update$1.invoke(MainWindow.kt:121)
	at com.almasb.fxgl.core.fsm.StateMachine.runOnActiveStates(StateMachine.kt:69)
	at com.almasb.fxgl.app.MainWindow.update(MainWindow.kt:121)
	at com.almasb.fxgl.app.FXGLApplication$GameApplicationService.onUpdate(FXGLApplication.kt:445)
	at com.almasb.fxgl.app.Engine.loop(Engine.kt:134)
	at com.almasb.fxgl.app.Engine.access$loop(Engine.kt:24)
	at com.almasb.fxgl.app.Engine$loop$1.invoke(Engine.kt:28)
	at com.almasb.fxgl.app.Engine$loop$1.invoke(Engine.kt:28)
	at com.almasb.fxgl.app.LoopRunner.frame(LoopRunner.kt:103)
	at com.almasb.fxgl.app.LoopRunner.access$frame(LoopRunner.kt:23)
	at com.almasb.fxgl.app.LoopRunner$impl$2$1.onTick(LoopRunner.kt:57)
	at com.almasb.fxgl.app.AnimationTimerLoop$timer$1.handle(LoopRunner.kt:137)
	at javafx.animation.AnimationTimer$AnimationTimerReceiver.lambda$handle$0(AnimationTimer.java:60)
	at java.base/java.security.AccessController.doPrivileged(AccessController.java:138)
	at javafx.animation.AnimationTimer$AnimationTimerReceiver.handle(AnimationTimer.java:59)
	at com.sun.scenario.animation.AbstractPrimaryTimer.timePulseImpl(AbstractPrimaryTimer.java:356)
	at com.sun.scenario.animation.AbstractPrimaryTimer$MainLoop.run(AbstractPrimaryTimer.java:266)
	at com.sun.javafx.tk.quantum.QuantumToolkit.pulse(QuantumToolkit.java:594)
	at com.sun.javafx.tk.quantum.QuantumToolkit.pulse(QuantumToolkit.java:578)
	at com.sun.javafx.tk.quantum.QuantumToolkit.pulseFromQueue(QuantumToolkit.java:571)
	at com.sun.javafx.tk.quantum.QuantumToolkit.lambda$runToolkit$11(QuantumToolkit.java:352)
	at com.sun.glass.ui.InvokeLaterDispatcher$Future.run(InvokeLaterDispatcher.java:95)
	at com.sun.glass.ui.win.WinApplication._runLoop(Native Method)
	at com.sun.glass.ui.win.WinApplication.lambda$runLoop$3(WinApplication.java:184)
	at java.base/java.lang.Thread.run(Thread.java:1447)

22:29:08.152 [JavaFX Application Thread] FATAL FXGLApplication      - Application will now exit
22:29:08.172 [JavaFX Application Thread] DEBUG PrimaryStageWindow   - Push state: ErrorSubScene
22:29:08.172 [JavaFX Application Thread] DEBUG Input                - Clearing active input actions
22:29:08.174 [JavaFX Application Thread] DEBUG GameApplicationServi - Removing overlay from DialogSubScene and adding to ErrorSubScene
22:29:08.174 [JavaFX Application Thread] DEBUG PrimaryStageWindow   - DialogSubScene -> ErrorSubScene
22:29:11.422 [JavaFX Application Thread] DEBUG FXGLApplication      - Exiting FXGL
22:29:11.423 [JavaFX Application Thread] DEBUG Async                - Shutting down background threads
22:29:11.423 [JavaFX Application Thread] DEBUG PrimaryStageWindow   - Closing main window
22:29:11.466 [JavaFX Application Thread] DEBUG Logger               - Closing Logger
