17:01:49.069 [main                     ] DEBUG Logger               - Configured Logger
17:01:49.086 [main                     ] DEBUG GameApplication      - Logging settings
Title: Shooter
Version: 0.1
Width: 1280
Height: 720
Fullscreen: true
Intro: false
Profiling: false
Single step:false
App Mode: DEVELOPER
Menu Key: ESCAPE
Stage Style: DECORATED
Scene Factory: class com.aen.spaceship_fights.MySceneFactory

17:01:49.548 [JavaFX Application Thread] DEBUG FXGLApplication      - Initializing FXGL
17:01:49.551 [JavaFX Application Thread] INFO  Engine               - FXGL-21.1 (27.03.2024 07.52) on WINDOWS (J:22.0.2 FX:22.0.1)
17:01:49.551 [JavaFX Application Thread] DEBUG Engine               - JRE Vendor Name: Oracle Corporation
17:01:49.552 [JavaFX Application Thread] DEBUG Engine               - Running on OS: Windows 11 version 10.0
17:01:49.552 [JavaFX Application Thread] DEBUG Engine               - Architecture: amd64
17:01:49.552 [JavaFX Application Thread] INFO  Engine               - Source code and latest versions at: https://github.com/AlmasB/FXGL
17:01:49.552 [JavaFX Application Thread] INFO  Engine               -       Ask questions and discuss at: https://github.com/AlmasB/FXGL/discussions
17:01:49.552 [JavaFX Application Thread] INFO  Engine               -              Join the FXGL chat at: https://gitter.im/AlmasB/FXGL
17:01:49.667 [JavaFX Application Thread] DEBUG PrimaryStageWindow   - Creating a JavaFX scene
17:01:49.726 [JavaFX Application Thread] DEBUG PrimaryStageWindow   - Target settings size: 1280.0 x 720.0
17:01:49.727 [JavaFX Application Thread] DEBUG PrimaryStageWindow   - Scaled scene size:    1280.0 x 720.0
17:01:49.727 [JavaFX Application Thread] DEBUG PrimaryStageWindow   - Scaled ratio: (1.0, 1.0)
17:01:49.728 [JavaFX Application Thread] DEBUG PrimaryStageWindow   - Set initial scene to FXGLStartupScene
17:01:49.733 [JavaFX Application Thread] DEBUG PrimaryStageWindow   - Opening main window
17:01:50.116 [JavaFX Application Thread] DEBUG PrimaryStageWindow   - Window border size: (16.0, 39.0)
17:01:50.116 [JavaFX Application Thread] DEBUG PrimaryStageWindow   - Scaled size: 1280.0 x 720.0
17:01:50.116 [JavaFX Application Thread] DEBUG PrimaryStageWindow   - Scaled ratio: (1.0, 1.0)
17:01:50.117 [JavaFX Application Thread] DEBUG PrimaryStageWindow   - Scene size: 1280.0 x 720.0
17:01:50.117 [JavaFX Application Thread] DEBUG PrimaryStageWindow   - Stage size: 1296.0 x 759.0
17:01:50.122 [FXGL Background Thread 1 ] DEBUG Engine               - Initializing environment variables
17:01:50.179 [FXGL Background Thread 1 ] DEBUG FXGLAssetLoaderServi - User app class for loading assets: class com.aen.spaceship_fights.SpaceShipFightsApp
17:01:50.181 [FXGL Background Thread 1 ] DEBUG GameApplicationServi - Applying CSS: fxgl_dark.css
17:01:50.182 [FXGL Background Thread 1 ] DEBUG FXGLAssetLoaderServi - Loading from file system: jar:file:/C:/Users/pc/.m2/repository/com/github/almasb/fxgl/21.1/fxgl-21.1.jar!/fxglassets/ui/css/fxgl_dark.css
17:01:50.236 [FXGL Background Thread 1 ] DEBUG GameApplicationServi - Initializing application scenes
17:01:50.323 [FXGL Background Thread 1 ] DEBUG GameWorld            - Game world initialized
17:01:50.381 [FXGL Background Thread 1 ] DEBUG PhysicsWorld         - Physics world initialized: appHeight=720, physics.ppm=50.0
17:01:50.381 [FXGL Background Thread 1 ] DEBUG PhysicsWorld         - Using strategy: BRUTE_FORCE
17:01:50.385 [FXGL Background Thread 1 ] DEBUG GameScene            - Game scene initialized: 1280x720
17:01:50.489 [FXGL Background Thread 1 ] DEBUG GameApplicationServi - Application scenes initialized
17:01:50.501 [FXGL Background Thread 1 ] DEBUG SystemBundleService  - Loading FXGL system data
17:01:50.503 [FXGL Background Thread 1 ] DEBUG FileSystemAccess     - Reading from: C:\Users\pc\Desktop\Java\GameEngines\Asteriods\system\fxgl.bundle
17:01:50.505 [FXGL Background Thread 1 ] DEBUG SystemBundleService  - Bundle FXGL: {}
17:01:50.505 [FXGL Background Thread 1 ] DEBUG UpdaterService       - Checking for updates
17:01:50.511 [FXGL Background Thread 1 ] DEBUG FXGLApplication      - Loading default localization
17:01:50.511 [FXGL Background Thread 1 ] DEBUG FXGLAssetLoaderServi - Loading from file system: jar:file:/C:/Users/pc/.m2/repository/com/github/almasb/fxgl/21.1/fxgl-21.1.jar!/fxglassets/languages/english.lang
17:01:50.513 [FXGL Background Thread 4 ] DEBUG FXGLApplication      - Loading fonts
17:01:50.513 [FXGL Background Thread 4 ] DEBUG FXGLAssetLoaderServi - Loading from file system: jar:file:/C:/Users/pc/.m2/repository/com/github/almasb/fxgl/21.1/fxgl-21.1.jar!/fxglassets/ui/fonts/VarelaRound-Regular.ttf
17:01:50.517 [FXGL Background Thread 4 ] DEBUG FXGLAssetLoaderServi - Loading from file system: jar:file:/C:/Users/pc/.m2/repository/com/github/almasb/fxgl/21.1/fxgl-21.1.jar!/fxglassets/ui/fonts/Abel-Regular.ttf
17:01:50.519 [FXGL Background Thread 4 ] DEBUG FXGLAssetLoaderServi - Loading from file system: jar:file:/C:/Users/pc/.m2/repository/com/github/almasb/fxgl/21.1/fxgl-21.1.jar!/fxglassets/ui/fonts/TerminalLandMono-Regular.otf
17:01:50.527 [FXGL Background Thread 4 ] DEBUG FXGLAssetLoaderServi - Loading from file system: jar:file:/C:/Users/pc/.m2/repository/com/github/almasb/fxgl/21.1/fxgl-21.1.jar!/fxglassets/ui/fonts/Courier-Prime.ttf
17:01:50.535 [JavaFX Application Thread] DEBUG FXGLApplication      - Registering font factories with UI factory
17:01:50.555 [FXGL Background Thread 1 ] INFO  FXGLApplication      - FXGL initialization took: 0.432 sec
17:01:50.581 [JavaFX Application Thread] DEBUG Input                - Registered new binding: action0 - A
17:01:50.582 [JavaFX Application Thread] DEBUG Input                - Registered new binding: action1 - D
17:01:50.586 [JavaFX Application Thread] DEBUG Input                - Registered new binding: action2 - W
17:01:50.587 [JavaFX Application Thread] DEBUG Input                - Registered new binding: action3 - F
17:01:50.588 [JavaFX Application Thread] DEBUG Input                - Registered new binding: action4 - P
17:01:50.588 [JavaFX Application Thread] DEBUG Input                - Registered new binding: action5 - R
17:01:50.588 [JavaFX Application Thread] DEBUG Input                - Registered new binding: action6 - M
17:01:50.588 [JavaFX Application Thread] DEBUG FXGLAssetLoaderServi - Loading from file system: jar:file:/C:/Users/pc/.m2/repository/com/github/almasb/fxgl/21.1/fxgl-21.1.jar!/fxglassets/textures/fxgl_icon.png
17:01:50.632 [JavaFX Application Thread] DEBUG FXGLAssetLoaderServi - Loading from file system: jar:file:/C:/Users/pc/.m2/repository/com/github/almasb/fxgl/21.1/fxgl-21.1.jar!/fxglassets/textures/fxgl_default_cursor.png
17:01:50.637 [JavaFX Application Thread] DEBUG Input                - Registered new binding: Screenshot - CTRL+8
17:01:50.638 [JavaFX Application Thread] DEBUG Input                - Registered new binding: System info dump - CTRL+9
17:01:50.638 [JavaFX Application Thread] DEBUG Input                - Registered new binding: Restart - CTRL+R
17:01:50.639 [JavaFX Application Thread] DEBUG Input                - Registered new binding: Toggle Debug Camera - CTRL+7
17:01:50.651 [JavaFX Application Thread] DEBUG LoopRunner           - Starting loop
17:01:50.651 [JavaFX Application Thread] DEBUG LoopRunner           - Initializing JavaFX AnimationTimerLoop
17:01:50.662 [JavaFX Application Thread] DEBUG Input                - Clearing active input actions
17:01:50.668 [JavaFX Application Thread] DEBUG GameApplicationServi - Removing overlay from FXGLStartupScene and adding to FXGLMainMenuDummyScene
17:01:50.673 [JavaFX Application Thread] DEBUG PrimaryStageWindow   - FXGLStartupScene -> FXGLMainMenuDummyScene
17:01:50.673 [JavaFX Application Thread] DEBUG PrimaryStageWindow   - Push state: MainMenu
17:01:50.673 [JavaFX Application Thread] DEBUG Input                - Clearing active input actions
17:01:50.690 [JavaFX Application Thread] DEBUG GameApplicationServi - Removing overlay from FXGLMainMenuDummyScene and adding to MainMenu
17:01:50.690 [JavaFX Application Thread] DEBUG PrimaryStageWindow   - FXGLMainMenuDummyScene -> MainMenu
17:01:53.508 [FXGL Background Thread 3 ] DEBUG Engine               - Logging environment variables
17:01:53.508 [FXGL Background Thread 3 ] DEBUG Engine               - achievements: []
17:01:53.508 [FXGL Background Thread 3 ] DEBUG Engine               - actualHeight: 720.0
17:01:53.509 [FXGL Background Thread 3 ] DEBUG Engine               - actualHeightProperty: ReadOnlyDoubleProperty [value: 720.0]
17:01:53.509 [FXGL Background Thread 3 ] DEBUG Engine               - actualWidth: 1280.0
17:01:53.509 [FXGL Background Thread 3 ] DEBUG Engine               - actualWidthProperty: ReadOnlyDoubleProperty [value: 1280.0]
17:01:53.509 [FXGL Background Thread 3 ] DEBUG Engine               - appIcon: fxgl_icon.png
17:01:53.509 [FXGL Background Thread 3 ] DEBUG Engine               - applicationMode: DEVELOPER
17:01:53.509 [FXGL Background Thread 3 ] DEBUG Engine               - cSSList: [fxgl_dark.css]
17:01:53.509 [FXGL Background Thread 3 ] DEBUG Engine               - collisionDetectionStrategy: BRUTE_FORCE
17:01:53.511 [FXGL Background Thread 3 ] DEBUG Engine               - configClass: Optional.empty
17:01:53.511 [FXGL Background Thread 3 ] DEBUG Engine               - credits: [Nyirenda Amos, Ouedraogo Luther Arthur, Magne Lidivine Merveille]
17:01:53.515 [FXGL Background Thread 3 ] DEBUG Engine               - defaultCursor: CursorInfo(imageName=fxgl_default_cursor.png, hotspotX=7.0, hotspotY=6.0)
17:01:53.516 [FXGL Background Thread 3 ] DEBUG Engine               - devBBoxColorProperty: ObjectProperty [value: 0xff0000ff]
17:01:53.517 [FXGL Background Thread 3 ] DEBUG Engine               - devEnableDebugCameraProperty: BooleanProperty [value: false]
17:01:53.517 [FXGL Background Thread 3 ] DEBUG Engine               - devSensorColorProperty: ObjectProperty [value: 0xffff00ff]
17:01:53.518 [FXGL Background Thread 3 ] DEBUG Engine               - devShowBBoxProperty: BooleanProperty [value: false]
17:01:53.518 [FXGL Background Thread 3 ] DEBUG Engine               - devShowPositionProperty: BooleanProperty [value: false]
17:01:53.518 [FXGL Background Thread 3 ] DEBUG Engine               - enabledMenuItems: []
17:01:53.518 [FXGL Background Thread 3 ] DEBUG Engine               - engineServices: [class com.almasb.fxgl.app.services.FXGLAssetLoaderService, class com.almasb.fxgl.app.FXGLApplication$GameApplicationService, class com.almasb.fxgl.app.services.FXGLDialogService, class com.almasb.fxgl.app.services.IOTaskExecutorService, class com.almasb.fxgl.io.FileSystemService, class com.almasb.fxgl.localization.LocalizationService, class com.almasb.fxgl.app.services.SystemBundleService, class com.almasb.fxgl.profile.SaveLoadService, class com.almasb.fxgl.ui.FXGLUIFactoryServiceProvider, class com.almasb.fxgl.ui.FXGLDialogFactoryServiceProvider, class com.almasb.fxgl.audio.AudioPlayer, class com.almasb.fxgl.notification.impl.NotificationServiceProvider, class com.almasb.fxgl.achievement.AchievementService, class com.almasb.fxgl.cutscene.CutsceneService, class com.almasb.fxgl.minigames.MiniGameService, class com.almasb.fxgl.net.NetService, class com.almasb.fxgl.app.services.UpdaterService, class com.almasb.fxgl.dev.DevService]
17:01:53.518 [FXGL Background Thread 3 ] DEBUG Engine               - fontGame: Abel-Regular.ttf
17:01:53.519 [FXGL Background Thread 3 ] DEBUG Engine               - fontMono: TerminalLandMono-Regular.otf
17:01:53.519 [FXGL Background Thread 3 ] DEBUG Engine               - fontSizeScaleUI: 1.0
17:01:53.519 [FXGL Background Thread 3 ] DEBUG Engine               - fontText: Courier-Prime.ttf
17:01:53.519 [FXGL Background Thread 3 ] DEBUG Engine               - fontUI: VarelaRound-Regular.ttf
17:01:53.519 [FXGL Background Thread 3 ] DEBUG Engine               - fullScreen: BooleanProperty [value: false]
17:01:53.519 [FXGL Background Thread 3 ] DEBUG Engine               - gameDifficulty: MEDIUM
17:01:53.520 [FXGL Background Thread 3 ] DEBUG Engine               - gameDifficultyProperty: ObjectProperty [value: MEDIUM]
17:01:53.520 [FXGL Background Thread 3 ] DEBUG Engine               - globalMusicVolume: 0.5
17:01:53.520 [FXGL Background Thread 3 ] DEBUG Engine               - globalMusicVolumeProperty: DoubleProperty [value: 0.5]
17:01:53.520 [FXGL Background Thread 3 ] DEBUG Engine               - globalSoundVolume: 0.5
17:01:53.520 [FXGL Background Thread 3 ] DEBUG Engine               - globalSoundVolumeProperty: DoubleProperty [value: 0.5]
17:01:53.521 [FXGL Background Thread 3 ] DEBUG Engine               - height: 720
17:01:53.521 [FXGL Background Thread 3 ] DEBUG Engine               - is3D: false
17:01:53.521 [FXGL Background Thread 3 ] DEBUG Engine               - isAndroid: false
17:01:53.522 [FXGL Background Thread 3 ] DEBUG Engine               - isBrowser: false
17:01:53.522 [FXGL Background Thread 3 ] DEBUG Engine               - isClickFeedbackEnabled: false
17:01:53.522 [FXGL Background Thread 3 ] DEBUG Engine               - isCloseConfirmation: false
17:01:53.522 [FXGL Background Thread 3 ] DEBUG Engine               - isDesktop: true
17:01:53.523 [FXGL Background Thread 3 ] DEBUG Engine               - isDeveloperMenuEnabled: false
17:01:53.523 [FXGL Background Thread 3 ] DEBUG Engine               - isEmbedded: false
17:01:53.523 [FXGL Background Thread 3 ] DEBUG Engine               - isEntityPreloadEnabled: true
17:01:53.523 [FXGL Background Thread 3 ] DEBUG Engine               - isExperimentalTiledLargeMap: false
17:01:53.523 [FXGL Background Thread 3 ] DEBUG Engine               - isFileSystemWriteAllowed: true
17:01:53.523 [FXGL Background Thread 3 ] DEBUG Engine               - isFullScreenAllowed: true
17:01:53.524 [FXGL Background Thread 3 ] DEBUG Engine               - isFullScreenFromStart: false
17:01:53.524 [FXGL Background Thread 3 ] DEBUG Engine               - isGameMenuEnabled: true
17:01:53.524 [FXGL Background Thread 3 ] DEBUG Engine               - isIOS: false
17:01:53.524 [FXGL Background Thread 3 ] DEBUG Engine               - isIntroEnabled: false
17:01:53.524 [FXGL Background Thread 3 ] DEBUG Engine               - isLinux: false
17:01:53.525 [FXGL Background Thread 3 ] DEBUG Engine               - isMac: false
17:01:53.525 [FXGL Background Thread 3 ] DEBUG Engine               - isMainMenuEnabled: true
17:01:53.526 [FXGL Background Thread 3 ] DEBUG Engine               - isManualResizeEnabled: false
17:01:53.526 [FXGL Background Thread 3 ] DEBUG Engine               - isMobile: false
17:01:53.526 [FXGL Background Thread 3 ] DEBUG Engine               - isNative: false
17:01:53.527 [FXGL Background Thread 3 ] DEBUG Engine               - isPauseMusicWhenMinimized: true
17:01:53.527 [FXGL Background Thread 3 ] DEBUG Engine               - isPreserveResizeRatio: false
17:01:53.527 [FXGL Background Thread 3 ] DEBUG Engine               - isProfilingEnabled: false
17:01:53.527 [FXGL Background Thread 3 ] DEBUG Engine               - isScaleAffectedOnResize: true
17:01:53.527 [FXGL Background Thread 3 ] DEBUG Engine               - isSingleStep: false
17:01:53.527 [FXGL Background Thread 3 ] DEBUG Engine               - isUserProfileEnabled: false
17:01:53.528 [FXGL Background Thread 3 ] DEBUG Engine               - isWindows: true
17:01:53.528 [FXGL Background Thread 3 ] DEBUG Engine               - language: ObjectProperty [value: ENGLISH]
17:01:53.528 [FXGL Background Thread 3 ] DEBUG Engine               - menuKey: ESCAPE
17:01:53.529 [FXGL Background Thread 3 ] DEBUG Engine               - mouseSensitivity: 0.2
17:01:53.529 [FXGL Background Thread 3 ] DEBUG Engine               - notificationViewClass: class com.almasb.fxgl.notification.view.XboxNotificationView
17:01:53.529 [FXGL Background Thread 3 ] DEBUG Engine               - pixelsPerMeter: 50.0
17:01:53.529 [FXGL Background Thread 3 ] DEBUG Engine               - platform: WINDOWS
17:01:53.530 [FXGL Background Thread 3 ] DEBUG Engine               - prefHeightProperty: ReadOnlyDoubleProperty [value: 720.0]
17:01:53.531 [FXGL Background Thread 3 ] DEBUG Engine               - prefWidthProperty: ReadOnlyDoubleProperty [value: 1280.0]
17:01:53.531 [FXGL Background Thread 3 ] DEBUG Engine               - profileDir: profiles/
17:01:53.531 [FXGL Background Thread 3 ] DEBUG Engine               - profileName: StringProperty [value: DEFAULT]
17:01:53.531 [FXGL Background Thread 3 ] DEBUG Engine               - randomSeed: -1
17:01:53.532 [FXGL Background Thread 3 ] DEBUG Engine               - runtimeInfo: RuntimeInfo(platform=WINDOWS, version=21.1, build=27.03.2024 07.52)
17:01:53.532 [FXGL Background Thread 3 ] DEBUG Engine               - saveFileExt: sav
17:01:53.533 [FXGL Background Thread 3 ] DEBUG Engine               - scaledHeightProp$fxgl: DoubleProperty [bound, value: 720.0]
17:01:53.533 [FXGL Background Thread 3 ] DEBUG Engine               - scaledWidthProp$fxgl: DoubleProperty [bound, value: 1280.0]
17:01:53.533 [FXGL Background Thread 3 ] DEBUG Engine               - sceneFactory: com.aen.spaceship_fights.MySceneFactory@3317e56e
17:01:53.533 [FXGL Background Thread 3 ] DEBUG Engine               - secondsIn24h: 60
17:01:53.533 [FXGL Background Thread 3 ] DEBUG Engine               - soundMenuBack: menu/back.wav
17:01:53.534 [FXGL Background Thread 3 ] DEBUG Engine               - soundMenuPress: menu/press.wav
17:01:53.534 [FXGL Background Thread 3 ] DEBUG Engine               - soundMenuSelect: menu/select.wav
17:01:53.534 [FXGL Background Thread 3 ] DEBUG Engine               - soundNotification: core/notification.wav
17:01:53.535 [FXGL Background Thread 3 ] DEBUG Engine               - stageStyle: DECORATED
17:01:53.535 [FXGL Background Thread 3 ] DEBUG Engine               - supportedLanguages: [ENGLISH, FRENCH, GERMAN, HUNGARIAN, RUSSIAN]
17:01:53.536 [FXGL Background Thread 3 ] DEBUG Engine               - ticksPerSecond: -1
17:01:53.536 [FXGL Background Thread 3 ] DEBUG Engine               - title: Shooter
17:01:53.536 [FXGL Background Thread 3 ] DEBUG Engine               - urlGithub: https://github.com/AlmasB/FXGL
17:01:53.536 [FXGL Background Thread 3 ] DEBUG Engine               - urlLeaderboard: http://fxgl-top.herokuapp.com/
17:01:53.536 [FXGL Background Thread 3 ] DEBUG Engine               - urlPOM: https://raw.githubusercontent.com/AlmasB/FXGL/release/README.md
17:01:53.537 [FXGL Background Thread 3 ] DEBUG Engine               - userAppClass: class com.aen.spaceship_fights.SpaceShipFightsApp
17:01:53.537 [FXGL Background Thread 3 ] DEBUG Engine               - version: 0.1
17:01:53.537 [FXGL Background Thread 3 ] DEBUG Engine               - versionCheckDays: 7
17:01:53.537 [FXGL Background Thread 3 ] DEBUG Engine               - width: 1280
17:01:53.538 [FXGL Background Thread 3 ] DEBUG Engine               - Logging services
17:01:53.538 [FXGL Background Thread 3 ] DEBUG Engine               - class com.almasb.fxgl.app.services.FXGLAssetLoaderService
17:01:53.538 [FXGL Background Thread 3 ] DEBUG Engine               - class com.almasb.fxgl.app.FXGLApplication$GameApplicationService
17:01:53.538 [FXGL Background Thread 3 ] DEBUG Engine               - class com.almasb.fxgl.app.services.FXGLDialogService
17:01:53.538 [FXGL Background Thread 3 ] DEBUG Engine               - class com.almasb.fxgl.app.services.IOTaskExecutorService
17:01:53.539 [FXGL Background Thread 3 ] DEBUG Engine               - class com.almasb.fxgl.io.FileSystemService
17:01:53.539 [FXGL Background Thread 3 ] DEBUG Engine               - class com.almasb.fxgl.localization.LocalizationService
17:01:53.539 [FXGL Background Thread 3 ] DEBUG Engine               - class com.almasb.fxgl.app.services.SystemBundleService
17:01:53.539 [FXGL Background Thread 3 ] DEBUG Engine               - class com.almasb.fxgl.profile.SaveLoadService
17:01:53.539 [FXGL Background Thread 3 ] DEBUG Engine               - class com.almasb.fxgl.ui.FXGLUIFactoryServiceProvider
17:01:53.539 [FXGL Background Thread 3 ] DEBUG Engine               - class com.almasb.fxgl.ui.FXGLDialogFactoryServiceProvider
17:01:53.539 [FXGL Background Thread 3 ] DEBUG Engine               - class com.almasb.fxgl.audio.AudioPlayer
17:01:53.541 [FXGL Background Thread 3 ] DEBUG Engine               - class com.almasb.fxgl.notification.impl.NotificationServiceProvider
17:01:53.542 [FXGL Background Thread 3 ] DEBUG Engine               - class com.almasb.fxgl.achievement.AchievementService
17:01:53.542 [FXGL Background Thread 3 ] DEBUG Engine               - class com.almasb.fxgl.cutscene.CutsceneService
17:01:53.542 [FXGL Background Thread 3 ] DEBUG Engine               - class com.almasb.fxgl.minigames.MiniGameService
17:01:53.543 [FXGL Background Thread 3 ] DEBUG Engine               - class com.almasb.fxgl.net.NetService
17:01:53.543 [FXGL Background Thread 3 ] DEBUG Engine               - class com.almasb.fxgl.app.services.UpdaterService
17:01:53.543 [FXGL Background Thread 3 ] DEBUG Engine               - class com.almasb.fxgl.dev.DevService
17:02:06.286 [JavaFX Application Thread] DEBUG Menu                 - fireNewGame()
17:02:06.286 [JavaFX Application Thread] DEBUG GameApplicationServi - Starting new game
17:02:06.286 [JavaFX Application Thread] DEBUG PrimaryStageWindow   - Pop state: MainMenu
17:02:06.286 [JavaFX Application Thread] DEBUG Input                - Clearing active input actions
17:02:06.287 [JavaFX Application Thread] DEBUG GameApplicationServi - Removing overlay from MainMenu and adding to FXGLMainMenuDummyScene
17:02:06.287 [JavaFX Application Thread] DEBUG PrimaryStageWindow   - FXGLMainMenuDummyScene <- MainMenu
17:02:06.287 [JavaFX Application Thread] DEBUG Input                - Clearing active input actions
17:02:06.292 [JavaFX Application Thread] DEBUG GameApplicationServi - Removing overlay from FXGLMainMenuDummyScene and adding to FXGLLoadingScene
17:02:06.292 [JavaFX Application Thread] DEBUG PrimaryStageWindow   - FXGLMainMenuDummyScene -> FXGLLoadingScene
17:02:06.292 [JavaFX Application Thread] DEBUG GameApplicationServi - Clearing previous game
17:02:06.292 [JavaFX Application Thread] DEBUG GameScene            - Clearing game scene
17:02:06.292 [JavaFX Application Thread] DEBUG GameWorld            - Clearing game world
17:02:06.292 [JavaFX Application Thread] DEBUG PhysicsWorld         - Clearing physics world
17:02:06.294 [FXGL Background Thread 2 ] DEBUG FXGLApplication      - Initializing game
17:02:06.315 [FXGL Background Thread 2 ] DEBUG FXGLAssetLoaderServi - Loading from file system: file:/C:/Users/pc/Desktop/Java/GameEngines/Asteriods/target/classes/assets/textures/DurrrSpaceShip.png
17:02:06.359 [FXGL Background Thread 2 ] DEBUG FXGLAssetLoaderServi - Loading from file system: file:/C:/Users/pc/Desktop/Java/GameEngines/Asteriods/target/classes/assets/textures/life.png
17:02:06.362 [FXGL Background Thread 2 ] INFO  FXGLApplication      - Game initialization took: 0.068 sec
17:02:06.362 [JavaFX Application Thread] DEBUG Input                - Clearing active input actions
17:02:06.370 [JavaFX Application Thread] DEBUG GameApplicationServi - Removing overlay from FXGLLoadingScene and adding to GameScene
17:02:06.370 [JavaFX Application Thread] DEBUG PrimaryStageWindow   - FXGLLoadingScene -> GameScene
17:02:12.383 [JavaFX Application Thread] DEBUG FXGLAssetLoaderServi - Loading from file system: file:/C:/Users/pc/Desktop/Java/GameEngines/Asteriods/target/classes/assets/textures/instructor_2.png
17:02:32.324 [JavaFX Application Thread] DEBUG FXGLAssetLoaderServi - Loading from file system: file:/C:/Users/pc/Desktop/Java/GameEngines/Asteriods/target/classes/assets/sounds/level.wav
17:02:33.983 [JavaFX Application Thread] DEBUG FXGLAssetLoaderServi - Loading from file system: file:/C:/Users/pc/Desktop/Java/GameEngines/Asteriods/target/classes/assets/textures/enemy2.png
17:02:34.255 [JavaFX Application Thread] DEBUG FXGLAssetLoaderServi - Loading from file system: file:/C:/Users/pc/Desktop/Java/GameEngines/Asteriods/target/classes/assets/textures/enemy1.png
17:02:34.531 [JavaFX Application Thread] DEBUG FXGLAssetLoaderServi - Loading from file system: file:/C:/Users/pc/Desktop/Java/GameEngines/Asteriods/target/classes/assets/textures/enemy3.png
17:02:36.064 [JavaFX Application Thread] DEBUG FXGLAssetLoaderServi - Loading from file system: file:/C:/Users/pc/Desktop/Java/GameEngines/Asteriods/target/classes/assets/textures/enemy_bullet.png
17:02:36.068 [JavaFX Application Thread] DEBUG FXGLAssetLoaderServi - Loading from file system: file:/C:/Users/pc/Desktop/Java/GameEngines/Asteriods/target/classes/assets/sounds/shoot4.wav
17:02:40.001 [JavaFX Application Thread] DEBUG FXGLAssetLoaderServi - Loading from file system: file:/C:/Users/pc/Desktop/Java/GameEngines/Asteriods/target/classes/assets/sounds/shoot1.wav
17:02:40.848 [JavaFX Application Thread] DEBUG FXGLAssetLoaderServi - Loading from file system: file:/C:/Users/pc/Desktop/Java/GameEngines/Asteriods/target/classes/assets/sounds/shoot3.wav
17:02:47.622 [JavaFX Application Thread] DEBUG FXGLApplication      - Exiting FXGL
17:02:47.622 [JavaFX Application Thread] DEBUG LoopRunner           - Stopping loop
17:02:47.622 [JavaFX Application Thread] DEBUG SystemBundleService  - Saving FXGL system data
17:02:47.623 [JavaFX Application Thread] DEBUG FileSystemAccess     - Writing to: C:\Users\pc\Desktop\Java\GameEngines\Asteriods\system\fxgl.bundle
17:02:47.624 [JavaFX Application Thread] DEBUG Async                - Shutting down background threads
17:02:47.624 [JavaFX Application Thread] DEBUG PrimaryStageWindow   - Closing main window
17:02:47.652 [JavaFX Application Thread] DEBUG Logger               - Closing Logger
