23:17:28.884 [main                     ] DEBUG Logger               - Configured Logger
23:17:28.902 [main                     ] DEBUG GameApplication      - Logging settings
Title: Shooter
Version: 0.1
Width: 1280
Height: 720
Fullscreen: true
Intro: false
Profiling: false
Single step:false
App Mode: DEVELOPER
Menu Key: ESCAPE
Stage Style: DECORATED
Scene Factory: class com.aen.spaceship_fights.MySceneFactory

23:17:29.370 [JavaFX Application Thread] DEBUG FXGLApplication      - Initializing FXGL
23:17:29.374 [JavaFX Application Thread] INFO  Engine               - FXGL-21.1 (27.03.2024 07.52) on WINDOWS (J:22.0.2 FX:22.0.1)
23:17:29.374 [JavaFX Application Thread] DEBUG Engine               - JRE Vendor Name: Oracle Corporation
23:17:29.375 [JavaFX Application Thread] DEBUG Engine               - Running on OS: Windows 11 version 10.0
23:17:29.375 [JavaFX Application Thread] DEBUG Engine               - Architecture: amd64
23:17:29.375 [JavaFX Application Thread] INFO  Engine               - Source code and latest versions at: https://github.com/AlmasB/FXGL
23:17:29.375 [JavaFX Application Thread] INFO  Engine               -       Ask questions and discuss at: https://github.com/AlmasB/FXGL/discussions
23:17:29.375 [JavaFX Application Thread] INFO  Engine               -              Join the FXGL chat at: https://gitter.im/AlmasB/FXGL
23:17:29.494 [JavaFX Application Thread] DEBUG PrimaryStageWindow   - Creating a JavaFX scene
23:17:29.539 [JavaFX Application Thread] DEBUG PrimaryStageWindow   - Target settings size: 1280.0 x 720.0
23:17:29.540 [JavaFX Application Thread] DEBUG PrimaryStageWindow   - Scaled scene size:    1280.0 x 720.0
23:17:29.540 [JavaFX Application Thread] DEBUG PrimaryStageWindow   - Scaled ratio: (1.0, 1.0)
23:17:29.541 [JavaFX Application Thread] DEBUG PrimaryStageWindow   - Set initial scene to FXGLStartupScene
23:17:29.545 [JavaFX Application Thread] DEBUG PrimaryStageWindow   - Opening main window
23:17:29.933 [JavaFX Application Thread] DEBUG PrimaryStageWindow   - Window border size: (16.0, 39.0)
23:17:29.933 [JavaFX Application Thread] DEBUG PrimaryStageWindow   - Scaled size: 1280.0 x 720.0
23:17:29.933 [JavaFX Application Thread] DEBUG PrimaryStageWindow   - Scaled ratio: (1.0, 1.0)
23:17:29.933 [JavaFX Application Thread] DEBUG PrimaryStageWindow   - Scene size: 1280.0 x 720.0
23:17:29.934 [JavaFX Application Thread] DEBUG PrimaryStageWindow   - Stage size: 1296.0 x 759.0
23:17:30.011 [FXGL Background Thread 1 ] DEBUG Engine               - Initializing environment variables
23:17:30.055 [FXGL Background Thread 1 ] DEBUG FXGLAssetLoaderServi - User app class for loading assets: class com.aen.spaceship_fights.SpaceShipFightsApp
23:17:30.055 [FXGL Background Thread 1 ] DEBUG GameApplicationServi - Applying CSS: fxgl_dark.css
23:17:30.057 [FXGL Background Thread 1 ] DEBUG FXGLAssetLoaderServi - Loading from file system: jar:file:/C:/Users/pc/.m2/repository/com/github/almasb/fxgl/21.1/fxgl-21.1.jar!/fxglassets/ui/css/fxgl_dark.css
23:17:30.107 [FXGL Background Thread 1 ] DEBUG GameApplicationServi - Initializing application scenes
23:17:30.187 [FXGL Background Thread 1 ] DEBUG GameWorld            - Game world initialized
23:17:30.252 [FXGL Background Thread 1 ] DEBUG PhysicsWorld         - Physics world initialized: appHeight=720, physics.ppm=50.0
23:17:30.253 [FXGL Background Thread 1 ] DEBUG PhysicsWorld         - Using strategy: BRUTE_FORCE
23:17:30.256 [FXGL Background Thread 1 ] DEBUG GameScene            - Game scene initialized: 1280x720
23:17:30.395 [FXGL Background Thread 1 ] DEBUG GameApplicationServi - Application scenes initialized
23:17:30.405 [FXGL Background Thread 1 ] DEBUG SystemBundleService  - Loading FXGL system data
23:17:30.406 [FXGL Background Thread 1 ] DEBUG FileSystemAccess     - Reading from: C:\Users\pc\Desktop\Java\GameEngines\Asteriods\system\fxgl.bundle
23:17:30.409 [FXGL Background Thread 1 ] DEBUG SystemBundleService  - Bundle FXGL: {}
23:17:30.409 [FXGL Background Thread 1 ] DEBUG UpdaterService       - Checking for updates
23:17:30.413 [FXGL Background Thread 4 ] DEBUG FXGLApplication      - Loading fonts
23:17:30.414 [FXGL Background Thread 4 ] DEBUG FXGLAssetLoaderServi - Loading from file system: jar:file:/C:/Users/pc/.m2/repository/com/github/almasb/fxgl/21.1/fxgl-21.1.jar!/fxglassets/ui/fonts/VarelaRound-Regular.ttf
23:17:30.414 [FXGL Background Thread 1 ] DEBUG FXGLApplication      - Loading default localization
23:17:30.415 [FXGL Background Thread 1 ] DEBUG FXGLAssetLoaderServi - Loading from file system: jar:file:/C:/Users/pc/.m2/repository/com/github/almasb/fxgl/21.1/fxgl-21.1.jar!/fxglassets/languages/english.lang
23:17:30.419 [FXGL Background Thread 4 ] DEBUG FXGLAssetLoaderServi - Loading from file system: jar:file:/C:/Users/pc/.m2/repository/com/github/almasb/fxgl/21.1/fxgl-21.1.jar!/fxglassets/ui/fonts/Abel-Regular.ttf
23:17:30.425 [FXGL Background Thread 4 ] DEBUG FXGLAssetLoaderServi - Loading from file system: jar:file:/C:/Users/pc/.m2/repository/com/github/almasb/fxgl/21.1/fxgl-21.1.jar!/fxglassets/ui/fonts/TerminalLandMono-Regular.otf
23:17:30.433 [FXGL Background Thread 4 ] DEBUG FXGLAssetLoaderServi - Loading from file system: jar:file:/C:/Users/pc/.m2/repository/com/github/almasb/fxgl/21.1/fxgl-21.1.jar!/fxglassets/ui/fonts/Courier-Prime.ttf
23:17:30.453 [JavaFX Application Thread] DEBUG FXGLApplication      - Registering font factories with UI factory
23:17:30.491 [FXGL Background Thread 1 ] INFO  FXGLApplication      - FXGL initialization took: 0.479 sec
23:17:30.504 [JavaFX Application Thread] DEBUG Input                - Registered new binding: action0 - A
23:17:30.504 [JavaFX Application Thread] DEBUG Input                - Registered new binding: action1 - D
23:17:30.505 [JavaFX Application Thread] DEBUG Input                - Registered new binding: action2 - W
23:17:30.507 [JavaFX Application Thread] DEBUG Input                - Registered new binding: action3 - F
23:17:30.509 [JavaFX Application Thread] DEBUG Input                - Registered new binding: action4 - P
23:17:30.510 [JavaFX Application Thread] DEBUG Input                - Registered new binding: action5 - R
23:17:30.511 [JavaFX Application Thread] DEBUG Input                - Registered new binding: action6 - M
23:17:30.512 [JavaFX Application Thread] DEBUG FXGLAssetLoaderServi - Loading from file system: jar:file:/C:/Users/pc/.m2/repository/com/github/almasb/fxgl/21.1/fxgl-21.1.jar!/fxglassets/textures/fxgl_icon.png
23:17:30.547 [JavaFX Application Thread] DEBUG FXGLAssetLoaderServi - Loading from file system: jar:file:/C:/Users/pc/.m2/repository/com/github/almasb/fxgl/21.1/fxgl-21.1.jar!/fxglassets/textures/fxgl_default_cursor.png
23:17:30.550 [JavaFX Application Thread] DEBUG Input                - Registered new binding: Screenshot - CTRL+8
23:17:30.553 [JavaFX Application Thread] DEBUG Input                - Registered new binding: System info dump - CTRL+9
23:17:30.555 [JavaFX Application Thread] DEBUG Input                - Registered new binding: Restart - CTRL+R
23:17:30.560 [JavaFX Application Thread] DEBUG Input                - Registered new binding: Toggle Debug Camera - CTRL+7
23:17:30.567 [JavaFX Application Thread] DEBUG LoopRunner           - Starting loop
23:17:30.568 [JavaFX Application Thread] DEBUG LoopRunner           - Initializing JavaFX AnimationTimerLoop
23:17:30.576 [JavaFX Application Thread] DEBUG Input                - Clearing active input actions
23:17:30.588 [JavaFX Application Thread] DEBUG GameApplicationServi - Removing overlay from FXGLStartupScene and adding to FXGLMainMenuDummyScene
23:17:30.588 [JavaFX Application Thread] DEBUG PrimaryStageWindow   - FXGLStartupScene -> FXGLMainMenuDummyScene
23:17:30.588 [JavaFX Application Thread] DEBUG PrimaryStageWindow   - Push state: MainMenu
23:17:30.588 [JavaFX Application Thread] DEBUG Input                - Clearing active input actions
23:17:30.600 [JavaFX Application Thread] DEBUG GameApplicationServi - Removing overlay from FXGLMainMenuDummyScene and adding to MainMenu
23:17:30.601 [JavaFX Application Thread] DEBUG PrimaryStageWindow   - FXGLMainMenuDummyScene -> MainMenu
23:17:33.412 [FXGL Background Thread 3 ] DEBUG Engine               - Logging environment variables
23:17:33.413 [FXGL Background Thread 3 ] DEBUG Engine               - achievements: []
23:17:33.413 [FXGL Background Thread 3 ] DEBUG Engine               - actualHeight: 720.0
23:17:33.414 [FXGL Background Thread 3 ] DEBUG Engine               - actualHeightProperty: ReadOnlyDoubleProperty [value: 720.0]
23:17:33.414 [FXGL Background Thread 3 ] DEBUG Engine               - actualWidth: 1280.0
23:17:33.414 [FXGL Background Thread 3 ] DEBUG Engine               - actualWidthProperty: ReadOnlyDoubleProperty [value: 1280.0]
23:17:33.414 [FXGL Background Thread 3 ] DEBUG Engine               - appIcon: fxgl_icon.png
23:17:33.414 [FXGL Background Thread 3 ] DEBUG Engine               - applicationMode: DEVELOPER
23:17:33.414 [FXGL Background Thread 3 ] DEBUG Engine               - cSSList: [fxgl_dark.css]
23:17:33.415 [FXGL Background Thread 3 ] DEBUG Engine               - collisionDetectionStrategy: BRUTE_FORCE
23:17:33.415 [FXGL Background Thread 3 ] DEBUG Engine               - configClass: Optional.empty
23:17:33.415 [FXGL Background Thread 3 ] DEBUG Engine               - credits: [Nyirenda Amos, Ouedraogo Luther Arthur, Magne Lidivine Merveille]
23:17:33.417 [FXGL Background Thread 3 ] DEBUG Engine               - defaultCursor: CursorInfo(imageName=fxgl_default_cursor.png, hotspotX=7.0, hotspotY=6.0)
23:17:33.418 [FXGL Background Thread 3 ] DEBUG Engine               - devBBoxColorProperty: ObjectProperty [value: 0xff0000ff]
23:17:33.418 [FXGL Background Thread 3 ] DEBUG Engine               - devEnableDebugCameraProperty: BooleanProperty [value: false]
23:17:33.418 [FXGL Background Thread 3 ] DEBUG Engine               - devSensorColorProperty: ObjectProperty [value: 0xffff00ff]
23:17:33.418 [FXGL Background Thread 3 ] DEBUG Engine               - devShowBBoxProperty: BooleanProperty [value: false]
23:17:33.419 [FXGL Background Thread 3 ] DEBUG Engine               - devShowPositionProperty: BooleanProperty [value: false]
23:17:33.419 [FXGL Background Thread 3 ] DEBUG Engine               - enabledMenuItems: []
23:17:33.419 [FXGL Background Thread 3 ] DEBUG Engine               - engineServices: [class com.almasb.fxgl.app.services.FXGLAssetLoaderService, class com.almasb.fxgl.app.FXGLApplication$GameApplicationService, class com.almasb.fxgl.app.services.FXGLDialogService, class com.almasb.fxgl.app.services.IOTaskExecutorService, class com.almasb.fxgl.io.FileSystemService, class com.almasb.fxgl.localization.LocalizationService, class com.almasb.fxgl.app.services.SystemBundleService, class com.almasb.fxgl.profile.SaveLoadService, class com.almasb.fxgl.ui.FXGLUIFactoryServiceProvider, class com.almasb.fxgl.ui.FXGLDialogFactoryServiceProvider, class com.almasb.fxgl.audio.AudioPlayer, class com.almasb.fxgl.notification.impl.NotificationServiceProvider, class com.almasb.fxgl.achievement.AchievementService, class com.almasb.fxgl.cutscene.CutsceneService, class com.almasb.fxgl.minigames.MiniGameService, class com.almasb.fxgl.net.NetService, class com.almasb.fxgl.app.services.UpdaterService, class com.almasb.fxgl.dev.DevService]
23:17:33.419 [FXGL Background Thread 3 ] DEBUG Engine               - fontGame: Abel-Regular.ttf
23:17:33.419 [FXGL Background Thread 3 ] DEBUG Engine               - fontMono: TerminalLandMono-Regular.otf
23:17:33.419 [FXGL Background Thread 3 ] DEBUG Engine               - fontSizeScaleUI: 1.0
23:17:33.419 [FXGL Background Thread 3 ] DEBUG Engine               - fontText: Courier-Prime.ttf
23:17:33.419 [FXGL Background Thread 3 ] DEBUG Engine               - fontUI: VarelaRound-Regular.ttf
23:17:33.419 [FXGL Background Thread 3 ] DEBUG Engine               - fullScreen: BooleanProperty [value: false]
23:17:33.419 [FXGL Background Thread 3 ] DEBUG Engine               - gameDifficulty: MEDIUM
23:17:33.420 [FXGL Background Thread 3 ] DEBUG Engine               - gameDifficultyProperty: ObjectProperty [value: MEDIUM]
23:17:33.420 [FXGL Background Thread 3 ] DEBUG Engine               - globalMusicVolume: 0.5
23:17:33.420 [FXGL Background Thread 3 ] DEBUG Engine               - globalMusicVolumeProperty: DoubleProperty [value: 0.5]
23:17:33.420 [FXGL Background Thread 3 ] DEBUG Engine               - globalSoundVolume: 0.5
23:17:33.420 [FXGL Background Thread 3 ] DEBUG Engine               - globalSoundVolumeProperty: DoubleProperty [value: 0.5]
23:17:33.420 [FXGL Background Thread 3 ] DEBUG Engine               - height: 720
23:17:33.420 [FXGL Background Thread 3 ] DEBUG Engine               - is3D: false
23:17:33.420 [FXGL Background Thread 3 ] DEBUG Engine               - isAndroid: false
23:17:33.420 [FXGL Background Thread 3 ] DEBUG Engine               - isBrowser: false
23:17:33.420 [FXGL Background Thread 3 ] DEBUG Engine               - isClickFeedbackEnabled: false
23:17:33.421 [FXGL Background Thread 3 ] DEBUG Engine               - isCloseConfirmation: false
23:17:33.421 [FXGL Background Thread 3 ] DEBUG Engine               - isDesktop: true
23:17:33.421 [FXGL Background Thread 3 ] DEBUG Engine               - isDeveloperMenuEnabled: false
23:17:33.421 [FXGL Background Thread 3 ] DEBUG Engine               - isEmbedded: false
23:17:33.421 [FXGL Background Thread 3 ] DEBUG Engine               - isEntityPreloadEnabled: true
23:17:33.421 [FXGL Background Thread 3 ] DEBUG Engine               - isExperimentalTiledLargeMap: false
23:17:33.421 [FXGL Background Thread 3 ] DEBUG Engine               - isFileSystemWriteAllowed: true
23:17:33.421 [FXGL Background Thread 3 ] DEBUG Engine               - isFullScreenAllowed: true
23:17:33.421 [FXGL Background Thread 3 ] DEBUG Engine               - isFullScreenFromStart: false
23:17:33.421 [FXGL Background Thread 3 ] DEBUG Engine               - isGameMenuEnabled: true
23:17:33.421 [FXGL Background Thread 3 ] DEBUG Engine               - isIOS: false
23:17:33.421 [FXGL Background Thread 3 ] DEBUG Engine               - isIntroEnabled: false
23:17:33.422 [FXGL Background Thread 3 ] DEBUG Engine               - isLinux: false
23:17:33.422 [FXGL Background Thread 3 ] DEBUG Engine               - isMac: false
23:17:33.422 [FXGL Background Thread 3 ] DEBUG Engine               - isMainMenuEnabled: true
23:17:33.422 [FXGL Background Thread 3 ] DEBUG Engine               - isManualResizeEnabled: false
23:17:33.422 [FXGL Background Thread 3 ] DEBUG Engine               - isMobile: false
23:17:33.422 [FXGL Background Thread 3 ] DEBUG Engine               - isNative: false
23:17:33.422 [FXGL Background Thread 3 ] DEBUG Engine               - isPauseMusicWhenMinimized: true
23:17:33.422 [FXGL Background Thread 3 ] DEBUG Engine               - isPreserveResizeRatio: false
23:17:33.422 [FXGL Background Thread 3 ] DEBUG Engine               - isProfilingEnabled: false
23:17:33.422 [FXGL Background Thread 3 ] DEBUG Engine               - isScaleAffectedOnResize: true
23:17:33.422 [FXGL Background Thread 3 ] DEBUG Engine               - isSingleStep: false
23:17:33.422 [FXGL Background Thread 3 ] DEBUG Engine               - isUserProfileEnabled: false
23:17:33.423 [FXGL Background Thread 3 ] DEBUG Engine               - isWindows: true
23:17:33.423 [FXGL Background Thread 3 ] DEBUG Engine               - language: ObjectProperty [value: ENGLISH]
23:17:33.423 [FXGL Background Thread 3 ] DEBUG Engine               - menuKey: ESCAPE
23:17:33.423 [FXGL Background Thread 3 ] DEBUG Engine               - mouseSensitivity: 0.2
23:17:33.423 [FXGL Background Thread 3 ] DEBUG Engine               - notificationViewClass: class com.almasb.fxgl.notification.view.XboxNotificationView
23:17:33.423 [FXGL Background Thread 3 ] DEBUG Engine               - pixelsPerMeter: 50.0
23:17:33.423 [FXGL Background Thread 3 ] DEBUG Engine               - platform: WINDOWS
23:17:33.424 [FXGL Background Thread 3 ] DEBUG Engine               - prefHeightProperty: ReadOnlyDoubleProperty [value: 720.0]
23:17:33.424 [FXGL Background Thread 3 ] DEBUG Engine               - prefWidthProperty: ReadOnlyDoubleProperty [value: 1280.0]
23:17:33.424 [FXGL Background Thread 3 ] DEBUG Engine               - profileDir: profiles/
23:17:33.424 [FXGL Background Thread 3 ] DEBUG Engine               - profileName: StringProperty [value: DEFAULT]
23:17:33.424 [FXGL Background Thread 3 ] DEBUG Engine               - randomSeed: -1
23:17:33.424 [FXGL Background Thread 3 ] DEBUG Engine               - runtimeInfo: RuntimeInfo(platform=WINDOWS, version=21.1, build=27.03.2024 07.52)
23:17:33.424 [FXGL Background Thread 3 ] DEBUG Engine               - saveFileExt: sav
23:17:33.424 [FXGL Background Thread 3 ] DEBUG Engine               - scaledHeightProp$fxgl: DoubleProperty [bound, value: 720.0]
23:17:33.424 [FXGL Background Thread 3 ] DEBUG Engine               - scaledWidthProp$fxgl: DoubleProperty [bound, value: 1280.0]
23:17:33.425 [FXGL Background Thread 3 ] DEBUG Engine               - sceneFactory: com.aen.spaceship_fights.MySceneFactory@51ef2679
23:17:33.425 [FXGL Background Thread 3 ] DEBUG Engine               - secondsIn24h: 60
23:17:33.425 [FXGL Background Thread 3 ] DEBUG Engine               - soundMenuBack: menu/back.wav
23:17:33.425 [FXGL Background Thread 3 ] DEBUG Engine               - soundMenuPress: menu/press.wav
23:17:33.425 [FXGL Background Thread 3 ] DEBUG Engine               - soundMenuSelect: menu/select.wav
23:17:33.425 [FXGL Background Thread 3 ] DEBUG Engine               - soundNotification: core/notification.wav
23:17:33.425 [FXGL Background Thread 3 ] DEBUG Engine               - stageStyle: DECORATED
23:17:33.425 [FXGL Background Thread 3 ] DEBUG Engine               - supportedLanguages: [ENGLISH, FRENCH, GERMAN, HUNGARIAN, RUSSIAN]
23:17:33.425 [FXGL Background Thread 3 ] DEBUG Engine               - ticksPerSecond: -1
23:17:33.425 [FXGL Background Thread 3 ] DEBUG Engine               - title: Shooter
23:17:33.425 [FXGL Background Thread 3 ] DEBUG Engine               - urlGithub: https://github.com/AlmasB/FXGL
23:17:33.425 [FXGL Background Thread 3 ] DEBUG Engine               - urlLeaderboard: http://fxgl-top.herokuapp.com/
23:17:33.425 [FXGL Background Thread 3 ] DEBUG Engine               - urlPOM: https://raw.githubusercontent.com/AlmasB/FXGL/release/README.md
23:17:33.425 [FXGL Background Thread 3 ] DEBUG Engine               - userAppClass: class com.aen.spaceship_fights.SpaceShipFightsApp
23:17:33.425 [FXGL Background Thread 3 ] DEBUG Engine               - version: 0.1
23:17:33.425 [FXGL Background Thread 3 ] DEBUG Engine               - versionCheckDays: 7
23:17:33.426 [FXGL Background Thread 3 ] DEBUG Engine               - width: 1280
23:17:33.426 [FXGL Background Thread 3 ] DEBUG Engine               - Logging services
23:17:33.426 [FXGL Background Thread 3 ] DEBUG Engine               - class com.almasb.fxgl.app.services.FXGLAssetLoaderService
23:17:33.426 [FXGL Background Thread 3 ] DEBUG Engine               - class com.almasb.fxgl.app.FXGLApplication$GameApplicationService
23:17:33.426 [FXGL Background Thread 3 ] DEBUG Engine               - class com.almasb.fxgl.app.services.FXGLDialogService
23:17:33.426 [FXGL Background Thread 3 ] DEBUG Engine               - class com.almasb.fxgl.app.services.IOTaskExecutorService
23:17:33.426 [FXGL Background Thread 3 ] DEBUG Engine               - class com.almasb.fxgl.io.FileSystemService
23:17:33.426 [FXGL Background Thread 3 ] DEBUG Engine               - class com.almasb.fxgl.localization.LocalizationService
23:17:33.426 [FXGL Background Thread 3 ] DEBUG Engine               - class com.almasb.fxgl.app.services.SystemBundleService
23:17:33.426 [FXGL Background Thread 3 ] DEBUG Engine               - class com.almasb.fxgl.profile.SaveLoadService
23:17:33.426 [FXGL Background Thread 3 ] DEBUG Engine               - class com.almasb.fxgl.ui.FXGLUIFactoryServiceProvider
23:17:33.426 [FXGL Background Thread 3 ] DEBUG Engine               - class com.almasb.fxgl.ui.FXGLDialogFactoryServiceProvider
23:17:33.426 [FXGL Background Thread 3 ] DEBUG Engine               - class com.almasb.fxgl.audio.AudioPlayer
23:17:33.426 [FXGL Background Thread 3 ] DEBUG Engine               - class com.almasb.fxgl.notification.impl.NotificationServiceProvider
23:17:33.426 [FXGL Background Thread 3 ] DEBUG Engine               - class com.almasb.fxgl.achievement.AchievementService
23:17:33.426 [FXGL Background Thread 3 ] DEBUG Engine               - class com.almasb.fxgl.cutscene.CutsceneService
23:17:33.426 [FXGL Background Thread 3 ] DEBUG Engine               - class com.almasb.fxgl.minigames.MiniGameService
23:17:33.427 [FXGL Background Thread 3 ] DEBUG Engine               - class com.almasb.fxgl.net.NetService
23:17:33.427 [FXGL Background Thread 3 ] DEBUG Engine               - class com.almasb.fxgl.app.services.UpdaterService
23:17:33.427 [FXGL Background Thread 3 ] DEBUG Engine               - class com.almasb.fxgl.dev.DevService
23:18:58.911 [JavaFX Application Thread] DEBUG Menu                 - fireNewGame()
23:18:58.911 [JavaFX Application Thread] DEBUG GameApplicationServi - Starting new game
23:18:58.911 [JavaFX Application Thread] DEBUG PrimaryStageWindow   - Pop state: MainMenu
23:18:58.911 [JavaFX Application Thread] DEBUG Input                - Clearing active input actions
23:18:58.912 [JavaFX Application Thread] DEBUG GameApplicationServi - Removing overlay from MainMenu and adding to FXGLMainMenuDummyScene
23:18:58.912 [JavaFX Application Thread] DEBUG PrimaryStageWindow   - FXGLMainMenuDummyScene <- MainMenu
23:18:58.912 [JavaFX Application Thread] DEBUG Input                - Clearing active input actions
23:18:58.918 [JavaFX Application Thread] DEBUG GameApplicationServi - Removing overlay from FXGLMainMenuDummyScene and adding to FXGLLoadingScene
23:18:58.918 [JavaFX Application Thread] DEBUG PrimaryStageWindow   - FXGLMainMenuDummyScene -> FXGLLoadingScene
23:18:58.918 [JavaFX Application Thread] DEBUG GameApplicationServi - Clearing previous game
23:18:58.918 [JavaFX Application Thread] DEBUG GameScene            - Clearing game scene
23:18:58.918 [JavaFX Application Thread] DEBUG GameWorld            - Clearing game world
23:18:58.919 [JavaFX Application Thread] DEBUG PhysicsWorld         - Clearing physics world
23:18:58.921 [FXGL Background Thread 5 ] DEBUG FXGLApplication      - Initializing game
23:18:58.972 [FXGL Background Thread 5 ] DEBUG FXGLAssetLoaderServi - Loading from file system: file:/C:/Users/pc/Desktop/Java/GameEngines/Asteriods/target/classes/assets/textures/player.png
23:18:59.029 [FXGL Background Thread 5 ] DEBUG FXGLAssetLoaderServi - Loading from file system: file:/C:/Users/pc/Desktop/Java/GameEngines/Asteriods/target/classes/assets/textures/life.png
23:18:59.032 [FXGL Background Thread 5 ] INFO  FXGLApplication      - Game initialization took: 0.110 sec
23:18:59.033 [JavaFX Application Thread] DEBUG Input                - Clearing active input actions
23:18:59.041 [JavaFX Application Thread] DEBUG GameApplicationServi - Removing overlay from FXGLLoadingScene and adding to GameScene
23:18:59.042 [JavaFX Application Thread] DEBUG PrimaryStageWindow   - FXGLLoadingScene -> GameScene
23:19:05.070 [JavaFX Application Thread] DEBUG FXGLAssetLoaderServi - Loading from file system: file:/C:/Users/pc/Desktop/Java/GameEngines/Asteriods/target/classes/assets/textures/instructor_2.png
23:19:25.207 [JavaFX Application Thread] DEBUG FXGLAssetLoaderServi - Loading from file system: file:/C:/Users/pc/Desktop/Java/GameEngines/Asteriods/target/classes/assets/sounds/level.wav
23:19:26.805 [JavaFX Application Thread] DEBUG FXGLAssetLoaderServi - Loading from file system: file:/C:/Users/pc/Desktop/Java/GameEngines/Asteriods/target/classes/assets/textures/enemy1.png
23:19:27.429 [JavaFX Application Thread] DEBUG FXGLAssetLoaderServi - Loading from file system: file:/C:/Users/pc/Desktop/Java/GameEngines/Asteriods/target/classes/assets/textures/enemy3.png
23:19:27.662 [JavaFX Application Thread] DEBUG FXGLAssetLoaderServi - Loading from file system: file:/C:/Users/pc/Desktop/Java/GameEngines/Asteriods/target/classes/assets/textures/enemy2.png
23:21:31.670 [JavaFX Application Thread] DEBUG FXGLApplication      - Exiting FXGL
23:21:31.670 [JavaFX Application Thread] DEBUG LoopRunner           - Stopping loop
23:21:31.671 [JavaFX Application Thread] DEBUG SystemBundleService  - Saving FXGL system data
23:21:31.672 [JavaFX Application Thread] DEBUG FileSystemAccess     - Writing to: C:\Users\pc\Desktop\Java\GameEngines\Asteriods\system\fxgl.bundle
23:21:31.673 [JavaFX Application Thread] DEBUG Async                - Shutting down background threads
23:21:31.673 [JavaFX Application Thread] DEBUG PrimaryStageWindow   - Closing main window
23:21:31.699 [JavaFX Application Thread] DEBUG Logger               - Closing Logger
