10:08:39.618 [main                     ] DEBUG Logger               - Configured Logger
10:08:39.633 [main                     ] DEBUG GameApplication      - Logging settings
Title: Shooter
Version: 0.1
Width: 1280
Height: 720
Fullscreen: true
Intro: false
Profiling: false
Single step:false
App Mode: DEVELOPER
Menu Key: ESCAPE
Stage Style: DECORATED
Scene Factory: class com.aen.spaceship_fights.MySceneFactory

10:08:40.152 [JavaFX Application Thread] DEBUG FXGLApplication      - Initializing FXGL
10:08:40.156 [JavaFX Application Thread] INFO  Engine               - FXGL-21.1 (27.03.2024 07.52) on WINDOWS (J:22.0.2 FX:22.0.1)
10:08:40.157 [JavaFX Application Thread] DEBUG Engine               - JRE Vendor Name: Oracle Corporation
10:08:40.157 [JavaFX Application Thread] DEBUG Engine               - Running on OS: Windows 11 version 10.0
10:08:40.157 [JavaFX Application Thread] DEBUG Engine               - Architecture: amd64
10:08:40.157 [JavaFX Application Thread] INFO  Engine               - Source code and latest versions at: https://github.com/AlmasB/FXGL
10:08:40.157 [JavaFX Application Thread] INFO  Engine               -       Ask questions and discuss at: https://github.com/AlmasB/FXGL/discussions
10:08:40.157 [JavaFX Application Thread] INFO  Engine               -              Join the FXGL chat at: https://gitter.im/AlmasB/FXGL
10:08:40.271 [JavaFX Application Thread] DEBUG PrimaryStageWindow   - Creating a JavaFX scene
10:08:40.323 [JavaFX Application Thread] DEBUG PrimaryStageWindow   - Target settings size: 1280.0 x 720.0
10:08:40.324 [JavaFX Application Thread] DEBUG PrimaryStageWindow   - Scaled scene size:    1280.0 x 720.0
10:08:40.324 [JavaFX Application Thread] DEBUG PrimaryStageWindow   - Scaled ratio: (1.0, 1.0)
10:08:40.325 [JavaFX Application Thread] DEBUG PrimaryStageWindow   - Set initial scene to FXGLStartupScene
10:08:40.330 [JavaFX Application Thread] DEBUG PrimaryStageWindow   - Opening main window
10:08:40.842 [JavaFX Application Thread] DEBUG PrimaryStageWindow   - Window border size: (16.0, 39.0)
10:08:40.842 [JavaFX Application Thread] DEBUG PrimaryStageWindow   - Scaled size: 1280.0 x 720.0
10:08:40.843 [JavaFX Application Thread] DEBUG PrimaryStageWindow   - Scaled ratio: (1.0, 1.0)
10:08:40.843 [JavaFX Application Thread] DEBUG PrimaryStageWindow   - Scene size: 1280.0 x 720.0
10:08:40.843 [JavaFX Application Thread] DEBUG PrimaryStageWindow   - Stage size: 1296.0 x 759.0
10:08:40.849 [FXGL Background Thread 1 ] DEBUG Engine               - Initializing environment variables
10:08:40.917 [FXGL Background Thread 1 ] DEBUG FXGLAssetLoaderServi - User app class for loading assets: class com.aen.spaceship_fights.SpaceShipFightsApp
10:08:40.917 [FXGL Background Thread 1 ] DEBUG GameApplicationServi - Applying CSS: fxgl_dark.css
10:08:40.920 [FXGL Background Thread 1 ] DEBUG FXGLAssetLoaderServi - Loading from file system: jar:file:/C:/Users/pc/.m2/repository/com/github/almasb/fxgl/21.1/fxgl-21.1.jar!/fxglassets/ui/css/fxgl_dark.css
10:08:40.980 [FXGL Background Thread 1 ] DEBUG GameApplicationServi - Initializing application scenes
10:08:41.062 [FXGL Background Thread 1 ] DEBUG GameWorld            - Game world initialized
10:08:41.129 [FXGL Background Thread 1 ] DEBUG PhysicsWorld         - Physics world initialized: appHeight=720, physics.ppm=50.0
10:08:41.129 [FXGL Background Thread 1 ] DEBUG PhysicsWorld         - Using strategy: BRUTE_FORCE
10:08:41.132 [FXGL Background Thread 1 ] DEBUG GameScene            - Game scene initialized: 1280x720
10:08:41.237 [FXGL Background Thread 1 ] DEBUG GameApplicationServi - Application scenes initialized
10:08:41.248 [FXGL Background Thread 1 ] DEBUG SystemBundleService  - Loading FXGL system data
10:08:41.249 [FXGL Background Thread 1 ] DEBUG FileSystemAccess     - Reading from: C:\Users\pc\Desktop\Java\GameEngines\Asteriods\system\fxgl.bundle
10:08:41.252 [FXGL Background Thread 1 ] DEBUG SystemBundleService  - Bundle FXGL: {}
10:08:41.252 [FXGL Background Thread 1 ] DEBUG UpdaterService       - Checking for updates
10:08:41.255 [FXGL Background Thread 4 ] DEBUG FXGLApplication      - Loading fonts
10:08:41.255 [FXGL Background Thread 4 ] DEBUG FXGLAssetLoaderServi - Loading from file system: jar:file:/C:/Users/pc/.m2/repository/com/github/almasb/fxgl/21.1/fxgl-21.1.jar!/fxglassets/ui/fonts/VarelaRound-Regular.ttf
10:08:41.256 [FXGL Background Thread 1 ] DEBUG FXGLApplication      - Loading default localization
10:08:41.256 [FXGL Background Thread 1 ] DEBUG FXGLAssetLoaderServi - Loading from file system: jar:file:/C:/Users/pc/.m2/repository/com/github/almasb/fxgl/21.1/fxgl-21.1.jar!/fxglassets/languages/english.lang
10:08:41.258 [FXGL Background Thread 4 ] DEBUG FXGLAssetLoaderServi - Loading from file system: jar:file:/C:/Users/pc/.m2/repository/com/github/almasb/fxgl/21.1/fxgl-21.1.jar!/fxglassets/ui/fonts/Abel-Regular.ttf
10:08:41.264 [FXGL Background Thread 4 ] DEBUG FXGLAssetLoaderServi - Loading from file system: jar:file:/C:/Users/pc/.m2/repository/com/github/almasb/fxgl/21.1/fxgl-21.1.jar!/fxglassets/ui/fonts/TerminalLandMono-Regular.otf
10:08:41.270 [FXGL Background Thread 4 ] DEBUG FXGLAssetLoaderServi - Loading from file system: jar:file:/C:/Users/pc/.m2/repository/com/github/almasb/fxgl/21.1/fxgl-21.1.jar!/fxglassets/ui/fonts/Courier-Prime.ttf
10:08:41.276 [JavaFX Application Thread] DEBUG FXGLApplication      - Registering font factories with UI factory
10:08:41.285 [FXGL Background Thread 1 ] INFO  FXGLApplication      - FXGL initialization took: 0.437 sec
10:08:41.302 [JavaFX Application Thread] DEBUG Input                - Registered new binding: action0 - A
10:08:41.303 [JavaFX Application Thread] DEBUG Input                - Registered new binding: action1 - D
10:08:41.304 [JavaFX Application Thread] DEBUG Input                - Registered new binding: action2 - W
10:08:41.307 [JavaFX Application Thread] DEBUG Input                - Registered new binding: action3 - F
10:08:41.307 [JavaFX Application Thread] DEBUG Input                - Registered new binding: action4 - P
10:08:41.308 [JavaFX Application Thread] DEBUG Input                - Registered new binding: action5 - R
10:08:41.308 [JavaFX Application Thread] DEBUG Input                - Registered new binding: action6 - M
10:08:41.309 [JavaFX Application Thread] DEBUG FXGLAssetLoaderServi - Loading from file system: jar:file:/C:/Users/pc/.m2/repository/com/github/almasb/fxgl/21.1/fxgl-21.1.jar!/fxglassets/textures/fxgl_icon.png
10:08:41.348 [JavaFX Application Thread] DEBUG FXGLAssetLoaderServi - Loading from file system: jar:file:/C:/Users/pc/.m2/repository/com/github/almasb/fxgl/21.1/fxgl-21.1.jar!/fxglassets/textures/fxgl_default_cursor.png
10:08:41.353 [JavaFX Application Thread] DEBUG Input                - Registered new binding: Screenshot - CTRL+8
10:08:41.354 [JavaFX Application Thread] DEBUG Input                - Registered new binding: System info dump - CTRL+9
10:08:41.355 [JavaFX Application Thread] DEBUG Input                - Registered new binding: Restart - CTRL+R
10:08:41.357 [JavaFX Application Thread] DEBUG Input                - Registered new binding: Toggle Debug Camera - CTRL+7
10:08:41.365 [JavaFX Application Thread] DEBUG LoopRunner           - Starting loop
10:08:41.365 [JavaFX Application Thread] DEBUG LoopRunner           - Initializing JavaFX AnimationTimerLoop
10:08:41.370 [JavaFX Application Thread] DEBUG Input                - Clearing active input actions
10:08:41.392 [JavaFX Application Thread] DEBUG GameApplicationServi - Removing overlay from FXGLStartupScene and adding to FXGLMainMenuDummyScene
10:08:41.392 [JavaFX Application Thread] DEBUG PrimaryStageWindow   - FXGLStartupScene -> FXGLMainMenuDummyScene
10:08:41.392 [JavaFX Application Thread] DEBUG PrimaryStageWindow   - Push state: MainMenu
10:08:41.393 [JavaFX Application Thread] DEBUG Input                - Clearing active input actions
10:08:41.405 [JavaFX Application Thread] DEBUG GameApplicationServi - Removing overlay from FXGLMainMenuDummyScene and adding to MainMenu
10:08:41.406 [JavaFX Application Thread] DEBUG PrimaryStageWindow   - FXGLMainMenuDummyScene -> MainMenu
10:08:44.254 [FXGL Background Thread 3 ] DEBUG Engine               - Logging environment variables
10:08:44.255 [FXGL Background Thread 3 ] DEBUG Engine               - achievements: []
10:08:44.255 [FXGL Background Thread 3 ] DEBUG Engine               - actualHeight: 720.0
10:08:44.256 [FXGL Background Thread 3 ] DEBUG Engine               - actualHeightProperty: ReadOnlyDoubleProperty [value: 720.0]
10:08:44.256 [FXGL Background Thread 3 ] DEBUG Engine               - actualWidth: 1280.0
10:08:44.256 [FXGL Background Thread 3 ] DEBUG Engine               - actualWidthProperty: ReadOnlyDoubleProperty [value: 1280.0]
10:08:44.256 [FXGL Background Thread 3 ] DEBUG Engine               - appIcon: fxgl_icon.png
10:08:44.257 [FXGL Background Thread 3 ] DEBUG Engine               - applicationMode: DEVELOPER
10:08:44.257 [FXGL Background Thread 3 ] DEBUG Engine               - cSSList: [fxgl_dark.css]
10:08:44.257 [FXGL Background Thread 3 ] DEBUG Engine               - collisionDetectionStrategy: BRUTE_FORCE
10:08:44.257 [FXGL Background Thread 3 ] DEBUG Engine               - configClass: Optional.empty
10:08:44.257 [FXGL Background Thread 3 ] DEBUG Engine               - credits: [Nyirenda Amos, Ouedraogo Luther Arthur, Magne Lidivine Merveille]
10:08:44.262 [FXGL Background Thread 3 ] DEBUG Engine               - defaultCursor: CursorInfo(imageName=fxgl_default_cursor.png, hotspotX=7.0, hotspotY=6.0)
10:08:44.262 [FXGL Background Thread 3 ] DEBUG Engine               - devBBoxColorProperty: ObjectProperty [value: 0xff0000ff]
10:08:44.263 [FXGL Background Thread 3 ] DEBUG Engine               - devEnableDebugCameraProperty: BooleanProperty [value: false]
10:08:44.264 [FXGL Background Thread 3 ] DEBUG Engine               - devSensorColorProperty: ObjectProperty [value: 0xffff00ff]
10:08:44.264 [FXGL Background Thread 3 ] DEBUG Engine               - devShowBBoxProperty: BooleanProperty [value: false]
10:08:44.264 [FXGL Background Thread 3 ] DEBUG Engine               - devShowPositionProperty: BooleanProperty [value: false]
10:08:44.264 [FXGL Background Thread 3 ] DEBUG Engine               - enabledMenuItems: []
10:08:44.264 [FXGL Background Thread 3 ] DEBUG Engine               - engineServices: [class com.almasb.fxgl.app.services.FXGLAssetLoaderService, class com.almasb.fxgl.app.FXGLApplication$GameApplicationService, class com.almasb.fxgl.app.services.FXGLDialogService, class com.almasb.fxgl.app.services.IOTaskExecutorService, class com.almasb.fxgl.io.FileSystemService, class com.almasb.fxgl.localization.LocalizationService, class com.almasb.fxgl.app.services.SystemBundleService, class com.almasb.fxgl.profile.SaveLoadService, class com.almasb.fxgl.ui.FXGLUIFactoryServiceProvider, class com.almasb.fxgl.ui.FXGLDialogFactoryServiceProvider, class com.almasb.fxgl.audio.AudioPlayer, class com.almasb.fxgl.notification.impl.NotificationServiceProvider, class com.almasb.fxgl.achievement.AchievementService, class com.almasb.fxgl.cutscene.CutsceneService, class com.almasb.fxgl.minigames.MiniGameService, class com.almasb.fxgl.net.NetService, class com.almasb.fxgl.app.services.UpdaterService, class com.almasb.fxgl.dev.DevService]
10:08:44.264 [FXGL Background Thread 3 ] DEBUG Engine               - fontGame: Abel-Regular.ttf
10:08:44.265 [FXGL Background Thread 3 ] DEBUG Engine               - fontMono: TerminalLandMono-Regular.otf
10:08:44.265 [FXGL Background Thread 3 ] DEBUG Engine               - fontSizeScaleUI: 1.0
10:08:44.265 [FXGL Background Thread 3 ] DEBUG Engine               - fontText: Courier-Prime.ttf
10:08:44.265 [FXGL Background Thread 3 ] DEBUG Engine               - fontUI: VarelaRound-Regular.ttf
10:08:44.265 [FXGL Background Thread 3 ] DEBUG Engine               - fullScreen: BooleanProperty [value: false]
10:08:44.266 [FXGL Background Thread 3 ] DEBUG Engine               - gameDifficulty: MEDIUM
10:08:44.266 [FXGL Background Thread 3 ] DEBUG Engine               - gameDifficultyProperty: ObjectProperty [value: MEDIUM]
10:08:44.266 [FXGL Background Thread 3 ] DEBUG Engine               - globalMusicVolume: 0.5
10:08:44.266 [FXGL Background Thread 3 ] DEBUG Engine               - globalMusicVolumeProperty: DoubleProperty [value: 0.5]
10:08:44.267 [FXGL Background Thread 3 ] DEBUG Engine               - globalSoundVolume: 0.5
10:08:44.267 [FXGL Background Thread 3 ] DEBUG Engine               - globalSoundVolumeProperty: DoubleProperty [value: 0.5]
10:08:44.267 [FXGL Background Thread 3 ] DEBUG Engine               - height: 720
10:08:44.267 [FXGL Background Thread 3 ] DEBUG Engine               - is3D: false
10:08:44.268 [FXGL Background Thread 3 ] DEBUG Engine               - isAndroid: false
10:08:44.268 [FXGL Background Thread 3 ] DEBUG Engine               - isBrowser: false
10:08:44.268 [FXGL Background Thread 3 ] DEBUG Engine               - isClickFeedbackEnabled: false
10:08:44.268 [FXGL Background Thread 3 ] DEBUG Engine               - isCloseConfirmation: false
10:08:44.268 [FXGL Background Thread 3 ] DEBUG Engine               - isDesktop: true
10:08:44.268 [FXGL Background Thread 3 ] DEBUG Engine               - isDeveloperMenuEnabled: false
10:08:44.269 [FXGL Background Thread 3 ] DEBUG Engine               - isEmbedded: false
10:08:44.269 [FXGL Background Thread 3 ] DEBUG Engine               - isEntityPreloadEnabled: true
10:08:44.269 [FXGL Background Thread 3 ] DEBUG Engine               - isExperimentalTiledLargeMap: false
10:08:44.269 [FXGL Background Thread 3 ] DEBUG Engine               - isFileSystemWriteAllowed: true
10:08:44.269 [FXGL Background Thread 3 ] DEBUG Engine               - isFullScreenAllowed: true
10:08:44.269 [FXGL Background Thread 3 ] DEBUG Engine               - isFullScreenFromStart: false
10:08:44.270 [FXGL Background Thread 3 ] DEBUG Engine               - isGameMenuEnabled: true
10:08:44.270 [FXGL Background Thread 3 ] DEBUG Engine               - isIOS: false
10:08:44.270 [FXGL Background Thread 3 ] DEBUG Engine               - isIntroEnabled: false
10:08:44.270 [FXGL Background Thread 3 ] DEBUG Engine               - isLinux: false
10:08:44.270 [FXGL Background Thread 3 ] DEBUG Engine               - isMac: false
10:08:44.270 [FXGL Background Thread 3 ] DEBUG Engine               - isMainMenuEnabled: true
10:08:44.271 [FXGL Background Thread 3 ] DEBUG Engine               - isManualResizeEnabled: false
10:08:44.271 [FXGL Background Thread 3 ] DEBUG Engine               - isMobile: false
10:08:44.271 [FXGL Background Thread 3 ] DEBUG Engine               - isNative: false
10:08:44.271 [FXGL Background Thread 3 ] DEBUG Engine               - isPauseMusicWhenMinimized: true
10:08:44.271 [FXGL Background Thread 3 ] DEBUG Engine               - isPreserveResizeRatio: false
10:08:44.271 [FXGL Background Thread 3 ] DEBUG Engine               - isProfilingEnabled: false
10:08:44.272 [FXGL Background Thread 3 ] DEBUG Engine               - isScaleAffectedOnResize: true
10:08:44.272 [FXGL Background Thread 3 ] DEBUG Engine               - isSingleStep: false
10:08:44.273 [FXGL Background Thread 3 ] DEBUG Engine               - isUserProfileEnabled: false
10:08:44.274 [FXGL Background Thread 3 ] DEBUG Engine               - isWindows: true
10:08:44.274 [FXGL Background Thread 3 ] DEBUG Engine               - language: ObjectProperty [value: ENGLISH]
10:08:44.274 [FXGL Background Thread 3 ] DEBUG Engine               - menuKey: ESCAPE
10:08:44.276 [FXGL Background Thread 3 ] DEBUG Engine               - mouseSensitivity: 0.2
10:08:44.276 [FXGL Background Thread 3 ] DEBUG Engine               - notificationViewClass: class com.almasb.fxgl.notification.view.XboxNotificationView
10:08:44.276 [FXGL Background Thread 3 ] DEBUG Engine               - pixelsPerMeter: 50.0
10:08:44.276 [FXGL Background Thread 3 ] DEBUG Engine               - platform: WINDOWS
10:08:44.276 [FXGL Background Thread 3 ] DEBUG Engine               - prefHeightProperty: ReadOnlyDoubleProperty [value: 720.0]
10:08:44.277 [FXGL Background Thread 3 ] DEBUG Engine               - prefWidthProperty: ReadOnlyDoubleProperty [value: 1280.0]
10:08:44.277 [FXGL Background Thread 3 ] DEBUG Engine               - profileDir: profiles/
10:08:44.278 [FXGL Background Thread 3 ] DEBUG Engine               - profileName: StringProperty [value: DEFAULT]
10:08:44.278 [FXGL Background Thread 3 ] DEBUG Engine               - randomSeed: -1
10:08:44.279 [FXGL Background Thread 3 ] DEBUG Engine               - runtimeInfo: RuntimeInfo(platform=WINDOWS, version=21.1, build=27.03.2024 07.52)
10:08:44.280 [FXGL Background Thread 3 ] DEBUG Engine               - saveFileExt: sav
10:08:44.280 [FXGL Background Thread 3 ] DEBUG Engine               - scaledHeightProp$fxgl: DoubleProperty [bound, value: 720.0]
10:08:44.280 [FXGL Background Thread 3 ] DEBUG Engine               - scaledWidthProp$fxgl: DoubleProperty [bound, value: 1280.0]
10:08:44.280 [FXGL Background Thread 3 ] DEBUG Engine               - sceneFactory: com.aen.spaceship_fights.MySceneFactory@2841f28e
10:08:44.280 [FXGL Background Thread 3 ] DEBUG Engine               - secondsIn24h: 60
10:08:44.281 [FXGL Background Thread 3 ] DEBUG Engine               - soundMenuBack: menu/back.wav
10:08:44.281 [FXGL Background Thread 3 ] DEBUG Engine               - soundMenuPress: menu/press.wav
10:08:44.281 [FXGL Background Thread 3 ] DEBUG Engine               - soundMenuSelect: menu/select.wav
10:08:44.281 [FXGL Background Thread 3 ] DEBUG Engine               - soundNotification: core/notification.wav
10:08:44.281 [FXGL Background Thread 3 ] DEBUG Engine               - stageStyle: DECORATED
10:08:44.281 [FXGL Background Thread 3 ] DEBUG Engine               - supportedLanguages: [ENGLISH, FRENCH, GERMAN, HUNGARIAN, RUSSIAN]
10:08:44.282 [FXGL Background Thread 3 ] DEBUG Engine               - ticksPerSecond: -1
10:08:44.282 [FXGL Background Thread 3 ] DEBUG Engine               - title: Shooter
10:08:44.282 [FXGL Background Thread 3 ] DEBUG Engine               - urlGithub: https://github.com/AlmasB/FXGL
10:08:44.282 [FXGL Background Thread 3 ] DEBUG Engine               - urlLeaderboard: http://fxgl-top.herokuapp.com/
10:08:44.282 [FXGL Background Thread 3 ] DEBUG Engine               - urlPOM: https://raw.githubusercontent.com/AlmasB/FXGL/release/README.md
10:08:44.282 [FXGL Background Thread 3 ] DEBUG Engine               - userAppClass: class com.aen.spaceship_fights.SpaceShipFightsApp
10:08:44.282 [FXGL Background Thread 3 ] DEBUG Engine               - version: 0.1
10:08:44.282 [FXGL Background Thread 3 ] DEBUG Engine               - versionCheckDays: 7
10:08:44.282 [FXGL Background Thread 3 ] DEBUG Engine               - width: 1280
10:08:44.282 [FXGL Background Thread 3 ] DEBUG Engine               - Logging services
10:08:44.283 [FXGL Background Thread 3 ] DEBUG Engine               - class com.almasb.fxgl.app.services.FXGLAssetLoaderService
10:08:44.283 [FXGL Background Thread 3 ] DEBUG Engine               - class com.almasb.fxgl.app.FXGLApplication$GameApplicationService
10:08:44.284 [FXGL Background Thread 3 ] DEBUG Engine               - class com.almasb.fxgl.app.services.FXGLDialogService
10:08:44.284 [FXGL Background Thread 3 ] DEBUG Engine               - class com.almasb.fxgl.app.services.IOTaskExecutorService
10:08:44.284 [FXGL Background Thread 3 ] DEBUG Engine               - class com.almasb.fxgl.io.FileSystemService
10:08:44.284 [FXGL Background Thread 3 ] DEBUG Engine               - class com.almasb.fxgl.localization.LocalizationService
10:08:44.284 [FXGL Background Thread 3 ] DEBUG Engine               - class com.almasb.fxgl.app.services.SystemBundleService
10:08:44.285 [FXGL Background Thread 3 ] DEBUG Engine               - class com.almasb.fxgl.profile.SaveLoadService
10:08:44.285 [FXGL Background Thread 3 ] DEBUG Engine               - class com.almasb.fxgl.ui.FXGLUIFactoryServiceProvider
10:08:44.285 [FXGL Background Thread 3 ] DEBUG Engine               - class com.almasb.fxgl.ui.FXGLDialogFactoryServiceProvider
10:08:44.285 [FXGL Background Thread 3 ] DEBUG Engine               - class com.almasb.fxgl.audio.AudioPlayer
10:08:44.285 [FXGL Background Thread 3 ] DEBUG Engine               - class com.almasb.fxgl.notification.impl.NotificationServiceProvider
10:08:44.286 [FXGL Background Thread 3 ] DEBUG Engine               - class com.almasb.fxgl.achievement.AchievementService
10:08:44.286 [FXGL Background Thread 3 ] DEBUG Engine               - class com.almasb.fxgl.cutscene.CutsceneService
10:08:44.286 [FXGL Background Thread 3 ] DEBUG Engine               - class com.almasb.fxgl.minigames.MiniGameService
10:08:44.286 [FXGL Background Thread 3 ] DEBUG Engine               - class com.almasb.fxgl.net.NetService
10:08:44.286 [FXGL Background Thread 3 ] DEBUG Engine               - class com.almasb.fxgl.app.services.UpdaterService
10:08:44.286 [FXGL Background Thread 3 ] DEBUG Engine               - class com.almasb.fxgl.dev.DevService
10:09:03.922 [JavaFX Application Thread] DEBUG Menu                 - fireNewGame()
10:09:03.922 [JavaFX Application Thread] DEBUG GameApplicationServi - Starting new game
10:09:03.922 [JavaFX Application Thread] DEBUG PrimaryStageWindow   - Pop state: MainMenu
10:09:03.922 [JavaFX Application Thread] DEBUG Input                - Clearing active input actions
10:09:03.922 [JavaFX Application Thread] DEBUG GameApplicationServi - Removing overlay from MainMenu and adding to FXGLMainMenuDummyScene
10:09:03.923 [JavaFX Application Thread] DEBUG PrimaryStageWindow   - FXGLMainMenuDummyScene <- MainMenu
10:09:03.923 [JavaFX Application Thread] DEBUG Input                - Clearing active input actions
10:09:03.929 [JavaFX Application Thread] DEBUG GameApplicationServi - Removing overlay from FXGLMainMenuDummyScene and adding to FXGLLoadingScene
10:09:03.929 [JavaFX Application Thread] DEBUG PrimaryStageWindow   - FXGLMainMenuDummyScene -> FXGLLoadingScene
10:09:03.929 [JavaFX Application Thread] DEBUG GameApplicationServi - Clearing previous game
10:09:03.929 [JavaFX Application Thread] DEBUG GameScene            - Clearing game scene
10:09:03.929 [JavaFX Application Thread] DEBUG GameWorld            - Clearing game world
10:09:03.930 [JavaFX Application Thread] DEBUG PhysicsWorld         - Clearing physics world
10:09:03.931 [FXGL Background Thread 2 ] DEBUG FXGLApplication      - Initializing game
10:09:03.963 [FXGL Background Thread 2 ] DEBUG FXGLAssetLoaderServi - Loading from file system: file:/C:/Users/pc/Desktop/Java/GameEngines/Asteriods/target/classes/assets/textures/player.png
10:09:04.016 [FXGL Background Thread 2 ] DEBUG FXGLAssetLoaderServi - Loading from file system: file:/C:/Users/pc/Desktop/Java/GameEngines/Asteriods/target/classes/assets/textures/life.png
10:09:04.019 [FXGL Background Thread 2 ] INFO  FXGLApplication      - Game initialization took: 0.088 sec
10:09:04.020 [JavaFX Application Thread] DEBUG Input                - Clearing active input actions
10:09:04.030 [JavaFX Application Thread] DEBUG GameApplicationServi - Removing overlay from FXGLLoadingScene and adding to GameScene
10:09:04.030 [JavaFX Application Thread] DEBUG PrimaryStageWindow   - FXGLLoadingScene -> GameScene
10:09:10.059 [JavaFX Application Thread] DEBUG FXGLAssetLoaderServi - Loading from file system: file:/C:/Users/pc/Desktop/Java/GameEngines/Asteriods/target/classes/assets/textures/instructor_2.png
10:09:30.096 [JavaFX Application Thread] DEBUG FXGLAssetLoaderServi - Loading from file system: file:/C:/Users/pc/Desktop/Java/GameEngines/Asteriods/target/classes/assets/sounds/level.wav
10:09:31.699 [JavaFX Application Thread] DEBUG FXGLAssetLoaderServi - Loading from file system: file:/C:/Users/pc/Desktop/Java/GameEngines/Asteriods/target/classes/assets/textures/enemy3.png
10:09:31.964 [JavaFX Application Thread] DEBUG FXGLAssetLoaderServi - Loading from file system: file:/C:/Users/pc/Desktop/Java/GameEngines/Asteriods/target/classes/assets/textures/enemy2.png
10:09:32.462 [JavaFX Application Thread] DEBUG FXGLAssetLoaderServi - Loading from file system: file:/C:/Users/pc/Desktop/Java/GameEngines/Asteriods/target/classes/assets/textures/enemy1.png
10:10:55.793 [JavaFX Application Thread] DEBUG FXGLApplication      - Exiting FXGL
10:10:55.793 [JavaFX Application Thread] DEBUG LoopRunner           - Stopping loop
10:10:55.794 [JavaFX Application Thread] DEBUG SystemBundleService  - Saving FXGL system data
10:10:55.795 [JavaFX Application Thread] DEBUG FileSystemAccess     - Writing to: C:\Users\pc\Desktop\Java\GameEngines\Asteriods\system\fxgl.bundle
10:10:55.796 [JavaFX Application Thread] DEBUG Async                - Shutting down background threads
10:10:55.796 [JavaFX Application Thread] DEBUG PrimaryStageWindow   - Closing main window
10:10:55.823 [JavaFX Application Thread] DEBUG Logger               - Closing Logger
