05:19:06.291 [main                     ] DEBUG Logger               - Configured Logger
05:19:06.404 [main                     ] DEBUG GameApplication      - Logging settings
Title: Shooter
Version: 0.1
Width: 1280
Height: 720
Fullscreen: true
Intro: false
Profiling: false
Single step:false
App Mode: DEVELOPER
Menu Key: ESCAPE
Stage Style: DECORATED
Scene Factory: class com.aen.spaceship_fights.MySceneFactory

05:19:07.226 [JavaFX Application Thread] DEBUG FXGLApplication      - Initializing FXGL
05:19:07.235 [JavaFX Application Thread] INFO  Engine               - FXGL-21.1 (27.03.2024 07.52) on WINDOWS (J:22.0.2 FX:22.0.1)
05:19:07.236 [JavaFX Application Thread] DEBUG Engine               - JRE Vendor Name: Oracle Corporation
05:19:07.236 [JavaFX Application Thread] DEBUG Engine               - Running on OS: Windows 11 version 10.0
05:19:07.236 [JavaFX Application Thread] DEBUG Engine               - Architecture: amd64
05:19:07.236 [JavaFX Application Thread] INFO  Engine               - Source code and latest versions at: https://github.com/AlmasB/FXGL
05:19:07.236 [JavaFX Application Thread] INFO  Engine               -       Ask questions and discuss at: https://github.com/AlmasB/FXGL/discussions
05:19:07.236 [JavaFX Application Thread] INFO  Engine               -              Join the FXGL chat at: https://gitter.im/AlmasB/FXGL
05:19:07.413 [JavaFX Application Thread] DEBUG PrimaryStageWindow   - Creating a JavaFX scene
05:19:07.506 [JavaFX Application Thread] DEBUG PrimaryStageWindow   - Target settings size: 1280.0 x 720.0
05:19:07.506 [JavaFX Application Thread] DEBUG PrimaryStageWindow   - Scaled scene size:    1280.0 x 720.0
05:19:07.506 [JavaFX Application Thread] DEBUG PrimaryStageWindow   - Scaled ratio: (1.0, 1.0)
05:19:07.507 [JavaFX Application Thread] DEBUG PrimaryStageWindow   - Set initial scene to FXGLStartupScene
05:19:07.516 [JavaFX Application Thread] DEBUG PrimaryStageWindow   - Opening main window
05:19:08.412 [JavaFX Application Thread] DEBUG PrimaryStageWindow   - Window border size: (16.0, 39.0)
05:19:08.412 [JavaFX Application Thread] DEBUG PrimaryStageWindow   - Scaled size: 1280.0 x 720.0
05:19:08.412 [JavaFX Application Thread] DEBUG PrimaryStageWindow   - Scaled ratio: (1.0, 1.0)
05:19:08.412 [JavaFX Application Thread] DEBUG PrimaryStageWindow   - Scene size: 1280.0 x 720.0
05:19:08.412 [JavaFX Application Thread] DEBUG PrimaryStageWindow   - Stage size: 1296.0 x 759.0
05:19:08.467 [FXGL Background Thread 1 ] DEBUG Engine               - Initializing environment variables
05:19:08.524 [FXGL Background Thread 1 ] DEBUG FXGLAssetLoaderServi - User app class for loading assets: class com.aen.spaceship_fights.SpaceShipFightsApp
05:19:08.525 [FXGL Background Thread 1 ] DEBUG GameApplicationServi - Applying CSS: fxgl_dark.css
05:19:08.526 [FXGL Background Thread 1 ] DEBUG FXGLAssetLoaderServi - Loading from file system: jar:file:/C:/Users/pc/.m2/repository/com/github/almasb/fxgl/21.1/fxgl-21.1.jar!/fxglassets/ui/css/fxgl_dark.css
05:19:08.595 [FXGL Background Thread 1 ] DEBUG GameApplicationServi - Initializing application scenes
05:19:08.726 [FXGL Background Thread 1 ] DEBUG GameWorld            - Game world initialized
05:19:08.785 [FXGL Background Thread 1 ] DEBUG PhysicsWorld         - Physics world initialized: appHeight=720, physics.ppm=50.0
05:19:08.786 [FXGL Background Thread 1 ] DEBUG PhysicsWorld         - Using strategy: BRUTE_FORCE
05:19:08.792 [FXGL Background Thread 1 ] DEBUG GameScene            - Game scene initialized: 1280x720
05:19:08.904 [FXGL Background Thread 1 ] DEBUG GameApplicationServi - Application scenes initialized
05:19:08.920 [FXGL Background Thread 1 ] DEBUG SystemBundleService  - Loading FXGL system data
05:19:08.924 [FXGL Background Thread 1 ] DEBUG FileSystemAccess     - Reading from: C:\Users\pc\Desktop\Java\GameEngines\Asteriods\system\fxgl.bundle
05:19:08.926 [FXGL Background Thread 1 ] DEBUG SystemBundleService  - Bundle FXGL: {}
05:19:08.926 [FXGL Background Thread 1 ] DEBUG UpdaterService       - Checking for updates
05:19:08.931 [FXGL Background Thread 1 ] DEBUG FXGLApplication      - Loading default localization
05:19:08.932 [FXGL Background Thread 1 ] DEBUG FXGLAssetLoaderServi - Loading from file system: jar:file:/C:/Users/pc/.m2/repository/com/github/almasb/fxgl/21.1/fxgl-21.1.jar!/fxglassets/languages/english.lang
05:19:08.932 [FXGL Background Thread 4 ] DEBUG FXGLApplication      - Loading fonts
05:19:08.933 [FXGL Background Thread 4 ] DEBUG FXGLAssetLoaderServi - Loading from file system: jar:file:/C:/Users/pc/.m2/repository/com/github/almasb/fxgl/21.1/fxgl-21.1.jar!/fxglassets/ui/fonts/VarelaRound-Regular.ttf
05:19:08.940 [FXGL Background Thread 4 ] DEBUG FXGLAssetLoaderServi - Loading from file system: jar:file:/C:/Users/pc/.m2/repository/com/github/almasb/fxgl/21.1/fxgl-21.1.jar!/fxglassets/ui/fonts/Abel-Regular.ttf
05:19:08.945 [FXGL Background Thread 4 ] DEBUG FXGLAssetLoaderServi - Loading from file system: jar:file:/C:/Users/pc/.m2/repository/com/github/almasb/fxgl/21.1/fxgl-21.1.jar!/fxglassets/ui/fonts/TerminalLandMono-Regular.otf
05:19:08.950 [FXGL Background Thread 4 ] DEBUG FXGLAssetLoaderServi - Loading from file system: jar:file:/C:/Users/pc/.m2/repository/com/github/almasb/fxgl/21.1/fxgl-21.1.jar!/fxglassets/ui/fonts/Courier-Prime.ttf
05:19:08.962 [JavaFX Application Thread] DEBUG FXGLApplication      - Registering font factories with UI factory
05:19:08.966 [FXGL Background Thread 1 ] INFO  FXGLApplication      - FXGL initialization took: 0.499 sec
05:19:08.978 [JavaFX Application Thread] DEBUG Input                - Registered new binding: action0 - A
05:19:08.979 [JavaFX Application Thread] DEBUG Input                - Registered new binding: action1 - D
05:19:08.979 [JavaFX Application Thread] DEBUG Input                - Registered new binding: action2 - W
05:19:08.980 [JavaFX Application Thread] DEBUG Input                - Registered new binding: action3 - F
05:19:08.980 [JavaFX Application Thread] DEBUG Input                - Registered new binding: action4 - P
05:19:08.980 [JavaFX Application Thread] DEBUG Input                - Registered new binding: action5 - R
05:19:08.981 [JavaFX Application Thread] DEBUG Input                - Registered new binding: action6 - M
05:19:08.981 [JavaFX Application Thread] DEBUG FXGLAssetLoaderServi - Loading from file system: jar:file:/C:/Users/pc/.m2/repository/com/github/almasb/fxgl/21.1/fxgl-21.1.jar!/fxglassets/textures/fxgl_icon.png
05:19:09.063 [JavaFX Application Thread] DEBUG FXGLAssetLoaderServi - Loading from file system: jar:file:/C:/Users/pc/.m2/repository/com/github/almasb/fxgl/21.1/fxgl-21.1.jar!/fxglassets/textures/fxgl_default_cursor.png
05:19:09.065 [JavaFX Application Thread] DEBUG Input                - Registered new binding: Screenshot - CTRL+8
05:19:09.066 [JavaFX Application Thread] DEBUG Input                - Registered new binding: System info dump - CTRL+9
05:19:09.066 [JavaFX Application Thread] DEBUG Input                - Registered new binding: Restart - CTRL+R
05:19:09.067 [JavaFX Application Thread] DEBUG Input                - Registered new binding: Toggle Debug Camera - CTRL+7
05:19:09.076 [JavaFX Application Thread] DEBUG LoopRunner           - Starting loop
05:19:09.076 [JavaFX Application Thread] DEBUG LoopRunner           - Initializing JavaFX AnimationTimerLoop
05:19:09.085 [JavaFX Application Thread] DEBUG Input                - Clearing active input actions
05:19:09.100 [JavaFX Application Thread] DEBUG GameApplicationServi - Removing overlay from FXGLStartupScene and adding to FXGLMainMenuDummyScene
05:19:09.101 [JavaFX Application Thread] DEBUG PrimaryStageWindow   - FXGLStartupScene -> FXGLMainMenuDummyScene
05:19:09.101 [JavaFX Application Thread] DEBUG PrimaryStageWindow   - Push state: MainMenu
05:19:09.108 [JavaFX Application Thread] DEBUG Input                - Clearing active input actions
05:19:09.143 [JavaFX Application Thread] DEBUG GameApplicationServi - Removing overlay from FXGLMainMenuDummyScene and adding to MainMenu
05:19:09.143 [JavaFX Application Thread] DEBUG PrimaryStageWindow   - FXGLMainMenuDummyScene -> MainMenu
05:19:11.930 [FXGL Background Thread 3 ] DEBUG Engine               - Logging environment variables
05:19:11.930 [FXGL Background Thread 3 ] DEBUG Engine               - achievements: []
05:19:11.930 [FXGL Background Thread 3 ] DEBUG Engine               - actualHeight: 720.0
05:19:11.930 [FXGL Background Thread 3 ] DEBUG Engine               - actualHeightProperty: ReadOnlyDoubleProperty [value: 720.0]
05:19:11.930 [FXGL Background Thread 3 ] DEBUG Engine               - actualWidth: 1280.0
05:19:11.931 [FXGL Background Thread 3 ] DEBUG Engine               - actualWidthProperty: ReadOnlyDoubleProperty [value: 1280.0]
05:19:11.931 [FXGL Background Thread 3 ] DEBUG Engine               - appIcon: fxgl_icon.png
05:19:11.931 [FXGL Background Thread 3 ] DEBUG Engine               - applicationMode: DEVELOPER
05:19:11.931 [FXGL Background Thread 3 ] DEBUG Engine               - cSSList: [fxgl_dark.css]
05:19:11.931 [FXGL Background Thread 3 ] DEBUG Engine               - collisionDetectionStrategy: BRUTE_FORCE
05:19:11.931 [FXGL Background Thread 3 ] DEBUG Engine               - configClass: Optional.empty
05:19:11.931 [FXGL Background Thread 3 ] DEBUG Engine               - credits: [Nyirenda Amos, Ouedraogo Luther Arthur, Magne Lidivine Merveille]
05:19:11.932 [FXGL Background Thread 3 ] DEBUG Engine               - defaultCursor: CursorInfo(imageName=fxgl_default_cursor.png, hotspotX=7.0, hotspotY=6.0)
05:19:11.933 [FXGL Background Thread 3 ] DEBUG Engine               - devBBoxColorProperty: ObjectProperty [value: 0xff0000ff]
05:19:11.933 [FXGL Background Thread 3 ] DEBUG Engine               - devEnableDebugCameraProperty: BooleanProperty [value: false]
05:19:11.933 [FXGL Background Thread 3 ] DEBUG Engine               - devSensorColorProperty: ObjectProperty [value: 0xffff00ff]
05:19:11.933 [FXGL Background Thread 3 ] DEBUG Engine               - devShowBBoxProperty: BooleanProperty [value: false]
05:19:11.933 [FXGL Background Thread 3 ] DEBUG Engine               - devShowPositionProperty: BooleanProperty [value: false]
05:19:11.933 [FXGL Background Thread 3 ] DEBUG Engine               - enabledMenuItems: []
05:19:11.933 [FXGL Background Thread 3 ] DEBUG Engine               - engineServices: [class com.almasb.fxgl.app.services.FXGLAssetLoaderService, class com.almasb.fxgl.app.FXGLApplication$GameApplicationService, class com.almasb.fxgl.app.services.FXGLDialogService, class com.almasb.fxgl.app.services.IOTaskExecutorService, class com.almasb.fxgl.io.FileSystemService, class com.almasb.fxgl.localization.LocalizationService, class com.almasb.fxgl.app.services.SystemBundleService, class com.almasb.fxgl.profile.SaveLoadService, class com.almasb.fxgl.ui.FXGLUIFactoryServiceProvider, class com.almasb.fxgl.ui.FXGLDialogFactoryServiceProvider, class com.almasb.fxgl.audio.AudioPlayer, class com.almasb.fxgl.notification.impl.NotificationServiceProvider, class com.almasb.fxgl.achievement.AchievementService, class com.almasb.fxgl.cutscene.CutsceneService, class com.almasb.fxgl.minigames.MiniGameService, class com.almasb.fxgl.net.NetService, class com.almasb.fxgl.app.services.UpdaterService, class com.almasb.fxgl.dev.DevService]
05:19:11.933 [FXGL Background Thread 3 ] DEBUG Engine               - fontGame: Abel-Regular.ttf
05:19:11.933 [FXGL Background Thread 3 ] DEBUG Engine               - fontMono: TerminalLandMono-Regular.otf
05:19:11.933 [FXGL Background Thread 3 ] DEBUG Engine               - fontSizeScaleUI: 1.0
05:19:11.933 [FXGL Background Thread 3 ] DEBUG Engine               - fontText: Courier-Prime.ttf
05:19:11.933 [FXGL Background Thread 3 ] DEBUG Engine               - fontUI: VarelaRound-Regular.ttf
05:19:11.934 [FXGL Background Thread 3 ] DEBUG Engine               - fullScreen: BooleanProperty [value: false]
05:19:11.934 [FXGL Background Thread 3 ] DEBUG Engine               - gameDifficulty: MEDIUM
05:19:11.934 [FXGL Background Thread 3 ] DEBUG Engine               - gameDifficultyProperty: ObjectProperty [value: MEDIUM]
05:19:11.934 [FXGL Background Thread 3 ] DEBUG Engine               - globalMusicVolume: 0.5
05:19:11.934 [FXGL Background Thread 3 ] DEBUG Engine               - globalMusicVolumeProperty: DoubleProperty [value: 0.5]
05:19:11.934 [FXGL Background Thread 3 ] DEBUG Engine               - globalSoundVolume: 0.5
05:19:11.934 [FXGL Background Thread 3 ] DEBUG Engine               - globalSoundVolumeProperty: DoubleProperty [value: 0.5]
05:19:11.934 [FXGL Background Thread 3 ] DEBUG Engine               - height: 720
05:19:11.934 [FXGL Background Thread 3 ] DEBUG Engine               - is3D: false
05:19:11.934 [FXGL Background Thread 3 ] DEBUG Engine               - isAndroid: false
05:19:11.934 [FXGL Background Thread 3 ] DEBUG Engine               - isBrowser: false
05:19:11.934 [FXGL Background Thread 3 ] DEBUG Engine               - isClickFeedbackEnabled: false
05:19:11.934 [FXGL Background Thread 3 ] DEBUG Engine               - isCloseConfirmation: false
05:19:11.934 [FXGL Background Thread 3 ] DEBUG Engine               - isDesktop: true
05:19:11.934 [FXGL Background Thread 3 ] DEBUG Engine               - isDeveloperMenuEnabled: false
05:19:11.934 [FXGL Background Thread 3 ] DEBUG Engine               - isEmbedded: false
05:19:11.934 [FXGL Background Thread 3 ] DEBUG Engine               - isEntityPreloadEnabled: true
05:19:11.934 [FXGL Background Thread 3 ] DEBUG Engine               - isExperimentalTiledLargeMap: false
05:19:11.934 [FXGL Background Thread 3 ] DEBUG Engine               - isFileSystemWriteAllowed: true
05:19:11.935 [FXGL Background Thread 3 ] DEBUG Engine               - isFullScreenAllowed: true
05:19:11.935 [FXGL Background Thread 3 ] DEBUG Engine               - isFullScreenFromStart: false
05:19:11.935 [FXGL Background Thread 3 ] DEBUG Engine               - isGameMenuEnabled: true
05:19:11.935 [FXGL Background Thread 3 ] DEBUG Engine               - isIOS: false
05:19:11.935 [FXGL Background Thread 3 ] DEBUG Engine               - isIntroEnabled: false
05:19:11.935 [FXGL Background Thread 3 ] DEBUG Engine               - isLinux: false
05:19:11.935 [FXGL Background Thread 3 ] DEBUG Engine               - isMac: false
05:19:11.935 [FXGL Background Thread 3 ] DEBUG Engine               - isMainMenuEnabled: true
05:19:11.935 [FXGL Background Thread 3 ] DEBUG Engine               - isManualResizeEnabled: false
05:19:11.935 [FXGL Background Thread 3 ] DEBUG Engine               - isMobile: false
05:19:11.935 [FXGL Background Thread 3 ] DEBUG Engine               - isNative: false
05:19:11.935 [FXGL Background Thread 3 ] DEBUG Engine               - isPauseMusicWhenMinimized: true
05:19:11.935 [FXGL Background Thread 3 ] DEBUG Engine               - isPreserveResizeRatio: false
05:19:11.935 [FXGL Background Thread 3 ] DEBUG Engine               - isProfilingEnabled: false
05:19:11.935 [FXGL Background Thread 3 ] DEBUG Engine               - isScaleAffectedOnResize: true
05:19:11.935 [FXGL Background Thread 3 ] DEBUG Engine               - isSingleStep: false
05:19:11.935 [FXGL Background Thread 3 ] DEBUG Engine               - isUserProfileEnabled: false
05:19:11.935 [FXGL Background Thread 3 ] DEBUG Engine               - isWindows: true
05:19:11.935 [FXGL Background Thread 3 ] DEBUG Engine               - language: ObjectProperty [value: ENGLISH]
05:19:11.935 [FXGL Background Thread 3 ] DEBUG Engine               - menuKey: ESCAPE
05:19:11.936 [FXGL Background Thread 3 ] DEBUG Engine               - mouseSensitivity: 0.2
05:19:11.936 [FXGL Background Thread 3 ] DEBUG Engine               - notificationViewClass: class com.almasb.fxgl.notification.view.XboxNotificationView
05:19:11.936 [FXGL Background Thread 3 ] DEBUG Engine               - pixelsPerMeter: 50.0
05:19:11.936 [FXGL Background Thread 3 ] DEBUG Engine               - platform: WINDOWS
05:19:11.936 [FXGL Background Thread 3 ] DEBUG Engine               - prefHeightProperty: ReadOnlyDoubleProperty [value: 720.0]
05:19:11.936 [FXGL Background Thread 3 ] DEBUG Engine               - prefWidthProperty: ReadOnlyDoubleProperty [value: 1280.0]
05:19:11.936 [FXGL Background Thread 3 ] DEBUG Engine               - profileDir: profiles/
05:19:11.936 [FXGL Background Thread 3 ] DEBUG Engine               - profileName: StringProperty [value: DEFAULT]
05:19:11.936 [FXGL Background Thread 3 ] DEBUG Engine               - randomSeed: -1
05:19:11.936 [FXGL Background Thread 3 ] DEBUG Engine               - runtimeInfo: RuntimeInfo(platform=WINDOWS, version=21.1, build=27.03.2024 07.52)
05:19:11.936 [FXGL Background Thread 3 ] DEBUG Engine               - saveFileExt: sav
05:19:11.936 [FXGL Background Thread 3 ] DEBUG Engine               - scaledHeightProp$fxgl: DoubleProperty [bound, value: 720.0]
05:19:11.937 [FXGL Background Thread 3 ] DEBUG Engine               - scaledWidthProp$fxgl: DoubleProperty [bound, value: 1280.0]
05:19:11.937 [FXGL Background Thread 3 ] DEBUG Engine               - sceneFactory: com.aen.spaceship_fights.MySceneFactory@7cd64b88
05:19:11.937 [FXGL Background Thread 3 ] DEBUG Engine               - secondsIn24h: 60
05:19:11.937 [FXGL Background Thread 3 ] DEBUG Engine               - soundMenuBack: menu/back.wav
05:19:11.937 [FXGL Background Thread 3 ] DEBUG Engine               - soundMenuPress: menu/press.wav
05:19:11.937 [FXGL Background Thread 3 ] DEBUG Engine               - soundMenuSelect: menu/select.wav
05:19:11.937 [FXGL Background Thread 3 ] DEBUG Engine               - soundNotification: core/notification.wav
05:19:11.937 [FXGL Background Thread 3 ] DEBUG Engine               - stageStyle: DECORATED
05:19:11.937 [FXGL Background Thread 3 ] DEBUG Engine               - supportedLanguages: [ENGLISH, FRENCH, GERMAN, HUNGARIAN, RUSSIAN]
05:19:11.937 [FXGL Background Thread 3 ] DEBUG Engine               - ticksPerSecond: -1
05:19:11.937 [FXGL Background Thread 3 ] DEBUG Engine               - title: Shooter
05:19:11.937 [FXGL Background Thread 3 ] DEBUG Engine               - urlGithub: https://github.com/AlmasB/FXGL
05:19:11.937 [FXGL Background Thread 3 ] DEBUG Engine               - urlLeaderboard: http://fxgl-top.herokuapp.com/
05:19:11.937 [FXGL Background Thread 3 ] DEBUG Engine               - urlPOM: https://raw.githubusercontent.com/AlmasB/FXGL/release/README.md
05:19:11.937 [FXGL Background Thread 3 ] DEBUG Engine               - userAppClass: class com.aen.spaceship_fights.SpaceShipFightsApp
05:19:11.937 [FXGL Background Thread 3 ] DEBUG Engine               - version: 0.1
05:19:11.937 [FXGL Background Thread 3 ] DEBUG Engine               - versionCheckDays: 7
05:19:11.937 [FXGL Background Thread 3 ] DEBUG Engine               - width: 1280
05:19:11.937 [FXGL Background Thread 3 ] DEBUG Engine               - Logging services
05:19:11.938 [FXGL Background Thread 3 ] DEBUG Engine               - class com.almasb.fxgl.app.services.FXGLAssetLoaderService
05:19:11.938 [FXGL Background Thread 3 ] DEBUG Engine               - class com.almasb.fxgl.app.FXGLApplication$GameApplicationService
05:19:11.938 [FXGL Background Thread 3 ] DEBUG Engine               - class com.almasb.fxgl.app.services.FXGLDialogService
05:19:11.938 [FXGL Background Thread 3 ] DEBUG Engine               - class com.almasb.fxgl.app.services.IOTaskExecutorService
05:19:11.938 [FXGL Background Thread 3 ] DEBUG Engine               - class com.almasb.fxgl.io.FileSystemService
05:19:11.938 [FXGL Background Thread 3 ] DEBUG Engine               - class com.almasb.fxgl.localization.LocalizationService
05:19:11.938 [FXGL Background Thread 3 ] DEBUG Engine               - class com.almasb.fxgl.app.services.SystemBundleService
05:19:11.938 [FXGL Background Thread 3 ] DEBUG Engine               - class com.almasb.fxgl.profile.SaveLoadService
05:19:11.938 [FXGL Background Thread 3 ] DEBUG Engine               - class com.almasb.fxgl.ui.FXGLUIFactoryServiceProvider
05:19:11.938 [FXGL Background Thread 3 ] DEBUG Engine               - class com.almasb.fxgl.ui.FXGLDialogFactoryServiceProvider
05:19:11.940 [FXGL Background Thread 3 ] DEBUG Engine               - class com.almasb.fxgl.audio.AudioPlayer
05:19:11.940 [FXGL Background Thread 3 ] DEBUG Engine               - class com.almasb.fxgl.notification.impl.NotificationServiceProvider
05:19:11.940 [FXGL Background Thread 3 ] DEBUG Engine               - class com.almasb.fxgl.achievement.AchievementService
05:19:11.940 [FXGL Background Thread 3 ] DEBUG Engine               - class com.almasb.fxgl.cutscene.CutsceneService
05:19:11.940 [FXGL Background Thread 3 ] DEBUG Engine               - class com.almasb.fxgl.minigames.MiniGameService
05:19:11.940 [FXGL Background Thread 3 ] DEBUG Engine               - class com.almasb.fxgl.net.NetService
05:19:11.940 [FXGL Background Thread 3 ] DEBUG Engine               - class com.almasb.fxgl.app.services.UpdaterService
05:19:11.940 [FXGL Background Thread 3 ] DEBUG Engine               - class com.almasb.fxgl.dev.DevService
05:19:37.315 [JavaFX Application Thread] DEBUG Menu                 - fireNewGame()
05:19:37.315 [JavaFX Application Thread] DEBUG GameApplicationServi - Starting new game
05:19:37.316 [JavaFX Application Thread] DEBUG PrimaryStageWindow   - Pop state: MainMenu
05:19:37.316 [JavaFX Application Thread] DEBUG Input                - Clearing active input actions
05:19:37.316 [JavaFX Application Thread] DEBUG GameApplicationServi - Removing overlay from MainMenu and adding to FXGLMainMenuDummyScene
05:19:37.316 [JavaFX Application Thread] DEBUG PrimaryStageWindow   - FXGLMainMenuDummyScene <- MainMenu
05:19:37.317 [JavaFX Application Thread] DEBUG Input                - Clearing active input actions
05:19:37.321 [JavaFX Application Thread] DEBUG GameApplicationServi - Removing overlay from FXGLMainMenuDummyScene and adding to FXGLLoadingScene
05:19:37.322 [JavaFX Application Thread] DEBUG PrimaryStageWindow   - FXGLMainMenuDummyScene -> FXGLLoadingScene
05:19:37.322 [JavaFX Application Thread] DEBUG GameApplicationServi - Clearing previous game
05:19:37.322 [JavaFX Application Thread] DEBUG GameScene            - Clearing game scene
05:19:37.322 [JavaFX Application Thread] DEBUG GameWorld            - Clearing game world
05:19:37.322 [JavaFX Application Thread] DEBUG PhysicsWorld         - Clearing physics world
05:19:37.323 [FXGL Background Thread 2 ] DEBUG FXGLApplication      - Initializing game
05:19:37.325 [FXGL Background Thread 2 ] DEBUG FXGLAssetLoaderServi - Loading from file system: file:/C:/Users/pc/Desktop/Java/GameEngines/Asteriods/target/classes/assets/music/bgm.mp3
05:19:37.440 [FXGL Background Thread 2 ] DEBUG AudioPlayer          - Playing music com.almasb.fxgl.audio.Music@7427c566
05:19:37.463 [FXGL Background Thread 2 ] DEBUG FXGLAssetLoaderServi - Loading from file system: file:/C:/Users/pc/Desktop/Java/GameEngines/Asteriods/target/classes/assets/textures/fff.png
05:19:37.501 [FXGL Background Thread 2 ] DEBUG FXGLAssetLoaderServi - Loading from file system: file:/C:/Users/pc/Desktop/Java/GameEngines/Asteriods/target/classes/assets/textures/life.png
05:19:37.503 [FXGL Background Thread 2 ] INFO  FXGLApplication      - Game initialization took: 0.179 sec
05:19:37.512 [JavaFX Application Thread] DEBUG Input                - Clearing active input actions
05:19:37.518 [JavaFX Application Thread] DEBUG GameApplicationServi - Removing overlay from FXGLLoadingScene and adding to GameScene
05:19:37.518 [JavaFX Application Thread] DEBUG PrimaryStageWindow   - FXGLLoadingScene -> GameScene
05:19:43.500 [JavaFX Application Thread] DEBUG FXGLAssetLoaderServi - Loading from file system: file:/C:/Users/pc/Desktop/Java/GameEngines/Asteriods/target/classes/assets/textures/instructor_2.png
05:19:54.817 [JavaFX Application Thread] DEBUG FXGLAssetLoaderServi - Loading from file system: file:/C:/Users/pc/Desktop/Java/GameEngines/Asteriods/target/classes/assets/textures/bullet.png
05:20:03.624 [JavaFX Application Thread] DEBUG FXGLAssetLoaderServi - Loading from file system: file:/C:/Users/pc/Desktop/Java/GameEngines/Asteriods/target/classes/assets/sounds/level.wav
05:20:05.219 [JavaFX Application Thread] DEBUG FXGLAssetLoaderServi - Loading from file system: file:/C:/Users/pc/Desktop/Java/GameEngines/Asteriods/target/classes/assets/textures/enemy1.png
05:20:05.534 [JavaFX Application Thread] DEBUG FXGLAssetLoaderServi - Loading from file system: file:/C:/Users/pc/Desktop/Java/GameEngines/Asteriods/target/classes/assets/textures/enemy2.png
05:20:05.758 [JavaFX Application Thread] DEBUG FXGLAssetLoaderServi - Loading from file system: file:/C:/Users/pc/Desktop/Java/GameEngines/Asteriods/target/classes/assets/textures/enemy3.png
05:20:07.484 [JavaFX Application Thread] DEBUG FXGLAssetLoaderServi - Loading from file system: file:/C:/Users/pc/Desktop/Java/GameEngines/Asteriods/target/classes/assets/textures/enemy_bullet.png
05:20:07.487 [JavaFX Application Thread] DEBUG FXGLAssetLoaderServi - Loading from file system: file:/C:/Users/pc/Desktop/Java/GameEngines/Asteriods/target/classes/assets/sounds/shoot2.wav
05:20:07.550 [JavaFX Application Thread] DEBUG FXGLAssetLoaderServi - Loading from file system: file:/C:/Users/pc/Desktop/Java/GameEngines/Asteriods/target/classes/assets/sounds/explosion.wav
05:20:07.559 [JavaFX Application Thread] DEBUG FXGLAssetLoaderServi - Loading from file system: file:/C:/Users/pc/Desktop/Java/GameEngines/Asteriods/target/classes/assets/textures/explosion.png
05:20:09.744 [JavaFX Application Thread] DEBUG FXGLAssetLoaderServi - Loading from file system: file:/C:/Users/pc/Desktop/Java/GameEngines/Asteriods/target/classes/assets/sounds/shoot1.wav
05:20:10.621 [JavaFX Application Thread] DEBUG FXGLAssetLoaderServi - Loading from file system: file:/C:/Users/pc/Desktop/Java/GameEngines/Asteriods/target/classes/assets/sounds/shoot3.wav
05:20:10.814 [JavaFX Application Thread] DEBUG FXGLAssetLoaderServi - Loading from file system: file:/C:/Users/pc/Desktop/Java/GameEngines/Asteriods/target/classes/assets/sounds/shoot4.wav
05:20:22.194 [JavaFX Application Thread] DEBUG PrimaryStageWindow   - Push state: DialogSubScene
05:20:22.194 [JavaFX Application Thread] DEBUG Input                - Clearing active input actions
05:20:22.194 [JavaFX Application Thread] DEBUG GameApplicationServi - Removing overlay from GameScene and adding to DialogSubScene
05:20:22.194 [JavaFX Application Thread] DEBUG PrimaryStageWindow   - GameScene -> DialogSubScene
05:20:25.059 [JavaFX Application Thread] DEBUG PrimaryStageWindow   - Pop state: DialogSubScene
05:20:25.060 [JavaFX Application Thread] DEBUG Input                - Clearing active input actions
05:20:25.060 [JavaFX Application Thread] DEBUG GameApplicationServi - Removing overlay from DialogSubScene and adding to GameScene
05:20:25.060 [JavaFX Application Thread] DEBUG PrimaryStageWindow   - GameScene <- DialogSubScene
05:20:25.067 [JavaFX Application Thread] DEBUG PrimaryStageWindow   - Push state: DialogSubScene
05:20:25.067 [JavaFX Application Thread] DEBUG Input                - Clearing active input actions
05:20:25.068 [JavaFX Application Thread] DEBUG GameApplicationServi - Removing overlay from GameScene and adding to DialogSubScene
05:20:25.068 [JavaFX Application Thread] DEBUG PrimaryStageWindow   - GameScene -> DialogSubScene
05:20:33.067 [JavaFX Application Thread] DEBUG PrimaryStageWindow   - Pop state: DialogSubScene
05:20:33.067 [JavaFX Application Thread] DEBUG Input                - Clearing active input actions
05:20:33.068 [JavaFX Application Thread] DEBUG GameApplicationServi - Removing overlay from DialogSubScene and adding to GameScene
05:20:33.068 [JavaFX Application Thread] DEBUG PrimaryStageWindow   - GameScene <- DialogSubScene
05:20:33.069 [JavaFX Application Thread] DEBUG FileSystemAccess     - Writing to: C:\Users\pc\Desktop\Java\GameEngines\Asteriods\.\hiscore.dat
05:20:33.070 [JavaFX Application Thread] DEBUG FXGLApplication      - Exiting FXGL
05:20:33.071 [JavaFX Application Thread] DEBUG LoopRunner           - Stopping loop
05:20:33.071 [JavaFX Application Thread] DEBUG SystemBundleService  - Saving FXGL system data
05:20:33.072 [JavaFX Application Thread] DEBUG FileSystemAccess     - Writing to: C:\Users\pc\Desktop\Java\GameEngines\Asteriods\system\fxgl.bundle
05:20:33.073 [JavaFX Application Thread] DEBUG Async                - Shutting down background threads
05:20:33.073 [JavaFX Application Thread] DEBUG PrimaryStageWindow   - Closing main window
05:20:33.108 [JavaFX Application Thread] DEBUG Logger               - Closing Logger
