16:35:20.776 [main                     ] DEBUG Logger               - Configured Logger
16:35:20.788 [main                     ] DEBUG GameApplication      - Logging settings
Title: SpaceShipFights
Version: 0.1
Width: 1280
Height: 720
Fullscreen: true
Intro: false
Profiling: false
Single step:false
App Mode: DEVELOPER
Menu Key: ESCAPE
Stage Style: DECORATED
Scene Factory: class com.aen.spaceship_fights.MySceneFactory

16:35:21.801 [JavaFX Application Thread] DEBUG FXGLApplication      - Initializing FXGL
16:35:21.812 [JavaFX Application Thread] INFO  Engine               - FXGL-21.1 (27.03.2024 07.52) on WINDOWS (J:24 FX:22.0.1)
16:35:21.813 [JavaFX Application Thread] DEBUG Engine               - JRE Vendor Name: Oracle Corporation
16:35:21.813 [JavaFX Application Thread] DEBUG Engine               - Running on OS: Windows 11 version 10.0
16:35:21.814 [JavaFX Application Thread] DEBUG Engine               - Architecture: amd64
16:35:21.814 [JavaFX Application Thread] INFO  Engine               - Source code and latest versions at: https://github.com/AlmasB/FXGL
16:35:21.814 [JavaFX Application Thread] INFO  Engine               -       Ask questions and discuss at: https://github.com/AlmasB/FXGL/discussions
16:35:21.814 [JavaFX Application Thread] INFO  Engine               -              Join the FXGL chat at: https://gitter.im/AlmasB/FXGL
16:35:22.179 [JavaFX Application Thread] DEBUG PrimaryStageWindow   - Creating a JavaFX scene
16:35:22.320 [JavaFX Application Thread] DEBUG PrimaryStageWindow   - Target settings size: 1280.0 x 720.0
16:35:22.321 [JavaFX Application Thread] DEBUG PrimaryStageWindow   - Scaled scene size:    1280.0 x 720.0
16:35:22.321 [JavaFX Application Thread] DEBUG PrimaryStageWindow   - Scaled ratio: (1.0, 1.0)
16:35:22.325 [JavaFX Application Thread] DEBUG PrimaryStageWindow   - Set initial scene to FXGLStartupScene
16:35:22.340 [JavaFX Application Thread] DEBUG PrimaryStageWindow   - Opening main window
16:35:23.430 [JavaFX Application Thread] DEBUG PrimaryStageWindow   - Window border size: (14.6666259765625, 37.33331298828125)
16:35:23.430 [JavaFX Application Thread] DEBUG PrimaryStageWindow   - Scaled size: 1280.0 x 720.0
16:35:23.430 [JavaFX Application Thread] DEBUG PrimaryStageWindow   - Scaled ratio: (1.0, 1.0)
16:35:23.432 [JavaFX Application Thread] DEBUG PrimaryStageWindow   - Scene size: 1280.0 x 720.0
16:35:23.433 [JavaFX Application Thread] DEBUG PrimaryStageWindow   - Stage size: 1294.6666259765625 x 757.3333129882812
16:35:23.465 [FXGL Background Thread 1 ] DEBUG Engine               - Initializing environment variables
16:35:23.657 [FXGL Background Thread 1 ] DEBUG FXGLAssetLoaderServi - User app class for loading assets: class com.aen.spaceship_fights.SpaceShipFightsApp
16:35:23.658 [FXGL Background Thread 1 ] DEBUG GameApplicationServi - Applying CSS: fxgl_dark.css
16:35:23.660 [FXGL Background Thread 1 ] DEBUG FXGLAssetLoaderServi - Loading from file system: jar:file:/C:/Users/merve/.m2/repository/com/github/almasb/fxgl/21.1/fxgl-21.1.jar!/fxglassets/ui/css/fxgl_dark.css
16:35:23.826 [FXGL Background Thread 1 ] DEBUG GameApplicationServi - Initializing application scenes
16:35:23.942 [FXGL Background Thread 1 ] DEBUG GameWorld            - Game world initialized
16:35:24.149 [FXGL Background Thread 1 ] DEBUG PhysicsWorld         - Physics world initialized: appHeight=720, physics.ppm=50,0
16:35:24.151 [FXGL Background Thread 1 ] DEBUG PhysicsWorld         - Using strategy: BRUTE_FORCE
16:35:24.160 [FXGL Background Thread 1 ] DEBUG GameScene            - Game scene initialized: 1280x720
16:35:24.482 [FXGL Background Thread 1 ] DEBUG GameApplicationServi - Application scenes initialized
16:35:24.509 [FXGL Background Thread 1 ] DEBUG SystemBundleService  - Loading FXGL system data
16:35:24.511 [FXGL Background Thread 1 ] DEBUG FileSystemAccess     - Reading from: C:\Users\merve\Desktop\ENSA\SpaceShipFights\SpaceShipFights\system\fxgl.bundle
16:35:24.516 [FXGL Background Thread 1 ] DEBUG SystemBundleService  - Bundle FXGL: {}
16:35:24.516 [FXGL Background Thread 1 ] DEBUG UpdaterService       - Checking for updates
16:35:24.525 [FXGL Background Thread 4 ] DEBUG FXGLApplication      - Loading fonts
16:35:24.527 [FXGL Background Thread 4 ] DEBUG FXGLAssetLoaderServi - Loading from file system: jar:file:/C:/Users/merve/.m2/repository/com/github/almasb/fxgl/21.1/fxgl-21.1.jar!/fxglassets/ui/fonts/VarelaRound-Regular.ttf
16:35:24.528 [FXGL Background Thread 1 ] DEBUG FXGLApplication      - Loading default localization
16:35:24.529 [FXGL Background Thread 1 ] DEBUG FXGLAssetLoaderServi - Loading from file system: jar:file:/C:/Users/merve/.m2/repository/com/github/almasb/fxgl/21.1/fxgl-21.1.jar!/fxglassets/languages/english.lang
16:35:24.562 [FXGL Background Thread 4 ] DEBUG FXGLAssetLoaderServi - Loading from file system: jar:file:/C:/Users/merve/.m2/repository/com/github/almasb/fxgl/21.1/fxgl-21.1.jar!/fxglassets/ui/fonts/Abel-Regular.ttf
16:35:24.587 [FXGL Background Thread 4 ] DEBUG FXGLAssetLoaderServi - Loading from file system: jar:file:/C:/Users/merve/.m2/repository/com/github/almasb/fxgl/21.1/fxgl-21.1.jar!/fxglassets/ui/fonts/TerminalLandMono-Regular.otf
16:35:24.613 [FXGL Background Thread 4 ] DEBUG FXGLAssetLoaderServi - Loading from file system: jar:file:/C:/Users/merve/.m2/repository/com/github/almasb/fxgl/21.1/fxgl-21.1.jar!/fxglassets/ui/fonts/Courier-Prime.ttf
16:35:24.614 [FXGL Background Thread 1 ] INFO  FXGLApplication      - FXGL initialization took: 1,149 sec
16:35:24.646 [JavaFX Application Thread] DEBUG Input                - Registered new binding: action0 - A
16:35:24.647 [JavaFX Application Thread] DEBUG Input                - Registered new binding: action1 - D
16:35:24.648 [JavaFX Application Thread] DEBUG Input                - Registered new binding: action2 - Left
16:35:24.648 [JavaFX Application Thread] DEBUG Input                - Registered new binding: action3 - Right
16:35:24.650 [JavaFX Application Thread] DEBUG Input                - Registered new binding: action4 - W
16:35:24.651 [JavaFX Application Thread] DEBUG Input                - Registered new binding: action5 - F
16:35:24.652 [JavaFX Application Thread] DEBUG Input                - Registered new binding: action6 - Space
16:35:24.652 [JavaFX Application Thread] DEBUG Input                - Registered new binding: action7 - P
16:35:24.654 [JavaFX Application Thread] DEBUG Input                - Registered new binding: action8 - R
16:35:24.655 [JavaFX Application Thread] DEBUG Input                - Registered new binding: action9 - M
16:35:24.656 [JavaFX Application Thread] DEBUG FXGLAssetLoaderServi - Loading from file system: jar:file:/C:/Users/merve/.m2/repository/com/github/almasb/fxgl/21.1/fxgl-21.1.jar!/fxglassets/textures/fxgl_icon.png
16:35:24.782 [JavaFX Application Thread] DEBUG FXGLAssetLoaderServi - Loading from file system: jar:file:/C:/Users/merve/.m2/repository/com/github/almasb/fxgl/21.1/fxgl-21.1.jar!/fxglassets/textures/fxgl_default_cursor.png
16:35:24.792 [JavaFX Application Thread] DEBUG Input                - Registered new binding: Screenshot - CTRL+8
16:35:24.793 [JavaFX Application Thread] DEBUG Input                - Registered new binding: System info dump - CTRL+9
16:35:24.794 [JavaFX Application Thread] DEBUG Input                - Registered new binding: Restart - CTRL+R
16:35:24.795 [JavaFX Application Thread] DEBUG Input                - Registered new binding: Toggle Debug Camera - CTRL+7
16:35:24.804 [JavaFX Application Thread] DEBUG LoopRunner           - Starting loop
16:35:24.804 [JavaFX Application Thread] DEBUG LoopRunner           - Initializing JavaFX AnimationTimerLoop
16:35:24.819 [JavaFX Application Thread] DEBUG Input                - Clearing active input actions
16:35:24.839 [JavaFX Application Thread] DEBUG GameApplicationServi - Removing overlay from FXGLStartupScene and adding to FXGLMainMenuDummyScene
16:35:24.841 [JavaFX Application Thread] DEBUG PrimaryStageWindow   - FXGLStartupScene -> FXGLMainMenuDummyScene
16:35:24.842 [JavaFX Application Thread] DEBUG PrimaryStageWindow   - Push state: MainMenu
16:35:24.843 [JavaFX Application Thread] DEBUG Input                - Clearing active input actions
16:35:24.881 [JavaFX Application Thread] DEBUG GameApplicationServi - Removing overlay from FXGLMainMenuDummyScene and adding to MainMenu
16:35:24.882 [JavaFX Application Thread] DEBUG PrimaryStageWindow   - FXGLMainMenuDummyScene -> MainMenu
16:35:24.928 [JavaFX Application Thread] DEBUG FXGLApplication      - Registering font factories with UI factory
16:35:27.524 [FXGL Background Thread 3 ] DEBUG Engine               - Logging environment variables
16:35:27.525 [FXGL Background Thread 3 ] DEBUG Engine               - achievements: []
16:35:27.526 [FXGL Background Thread 3 ] DEBUG Engine               - actualHeight: 720.0
16:35:27.526 [FXGL Background Thread 3 ] DEBUG Engine               - actualHeightProperty: ReadOnlyDoubleProperty [value: 720.0]
16:35:27.527 [FXGL Background Thread 3 ] DEBUG Engine               - actualWidth: 1280.0
16:35:27.527 [FXGL Background Thread 3 ] DEBUG Engine               - actualWidthProperty: ReadOnlyDoubleProperty [value: 1280.0]
16:35:27.527 [FXGL Background Thread 3 ] DEBUG Engine               - appIcon: fxgl_icon.png
16:35:27.528 [FXGL Background Thread 3 ] DEBUG Engine               - applicationMode: DEVELOPER
16:35:27.528 [FXGL Background Thread 3 ] DEBUG Engine               - cSSList: [fxgl_dark.css]
16:35:27.528 [FXGL Background Thread 3 ] DEBUG Engine               - collisionDetectionStrategy: BRUTE_FORCE
16:35:27.529 [FXGL Background Thread 3 ] DEBUG Engine               - configClass: Optional.empty
16:35:27.529 [FXGL Background Thread 3 ] DEBUG Engine               - credits: [Nyirenda Amos, Ouedraogo Luther Arthur, Magne Lydivine Merveille]
16:35:27.538 [FXGL Background Thread 3 ] DEBUG Engine               - defaultCursor: CursorInfo(imageName=fxgl_default_cursor.png, hotspotX=7.0, hotspotY=6.0)
16:35:27.538 [FXGL Background Thread 3 ] DEBUG Engine               - devBBoxColorProperty: ObjectProperty [value: 0xff0000ff]
16:35:27.539 [FXGL Background Thread 3 ] DEBUG Engine               - devEnableDebugCameraProperty: BooleanProperty [value: false]
16:35:27.539 [FXGL Background Thread 3 ] DEBUG Engine               - devSensorColorProperty: ObjectProperty [value: 0xffff00ff]
16:35:27.540 [FXGL Background Thread 3 ] DEBUG Engine               - devShowBBoxProperty: BooleanProperty [value: false]
16:35:27.540 [FXGL Background Thread 3 ] DEBUG Engine               - devShowPositionProperty: BooleanProperty [value: false]
16:35:27.540 [FXGL Background Thread 3 ] DEBUG Engine               - enabledMenuItems: []
16:35:27.540 [FXGL Background Thread 3 ] DEBUG Engine               - engineServices: [class com.almasb.fxgl.app.services.FXGLAssetLoaderService, class com.almasb.fxgl.app.FXGLApplication$GameApplicationService, class com.almasb.fxgl.app.services.FXGLDialogService, class com.almasb.fxgl.app.services.IOTaskExecutorService, class com.almasb.fxgl.io.FileSystemService, class com.almasb.fxgl.localization.LocalizationService, class com.almasb.fxgl.app.services.SystemBundleService, class com.almasb.fxgl.profile.SaveLoadService, class com.almasb.fxgl.ui.FXGLUIFactoryServiceProvider, class com.almasb.fxgl.ui.FXGLDialogFactoryServiceProvider, class com.almasb.fxgl.audio.AudioPlayer, class com.almasb.fxgl.notification.impl.NotificationServiceProvider, class com.almasb.fxgl.achievement.AchievementService, class com.almasb.fxgl.cutscene.CutsceneService, class com.almasb.fxgl.minigames.MiniGameService, class com.almasb.fxgl.net.NetService, class com.almasb.fxgl.app.services.UpdaterService, class com.almasb.fxgl.dev.DevService]
16:35:27.541 [FXGL Background Thread 3 ] DEBUG Engine               - fontGame: Abel-Regular.ttf
16:35:27.541 [FXGL Background Thread 3 ] DEBUG Engine               - fontMono: TerminalLandMono-Regular.otf
16:35:27.541 [FXGL Background Thread 3 ] DEBUG Engine               - fontSizeScaleUI: 1.0
16:35:27.541 [FXGL Background Thread 3 ] DEBUG Engine               - fontText: Courier-Prime.ttf
16:35:27.542 [FXGL Background Thread 3 ] DEBUG Engine               - fontUI: VarelaRound-Regular.ttf
16:35:27.542 [FXGL Background Thread 3 ] DEBUG Engine               - fullScreen: BooleanProperty [value: false]
16:35:27.542 [FXGL Background Thread 3 ] DEBUG Engine               - gameDifficulty: MEDIUM
16:35:27.543 [FXGL Background Thread 3 ] DEBUG Engine               - gameDifficultyProperty: ObjectProperty [value: MEDIUM]
16:35:27.543 [FXGL Background Thread 3 ] DEBUG Engine               - globalMusicVolume: 0.5
16:35:27.543 [FXGL Background Thread 3 ] DEBUG Engine               - globalMusicVolumeProperty: DoubleProperty [value: 0.5]
16:35:27.543 [FXGL Background Thread 3 ] DEBUG Engine               - globalSoundVolume: 0.5
16:35:27.544 [FXGL Background Thread 3 ] DEBUG Engine               - globalSoundVolumeProperty: DoubleProperty [value: 0.5]
16:35:27.544 [FXGL Background Thread 3 ] DEBUG Engine               - height: 720
16:35:27.544 [FXGL Background Thread 3 ] DEBUG Engine               - is3D: false
16:35:27.544 [FXGL Background Thread 3 ] DEBUG Engine               - isAndroid: false
16:35:27.544 [FXGL Background Thread 3 ] DEBUG Engine               - isBrowser: false
16:35:27.545 [FXGL Background Thread 3 ] DEBUG Engine               - isClickFeedbackEnabled: false
16:35:27.545 [FXGL Background Thread 3 ] DEBUG Engine               - isCloseConfirmation: false
16:35:27.545 [FXGL Background Thread 3 ] DEBUG Engine               - isDesktop: true
16:35:27.545 [FXGL Background Thread 3 ] DEBUG Engine               - isDeveloperMenuEnabled: false
16:35:27.546 [FXGL Background Thread 3 ] DEBUG Engine               - isEmbedded: false
16:35:27.546 [FXGL Background Thread 3 ] DEBUG Engine               - isEntityPreloadEnabled: true
16:35:27.546 [FXGL Background Thread 3 ] DEBUG Engine               - isExperimentalTiledLargeMap: false
16:35:27.547 [FXGL Background Thread 3 ] DEBUG Engine               - isFileSystemWriteAllowed: true
16:35:27.547 [FXGL Background Thread 3 ] DEBUG Engine               - isFullScreenAllowed: true
16:35:27.547 [FXGL Background Thread 3 ] DEBUG Engine               - isFullScreenFromStart: false
16:35:27.547 [FXGL Background Thread 3 ] DEBUG Engine               - isGameMenuEnabled: true
16:35:27.547 [FXGL Background Thread 3 ] DEBUG Engine               - isIOS: false
16:35:27.547 [FXGL Background Thread 3 ] DEBUG Engine               - isIntroEnabled: false
16:35:27.547 [FXGL Background Thread 3 ] DEBUG Engine               - isLinux: false
16:35:27.548 [FXGL Background Thread 3 ] DEBUG Engine               - isMac: false
16:35:27.548 [FXGL Background Thread 3 ] DEBUG Engine               - isMainMenuEnabled: true
16:35:27.548 [FXGL Background Thread 3 ] DEBUG Engine               - isManualResizeEnabled: false
16:35:27.548 [FXGL Background Thread 3 ] DEBUG Engine               - isMobile: false
16:35:27.549 [FXGL Background Thread 3 ] DEBUG Engine               - isNative: false
16:35:27.549 [FXGL Background Thread 3 ] DEBUG Engine               - isPauseMusicWhenMinimized: true
16:35:27.549 [FXGL Background Thread 3 ] DEBUG Engine               - isPreserveResizeRatio: false
16:35:27.549 [FXGL Background Thread 3 ] DEBUG Engine               - isProfilingEnabled: false
16:35:27.549 [FXGL Background Thread 3 ] DEBUG Engine               - isScaleAffectedOnResize: true
16:35:27.550 [FXGL Background Thread 3 ] DEBUG Engine               - isSingleStep: false
16:35:27.550 [FXGL Background Thread 3 ] DEBUG Engine               - isUserProfileEnabled: false
16:35:27.550 [FXGL Background Thread 3 ] DEBUG Engine               - isWindows: true
16:35:27.550 [FXGL Background Thread 3 ] DEBUG Engine               - language: ObjectProperty [value: ENGLISH]
16:35:27.551 [FXGL Background Thread 3 ] DEBUG Engine               - menuKey: ESCAPE
16:35:27.551 [FXGL Background Thread 3 ] DEBUG Engine               - mouseSensitivity: 0.2
16:35:27.551 [FXGL Background Thread 3 ] DEBUG Engine               - notificationViewClass: class com.almasb.fxgl.notification.view.XboxNotificationView
16:35:27.552 [FXGL Background Thread 3 ] DEBUG Engine               - pixelsPerMeter: 50.0
16:35:27.552 [FXGL Background Thread 3 ] DEBUG Engine               - platform: WINDOWS
16:35:27.552 [FXGL Background Thread 3 ] DEBUG Engine               - prefHeightProperty: ReadOnlyDoubleProperty [value: 720.0]
16:35:27.553 [FXGL Background Thread 3 ] DEBUG Engine               - prefWidthProperty: ReadOnlyDoubleProperty [value: 1280.0]
16:35:27.553 [FXGL Background Thread 3 ] DEBUG Engine               - profileDir: profiles/
16:35:27.553 [FXGL Background Thread 3 ] DEBUG Engine               - profileName: StringProperty [value: DEFAULT]
16:35:27.553 [FXGL Background Thread 3 ] DEBUG Engine               - randomSeed: -1
16:35:27.554 [FXGL Background Thread 3 ] DEBUG Engine               - runtimeInfo: RuntimeInfo(platform=WINDOWS, version=21.1, build=27.03.2024 07.52)
16:35:27.554 [FXGL Background Thread 3 ] DEBUG Engine               - saveFileExt: sav
16:35:27.554 [FXGL Background Thread 3 ] DEBUG Engine               - scaledHeightProp$fxgl: DoubleProperty [bound, value: 720.0]
16:35:27.554 [FXGL Background Thread 3 ] DEBUG Engine               - scaledWidthProp$fxgl: DoubleProperty [bound, value: 1280.0]
16:35:27.554 [FXGL Background Thread 3 ] DEBUG Engine               - sceneFactory: com.aen.spaceship_fights.MySceneFactory@38834c52
16:35:27.555 [FXGL Background Thread 3 ] DEBUG Engine               - secondsIn24h: 60
16:35:27.555 [FXGL Background Thread 3 ] DEBUG Engine               - soundMenuBack: menu/back.wav
16:35:27.555 [FXGL Background Thread 3 ] DEBUG Engine               - soundMenuPress: menu/press.wav
16:35:27.555 [FXGL Background Thread 3 ] DEBUG Engine               - soundMenuSelect: menu/select.wav
16:35:27.555 [FXGL Background Thread 3 ] DEBUG Engine               - soundNotification: core/notification.wav
16:35:27.556 [FXGL Background Thread 3 ] DEBUG Engine               - stageStyle: DECORATED
16:35:27.556 [FXGL Background Thread 3 ] DEBUG Engine               - supportedLanguages: [ENGLISH, FRENCH, GERMAN, HUNGARIAN, RUSSIAN]
16:35:27.556 [FXGL Background Thread 3 ] DEBUG Engine               - ticksPerSecond: -1
16:35:27.556 [FXGL Background Thread 3 ] DEBUG Engine               - title: SpaceShipFights
16:35:27.556 [FXGL Background Thread 3 ] DEBUG Engine               - urlGithub: https://github.com/AlmasB/FXGL
16:35:27.556 [FXGL Background Thread 3 ] DEBUG Engine               - urlLeaderboard: http://fxgl-top.herokuapp.com/
16:35:27.557 [FXGL Background Thread 3 ] DEBUG Engine               - urlPOM: https://raw.githubusercontent.com/AlmasB/FXGL/release/README.md
16:35:27.557 [FXGL Background Thread 3 ] DEBUG Engine               - userAppClass: class com.aen.spaceship_fights.SpaceShipFightsApp
16:35:27.557 [FXGL Background Thread 3 ] DEBUG Engine               - version: 0.1
16:35:27.558 [FXGL Background Thread 3 ] DEBUG Engine               - versionCheckDays: 7
16:35:27.558 [FXGL Background Thread 3 ] DEBUG Engine               - width: 1280
16:35:27.559 [FXGL Background Thread 3 ] DEBUG Engine               - Logging services
16:35:27.559 [FXGL Background Thread 3 ] DEBUG Engine               - class com.almasb.fxgl.app.services.FXGLAssetLoaderService
16:35:27.559 [FXGL Background Thread 3 ] DEBUG Engine               - class com.almasb.fxgl.app.FXGLApplication$GameApplicationService
16:35:27.559 [FXGL Background Thread 3 ] DEBUG Engine               - class com.almasb.fxgl.app.services.FXGLDialogService
16:35:27.560 [FXGL Background Thread 3 ] DEBUG Engine               - class com.almasb.fxgl.app.services.IOTaskExecutorService
16:35:27.560 [FXGL Background Thread 3 ] DEBUG Engine               - class com.almasb.fxgl.io.FileSystemService
16:35:27.560 [FXGL Background Thread 3 ] DEBUG Engine               - class com.almasb.fxgl.localization.LocalizationService
16:35:27.560 [FXGL Background Thread 3 ] DEBUG Engine               - class com.almasb.fxgl.app.services.SystemBundleService
16:35:27.562 [FXGL Background Thread 3 ] DEBUG Engine               - class com.almasb.fxgl.profile.SaveLoadService
16:35:27.562 [FXGL Background Thread 3 ] DEBUG Engine               - class com.almasb.fxgl.ui.FXGLUIFactoryServiceProvider
16:35:27.562 [FXGL Background Thread 3 ] DEBUG Engine               - class com.almasb.fxgl.ui.FXGLDialogFactoryServiceProvider
16:35:27.562 [FXGL Background Thread 3 ] DEBUG Engine               - class com.almasb.fxgl.audio.AudioPlayer
16:35:27.562 [FXGL Background Thread 3 ] DEBUG Engine               - class com.almasb.fxgl.notification.impl.NotificationServiceProvider
16:35:27.562 [FXGL Background Thread 3 ] DEBUG Engine               - class com.almasb.fxgl.achievement.AchievementService
16:35:27.562 [FXGL Background Thread 3 ] DEBUG Engine               - class com.almasb.fxgl.cutscene.CutsceneService
16:35:27.563 [FXGL Background Thread 3 ] DEBUG Engine               - class com.almasb.fxgl.minigames.MiniGameService
16:35:27.563 [FXGL Background Thread 3 ] DEBUG Engine               - class com.almasb.fxgl.net.NetService
16:35:27.563 [FXGL Background Thread 3 ] DEBUG Engine               - class com.almasb.fxgl.app.services.UpdaterService
16:35:27.563 [FXGL Background Thread 3 ] DEBUG Engine               - class com.almasb.fxgl.dev.DevService
17:32:59.397 [JavaFX Application Thread] DEBUG FXGLApplication      - Exiting FXGL
17:32:59.397 [JavaFX Application Thread] DEBUG LoopRunner           - Stopping loop
17:32:59.398 [JavaFX Application Thread] DEBUG SystemBundleService  - Saving FXGL system data
17:32:59.401 [JavaFX Application Thread] DEBUG FileSystemAccess     - Writing to: C:\Users\merve\Desktop\ENSA\SpaceShipFights\SpaceShipFights\system\fxgl.bundle
17:32:59.403 [JavaFX Application Thread] DEBUG Async                - Shutting down background threads
17:32:59.404 [JavaFX Application Thread] DEBUG PrimaryStageWindow   - Closing main window
17:32:59.439 [JavaFX Application Thread] DEBUG Logger               - Closing Logger
