17:08:39.467 [main                     ] DEBUG Logger               - Configured Logger
17:08:39.482 [main                     ] DEBUG GameApplication      - Logging settings
Title: Shooter
Version: 0.1
Width: 1280
Height: 720
Fullscreen: true
Intro: false
Profiling: false
Single step:false
App Mode: DEVELOPER
Menu Key: ESCAPE
Stage Style: DECORATED
Scene Factory: class com.aen.spaceship_fights.MySceneFactory

17:08:39.947 [JavaFX Application Thread] DEBUG FXGLApplication      - Initializing FXGL
17:08:39.950 [JavaFX Application Thread] INFO  Engine               - FXGL-21.1 (27.03.2024 07.52) on WINDOWS (J:22.0.2 FX:22.0.1)
17:08:39.951 [JavaFX Application Thread] DEBUG Engine               - JRE Vendor Name: Oracle Corporation
17:08:39.951 [JavaFX Application Thread] DEBUG Engine               - Running on OS: Windows 11 version 10.0
17:08:39.951 [JavaFX Application Thread] DEBUG Engine               - Architecture: amd64
17:08:39.951 [JavaFX Application Thread] INFO  Engine               - Source code and latest versions at: https://github.com/AlmasB/FXGL
17:08:39.951 [JavaFX Application Thread] INFO  Engine               -       Ask questions and discuss at: https://github.com/AlmasB/FXGL/discussions
17:08:39.951 [JavaFX Application Thread] INFO  Engine               -              Join the FXGL chat at: https://gitter.im/AlmasB/FXGL
17:08:40.074 [JavaFX Application Thread] DEBUG PrimaryStageWindow   - Creating a JavaFX scene
17:08:40.127 [JavaFX Application Thread] DEBUG PrimaryStageWindow   - Target settings size: 1280.0 x 720.0
17:08:40.128 [JavaFX Application Thread] DEBUG PrimaryStageWindow   - Scaled scene size:    1280.0 x 720.0
17:08:40.128 [JavaFX Application Thread] DEBUG PrimaryStageWindow   - Scaled ratio: (1.0, 1.0)
17:08:40.129 [JavaFX Application Thread] DEBUG PrimaryStageWindow   - Set initial scene to FXGLStartupScene
17:08:40.133 [JavaFX Application Thread] DEBUG PrimaryStageWindow   - Opening main window
17:08:40.501 [JavaFX Application Thread] DEBUG PrimaryStageWindow   - Window border size: (16.0, 39.0)
17:08:40.502 [JavaFX Application Thread] DEBUG PrimaryStageWindow   - Scaled size: 1280.0 x 720.0
17:08:40.503 [JavaFX Application Thread] DEBUG PrimaryStageWindow   - Scaled ratio: (1.0, 1.0)
17:08:40.503 [JavaFX Application Thread] DEBUG PrimaryStageWindow   - Scene size: 1280.0 x 720.0
17:08:40.503 [JavaFX Application Thread] DEBUG PrimaryStageWindow   - Stage size: 1296.0 x 759.0
17:08:40.515 [FXGL Background Thread 1 ] DEBUG Engine               - Initializing environment variables
17:08:40.578 [FXGL Background Thread 1 ] DEBUG FXGLAssetLoaderServi - User app class for loading assets: class com.aen.spaceship_fights.SpaceShipFightsApp
17:08:40.578 [FXGL Background Thread 1 ] DEBUG GameApplicationServi - Applying CSS: fxgl_dark.css
17:08:40.580 [FXGL Background Thread 1 ] DEBUG FXGLAssetLoaderServi - Loading from file system: jar:file:/C:/Users/pc/.m2/repository/com/github/almasb/fxgl/21.1/fxgl-21.1.jar!/fxglassets/ui/css/fxgl_dark.css
17:08:40.634 [FXGL Background Thread 1 ] DEBUG GameApplicationServi - Initializing application scenes
17:08:40.719 [FXGL Background Thread 1 ] DEBUG GameWorld            - Game world initialized
17:08:40.783 [FXGL Background Thread 1 ] DEBUG PhysicsWorld         - Physics world initialized: appHeight=720, physics.ppm=50.0
17:08:40.783 [FXGL Background Thread 1 ] DEBUG PhysicsWorld         - Using strategy: BRUTE_FORCE
17:08:40.786 [FXGL Background Thread 1 ] DEBUG GameScene            - Game scene initialized: 1280x720
17:08:40.938 [FXGL Background Thread 1 ] DEBUG GameApplicationServi - Application scenes initialized
17:08:40.950 [FXGL Background Thread 1 ] DEBUG SystemBundleService  - Loading FXGL system data
17:08:40.951 [FXGL Background Thread 1 ] DEBUG FileSystemAccess     - Reading from: C:\Users\pc\Desktop\Java\GameEngines\Asteriods\system\fxgl.bundle
17:08:40.953 [FXGL Background Thread 1 ] DEBUG SystemBundleService  - Bundle FXGL: {}
17:08:40.954 [FXGL Background Thread 1 ] DEBUG UpdaterService       - Checking for updates
17:08:40.957 [FXGL Background Thread 4 ] DEBUG FXGLApplication      - Loading fonts
17:08:40.957 [FXGL Background Thread 4 ] DEBUG FXGLAssetLoaderServi - Loading from file system: jar:file:/C:/Users/pc/.m2/repository/com/github/almasb/fxgl/21.1/fxgl-21.1.jar!/fxglassets/ui/fonts/VarelaRound-Regular.ttf
17:08:40.958 [FXGL Background Thread 1 ] DEBUG FXGLApplication      - Loading default localization
17:08:40.958 [FXGL Background Thread 1 ] DEBUG FXGLAssetLoaderServi - Loading from file system: jar:file:/C:/Users/pc/.m2/repository/com/github/almasb/fxgl/21.1/fxgl-21.1.jar!/fxglassets/languages/english.lang
17:08:40.962 [FXGL Background Thread 4 ] DEBUG FXGLAssetLoaderServi - Loading from file system: jar:file:/C:/Users/pc/.m2/repository/com/github/almasb/fxgl/21.1/fxgl-21.1.jar!/fxglassets/ui/fonts/Abel-Regular.ttf
17:08:40.965 [FXGL Background Thread 4 ] DEBUG FXGLAssetLoaderServi - Loading from file system: jar:file:/C:/Users/pc/.m2/repository/com/github/almasb/fxgl/21.1/fxgl-21.1.jar!/fxglassets/ui/fonts/TerminalLandMono-Regular.otf
17:08:40.973 [FXGL Background Thread 4 ] DEBUG FXGLAssetLoaderServi - Loading from file system: jar:file:/C:/Users/pc/.m2/repository/com/github/almasb/fxgl/21.1/fxgl-21.1.jar!/fxglassets/ui/fonts/Courier-Prime.ttf
17:08:40.980 [JavaFX Application Thread] DEBUG FXGLApplication      - Registering font factories with UI factory
17:08:40.990 [FXGL Background Thread 1 ] INFO  FXGLApplication      - FXGL initialization took: 0.476 sec
17:08:41.006 [JavaFX Application Thread] DEBUG Input                - Registered new binding: action0 - A
17:08:41.006 [JavaFX Application Thread] DEBUG Input                - Registered new binding: action1 - D
17:08:41.007 [JavaFX Application Thread] DEBUG Input                - Registered new binding: action2 - W
17:08:41.007 [JavaFX Application Thread] DEBUG Input                - Registered new binding: action3 - F
17:08:41.008 [JavaFX Application Thread] DEBUG Input                - Registered new binding: action4 - P
17:08:41.008 [JavaFX Application Thread] DEBUG Input                - Registered new binding: action5 - R
17:08:41.008 [JavaFX Application Thread] DEBUG Input                - Registered new binding: action6 - M
17:08:41.009 [JavaFX Application Thread] DEBUG FXGLAssetLoaderServi - Loading from file system: jar:file:/C:/Users/pc/.m2/repository/com/github/almasb/fxgl/21.1/fxgl-21.1.jar!/fxglassets/textures/fxgl_icon.png
17:08:41.060 [JavaFX Application Thread] DEBUG FXGLAssetLoaderServi - Loading from file system: jar:file:/C:/Users/pc/.m2/repository/com/github/almasb/fxgl/21.1/fxgl-21.1.jar!/fxglassets/textures/fxgl_default_cursor.png
17:08:41.070 [JavaFX Application Thread] DEBUG Input                - Registered new binding: Screenshot - CTRL+8
17:08:41.071 [JavaFX Application Thread] DEBUG Input                - Registered new binding: System info dump - CTRL+9
17:08:41.072 [JavaFX Application Thread] DEBUG Input                - Registered new binding: Restart - CTRL+R
17:08:41.076 [JavaFX Application Thread] DEBUG Input                - Registered new binding: Toggle Debug Camera - CTRL+7
17:08:41.087 [JavaFX Application Thread] DEBUG LoopRunner           - Starting loop
17:08:41.087 [JavaFX Application Thread] DEBUG LoopRunner           - Initializing JavaFX AnimationTimerLoop
17:08:41.092 [JavaFX Application Thread] DEBUG Input                - Clearing active input actions
17:08:41.104 [JavaFX Application Thread] DEBUG GameApplicationServi - Removing overlay from FXGLStartupScene and adding to FXGLMainMenuDummyScene
17:08:41.104 [JavaFX Application Thread] DEBUG PrimaryStageWindow   - FXGLStartupScene -> FXGLMainMenuDummyScene
17:08:41.104 [JavaFX Application Thread] DEBUG PrimaryStageWindow   - Push state: MainMenu
17:08:41.105 [JavaFX Application Thread] DEBUG Input                - Clearing active input actions
17:08:41.115 [JavaFX Application Thread] DEBUG GameApplicationServi - Removing overlay from FXGLMainMenuDummyScene and adding to MainMenu
17:08:41.116 [JavaFX Application Thread] DEBUG PrimaryStageWindow   - FXGLMainMenuDummyScene -> MainMenu
17:08:43.958 [FXGL Background Thread 3 ] DEBUG Engine               - Logging environment variables
17:08:43.958 [FXGL Background Thread 3 ] DEBUG Engine               - achievements: []
17:08:43.958 [FXGL Background Thread 3 ] DEBUG Engine               - actualHeight: 720.0
17:08:43.958 [FXGL Background Thread 3 ] DEBUG Engine               - actualHeightProperty: ReadOnlyDoubleProperty [value: 720.0]
17:08:43.958 [FXGL Background Thread 3 ] DEBUG Engine               - actualWidth: 1280.0
17:08:43.958 [FXGL Background Thread 3 ] DEBUG Engine               - actualWidthProperty: ReadOnlyDoubleProperty [value: 1280.0]
17:08:43.958 [FXGL Background Thread 3 ] DEBUG Engine               - appIcon: fxgl_icon.png
17:08:43.958 [FXGL Background Thread 3 ] DEBUG Engine               - applicationMode: DEVELOPER
17:08:43.958 [FXGL Background Thread 3 ] DEBUG Engine               - cSSList: [fxgl_dark.css]
17:08:43.958 [FXGL Background Thread 3 ] DEBUG Engine               - collisionDetectionStrategy: BRUTE_FORCE
17:08:43.958 [FXGL Background Thread 3 ] DEBUG Engine               - configClass: Optional.empty
17:08:43.958 [FXGL Background Thread 3 ] DEBUG Engine               - credits: [Nyirenda Amos, Ouedraogo Luther Arthur, Magne Lidivine Merveille]
17:08:43.959 [FXGL Background Thread 3 ] DEBUG Engine               - defaultCursor: CursorInfo(imageName=fxgl_default_cursor.png, hotspotX=7.0, hotspotY=6.0)
17:08:43.959 [FXGL Background Thread 3 ] DEBUG Engine               - devBBoxColorProperty: ObjectProperty [value: 0xff0000ff]
17:08:43.960 [FXGL Background Thread 3 ] DEBUG Engine               - devEnableDebugCameraProperty: BooleanProperty [value: false]
17:08:43.960 [FXGL Background Thread 3 ] DEBUG Engine               - devSensorColorProperty: ObjectProperty [value: 0xffff00ff]
17:08:43.960 [FXGL Background Thread 3 ] DEBUG Engine               - devShowBBoxProperty: BooleanProperty [value: false]
17:08:43.960 [FXGL Background Thread 3 ] DEBUG Engine               - devShowPositionProperty: BooleanProperty [value: false]
17:08:43.960 [FXGL Background Thread 3 ] DEBUG Engine               - enabledMenuItems: []
17:08:43.960 [FXGL Background Thread 3 ] DEBUG Engine               - engineServices: [class com.almasb.fxgl.app.services.FXGLAssetLoaderService, class com.almasb.fxgl.app.FXGLApplication$GameApplicationService, class com.almasb.fxgl.app.services.FXGLDialogService, class com.almasb.fxgl.app.services.IOTaskExecutorService, class com.almasb.fxgl.io.FileSystemService, class com.almasb.fxgl.localization.LocalizationService, class com.almasb.fxgl.app.services.SystemBundleService, class com.almasb.fxgl.profile.SaveLoadService, class com.almasb.fxgl.ui.FXGLUIFactoryServiceProvider, class com.almasb.fxgl.ui.FXGLDialogFactoryServiceProvider, class com.almasb.fxgl.audio.AudioPlayer, class com.almasb.fxgl.notification.impl.NotificationServiceProvider, class com.almasb.fxgl.achievement.AchievementService, class com.almasb.fxgl.cutscene.CutsceneService, class com.almasb.fxgl.minigames.MiniGameService, class com.almasb.fxgl.net.NetService, class com.almasb.fxgl.app.services.UpdaterService, class com.almasb.fxgl.dev.DevService]
17:08:43.960 [FXGL Background Thread 3 ] DEBUG Engine               - fontGame: Abel-Regular.ttf
17:08:43.960 [FXGL Background Thread 3 ] DEBUG Engine               - fontMono: TerminalLandMono-Regular.otf
17:08:43.960 [FXGL Background Thread 3 ] DEBUG Engine               - fontSizeScaleUI: 1.0
17:08:43.960 [FXGL Background Thread 3 ] DEBUG Engine               - fontText: Courier-Prime.ttf
17:08:43.960 [FXGL Background Thread 3 ] DEBUG Engine               - fontUI: VarelaRound-Regular.ttf
17:08:43.960 [FXGL Background Thread 3 ] DEBUG Engine               - fullScreen: BooleanProperty [value: false]
17:08:43.960 [FXGL Background Thread 3 ] DEBUG Engine               - gameDifficulty: MEDIUM
17:08:43.960 [FXGL Background Thread 3 ] DEBUG Engine               - gameDifficultyProperty: ObjectProperty [value: MEDIUM]
17:08:43.960 [FXGL Background Thread 3 ] DEBUG Engine               - globalMusicVolume: 0.5
17:08:43.960 [FXGL Background Thread 3 ] DEBUG Engine               - globalMusicVolumeProperty: DoubleProperty [value: 0.5]
17:08:43.961 [FXGL Background Thread 3 ] DEBUG Engine               - globalSoundVolume: 0.5
17:08:43.961 [FXGL Background Thread 3 ] DEBUG Engine               - globalSoundVolumeProperty: DoubleProperty [value: 0.5]
17:08:43.961 [FXGL Background Thread 3 ] DEBUG Engine               - height: 720
17:08:43.961 [FXGL Background Thread 3 ] DEBUG Engine               - is3D: false
17:08:43.961 [FXGL Background Thread 3 ] DEBUG Engine               - isAndroid: false
17:08:43.961 [FXGL Background Thread 3 ] DEBUG Engine               - isBrowser: false
17:08:43.961 [FXGL Background Thread 3 ] DEBUG Engine               - isClickFeedbackEnabled: false
17:08:43.961 [FXGL Background Thread 3 ] DEBUG Engine               - isCloseConfirmation: false
17:08:43.961 [FXGL Background Thread 3 ] DEBUG Engine               - isDesktop: true
17:08:43.961 [FXGL Background Thread 3 ] DEBUG Engine               - isDeveloperMenuEnabled: false
17:08:43.961 [FXGL Background Thread 3 ] DEBUG Engine               - isEmbedded: false
17:08:43.961 [FXGL Background Thread 3 ] DEBUG Engine               - isEntityPreloadEnabled: true
17:08:43.961 [FXGL Background Thread 3 ] DEBUG Engine               - isExperimentalTiledLargeMap: false
17:08:43.961 [FXGL Background Thread 3 ] DEBUG Engine               - isFileSystemWriteAllowed: true
17:08:43.961 [FXGL Background Thread 3 ] DEBUG Engine               - isFullScreenAllowed: true
17:08:43.961 [FXGL Background Thread 3 ] DEBUG Engine               - isFullScreenFromStart: false
17:08:43.961 [FXGL Background Thread 3 ] DEBUG Engine               - isGameMenuEnabled: true
17:08:43.961 [FXGL Background Thread 3 ] DEBUG Engine               - isIOS: false
17:08:43.961 [FXGL Background Thread 3 ] DEBUG Engine               - isIntroEnabled: false
17:08:43.961 [FXGL Background Thread 3 ] DEBUG Engine               - isLinux: false
17:08:43.961 [FXGL Background Thread 3 ] DEBUG Engine               - isMac: false
17:08:43.961 [FXGL Background Thread 3 ] DEBUG Engine               - isMainMenuEnabled: true
17:08:43.961 [FXGL Background Thread 3 ] DEBUG Engine               - isManualResizeEnabled: false
17:08:43.961 [FXGL Background Thread 3 ] DEBUG Engine               - isMobile: false
17:08:43.961 [FXGL Background Thread 3 ] DEBUG Engine               - isNative: false
17:08:43.961 [FXGL Background Thread 3 ] DEBUG Engine               - isPauseMusicWhenMinimized: true
17:08:43.961 [FXGL Background Thread 3 ] DEBUG Engine               - isPreserveResizeRatio: false
17:08:43.961 [FXGL Background Thread 3 ] DEBUG Engine               - isProfilingEnabled: false
17:08:43.962 [FXGL Background Thread 3 ] DEBUG Engine               - isScaleAffectedOnResize: true
17:08:43.962 [FXGL Background Thread 3 ] DEBUG Engine               - isSingleStep: false
17:08:43.962 [FXGL Background Thread 3 ] DEBUG Engine               - isUserProfileEnabled: false
17:08:43.962 [FXGL Background Thread 3 ] DEBUG Engine               - isWindows: true
17:08:43.962 [FXGL Background Thread 3 ] DEBUG Engine               - language: ObjectProperty [value: ENGLISH]
17:08:43.962 [FXGL Background Thread 3 ] DEBUG Engine               - menuKey: ESCAPE
17:08:43.962 [FXGL Background Thread 3 ] DEBUG Engine               - mouseSensitivity: 0.2
17:08:43.962 [FXGL Background Thread 3 ] DEBUG Engine               - notificationViewClass: class com.almasb.fxgl.notification.view.XboxNotificationView
17:08:43.962 [FXGL Background Thread 3 ] DEBUG Engine               - pixelsPerMeter: 50.0
17:08:43.962 [FXGL Background Thread 3 ] DEBUG Engine               - platform: WINDOWS
17:08:43.962 [FXGL Background Thread 3 ] DEBUG Engine               - prefHeightProperty: ReadOnlyDoubleProperty [value: 720.0]
17:08:43.962 [FXGL Background Thread 3 ] DEBUG Engine               - prefWidthProperty: ReadOnlyDoubleProperty [value: 1280.0]
17:08:43.962 [FXGL Background Thread 3 ] DEBUG Engine               - profileDir: profiles/
17:08:43.962 [FXGL Background Thread 3 ] DEBUG Engine               - profileName: StringProperty [value: DEFAULT]
17:08:43.962 [FXGL Background Thread 3 ] DEBUG Engine               - randomSeed: -1
17:08:43.963 [FXGL Background Thread 3 ] DEBUG Engine               - runtimeInfo: RuntimeInfo(platform=WINDOWS, version=21.1, build=27.03.2024 07.52)
17:08:43.963 [FXGL Background Thread 3 ] DEBUG Engine               - saveFileExt: sav
17:08:43.963 [FXGL Background Thread 3 ] DEBUG Engine               - scaledHeightProp$fxgl: DoubleProperty [bound, value: 720.0]
17:08:43.963 [FXGL Background Thread 3 ] DEBUG Engine               - scaledWidthProp$fxgl: DoubleProperty [bound, value: 1280.0]
17:08:43.963 [FXGL Background Thread 3 ] DEBUG Engine               - sceneFactory: com.aen.spaceship_fights.MySceneFactory@2b045ab9
17:08:43.963 [FXGL Background Thread 3 ] DEBUG Engine               - secondsIn24h: 60
17:08:43.963 [FXGL Background Thread 3 ] DEBUG Engine               - soundMenuBack: menu/back.wav
17:08:43.963 [FXGL Background Thread 3 ] DEBUG Engine               - soundMenuPress: menu/press.wav
17:08:43.963 [FXGL Background Thread 3 ] DEBUG Engine               - soundMenuSelect: menu/select.wav
17:08:43.963 [FXGL Background Thread 3 ] DEBUG Engine               - soundNotification: core/notification.wav
17:08:43.963 [FXGL Background Thread 3 ] DEBUG Engine               - stageStyle: DECORATED
17:08:43.963 [FXGL Background Thread 3 ] DEBUG Engine               - supportedLanguages: [ENGLISH, FRENCH, GERMAN, HUNGARIAN, RUSSIAN]
17:08:43.963 [FXGL Background Thread 3 ] DEBUG Engine               - ticksPerSecond: -1
17:08:43.963 [FXGL Background Thread 3 ] DEBUG Engine               - title: Shooter
17:08:43.963 [FXGL Background Thread 3 ] DEBUG Engine               - urlGithub: https://github.com/AlmasB/FXGL
17:08:43.963 [FXGL Background Thread 3 ] DEBUG Engine               - urlLeaderboard: http://fxgl-top.herokuapp.com/
17:08:43.963 [FXGL Background Thread 3 ] DEBUG Engine               - urlPOM: https://raw.githubusercontent.com/AlmasB/FXGL/release/README.md
17:08:43.963 [FXGL Background Thread 3 ] DEBUG Engine               - userAppClass: class com.aen.spaceship_fights.SpaceShipFightsApp
17:08:43.963 [FXGL Background Thread 3 ] DEBUG Engine               - version: 0.1
17:08:43.963 [FXGL Background Thread 3 ] DEBUG Engine               - versionCheckDays: 7
17:08:43.963 [FXGL Background Thread 3 ] DEBUG Engine               - width: 1280
17:08:43.963 [FXGL Background Thread 3 ] DEBUG Engine               - Logging services
17:08:43.963 [FXGL Background Thread 3 ] DEBUG Engine               - class com.almasb.fxgl.app.services.FXGLAssetLoaderService
17:08:43.963 [FXGL Background Thread 3 ] DEBUG Engine               - class com.almasb.fxgl.app.FXGLApplication$GameApplicationService
17:08:43.963 [FXGL Background Thread 3 ] DEBUG Engine               - class com.almasb.fxgl.app.services.FXGLDialogService
17:08:43.963 [FXGL Background Thread 3 ] DEBUG Engine               - class com.almasb.fxgl.app.services.IOTaskExecutorService
17:08:43.963 [FXGL Background Thread 3 ] DEBUG Engine               - class com.almasb.fxgl.io.FileSystemService
17:08:43.963 [FXGL Background Thread 3 ] DEBUG Engine               - class com.almasb.fxgl.localization.LocalizationService
17:08:43.964 [FXGL Background Thread 3 ] DEBUG Engine               - class com.almasb.fxgl.app.services.SystemBundleService
17:08:43.964 [FXGL Background Thread 3 ] DEBUG Engine               - class com.almasb.fxgl.profile.SaveLoadService
17:08:43.964 [FXGL Background Thread 3 ] DEBUG Engine               - class com.almasb.fxgl.ui.FXGLUIFactoryServiceProvider
17:08:43.964 [FXGL Background Thread 3 ] DEBUG Engine               - class com.almasb.fxgl.ui.FXGLDialogFactoryServiceProvider
17:08:43.964 [FXGL Background Thread 3 ] DEBUG Engine               - class com.almasb.fxgl.audio.AudioPlayer
17:08:43.964 [FXGL Background Thread 3 ] DEBUG Engine               - class com.almasb.fxgl.notification.impl.NotificationServiceProvider
17:08:43.964 [FXGL Background Thread 3 ] DEBUG Engine               - class com.almasb.fxgl.achievement.AchievementService
17:08:43.964 [FXGL Background Thread 3 ] DEBUG Engine               - class com.almasb.fxgl.cutscene.CutsceneService
17:08:43.964 [FXGL Background Thread 3 ] DEBUG Engine               - class com.almasb.fxgl.minigames.MiniGameService
17:08:43.964 [FXGL Background Thread 3 ] DEBUG Engine               - class com.almasb.fxgl.net.NetService
17:08:43.964 [FXGL Background Thread 3 ] DEBUG Engine               - class com.almasb.fxgl.app.services.UpdaterService
17:08:43.964 [FXGL Background Thread 3 ] DEBUG Engine               - class com.almasb.fxgl.dev.DevService
17:08:54.613 [JavaFX Application Thread] DEBUG Menu                 - fireNewGame()
17:08:54.613 [JavaFX Application Thread] DEBUG GameApplicationServi - Starting new game
17:08:54.613 [JavaFX Application Thread] DEBUG PrimaryStageWindow   - Pop state: MainMenu
17:08:54.613 [JavaFX Application Thread] DEBUG Input                - Clearing active input actions
17:08:54.614 [JavaFX Application Thread] DEBUG GameApplicationServi - Removing overlay from MainMenu and adding to FXGLMainMenuDummyScene
17:08:54.614 [JavaFX Application Thread] DEBUG PrimaryStageWindow   - FXGLMainMenuDummyScene <- MainMenu
17:08:54.614 [JavaFX Application Thread] DEBUG Input                - Clearing active input actions
17:08:54.618 [JavaFX Application Thread] DEBUG GameApplicationServi - Removing overlay from FXGLMainMenuDummyScene and adding to FXGLLoadingScene
17:08:54.619 [JavaFX Application Thread] DEBUG PrimaryStageWindow   - FXGLMainMenuDummyScene -> FXGLLoadingScene
17:08:54.619 [JavaFX Application Thread] DEBUG GameApplicationServi - Clearing previous game
17:08:54.619 [JavaFX Application Thread] DEBUG GameScene            - Clearing game scene
17:08:54.619 [JavaFX Application Thread] DEBUG GameWorld            - Clearing game world
17:08:54.619 [JavaFX Application Thread] DEBUG PhysicsWorld         - Clearing physics world
17:08:54.621 [FXGL Background Thread 2 ] DEBUG FXGLApplication      - Initializing game
17:08:54.655 [FXGL Background Thread 2 ] DEBUG FXGLAssetLoaderServi - Loading from file system: file:/C:/Users/pc/Desktop/Java/GameEngines/Asteriods/target/classes/assets/textures/DurrrSpaceShip.png
17:08:54.683 [JavaFX Application Thread] DEBUG LoopRunner           - Stopping loop
17:08:54.685 [JavaFX Application Thread] FATAL FXGLApplication      - Uncaught Exception:
java.lang.RuntimeException: Initialization failed
	at com.almasb.fxgl.app.FXGLApplication$InitAppTask.failed(FXGLApplication.kt:347)
	at javafx.concurrent.Task.setState(Task.java:710)
	at javafx.concurrent.Task$TaskCallable.lambda$call$2(Task.java:1429)
	at com.sun.javafx.application.PlatformImpl.lambda$runLater$10(PlatformImpl.java:456)
	at java.base/java.security.AccessController.doPrivileged(AccessController.java:400)
	at com.sun.javafx.application.PlatformImpl.lambda$runLater$11(PlatformImpl.java:455)
	at com.sun.glass.ui.InvokeLaterDispatcher$Future.run(InvokeLaterDispatcher.java:95)
	at com.sun.glass.ui.win.WinApplication._runLoop(Native Method)
	at com.sun.glass.ui.win.WinApplication.lambda$runLoop$3(WinApplication.java:184)
	at java.base/java.lang.Thread.run(Thread.java:1570)
Caused by: java.lang.NullPointerException: Cannot invoke "javafx.scene.Node.setStyle(String)" because the return value of "javafx.scene.control.TextArea.lookup(String)" is null
	at com.aen.spaceship_fights.networking.ChatServiceFXGL.<init>(ChatServiceFXGL.java:35)
	at com.aen.spaceship_fights.SpaceShipFightsApp.initUI(SpaceShipFightsApp.java:320)
	at com.almasb.fxgl.app.FXGLApplication$InitAppTask.call(FXGLApplication.kt:323)
	at com.almasb.fxgl.app.FXGLApplication$InitAppTask.call(FXGLApplication.kt:313)
	at javafx.concurrent.Task$TaskCallable.call(Task.java:1399)
	at java.base/java.util.concurrent.FutureTask.run(FutureTask.java:317)
	at java.base/java.util.concurrent.Executors$RunnableAdapter.call(Executors.java:572)
	at java.base/java.util.concurrent.FutureTask.run(FutureTask.java:317)
	at java.base/java.util.concurrent.ThreadPoolExecutor.runWorker(ThreadPoolExecutor.java:1144)
	at java.base/java.util.concurrent.ThreadPoolExecutor$Worker.run(ThreadPoolExecutor.java:642)
	... 1 more

17:08:54.685 [JavaFX Application Thread] FATAL FXGLApplication      - Application will now exit
17:08:54.690 [JavaFX Application Thread] DEBUG PrimaryStageWindow   - Push state: ErrorSubScene
17:08:54.690 [JavaFX Application Thread] DEBUG Input                - Clearing active input actions
17:08:54.692 [JavaFX Application Thread] DEBUG GameApplicationServi - Removing overlay from FXGLLoadingScene and adding to ErrorSubScene
17:08:54.692 [JavaFX Application Thread] DEBUG PrimaryStageWindow   - FXGLLoadingScene -> ErrorSubScene
17:09:00.108 [JavaFX Application Thread] DEBUG FXGLApplication      - Exiting FXGL
17:09:00.108 [JavaFX Application Thread] DEBUG Async                - Shutting down background threads
17:09:00.109 [JavaFX Application Thread] DEBUG PrimaryStageWindow   - Closing main window
17:09:00.137 [JavaFX Application Thread] DEBUG Logger               - Closing Logger
