17:03:21.854 [main                     ] DEBUG Logger               - Configured Logger
17:03:21.864 [main                     ] DEBUG GameApplication      - Logging settings
Title: SpaceShipFights
Version: 0.1
Width: 1280
Height: 720
Fullscreen: true
Intro: false
Profiling: false
Single step:false
App Mode: DEVELOPER
Menu Key: ESCAPE
Stage Style: DECORATED
Scene Factory: class com.aen.spaceship_fights.MySceneFactory

17:03:22.753 [JavaFX Application Thread] DEBUG FXGLApplication      - Initializing FXGL
17:03:22.760 [JavaFX Application Thread] INFO  Engine               - FXGL-21.1 (27.03.2024 07.52) on WINDOWS (J:24 FX:22.0.1)
17:03:22.761 [JavaFX Application Thread] DEBUG Engine               - JRE Vendor Name: Oracle Corporation
17:03:22.761 [JavaFX Application Thread] DEBUG Engine               - Running on OS: Windows 11 version 10.0
17:03:22.762 [JavaFX Application Thread] DEBUG Engine               - Architecture: amd64
17:03:22.762 [JavaFX Application Thread] INFO  Engine               - Source code and latest versions at: https://github.com/AlmasB/FXGL
17:03:22.762 [JavaFX Application Thread] INFO  Engine               -       Ask questions and discuss at: https://github.com/AlmasB/FXGL/discussions
17:03:22.762 [JavaFX Application Thread] INFO  Engine               -              Join the FXGL chat at: https://gitter.im/AlmasB/FXGL
17:03:23.069 [JavaFX Application Thread] DEBUG PrimaryStageWindow   - Creating a JavaFX scene
17:03:23.203 [JavaFX Application Thread] DEBUG PrimaryStageWindow   - Target settings size: 1280.0 x 720.0
17:03:23.203 [JavaFX Application Thread] DEBUG PrimaryStageWindow   - Scaled scene size:    1280.0 x 720.0
17:03:23.203 [JavaFX Application Thread] DEBUG PrimaryStageWindow   - Scaled ratio: (1.0, 1.0)
17:03:23.206 [JavaFX Application Thread] DEBUG PrimaryStageWindow   - Set initial scene to FXGLStartupScene
17:03:23.219 [JavaFX Application Thread] DEBUG PrimaryStageWindow   - Opening main window
17:03:24.271 [JavaFX Application Thread] DEBUG PrimaryStageWindow   - Window border size: (14.6666259765625, 37.33331298828125)
17:03:24.272 [JavaFX Application Thread] DEBUG PrimaryStageWindow   - Scaled size: 1280.0 x 720.0
17:03:24.272 [JavaFX Application Thread] DEBUG PrimaryStageWindow   - Scaled ratio: (1.0, 1.0)
17:03:24.273 [JavaFX Application Thread] DEBUG PrimaryStageWindow   - Scene size: 1280.0 x 720.0
17:03:24.273 [JavaFX Application Thread] DEBUG PrimaryStageWindow   - Stage size: 1294.6666259765625 x 757.3333129882812
17:03:24.300 [FXGL Background Thread 1 ] DEBUG Engine               - Initializing environment variables
17:03:24.466 [FXGL Background Thread 1 ] DEBUG FXGLAssetLoaderServi - User app class for loading assets: class com.aen.spaceship_fights.SpaceShipFightsApp
17:03:24.467 [FXGL Background Thread 1 ] DEBUG GameApplicationServi - Applying CSS: fxgl_dark.css
17:03:24.469 [FXGL Background Thread 1 ] DEBUG FXGLAssetLoaderServi - Loading from file system: jar:file:/C:/Users/merve/.m2/repository/com/github/almasb/fxgl/21.1/fxgl-21.1.jar!/fxglassets/ui/css/fxgl_dark.css
17:03:24.609 [FXGL Background Thread 1 ] DEBUG GameApplicationServi - Initializing application scenes
17:03:24.717 [FXGL Background Thread 1 ] DEBUG GameWorld            - Game world initialized
17:03:24.897 [FXGL Background Thread 1 ] DEBUG PhysicsWorld         - Physics world initialized: appHeight=720, physics.ppm=50,0
17:03:24.898 [FXGL Background Thread 1 ] DEBUG PhysicsWorld         - Using strategy: BRUTE_FORCE
17:03:24.909 [FXGL Background Thread 1 ] DEBUG GameScene            - Game scene initialized: 1280x720
17:03:25.164 [FXGL Background Thread 1 ] DEBUG GameApplicationServi - Application scenes initialized
17:03:25.186 [FXGL Background Thread 1 ] DEBUG SystemBundleService  - Loading FXGL system data
17:03:25.189 [FXGL Background Thread 1 ] DEBUG FileSystemAccess     - Reading from: C:\Users\merve\Desktop\ENSA\SpaceShipFights\SpaceShipFights\system\fxgl.bundle
17:03:25.195 [FXGL Background Thread 1 ] DEBUG SystemBundleService  - Bundle FXGL: {}
17:03:25.195 [FXGL Background Thread 1 ] DEBUG UpdaterService       - Checking for updates
17:03:25.203 [FXGL Background Thread 4 ] DEBUG FXGLApplication      - Loading fonts
17:03:25.204 [FXGL Background Thread 4 ] DEBUG FXGLAssetLoaderServi - Loading from file system: jar:file:/C:/Users/merve/.m2/repository/com/github/almasb/fxgl/21.1/fxgl-21.1.jar!/fxglassets/ui/fonts/VarelaRound-Regular.ttf
17:03:25.206 [FXGL Background Thread 1 ] DEBUG FXGLApplication      - Loading default localization
17:03:25.206 [FXGL Background Thread 1 ] DEBUG FXGLAssetLoaderServi - Loading from file system: jar:file:/C:/Users/merve/.m2/repository/com/github/almasb/fxgl/21.1/fxgl-21.1.jar!/fxglassets/languages/english.lang
17:03:25.231 [FXGL Background Thread 4 ] DEBUG FXGLAssetLoaderServi - Loading from file system: jar:file:/C:/Users/merve/.m2/repository/com/github/almasb/fxgl/21.1/fxgl-21.1.jar!/fxglassets/ui/fonts/Abel-Regular.ttf
17:03:25.254 [FXGL Background Thread 4 ] DEBUG FXGLAssetLoaderServi - Loading from file system: jar:file:/C:/Users/merve/.m2/repository/com/github/almasb/fxgl/21.1/fxgl-21.1.jar!/fxglassets/ui/fonts/TerminalLandMono-Regular.otf
17:03:25.258 [FXGL Background Thread 1 ] INFO  FXGLApplication      - FXGL initialization took: 0,959 sec
17:03:25.277 [FXGL Background Thread 4 ] DEBUG FXGLAssetLoaderServi - Loading from file system: jar:file:/C:/Users/merve/.m2/repository/com/github/almasb/fxgl/21.1/fxgl-21.1.jar!/fxglassets/ui/fonts/Courier-Prime.ttf
17:03:25.283 [JavaFX Application Thread] DEBUG Input                - Registered new binding: action0 - A
17:03:25.285 [JavaFX Application Thread] DEBUG Input                - Registered new binding: action1 - D
17:03:25.287 [JavaFX Application Thread] DEBUG Input                - Registered new binding: action2 - Left
17:03:25.288 [JavaFX Application Thread] DEBUG Input                - Registered new binding: action3 - Right
17:03:25.289 [JavaFX Application Thread] DEBUG Input                - Registered new binding: action4 - W
17:03:25.293 [JavaFX Application Thread] DEBUG Input                - Registered new binding: action5 - F
17:03:25.294 [JavaFX Application Thread] DEBUG Input                - Registered new binding: action6 - Space
17:03:25.295 [JavaFX Application Thread] DEBUG Input                - Registered new binding: action7 - P
17:03:25.295 [JavaFX Application Thread] DEBUG Input                - Registered new binding: action8 - R
17:03:25.296 [JavaFX Application Thread] DEBUG Input                - Registered new binding: action9 - M
17:03:25.297 [JavaFX Application Thread] DEBUG FXGLAssetLoaderServi - Loading from file system: jar:file:/C:/Users/merve/.m2/repository/com/github/almasb/fxgl/21.1/fxgl-21.1.jar!/fxglassets/textures/fxgl_icon.png
17:03:25.389 [JavaFX Application Thread] DEBUG FXGLAssetLoaderServi - Loading from file system: jar:file:/C:/Users/merve/.m2/repository/com/github/almasb/fxgl/21.1/fxgl-21.1.jar!/fxglassets/textures/fxgl_default_cursor.png
17:03:25.397 [JavaFX Application Thread] DEBUG Input                - Registered new binding: Screenshot - CTRL+8
17:03:25.398 [JavaFX Application Thread] DEBUG Input                - Registered new binding: System info dump - CTRL+9
17:03:25.398 [JavaFX Application Thread] DEBUG Input                - Registered new binding: Restart - CTRL+R
17:03:25.399 [JavaFX Application Thread] DEBUG Input                - Registered new binding: Toggle Debug Camera - CTRL+7
17:03:25.405 [JavaFX Application Thread] DEBUG LoopRunner           - Starting loop
17:03:25.405 [JavaFX Application Thread] DEBUG LoopRunner           - Initializing JavaFX AnimationTimerLoop
17:03:25.413 [JavaFX Application Thread] DEBUG Input                - Clearing active input actions
17:03:25.432 [JavaFX Application Thread] DEBUG GameApplicationServi - Removing overlay from FXGLStartupScene and adding to FXGLMainMenuDummyScene
17:03:25.432 [JavaFX Application Thread] DEBUG PrimaryStageWindow   - FXGLStartupScene -> FXGLMainMenuDummyScene
17:03:25.432 [JavaFX Application Thread] DEBUG PrimaryStageWindow   - Push state: MainMenu
17:03:25.433 [JavaFX Application Thread] DEBUG Input                - Clearing active input actions
17:03:25.459 [JavaFX Application Thread] DEBUG GameApplicationServi - Removing overlay from FXGLMainMenuDummyScene and adding to MainMenu
17:03:25.459 [JavaFX Application Thread] DEBUG PrimaryStageWindow   - FXGLMainMenuDummyScene -> MainMenu
17:03:25.508 [JavaFX Application Thread] DEBUG FXGLApplication      - Registering font factories with UI factory
17:03:28.202 [FXGL Background Thread 3 ] DEBUG Engine               - Logging environment variables
17:03:28.202 [FXGL Background Thread 3 ] DEBUG Engine               - achievements: []
17:03:28.202 [FXGL Background Thread 3 ] DEBUG Engine               - actualHeight: 720.0
17:03:28.202 [FXGL Background Thread 3 ] DEBUG Engine               - actualHeightProperty: ReadOnlyDoubleProperty [value: 720.0]
17:03:28.202 [FXGL Background Thread 3 ] DEBUG Engine               - actualWidth: 1280.0
17:03:28.202 [FXGL Background Thread 3 ] DEBUG Engine               - actualWidthProperty: ReadOnlyDoubleProperty [value: 1280.0]
17:03:28.202 [FXGL Background Thread 3 ] DEBUG Engine               - appIcon: fxgl_icon.png
17:03:28.202 [FXGL Background Thread 3 ] DEBUG Engine               - applicationMode: DEVELOPER
17:03:28.202 [FXGL Background Thread 3 ] DEBUG Engine               - cSSList: [fxgl_dark.css]
17:03:28.203 [FXGL Background Thread 3 ] DEBUG Engine               - collisionDetectionStrategy: BRUTE_FORCE
17:03:28.203 [FXGL Background Thread 3 ] DEBUG Engine               - configClass: Optional.empty
17:03:28.203 [FXGL Background Thread 3 ] DEBUG Engine               - credits: [Nyirenda Amos, Ouedraogo Luther Arthur, Magne Lydivine Merveille]
17:03:28.204 [FXGL Background Thread 3 ] DEBUG Engine               - defaultCursor: CursorInfo(imageName=fxgl_default_cursor.png, hotspotX=7.0, hotspotY=6.0)
17:03:28.205 [FXGL Background Thread 3 ] DEBUG Engine               - devBBoxColorProperty: ObjectProperty [value: 0xff0000ff]
17:03:28.205 [FXGL Background Thread 3 ] DEBUG Engine               - devEnableDebugCameraProperty: BooleanProperty [value: false]
17:03:28.205 [FXGL Background Thread 3 ] DEBUG Engine               - devSensorColorProperty: ObjectProperty [value: 0xffff00ff]
17:03:28.205 [FXGL Background Thread 3 ] DEBUG Engine               - devShowBBoxProperty: BooleanProperty [value: false]
17:03:28.205 [FXGL Background Thread 3 ] DEBUG Engine               - devShowPositionProperty: BooleanProperty [value: false]
17:03:28.205 [FXGL Background Thread 3 ] DEBUG Engine               - enabledMenuItems: []
17:03:28.205 [FXGL Background Thread 3 ] DEBUG Engine               - engineServices: [class com.almasb.fxgl.app.services.FXGLAssetLoaderService, class com.almasb.fxgl.app.FXGLApplication$GameApplicationService, class com.almasb.fxgl.app.services.FXGLDialogService, class com.almasb.fxgl.app.services.IOTaskExecutorService, class com.almasb.fxgl.io.FileSystemService, class com.almasb.fxgl.localization.LocalizationService, class com.almasb.fxgl.app.services.SystemBundleService, class com.almasb.fxgl.profile.SaveLoadService, class com.almasb.fxgl.ui.FXGLUIFactoryServiceProvider, class com.almasb.fxgl.ui.FXGLDialogFactoryServiceProvider, class com.almasb.fxgl.audio.AudioPlayer, class com.almasb.fxgl.notification.impl.NotificationServiceProvider, class com.almasb.fxgl.achievement.AchievementService, class com.almasb.fxgl.cutscene.CutsceneService, class com.almasb.fxgl.minigames.MiniGameService, class com.almasb.fxgl.net.NetService, class com.almasb.fxgl.app.services.UpdaterService, class com.almasb.fxgl.dev.DevService]
17:03:28.205 [FXGL Background Thread 3 ] DEBUG Engine               - fontGame: Abel-Regular.ttf
17:03:28.205 [FXGL Background Thread 3 ] DEBUG Engine               - fontMono: TerminalLandMono-Regular.otf
17:03:28.205 [FXGL Background Thread 3 ] DEBUG Engine               - fontSizeScaleUI: 1.0
17:03:28.205 [FXGL Background Thread 3 ] DEBUG Engine               - fontText: Courier-Prime.ttf
17:03:28.205 [FXGL Background Thread 3 ] DEBUG Engine               - fontUI: VarelaRound-Regular.ttf
17:03:28.205 [FXGL Background Thread 3 ] DEBUG Engine               - fullScreen: BooleanProperty [value: false]
17:03:28.205 [FXGL Background Thread 3 ] DEBUG Engine               - gameDifficulty: MEDIUM
17:03:28.205 [FXGL Background Thread 3 ] DEBUG Engine               - gameDifficultyProperty: ObjectProperty [value: MEDIUM]
17:03:28.205 [FXGL Background Thread 3 ] DEBUG Engine               - globalMusicVolume: 0.5
17:03:28.205 [FXGL Background Thread 3 ] DEBUG Engine               - globalMusicVolumeProperty: DoubleProperty [value: 0.5]
17:03:28.206 [FXGL Background Thread 3 ] DEBUG Engine               - globalSoundVolume: 0.5
17:03:28.206 [FXGL Background Thread 3 ] DEBUG Engine               - globalSoundVolumeProperty: DoubleProperty [value: 0.5]
17:03:28.206 [FXGL Background Thread 3 ] DEBUG Engine               - height: 720
17:03:28.206 [FXGL Background Thread 3 ] DEBUG Engine               - is3D: false
17:03:28.206 [FXGL Background Thread 3 ] DEBUG Engine               - isAndroid: false
17:03:28.206 [FXGL Background Thread 3 ] DEBUG Engine               - isBrowser: false
17:03:28.206 [FXGL Background Thread 3 ] DEBUG Engine               - isClickFeedbackEnabled: false
17:03:28.206 [FXGL Background Thread 3 ] DEBUG Engine               - isCloseConfirmation: false
17:03:28.206 [FXGL Background Thread 3 ] DEBUG Engine               - isDesktop: true
17:03:28.206 [FXGL Background Thread 3 ] DEBUG Engine               - isDeveloperMenuEnabled: false
17:03:28.206 [FXGL Background Thread 3 ] DEBUG Engine               - isEmbedded: false
17:03:28.206 [FXGL Background Thread 3 ] DEBUG Engine               - isEntityPreloadEnabled: true
17:03:28.206 [FXGL Background Thread 3 ] DEBUG Engine               - isExperimentalTiledLargeMap: false
17:03:28.206 [FXGL Background Thread 3 ] DEBUG Engine               - isFileSystemWriteAllowed: true
17:03:28.206 [FXGL Background Thread 3 ] DEBUG Engine               - isFullScreenAllowed: true
17:03:28.206 [FXGL Background Thread 3 ] DEBUG Engine               - isFullScreenFromStart: false
17:03:28.206 [FXGL Background Thread 3 ] DEBUG Engine               - isGameMenuEnabled: true
17:03:28.206 [FXGL Background Thread 3 ] DEBUG Engine               - isIOS: false
17:03:28.206 [FXGL Background Thread 3 ] DEBUG Engine               - isIntroEnabled: false
17:03:28.206 [FXGL Background Thread 3 ] DEBUG Engine               - isLinux: false
17:03:28.206 [FXGL Background Thread 3 ] DEBUG Engine               - isMac: false
17:03:28.207 [FXGL Background Thread 3 ] DEBUG Engine               - isMainMenuEnabled: true
17:03:28.207 [FXGL Background Thread 3 ] DEBUG Engine               - isManualResizeEnabled: false
17:03:28.207 [FXGL Background Thread 3 ] DEBUG Engine               - isMobile: false
17:03:28.207 [FXGL Background Thread 3 ] DEBUG Engine               - isNative: false
17:03:28.207 [FXGL Background Thread 3 ] DEBUG Engine               - isPauseMusicWhenMinimized: true
17:03:28.207 [FXGL Background Thread 3 ] DEBUG Engine               - isPreserveResizeRatio: false
17:03:28.207 [FXGL Background Thread 3 ] DEBUG Engine               - isProfilingEnabled: false
17:03:28.207 [FXGL Background Thread 3 ] DEBUG Engine               - isScaleAffectedOnResize: true
17:03:28.207 [FXGL Background Thread 3 ] DEBUG Engine               - isSingleStep: false
17:03:28.207 [FXGL Background Thread 3 ] DEBUG Engine               - isUserProfileEnabled: false
17:03:28.207 [FXGL Background Thread 3 ] DEBUG Engine               - isWindows: true
17:03:28.207 [FXGL Background Thread 3 ] DEBUG Engine               - language: ObjectProperty [value: ENGLISH]
17:03:28.207 [FXGL Background Thread 3 ] DEBUG Engine               - menuKey: ESCAPE
17:03:28.207 [FXGL Background Thread 3 ] DEBUG Engine               - mouseSensitivity: 0.2
17:03:28.207 [FXGL Background Thread 3 ] DEBUG Engine               - notificationViewClass: class com.almasb.fxgl.notification.view.XboxNotificationView
17:03:28.207 [FXGL Background Thread 3 ] DEBUG Engine               - pixelsPerMeter: 50.0
17:03:28.207 [FXGL Background Thread 3 ] DEBUG Engine               - platform: WINDOWS
17:03:28.208 [FXGL Background Thread 3 ] DEBUG Engine               - prefHeightProperty: ReadOnlyDoubleProperty [value: 720.0]
17:03:28.208 [FXGL Background Thread 3 ] DEBUG Engine               - prefWidthProperty: ReadOnlyDoubleProperty [value: 1280.0]
17:03:28.208 [FXGL Background Thread 3 ] DEBUG Engine               - profileDir: profiles/
17:03:28.208 [FXGL Background Thread 3 ] DEBUG Engine               - profileName: StringProperty [value: DEFAULT]
17:03:28.208 [FXGL Background Thread 3 ] DEBUG Engine               - randomSeed: -1
17:03:28.208 [FXGL Background Thread 3 ] DEBUG Engine               - runtimeInfo: RuntimeInfo(platform=WINDOWS, version=21.1, build=27.03.2024 07.52)
17:03:28.208 [FXGL Background Thread 3 ] DEBUG Engine               - saveFileExt: sav
17:03:28.208 [FXGL Background Thread 3 ] DEBUG Engine               - scaledHeightProp$fxgl: DoubleProperty [bound, value: 720.0]
17:03:28.208 [FXGL Background Thread 3 ] DEBUG Engine               - scaledWidthProp$fxgl: DoubleProperty [bound, value: 1280.0]
17:03:28.208 [FXGL Background Thread 3 ] DEBUG Engine               - sceneFactory: com.aen.spaceship_fights.MySceneFactory@1b772b07
17:03:28.208 [FXGL Background Thread 3 ] DEBUG Engine               - secondsIn24h: 60
17:03:28.209 [FXGL Background Thread 3 ] DEBUG Engine               - soundMenuBack: menu/back.wav
17:03:28.209 [FXGL Background Thread 3 ] DEBUG Engine               - soundMenuPress: menu/press.wav
17:03:28.209 [FXGL Background Thread 3 ] DEBUG Engine               - soundMenuSelect: menu/select.wav
17:03:28.209 [FXGL Background Thread 3 ] DEBUG Engine               - soundNotification: core/notification.wav
17:03:28.209 [FXGL Background Thread 3 ] DEBUG Engine               - stageStyle: DECORATED
17:03:28.209 [FXGL Background Thread 3 ] DEBUG Engine               - supportedLanguages: [ENGLISH, FRENCH, GERMAN, HUNGARIAN, RUSSIAN]
17:03:28.209 [FXGL Background Thread 3 ] DEBUG Engine               - ticksPerSecond: -1
17:03:28.209 [FXGL Background Thread 3 ] DEBUG Engine               - title: SpaceShipFights
17:03:28.209 [FXGL Background Thread 3 ] DEBUG Engine               - urlGithub: https://github.com/AlmasB/FXGL
17:03:28.209 [FXGL Background Thread 3 ] DEBUG Engine               - urlLeaderboard: http://fxgl-top.herokuapp.com/
17:03:28.209 [FXGL Background Thread 3 ] DEBUG Engine               - urlPOM: https://raw.githubusercontent.com/AlmasB/FXGL/release/README.md
17:03:28.209 [FXGL Background Thread 3 ] DEBUG Engine               - userAppClass: class com.aen.spaceship_fights.SpaceShipFightsApp
17:03:28.209 [FXGL Background Thread 3 ] DEBUG Engine               - version: 0.1
17:03:28.209 [FXGL Background Thread 3 ] DEBUG Engine               - versionCheckDays: 7
17:03:28.209 [FXGL Background Thread 3 ] DEBUG Engine               - width: 1280
17:03:28.209 [FXGL Background Thread 3 ] DEBUG Engine               - Logging services
17:03:28.209 [FXGL Background Thread 3 ] DEBUG Engine               - class com.almasb.fxgl.app.services.FXGLAssetLoaderService
17:03:28.209 [FXGL Background Thread 3 ] DEBUG Engine               - class com.almasb.fxgl.app.FXGLApplication$GameApplicationService
17:03:28.210 [FXGL Background Thread 3 ] DEBUG Engine               - class com.almasb.fxgl.app.services.FXGLDialogService
17:03:28.210 [FXGL Background Thread 3 ] DEBUG Engine               - class com.almasb.fxgl.app.services.IOTaskExecutorService
17:03:28.210 [FXGL Background Thread 3 ] DEBUG Engine               - class com.almasb.fxgl.io.FileSystemService
17:03:28.210 [FXGL Background Thread 3 ] DEBUG Engine               - class com.almasb.fxgl.localization.LocalizationService
17:03:28.210 [FXGL Background Thread 3 ] DEBUG Engine               - class com.almasb.fxgl.app.services.SystemBundleService
17:03:28.210 [FXGL Background Thread 3 ] DEBUG Engine               - class com.almasb.fxgl.profile.SaveLoadService
17:03:28.210 [FXGL Background Thread 3 ] DEBUG Engine               - class com.almasb.fxgl.ui.FXGLUIFactoryServiceProvider
17:03:28.210 [FXGL Background Thread 3 ] DEBUG Engine               - class com.almasb.fxgl.ui.FXGLDialogFactoryServiceProvider
17:03:28.210 [FXGL Background Thread 3 ] DEBUG Engine               - class com.almasb.fxgl.audio.AudioPlayer
17:03:28.210 [FXGL Background Thread 3 ] DEBUG Engine               - class com.almasb.fxgl.notification.impl.NotificationServiceProvider
17:03:28.210 [FXGL Background Thread 3 ] DEBUG Engine               - class com.almasb.fxgl.achievement.AchievementService
17:03:28.210 [FXGL Background Thread 3 ] DEBUG Engine               - class com.almasb.fxgl.cutscene.CutsceneService
17:03:28.210 [FXGL Background Thread 3 ] DEBUG Engine               - class com.almasb.fxgl.minigames.MiniGameService
17:03:28.210 [FXGL Background Thread 3 ] DEBUG Engine               - class com.almasb.fxgl.net.NetService
17:03:28.210 [FXGL Background Thread 3 ] DEBUG Engine               - class com.almasb.fxgl.app.services.UpdaterService
17:03:28.210 [FXGL Background Thread 3 ] DEBUG Engine               - class com.almasb.fxgl.dev.DevService
17:03:40.535 [JavaFX Application Thread] DEBUG Menu                 - fireNewGame()
17:03:40.537 [JavaFX Application Thread] DEBUG GameApplicationServi - Starting new game
17:03:40.538 [JavaFX Application Thread] DEBUG PrimaryStageWindow   - Pop state: MainMenu
17:03:40.538 [JavaFX Application Thread] DEBUG Input                - Clearing active input actions
17:03:40.542 [JavaFX Application Thread] DEBUG GameApplicationServi - Removing overlay from MainMenu and adding to FXGLMainMenuDummyScene
17:03:40.542 [JavaFX Application Thread] DEBUG PrimaryStageWindow   - FXGLMainMenuDummyScene <- MainMenu
17:03:40.543 [JavaFX Application Thread] DEBUG Input                - Clearing active input actions
17:03:40.557 [JavaFX Application Thread] DEBUG GameApplicationServi - Removing overlay from FXGLMainMenuDummyScene and adding to FXGLLoadingScene
17:03:40.557 [JavaFX Application Thread] DEBUG PrimaryStageWindow   - FXGLMainMenuDummyScene -> FXGLLoadingScene
17:03:40.557 [JavaFX Application Thread] DEBUG GameApplicationServi - Clearing previous game
17:03:40.557 [JavaFX Application Thread] DEBUG GameScene            - Clearing game scene
17:03:40.557 [JavaFX Application Thread] DEBUG GameWorld            - Clearing game world
17:03:40.557 [JavaFX Application Thread] DEBUG PhysicsWorld         - Clearing physics world
17:03:40.560 [FXGL Background Thread 2 ] DEBUG FXGLApplication      - Initializing game
17:03:40.562 [FXGL Background Thread 2 ] DEBUG FXGLAssetLoaderServi - Loading from file system: file:/C:/Users/merve/Desktop/ENSA/SpaceShipFights/SpaceShipFights/target/classes/assets/music/bgm.mp3
17:03:40.747 [FXGL Background Thread 2 ] DEBUG AudioPlayer          - Playing music com.almasb.fxgl.audio.Music@c500e1
17:03:40.769 [FXGL Background Thread 2 ] DEBUG FXGLAssetLoaderServi - Loading from file system: file:/C:/Users/merve/Desktop/ENSA/SpaceShipFights/SpaceShipFights/target/classes/assets/textures/player.png
17:03:40.831 [FXGL Background Thread 2 ] DEBUG FXGLAssetLoaderServi - Loading from file system: file:/C:/Users/merve/Desktop/ENSA/SpaceShipFights/SpaceShipFights/target/classes/assets/textures/life.png
17:03:40.834 [FXGL Background Thread 2 ] INFO  FXGLApplication      - Game initialization took: 0,274 sec
17:03:40.842 [JavaFX Application Thread] DEBUG Input                - Clearing active input actions
17:03:40.854 [JavaFX Application Thread] DEBUG GameApplicationServi - Removing overlay from FXGLLoadingScene and adding to GameScene
17:03:40.854 [JavaFX Application Thread] DEBUG PrimaryStageWindow   - FXGLLoadingScene -> GameScene
17:03:40.886 [JavaFX Application Thread] DEBUG FXGLAssetLoaderServi - Loading from file system: file:/C:/Users/merve/Desktop/ENSA/SpaceShipFights/SpaceShipFights/target/classes/assets/sounds/level.wav
17:03:42.406 [JavaFX Application Thread] DEBUG FXGLAssetLoaderServi - Loading from file system: file:/C:/Users/merve/Desktop/ENSA/SpaceShipFights/SpaceShipFights/target/classes/assets/textures/enemy1.png
17:03:42.447 [JavaFX Application Thread] DEBUG FXGLAssetLoaderServi - Loading from file system: file:/C:/Users/merve/Desktop/ENSA/SpaceShipFights/SpaceShipFights/target/classes/assets/textures/enemy3.png
17:03:43.348 [JavaFX Application Thread] DEBUG FXGLAssetLoaderServi - Loading from file system: file:/C:/Users/merve/Desktop/ENSA/SpaceShipFights/SpaceShipFights/target/classes/assets/textures/enemy2.png
17:03:44.737 [JavaFX Application Thread] DEBUG FXGLAssetLoaderServi - Loading from file system: file:/C:/Users/merve/Desktop/ENSA/SpaceShipFights/SpaceShipFights/target/classes/assets/textures/enemy_bullet.png
17:03:44.751 [JavaFX Application Thread] DEBUG FXGLAssetLoaderServi - Loading from file system: file:/C:/Users/merve/Desktop/ENSA/SpaceShipFights/SpaceShipFights/target/classes/assets/sounds/shoot4.wav
17:03:45.936 [JavaFX Application Thread] DEBUG FXGLAssetLoaderServi - Loading from file system: file:/C:/Users/merve/Desktop/ENSA/SpaceShipFights/SpaceShipFights/target/classes/assets/sounds/shoot1.wav
17:03:46.417 [JavaFX Application Thread] DEBUG FXGLAssetLoaderServi - Loading from file system: file:/C:/Users/merve/Desktop/ENSA/SpaceShipFights/SpaceShipFights/target/classes/assets/sounds/shoot2.wav
17:03:47.597 [JavaFX Application Thread] DEBUG FXGLAssetLoaderServi - Loading from file system: file:/C:/Users/merve/Desktop/ENSA/SpaceShipFights/SpaceShipFights/target/classes/assets/textures/bullet.png
17:03:49.682 [JavaFX Application Thread] DEBUG FXGLAssetLoaderServi - Loading from file system: file:/C:/Users/merve/Desktop/ENSA/SpaceShipFights/SpaceShipFights/target/classes/assets/sounds/explosion.wav
17:03:49.700 [JavaFX Application Thread] DEBUG FXGLAssetLoaderServi - Loading from file system: file:/C:/Users/merve/Desktop/ENSA/SpaceShipFights/SpaceShipFights/target/classes/assets/textures/explosion.png
17:03:50.241 [JavaFX Application Thread] DEBUG FXGLAssetLoaderServi - Loading from file system: file:/C:/Users/merve/Desktop/ENSA/SpaceShipFights/SpaceShipFights/target/classes/assets/sounds/shoot3.wav
17:03:59.471 [JavaFX Application Thread] DEBUG PrimaryStageWindow   - Push state: DialogSubScene
17:03:59.471 [JavaFX Application Thread] DEBUG Input                - Clearing active input actions
17:03:59.472 [JavaFX Application Thread] DEBUG GameApplicationServi - Removing overlay from GameScene and adding to DialogSubScene
17:03:59.472 [JavaFX Application Thread] DEBUG PrimaryStageWindow   - GameScene -> DialogSubScene
17:03:59.476 [JavaFX Application Thread] DEBUG LoopRunner           - Stopping loop
17:03:59.478 [JavaFX Application Thread] FATAL FXGLApplication      - Uncaught Exception:
java.lang.ArrayIndexOutOfBoundsException: Index 1 out of bounds for length 1
	at java.base/java.util.Arrays$ArrayList.get(Arrays.java:4224)
	at com.aen.spaceship_fights.SpaceShipFightsApp.getCurrentLevel(SpaceShipFightsApp.java:257)
	at com.aen.spaceship_fights.SpaceShipFightsApp.playInCutscene(SpaceShipFightsApp.java:218)
	at com.aen.spaceship_fights.SpaceShipFightsApp.nextLevel(SpaceShipFightsApp.java:239)
	at com.aen.spaceship_fights.SpaceShipFightsApp.onUpdate(SpaceShipFightsApp.java:192)
	at com.almasb.fxgl.app.FXGLApplication$GameApplicationService.onGameUpdate(FXGLApplication.kt:440)
	at com.almasb.fxgl.app.Engine.onGameUpdate(Engine.kt:138)
	at com.almasb.fxgl.app.FXGLApplication.postServicesInit$lambda$7(FXGLApplication.kt:184)
	at com.almasb.fxgl.scene.Scene.update(Scene.kt:113)
	at com.almasb.fxgl.app.MainWindow$update$1.invoke(MainWindow.kt:121)
	at com.almasb.fxgl.app.MainWindow$update$1.invoke(MainWindow.kt:121)
	at com.almasb.fxgl.core.fsm.StateMachine.runOnActiveStates(StateMachine.kt:69)
	at com.almasb.fxgl.app.MainWindow.update(MainWindow.kt:121)
	at com.almasb.fxgl.app.FXGLApplication$GameApplicationService.onUpdate(FXGLApplication.kt:445)
	at com.almasb.fxgl.app.Engine.loop(Engine.kt:134)
	at com.almasb.fxgl.app.Engine.access$loop(Engine.kt:24)
	at com.almasb.fxgl.app.Engine$loop$1.invoke(Engine.kt:28)
	at com.almasb.fxgl.app.Engine$loop$1.invoke(Engine.kt:28)
	at com.almasb.fxgl.app.LoopRunner.frame(LoopRunner.kt:103)
	at com.almasb.fxgl.app.LoopRunner.access$frame(LoopRunner.kt:23)
	at com.almasb.fxgl.app.LoopRunner$impl$2$1.onTick(LoopRunner.kt:57)
	at com.almasb.fxgl.app.AnimationTimerLoop$timer$1.handle(LoopRunner.kt:137)
	at javafx.animation.AnimationTimer$AnimationTimerReceiver.lambda$handle$0(AnimationTimer.java:60)
	at java.base/java.security.AccessController.doPrivileged(AccessController.java:138)
	at javafx.animation.AnimationTimer$AnimationTimerReceiver.handle(AnimationTimer.java:59)
	at com.sun.scenario.animation.AbstractPrimaryTimer.timePulseImpl(AbstractPrimaryTimer.java:356)
	at com.sun.scenario.animation.AbstractPrimaryTimer$MainLoop.run(AbstractPrimaryTimer.java:266)
	at com.sun.javafx.tk.quantum.QuantumToolkit.pulse(QuantumToolkit.java:594)
	at com.sun.javafx.tk.quantum.QuantumToolkit.pulse(QuantumToolkit.java:578)
	at com.sun.javafx.tk.quantum.QuantumToolkit.pulseFromQueue(QuantumToolkit.java:571)
	at com.sun.javafx.tk.quantum.QuantumToolkit.lambda$runToolkit$11(QuantumToolkit.java:352)
	at com.sun.glass.ui.InvokeLaterDispatcher$Future.run(InvokeLaterDispatcher.java:95)
	at com.sun.glass.ui.win.WinApplication._runLoop(Native Method)
	at com.sun.glass.ui.win.WinApplication.lambda$runLoop$3(WinApplication.java:184)
	at java.base/java.lang.Thread.run(Thread.java:1447)

17:03:59.479 [JavaFX Application Thread] FATAL FXGLApplication      - Application will now exit
17:03:59.499 [JavaFX Application Thread] DEBUG PrimaryStageWindow   - Push state: ErrorSubScene
17:03:59.499 [JavaFX Application Thread] DEBUG Input                - Clearing active input actions
17:03:59.503 [JavaFX Application Thread] DEBUG GameApplicationServi - Removing overlay from DialogSubScene and adding to ErrorSubScene
17:03:59.503 [JavaFX Application Thread] DEBUG PrimaryStageWindow   - DialogSubScene -> ErrorSubScene
17:04:02.871 [JavaFX Application Thread] DEBUG FXGLApplication      - Exiting FXGL
17:04:02.872 [JavaFX Application Thread] DEBUG Async                - Shutting down background threads
17:04:02.872 [JavaFX Application Thread] DEBUG PrimaryStageWindow   - Closing main window
17:04:02.907 [JavaFX Application Thread] DEBUG Logger               - Closing Logger
