23:35:34.909 [main                     ] DEBUG Logger               - Configured Logger
23:35:34.945 [main                     ] DEBUG GameApplication      - Logging settings
Title: Shooter
Version: 0.1
Width: 1280
Height: 720
Fullscreen: true
Intro: false
Profiling: false
Single step:false
App Mode: DEVELOPER
Menu Key: ESCAPE
Stage Style: DECORATED
Scene Factory: class com.aen.spaceship_fights.MySceneFactory

23:35:35.445 [JavaFX Application Thread] DEBUG FXGLApplication      - Initializing FXGL
23:35:35.449 [JavaFX Application Thread] INFO  Engine               - FXGL-21.1 (27.03.2024 07.52) on WINDOWS (J:22.0.2 FX:22.0.1)
23:35:35.449 [JavaFX Application Thread] DEBUG Engine               - JRE Vendor Name: Oracle Corporation
23:35:35.449 [JavaFX Application Thread] DEBUG Engine               - Running on OS: Windows 11 version 10.0
23:35:35.449 [JavaFX Application Thread] DEBUG Engine               - Architecture: amd64
23:35:35.449 [JavaFX Application Thread] INFO  Engine               - Source code and latest versions at: https://github.com/AlmasB/FXGL
23:35:35.450 [JavaFX Application Thread] INFO  Engine               -       Ask questions and discuss at: https://github.com/AlmasB/FXGL/discussions
23:35:35.450 [JavaFX Application Thread] INFO  Engine               -              Join the FXGL chat at: https://gitter.im/AlmasB/FXGL
23:35:35.552 [JavaFX Application Thread] DEBUG PrimaryStageWindow   - Creating a JavaFX scene
23:35:35.598 [JavaFX Application Thread] DEBUG PrimaryStageWindow   - Target settings size: 1280.0 x 720.0
23:35:35.598 [JavaFX Application Thread] DEBUG PrimaryStageWindow   - Scaled scene size:    1280.0 x 720.0
23:35:35.598 [JavaFX Application Thread] DEBUG PrimaryStageWindow   - Scaled ratio: (1.0, 1.0)
23:35:35.599 [JavaFX Application Thread] DEBUG PrimaryStageWindow   - Set initial scene to FXGLStartupScene
23:35:35.602 [JavaFX Application Thread] DEBUG PrimaryStageWindow   - Opening main window
23:35:35.977 [JavaFX Application Thread] DEBUG PrimaryStageWindow   - Window border size: (16.0, 39.0)
23:35:35.977 [JavaFX Application Thread] DEBUG PrimaryStageWindow   - Scaled size: 1280.0 x 720.0
23:35:35.978 [JavaFX Application Thread] DEBUG PrimaryStageWindow   - Scaled ratio: (1.0, 1.0)
23:35:35.978 [JavaFX Application Thread] DEBUG PrimaryStageWindow   - Scene size: 1280.0 x 720.0
23:35:35.978 [JavaFX Application Thread] DEBUG PrimaryStageWindow   - Stage size: 1296.0 x 759.0
23:35:35.993 [FXGL Background Thread 1 ] DEBUG Engine               - Initializing environment variables
23:35:36.071 [FXGL Background Thread 1 ] DEBUG FXGLAssetLoaderServi - User app class for loading assets: class com.aen.spaceship_fights.SpaceShipFightsApp
23:35:36.071 [FXGL Background Thread 1 ] DEBUG GameApplicationServi - Applying CSS: fxgl_dark.css
23:35:36.072 [FXGL Background Thread 1 ] DEBUG FXGLAssetLoaderServi - Loading from file system: jar:file:/C:/Users/pc/.m2/repository/com/github/almasb/fxgl/21.1/fxgl-21.1.jar!/fxglassets/ui/css/fxgl_dark.css
23:35:36.127 [FXGL Background Thread 1 ] DEBUG GameApplicationServi - Initializing application scenes
23:35:36.197 [FXGL Background Thread 1 ] DEBUG GameWorld            - Game world initialized
23:35:36.250 [FXGL Background Thread 1 ] DEBUG PhysicsWorld         - Physics world initialized: appHeight=720, physics.ppm=50.0
23:35:36.250 [FXGL Background Thread 1 ] DEBUG PhysicsWorld         - Using strategy: BRUTE_FORCE
23:35:36.253 [FXGL Background Thread 1 ] DEBUG GameScene            - Game scene initialized: 1280x720
23:35:36.363 [FXGL Background Thread 1 ] DEBUG GameApplicationServi - Application scenes initialized
23:35:36.373 [FXGL Background Thread 1 ] DEBUG SystemBundleService  - Loading FXGL system data
23:35:36.375 [FXGL Background Thread 1 ] DEBUG FileSystemAccess     - Reading from: C:\Users\pc\Desktop\Java\GameEngines\Asteriods\system\fxgl.bundle
23:35:36.377 [FXGL Background Thread 1 ] DEBUG SystemBundleService  - Bundle FXGL: {}
23:35:36.378 [FXGL Background Thread 1 ] DEBUG UpdaterService       - Checking for updates
23:35:36.381 [FXGL Background Thread 4 ] DEBUG FXGLApplication      - Loading fonts
23:35:36.382 [FXGL Background Thread 4 ] DEBUG FXGLAssetLoaderServi - Loading from file system: jar:file:/C:/Users/pc/.m2/repository/com/github/almasb/fxgl/21.1/fxgl-21.1.jar!/fxglassets/ui/fonts/VarelaRound-Regular.ttf
23:35:36.382 [FXGL Background Thread 1 ] DEBUG FXGLApplication      - Loading default localization
23:35:36.383 [FXGL Background Thread 1 ] DEBUG FXGLAssetLoaderServi - Loading from file system: jar:file:/C:/Users/pc/.m2/repository/com/github/almasb/fxgl/21.1/fxgl-21.1.jar!/fxglassets/languages/english.lang
23:35:36.386 [FXGL Background Thread 4 ] DEBUG FXGLAssetLoaderServi - Loading from file system: jar:file:/C:/Users/pc/.m2/repository/com/github/almasb/fxgl/21.1/fxgl-21.1.jar!/fxglassets/ui/fonts/Abel-Regular.ttf
23:35:36.392 [FXGL Background Thread 4 ] DEBUG FXGLAssetLoaderServi - Loading from file system: jar:file:/C:/Users/pc/.m2/repository/com/github/almasb/fxgl/21.1/fxgl-21.1.jar!/fxglassets/ui/fonts/TerminalLandMono-Regular.otf
23:35:36.398 [FXGL Background Thread 4 ] DEBUG FXGLAssetLoaderServi - Loading from file system: jar:file:/C:/Users/pc/.m2/repository/com/github/almasb/fxgl/21.1/fxgl-21.1.jar!/fxglassets/ui/fonts/Courier-Prime.ttf
23:35:36.407 [JavaFX Application Thread] DEBUG FXGLApplication      - Registering font factories with UI factory
23:35:36.418 [FXGL Background Thread 1 ] INFO  FXGLApplication      - FXGL initialization took: 0.426 sec
23:35:36.434 [JavaFX Application Thread] DEBUG Input                - Registered new binding: action0 - A
23:35:36.435 [JavaFX Application Thread] DEBUG Input                - Registered new binding: action1 - D
23:35:36.435 [JavaFX Application Thread] DEBUG Input                - Registered new binding: action2 - W
23:35:36.436 [JavaFX Application Thread] DEBUG Input                - Registered new binding: action3 - F
23:35:36.436 [JavaFX Application Thread] DEBUG Input                - Registered new binding: action4 - P
23:35:36.436 [JavaFX Application Thread] DEBUG Input                - Registered new binding: action5 - R
23:35:36.436 [JavaFX Application Thread] DEBUG Input                - Registered new binding: action6 - M
23:35:36.437 [JavaFX Application Thread] DEBUG FXGLAssetLoaderServi - Loading from file system: jar:file:/C:/Users/pc/.m2/repository/com/github/almasb/fxgl/21.1/fxgl-21.1.jar!/fxglassets/textures/fxgl_icon.png
23:35:36.473 [JavaFX Application Thread] DEBUG FXGLAssetLoaderServi - Loading from file system: jar:file:/C:/Users/pc/.m2/repository/com/github/almasb/fxgl/21.1/fxgl-21.1.jar!/fxglassets/textures/fxgl_default_cursor.png
23:35:36.475 [JavaFX Application Thread] DEBUG Input                - Registered new binding: Screenshot - CTRL+8
23:35:36.476 [JavaFX Application Thread] DEBUG Input                - Registered new binding: System info dump - CTRL+9
23:35:36.476 [JavaFX Application Thread] DEBUG Input                - Registered new binding: Restart - CTRL+R
23:35:36.477 [JavaFX Application Thread] DEBUG Input                - Registered new binding: Toggle Debug Camera - CTRL+7
23:35:36.479 [JavaFX Application Thread] DEBUG LoopRunner           - Starting loop
23:35:36.480 [JavaFX Application Thread] DEBUG LoopRunner           - Initializing JavaFX AnimationTimerLoop
23:35:36.483 [JavaFX Application Thread] DEBUG Input                - Clearing active input actions
23:35:36.489 [JavaFX Application Thread] DEBUG GameApplicationServi - Removing overlay from FXGLStartupScene and adding to FXGLMainMenuDummyScene
23:35:36.489 [JavaFX Application Thread] DEBUG PrimaryStageWindow   - FXGLStartupScene -> FXGLMainMenuDummyScene
23:35:36.489 [JavaFX Application Thread] DEBUG PrimaryStageWindow   - Push state: MainMenu
23:35:36.489 [JavaFX Application Thread] DEBUG Input                - Clearing active input actions
23:35:36.498 [JavaFX Application Thread] DEBUG GameApplicationServi - Removing overlay from FXGLMainMenuDummyScene and adding to MainMenu
23:35:36.498 [JavaFX Application Thread] DEBUG PrimaryStageWindow   - FXGLMainMenuDummyScene -> MainMenu
23:35:39.381 [FXGL Background Thread 3 ] DEBUG Engine               - Logging environment variables
23:35:39.381 [FXGL Background Thread 3 ] DEBUG Engine               - achievements: []
23:35:39.381 [FXGL Background Thread 3 ] DEBUG Engine               - actualHeight: 720.0
23:35:39.382 [FXGL Background Thread 3 ] DEBUG Engine               - actualHeightProperty: ReadOnlyDoubleProperty [value: 720.0]
23:35:39.382 [FXGL Background Thread 3 ] DEBUG Engine               - actualWidth: 1280.0
23:35:39.383 [FXGL Background Thread 3 ] DEBUG Engine               - actualWidthProperty: ReadOnlyDoubleProperty [value: 1280.0]
23:35:39.383 [FXGL Background Thread 3 ] DEBUG Engine               - appIcon: fxgl_icon.png
23:35:39.383 [FXGL Background Thread 3 ] DEBUG Engine               - applicationMode: DEVELOPER
23:35:39.383 [FXGL Background Thread 3 ] DEBUG Engine               - cSSList: [fxgl_dark.css]
23:35:39.383 [FXGL Background Thread 3 ] DEBUG Engine               - collisionDetectionStrategy: BRUTE_FORCE
23:35:39.383 [FXGL Background Thread 3 ] DEBUG Engine               - configClass: Optional.empty
23:35:39.383 [FXGL Background Thread 3 ] DEBUG Engine               - credits: [Nyirenda Amos, Ouedraogo Luther Arthur, Magne Lidivine Merveille]
23:35:39.384 [FXGL Background Thread 3 ] DEBUG Engine               - defaultCursor: CursorInfo(imageName=fxgl_default_cursor.png, hotspotX=7.0, hotspotY=6.0)
23:35:39.384 [FXGL Background Thread 3 ] DEBUG Engine               - devBBoxColorProperty: ObjectProperty [value: 0xff0000ff]
23:35:39.384 [FXGL Background Thread 3 ] DEBUG Engine               - devEnableDebugCameraProperty: BooleanProperty [value: false]
23:35:39.384 [FXGL Background Thread 3 ] DEBUG Engine               - devSensorColorProperty: ObjectProperty [value: 0xffff00ff]
23:35:39.384 [FXGL Background Thread 3 ] DEBUG Engine               - devShowBBoxProperty: BooleanProperty [value: false]
23:35:39.385 [FXGL Background Thread 3 ] DEBUG Engine               - devShowPositionProperty: BooleanProperty [value: false]
23:35:39.385 [FXGL Background Thread 3 ] DEBUG Engine               - enabledMenuItems: []
23:35:39.385 [FXGL Background Thread 3 ] DEBUG Engine               - engineServices: [class com.almasb.fxgl.app.services.FXGLAssetLoaderService, class com.almasb.fxgl.app.FXGLApplication$GameApplicationService, class com.almasb.fxgl.app.services.FXGLDialogService, class com.almasb.fxgl.app.services.IOTaskExecutorService, class com.almasb.fxgl.io.FileSystemService, class com.almasb.fxgl.localization.LocalizationService, class com.almasb.fxgl.app.services.SystemBundleService, class com.almasb.fxgl.profile.SaveLoadService, class com.almasb.fxgl.ui.FXGLUIFactoryServiceProvider, class com.almasb.fxgl.ui.FXGLDialogFactoryServiceProvider, class com.almasb.fxgl.audio.AudioPlayer, class com.almasb.fxgl.notification.impl.NotificationServiceProvider, class com.almasb.fxgl.achievement.AchievementService, class com.almasb.fxgl.cutscene.CutsceneService, class com.almasb.fxgl.minigames.MiniGameService, class com.almasb.fxgl.net.NetService, class com.almasb.fxgl.app.services.UpdaterService, class com.almasb.fxgl.dev.DevService]
23:35:39.385 [FXGL Background Thread 3 ] DEBUG Engine               - fontGame: Abel-Regular.ttf
23:35:39.385 [FXGL Background Thread 3 ] DEBUG Engine               - fontMono: TerminalLandMono-Regular.otf
23:35:39.385 [FXGL Background Thread 3 ] DEBUG Engine               - fontSizeScaleUI: 1.0
23:35:39.385 [FXGL Background Thread 3 ] DEBUG Engine               - fontText: Courier-Prime.ttf
23:35:39.385 [FXGL Background Thread 3 ] DEBUG Engine               - fontUI: VarelaRound-Regular.ttf
23:35:39.385 [FXGL Background Thread 3 ] DEBUG Engine               - fullScreen: BooleanProperty [value: false]
23:35:39.385 [FXGL Background Thread 3 ] DEBUG Engine               - gameDifficulty: MEDIUM
23:35:39.385 [FXGL Background Thread 3 ] DEBUG Engine               - gameDifficultyProperty: ObjectProperty [value: MEDIUM]
23:35:39.385 [FXGL Background Thread 3 ] DEBUG Engine               - globalMusicVolume: 0.5
23:35:39.385 [FXGL Background Thread 3 ] DEBUG Engine               - globalMusicVolumeProperty: DoubleProperty [value: 0.5]
23:35:39.385 [FXGL Background Thread 3 ] DEBUG Engine               - globalSoundVolume: 0.5
23:35:39.385 [FXGL Background Thread 3 ] DEBUG Engine               - globalSoundVolumeProperty: DoubleProperty [value: 0.5]
23:35:39.385 [FXGL Background Thread 3 ] DEBUG Engine               - height: 720
23:35:39.385 [FXGL Background Thread 3 ] DEBUG Engine               - is3D: false
23:35:39.385 [FXGL Background Thread 3 ] DEBUG Engine               - isAndroid: false
23:35:39.385 [FXGL Background Thread 3 ] DEBUG Engine               - isBrowser: false
23:35:39.385 [FXGL Background Thread 3 ] DEBUG Engine               - isClickFeedbackEnabled: false
23:35:39.385 [FXGL Background Thread 3 ] DEBUG Engine               - isCloseConfirmation: false
23:35:39.386 [FXGL Background Thread 3 ] DEBUG Engine               - isDesktop: true
23:35:39.386 [FXGL Background Thread 3 ] DEBUG Engine               - isDeveloperMenuEnabled: false
23:35:39.386 [FXGL Background Thread 3 ] DEBUG Engine               - isEmbedded: false
23:35:39.386 [FXGL Background Thread 3 ] DEBUG Engine               - isEntityPreloadEnabled: true
23:35:39.386 [FXGL Background Thread 3 ] DEBUG Engine               - isExperimentalTiledLargeMap: false
23:35:39.386 [FXGL Background Thread 3 ] DEBUG Engine               - isFileSystemWriteAllowed: true
23:35:39.386 [FXGL Background Thread 3 ] DEBUG Engine               - isFullScreenAllowed: true
23:35:39.386 [FXGL Background Thread 3 ] DEBUG Engine               - isFullScreenFromStart: false
23:35:39.386 [FXGL Background Thread 3 ] DEBUG Engine               - isGameMenuEnabled: true
23:35:39.386 [FXGL Background Thread 3 ] DEBUG Engine               - isIOS: false
23:35:39.386 [FXGL Background Thread 3 ] DEBUG Engine               - isIntroEnabled: false
23:35:39.387 [FXGL Background Thread 3 ] DEBUG Engine               - isLinux: false
23:35:39.387 [FXGL Background Thread 3 ] DEBUG Engine               - isMac: false
23:35:39.387 [FXGL Background Thread 3 ] DEBUG Engine               - isMainMenuEnabled: true
23:35:39.387 [FXGL Background Thread 3 ] DEBUG Engine               - isManualResizeEnabled: false
23:35:39.387 [FXGL Background Thread 3 ] DEBUG Engine               - isMobile: false
23:35:39.387 [FXGL Background Thread 3 ] DEBUG Engine               - isNative: false
23:35:39.387 [FXGL Background Thread 3 ] DEBUG Engine               - isPauseMusicWhenMinimized: true
23:35:39.387 [FXGL Background Thread 3 ] DEBUG Engine               - isPreserveResizeRatio: false
23:35:39.387 [FXGL Background Thread 3 ] DEBUG Engine               - isProfilingEnabled: false
23:35:39.387 [FXGL Background Thread 3 ] DEBUG Engine               - isScaleAffectedOnResize: true
23:35:39.387 [FXGL Background Thread 3 ] DEBUG Engine               - isSingleStep: false
23:35:39.387 [FXGL Background Thread 3 ] DEBUG Engine               - isUserProfileEnabled: false
23:35:39.387 [FXGL Background Thread 3 ] DEBUG Engine               - isWindows: true
23:35:39.387 [FXGL Background Thread 3 ] DEBUG Engine               - language: ObjectProperty [value: ENGLISH]
23:35:39.387 [FXGL Background Thread 3 ] DEBUG Engine               - menuKey: ESCAPE
23:35:39.387 [FXGL Background Thread 3 ] DEBUG Engine               - mouseSensitivity: 0.2
23:35:39.388 [FXGL Background Thread 3 ] DEBUG Engine               - notificationViewClass: class com.almasb.fxgl.notification.view.XboxNotificationView
23:35:39.388 [FXGL Background Thread 3 ] DEBUG Engine               - pixelsPerMeter: 50.0
23:35:39.388 [FXGL Background Thread 3 ] DEBUG Engine               - platform: WINDOWS
23:35:39.388 [FXGL Background Thread 3 ] DEBUG Engine               - prefHeightProperty: ReadOnlyDoubleProperty [value: 720.0]
23:35:39.388 [FXGL Background Thread 3 ] DEBUG Engine               - prefWidthProperty: ReadOnlyDoubleProperty [value: 1280.0]
23:35:39.388 [FXGL Background Thread 3 ] DEBUG Engine               - profileDir: profiles/
23:35:39.388 [FXGL Background Thread 3 ] DEBUG Engine               - profileName: StringProperty [value: DEFAULT]
23:35:39.388 [FXGL Background Thread 3 ] DEBUG Engine               - randomSeed: -1
23:35:39.388 [FXGL Background Thread 3 ] DEBUG Engine               - runtimeInfo: RuntimeInfo(platform=WINDOWS, version=21.1, build=27.03.2024 07.52)
23:35:39.388 [FXGL Background Thread 3 ] DEBUG Engine               - saveFileExt: sav
23:35:39.388 [FXGL Background Thread 3 ] DEBUG Engine               - scaledHeightProp$fxgl: DoubleProperty [bound, value: 720.0]
23:35:39.388 [FXGL Background Thread 3 ] DEBUG Engine               - scaledWidthProp$fxgl: DoubleProperty [bound, value: 1280.0]
23:35:39.388 [FXGL Background Thread 3 ] DEBUG Engine               - sceneFactory: com.aen.spaceship_fights.MySceneFactory@19e29c47
23:35:39.388 [FXGL Background Thread 3 ] DEBUG Engine               - secondsIn24h: 60
23:35:39.388 [FXGL Background Thread 3 ] DEBUG Engine               - soundMenuBack: menu/back.wav
23:35:39.388 [FXGL Background Thread 3 ] DEBUG Engine               - soundMenuPress: menu/press.wav
23:35:39.388 [FXGL Background Thread 3 ] DEBUG Engine               - soundMenuSelect: menu/select.wav
23:35:39.388 [FXGL Background Thread 3 ] DEBUG Engine               - soundNotification: core/notification.wav
23:35:39.388 [FXGL Background Thread 3 ] DEBUG Engine               - stageStyle: DECORATED
23:35:39.388 [FXGL Background Thread 3 ] DEBUG Engine               - supportedLanguages: [ENGLISH, FRENCH, GERMAN, HUNGARIAN, RUSSIAN]
23:35:39.389 [FXGL Background Thread 3 ] DEBUG Engine               - ticksPerSecond: -1
23:35:39.389 [FXGL Background Thread 3 ] DEBUG Engine               - title: Shooter
23:35:39.389 [FXGL Background Thread 3 ] DEBUG Engine               - urlGithub: https://github.com/AlmasB/FXGL
23:35:39.389 [FXGL Background Thread 3 ] DEBUG Engine               - urlLeaderboard: http://fxgl-top.herokuapp.com/
23:35:39.389 [FXGL Background Thread 3 ] DEBUG Engine               - urlPOM: https://raw.githubusercontent.com/AlmasB/FXGL/release/README.md
23:35:39.389 [FXGL Background Thread 3 ] DEBUG Engine               - userAppClass: class com.aen.spaceship_fights.SpaceShipFightsApp
23:35:39.389 [FXGL Background Thread 3 ] DEBUG Engine               - version: 0.1
23:35:39.389 [FXGL Background Thread 3 ] DEBUG Engine               - versionCheckDays: 7
23:35:39.389 [FXGL Background Thread 3 ] DEBUG Engine               - width: 1280
23:35:39.389 [FXGL Background Thread 3 ] DEBUG Engine               - Logging services
23:35:39.389 [FXGL Background Thread 3 ] DEBUG Engine               - class com.almasb.fxgl.app.services.FXGLAssetLoaderService
23:35:39.389 [FXGL Background Thread 3 ] DEBUG Engine               - class com.almasb.fxgl.app.FXGLApplication$GameApplicationService
23:35:39.389 [FXGL Background Thread 3 ] DEBUG Engine               - class com.almasb.fxgl.app.services.FXGLDialogService
23:35:39.389 [FXGL Background Thread 3 ] DEBUG Engine               - class com.almasb.fxgl.app.services.IOTaskExecutorService
23:35:39.389 [FXGL Background Thread 3 ] DEBUG Engine               - class com.almasb.fxgl.io.FileSystemService
23:35:39.389 [FXGL Background Thread 3 ] DEBUG Engine               - class com.almasb.fxgl.localization.LocalizationService
23:35:39.389 [FXGL Background Thread 3 ] DEBUG Engine               - class com.almasb.fxgl.app.services.SystemBundleService
23:35:39.389 [FXGL Background Thread 3 ] DEBUG Engine               - class com.almasb.fxgl.profile.SaveLoadService
23:35:39.389 [FXGL Background Thread 3 ] DEBUG Engine               - class com.almasb.fxgl.ui.FXGLUIFactoryServiceProvider
23:35:39.389 [FXGL Background Thread 3 ] DEBUG Engine               - class com.almasb.fxgl.ui.FXGLDialogFactoryServiceProvider
23:35:39.389 [FXGL Background Thread 3 ] DEBUG Engine               - class com.almasb.fxgl.audio.AudioPlayer
23:35:39.389 [FXGL Background Thread 3 ] DEBUG Engine               - class com.almasb.fxgl.notification.impl.NotificationServiceProvider
23:35:39.389 [FXGL Background Thread 3 ] DEBUG Engine               - class com.almasb.fxgl.achievement.AchievementService
23:35:39.389 [FXGL Background Thread 3 ] DEBUG Engine               - class com.almasb.fxgl.cutscene.CutsceneService
23:35:39.389 [FXGL Background Thread 3 ] DEBUG Engine               - class com.almasb.fxgl.minigames.MiniGameService
23:35:39.389 [FXGL Background Thread 3 ] DEBUG Engine               - class com.almasb.fxgl.net.NetService
23:35:39.389 [FXGL Background Thread 3 ] DEBUG Engine               - class com.almasb.fxgl.app.services.UpdaterService
23:35:39.389 [FXGL Background Thread 3 ] DEBUG Engine               - class com.almasb.fxgl.dev.DevService
23:36:43.827 [JavaFX Application Thread] DEBUG Menu                 - fireNewGame()
23:36:43.827 [JavaFX Application Thread] DEBUG GameApplicationServi - Starting new game
23:36:43.827 [JavaFX Application Thread] DEBUG PrimaryStageWindow   - Pop state: MainMenu
23:36:43.827 [JavaFX Application Thread] DEBUG Input                - Clearing active input actions
23:36:43.828 [JavaFX Application Thread] DEBUG GameApplicationServi - Removing overlay from MainMenu and adding to FXGLMainMenuDummyScene
23:36:43.829 [JavaFX Application Thread] DEBUG PrimaryStageWindow   - FXGLMainMenuDummyScene <- MainMenu
23:36:43.829 [JavaFX Application Thread] DEBUG Input                - Clearing active input actions
23:36:43.835 [JavaFX Application Thread] DEBUG GameApplicationServi - Removing overlay from FXGLMainMenuDummyScene and adding to FXGLLoadingScene
23:36:43.835 [JavaFX Application Thread] DEBUG PrimaryStageWindow   - FXGLMainMenuDummyScene -> FXGLLoadingScene
23:36:43.835 [JavaFX Application Thread] DEBUG GameApplicationServi - Clearing previous game
23:36:43.835 [JavaFX Application Thread] DEBUG GameScene            - Clearing game scene
23:36:43.835 [JavaFX Application Thread] DEBUG GameWorld            - Clearing game world
23:36:43.835 [JavaFX Application Thread] DEBUG PhysicsWorld         - Clearing physics world
23:36:43.840 [FXGL Background Thread 5 ] DEBUG FXGLApplication      - Initializing game
23:36:43.894 [FXGL Background Thread 5 ] DEBUG FXGLAssetLoaderServi - Loading from file system: file:/C:/Users/pc/Desktop/Java/GameEngines/Asteriods/target/classes/assets/textures/player.png
23:36:43.952 [FXGL Background Thread 5 ] DEBUG FXGLAssetLoaderServi - Loading from file system: file:/C:/Users/pc/Desktop/Java/GameEngines/Asteriods/target/classes/assets/textures/life.png
23:36:43.959 [FXGL Background Thread 5 ] INFO  FXGLApplication      - Game initialization took: 0.119 sec
23:36:43.960 [JavaFX Application Thread] DEBUG Input                - Clearing active input actions
23:36:43.967 [JavaFX Application Thread] DEBUG GameApplicationServi - Removing overlay from FXGLLoadingScene and adding to GameScene
23:36:43.967 [JavaFX Application Thread] DEBUG PrimaryStageWindow   - FXGLLoadingScene -> GameScene
23:36:49.993 [JavaFX Application Thread] DEBUG FXGLAssetLoaderServi - Loading from file system: file:/C:/Users/pc/Desktop/Java/GameEngines/Asteriods/target/classes/assets/textures/instructor_2.png
23:37:10.111 [JavaFX Application Thread] DEBUG FXGLAssetLoaderServi - Loading from file system: file:/C:/Users/pc/Desktop/Java/GameEngines/Asteriods/target/classes/assets/sounds/level.wav
23:37:11.696 [JavaFX Application Thread] DEBUG FXGLAssetLoaderServi - Loading from file system: file:/C:/Users/pc/Desktop/Java/GameEngines/Asteriods/target/classes/assets/textures/enemy1.png
23:37:11.963 [JavaFX Application Thread] DEBUG FXGLAssetLoaderServi - Loading from file system: file:/C:/Users/pc/Desktop/Java/GameEngines/Asteriods/target/classes/assets/textures/enemy2.png
23:37:56.331 [JavaFX Application Thread] DEBUG FXGLApplication      - Exiting FXGL
23:37:56.331 [JavaFX Application Thread] DEBUG LoopRunner           - Stopping loop
23:37:56.332 [JavaFX Application Thread] DEBUG SystemBundleService  - Saving FXGL system data
23:37:56.333 [JavaFX Application Thread] DEBUG FileSystemAccess     - Writing to: C:\Users\pc\Desktop\Java\GameEngines\Asteriods\system\fxgl.bundle
23:37:56.334 [JavaFX Application Thread] DEBUG Async                - Shutting down background threads
23:37:56.334 [JavaFX Application Thread] DEBUG PrimaryStageWindow   - Closing main window
23:37:56.344 [JavaFX Application Thread] DEBUG Logger               - Closing Logger
