18:04:16.019 [main                     ] DEBUG Logger               - Configured Logger
18:04:16.044 [main                     ] DEBUG GameApplication      - Logging settings
Title: Shooter
Version: 0.1
Width: 1280
Height: 720
Fullscreen: true
Intro: false
Profiling: false
Single step:false
App Mode: DEVELOPER
Menu Key: ESCAPE
Stage Style: DECORATED
Scene Factory: class com.aen.spaceship_fights.MySceneFactory

18:04:16.546 [JavaFX Application Thread] DEBUG FXGLApplication      - Initializing FXGL
18:04:16.551 [JavaFX Application Thread] INFO  Engine               - FXGL-21.1 (27.03.2024 07.52) on WINDOWS (J:22.0.2 FX:22.0.1)
18:04:16.551 [JavaFX Application Thread] DEBUG Engine               - JRE Vendor Name: Oracle Corporation
18:04:16.551 [JavaFX Application Thread] DEBUG Engine               - Running on OS: Windows 11 version 10.0
18:04:16.551 [JavaFX Application Thread] DEBUG Engine               - Architecture: amd64
18:04:16.551 [JavaFX Application Thread] INFO  Engine               - Source code and latest versions at: https://github.com/AlmasB/FXGL
18:04:16.551 [JavaFX Application Thread] INFO  Engine               -       Ask questions and discuss at: https://github.com/AlmasB/FXGL/discussions
18:04:16.551 [JavaFX Application Thread] INFO  Engine               -              Join the FXGL chat at: https://gitter.im/AlmasB/FXGL
18:04:16.684 [JavaFX Application Thread] DEBUG PrimaryStageWindow   - Creating a JavaFX scene
18:04:16.757 [JavaFX Application Thread] DEBUG PrimaryStageWindow   - Target settings size: 1280.0 x 720.0
18:04:16.757 [JavaFX Application Thread] DEBUG PrimaryStageWindow   - Scaled scene size:    1280.0 x 720.0
18:04:16.757 [JavaFX Application Thread] DEBUG PrimaryStageWindow   - Scaled ratio: (1.0, 1.0)
18:04:16.759 [JavaFX Application Thread] DEBUG PrimaryStageWindow   - Set initial scene to FXGLStartupScene
18:04:16.764 [JavaFX Application Thread] DEBUG PrimaryStageWindow   - Opening main window
18:04:17.268 [JavaFX Application Thread] DEBUG PrimaryStageWindow   - Window border size: (16.0, 39.0)
18:04:17.269 [JavaFX Application Thread] DEBUG PrimaryStageWindow   - Scaled size: 1280.0 x 720.0
18:04:17.270 [JavaFX Application Thread] DEBUG PrimaryStageWindow   - Scaled ratio: (1.0, 1.0)
18:04:17.270 [JavaFX Application Thread] DEBUG PrimaryStageWindow   - Scene size: 1280.0 x 720.0
18:04:17.270 [JavaFX Application Thread] DEBUG PrimaryStageWindow   - Stage size: 1296.0 x 759.0
18:04:17.314 [FXGL Background Thread 1 ] DEBUG Engine               - Initializing environment variables
18:04:17.372 [FXGL Background Thread 1 ] DEBUG FXGLAssetLoaderServi - User app class for loading assets: class com.aen.spaceship_fights.SpaceShipFightsApp
18:04:17.372 [FXGL Background Thread 1 ] DEBUG GameApplicationServi - Applying CSS: fxgl_dark.css
18:04:17.374 [FXGL Background Thread 1 ] DEBUG FXGLAssetLoaderServi - Loading from file system: jar:file:/C:/Users/pc/.m2/repository/com/github/almasb/fxgl/21.1/fxgl-21.1.jar!/fxglassets/ui/css/fxgl_dark.css
18:04:17.432 [FXGL Background Thread 1 ] DEBUG GameApplicationServi - Initializing application scenes
18:04:17.536 [FXGL Background Thread 1 ] DEBUG GameWorld            - Game world initialized
18:04:17.611 [FXGL Background Thread 1 ] DEBUG PhysicsWorld         - Physics world initialized: appHeight=720, physics.ppm=50.0
18:04:17.611 [FXGL Background Thread 1 ] DEBUG PhysicsWorld         - Using strategy: BRUTE_FORCE
18:04:17.616 [FXGL Background Thread 1 ] DEBUG GameScene            - Game scene initialized: 1280x720
18:04:17.720 [FXGL Background Thread 1 ] DEBUG GameApplicationServi - Application scenes initialized
18:04:17.733 [FXGL Background Thread 1 ] DEBUG SystemBundleService  - Loading FXGL system data
18:04:17.735 [FXGL Background Thread 1 ] DEBUG FileSystemAccess     - Reading from: C:\Users\pc\Desktop\Java\GameEngines\Asteriods\system\fxgl.bundle
18:04:17.738 [FXGL Background Thread 1 ] DEBUG SystemBundleService  - Bundle FXGL: {}
18:04:17.738 [FXGL Background Thread 1 ] DEBUG UpdaterService       - Checking for updates
18:04:17.742 [FXGL Background Thread 1 ] DEBUG FXGLApplication      - Loading default localization
18:04:17.742 [FXGL Background Thread 1 ] DEBUG FXGLAssetLoaderServi - Loading from file system: jar:file:/C:/Users/pc/.m2/repository/com/github/almasb/fxgl/21.1/fxgl-21.1.jar!/fxglassets/languages/english.lang
18:04:17.758 [FXGL Background Thread 1 ] INFO  FXGLApplication      - FXGL initialization took: 0.444 sec
18:04:17.762 [FXGL Background Thread 4 ] DEBUG FXGLApplication      - Loading fonts
18:04:17.762 [FXGL Background Thread 4 ] DEBUG FXGLAssetLoaderServi - Loading from file system: jar:file:/C:/Users/pc/.m2/repository/com/github/almasb/fxgl/21.1/fxgl-21.1.jar!/fxglassets/ui/fonts/VarelaRound-Regular.ttf
18:04:17.766 [FXGL Background Thread 4 ] DEBUG FXGLAssetLoaderServi - Loading from file system: jar:file:/C:/Users/pc/.m2/repository/com/github/almasb/fxgl/21.1/fxgl-21.1.jar!/fxglassets/ui/fonts/Abel-Regular.ttf
18:04:17.769 [JavaFX Application Thread] DEBUG Input                - Registered new binding: action0 - A
18:04:17.769 [JavaFX Application Thread] DEBUG Input                - Registered new binding: action1 - D
18:04:17.769 [JavaFX Application Thread] DEBUG Input                - Registered new binding: action2 - W
18:04:17.771 [FXGL Background Thread 4 ] DEBUG FXGLAssetLoaderServi - Loading from file system: jar:file:/C:/Users/pc/.m2/repository/com/github/almasb/fxgl/21.1/fxgl-21.1.jar!/fxglassets/ui/fonts/TerminalLandMono-Regular.otf
18:04:17.771 [JavaFX Application Thread] DEBUG Input                - Registered new binding: action3 - F
18:04:17.772 [JavaFX Application Thread] DEBUG Input                - Registered new binding: action4 - P
18:04:17.773 [JavaFX Application Thread] DEBUG Input                - Registered new binding: action5 - R
18:04:17.773 [JavaFX Application Thread] DEBUG Input                - Registered new binding: action6 - M
18:04:17.773 [JavaFX Application Thread] DEBUG FXGLAssetLoaderServi - Loading from file system: jar:file:/C:/Users/pc/.m2/repository/com/github/almasb/fxgl/21.1/fxgl-21.1.jar!/fxglassets/textures/fxgl_icon.png
18:04:17.779 [FXGL Background Thread 4 ] DEBUG FXGLAssetLoaderServi - Loading from file system: jar:file:/C:/Users/pc/.m2/repository/com/github/almasb/fxgl/21.1/fxgl-21.1.jar!/fxglassets/ui/fonts/Courier-Prime.ttf
18:04:17.844 [JavaFX Application Thread] DEBUG FXGLAssetLoaderServi - Loading from file system: jar:file:/C:/Users/pc/.m2/repository/com/github/almasb/fxgl/21.1/fxgl-21.1.jar!/fxglassets/textures/fxgl_default_cursor.png
18:04:17.847 [JavaFX Application Thread] DEBUG Input                - Registered new binding: Screenshot - CTRL+8
18:04:17.847 [JavaFX Application Thread] DEBUG Input                - Registered new binding: System info dump - CTRL+9
18:04:17.848 [JavaFX Application Thread] DEBUG Input                - Registered new binding: Restart - CTRL+R
18:04:17.850 [JavaFX Application Thread] DEBUG Input                - Registered new binding: Toggle Debug Camera - CTRL+7
18:04:17.855 [JavaFX Application Thread] DEBUG LoopRunner           - Starting loop
18:04:17.856 [JavaFX Application Thread] DEBUG LoopRunner           - Initializing JavaFX AnimationTimerLoop
18:04:17.863 [JavaFX Application Thread] DEBUG Input                - Clearing active input actions
18:04:17.877 [JavaFX Application Thread] DEBUG GameApplicationServi - Removing overlay from FXGLStartupScene and adding to FXGLMainMenuDummyScene
18:04:17.878 [JavaFX Application Thread] DEBUG PrimaryStageWindow   - FXGLStartupScene -> FXGLMainMenuDummyScene
18:04:17.878 [JavaFX Application Thread] DEBUG PrimaryStageWindow   - Push state: MainMenu
18:04:17.879 [JavaFX Application Thread] DEBUG Input                - Clearing active input actions
18:04:17.894 [JavaFX Application Thread] DEBUG GameApplicationServi - Removing overlay from FXGLMainMenuDummyScene and adding to MainMenu
18:04:17.894 [JavaFX Application Thread] DEBUG PrimaryStageWindow   - FXGLMainMenuDummyScene -> MainMenu
18:04:17.937 [JavaFX Application Thread] DEBUG FXGLApplication      - Registering font factories with UI factory
18:04:20.742 [FXGL Background Thread 3 ] DEBUG Engine               - Logging environment variables
18:04:20.743 [FXGL Background Thread 3 ] DEBUG Engine               - achievements: []
18:04:20.744 [FXGL Background Thread 3 ] DEBUG Engine               - actualHeight: 720.0
18:04:20.744 [FXGL Background Thread 3 ] DEBUG Engine               - actualHeightProperty: ReadOnlyDoubleProperty [value: 720.0]
18:04:20.744 [FXGL Background Thread 3 ] DEBUG Engine               - actualWidth: 1280.0
18:04:20.745 [FXGL Background Thread 3 ] DEBUG Engine               - actualWidthProperty: ReadOnlyDoubleProperty [value: 1280.0]
18:04:20.745 [FXGL Background Thread 3 ] DEBUG Engine               - appIcon: fxgl_icon.png
18:04:20.745 [FXGL Background Thread 3 ] DEBUG Engine               - applicationMode: DEVELOPER
18:04:20.745 [FXGL Background Thread 3 ] DEBUG Engine               - cSSList: [fxgl_dark.css]
18:04:20.745 [FXGL Background Thread 3 ] DEBUG Engine               - collisionDetectionStrategy: BRUTE_FORCE
18:04:20.746 [FXGL Background Thread 3 ] DEBUG Engine               - configClass: Optional.empty
18:04:20.746 [FXGL Background Thread 3 ] DEBUG Engine               - credits: [Nyirenda Amos, Ouedraogo Luther Arthur, Magne Lidivine Merveille]
18:04:20.749 [FXGL Background Thread 3 ] DEBUG Engine               - defaultCursor: CursorInfo(imageName=fxgl_default_cursor.png, hotspotX=7.0, hotspotY=6.0)
18:04:20.750 [FXGL Background Thread 3 ] DEBUG Engine               - devBBoxColorProperty: ObjectProperty [value: 0xff0000ff]
18:04:20.751 [FXGL Background Thread 3 ] DEBUG Engine               - devEnableDebugCameraProperty: BooleanProperty [value: false]
18:04:20.751 [FXGL Background Thread 3 ] DEBUG Engine               - devSensorColorProperty: ObjectProperty [value: 0xffff00ff]
18:04:20.751 [FXGL Background Thread 3 ] DEBUG Engine               - devShowBBoxProperty: BooleanProperty [value: false]
18:04:20.751 [FXGL Background Thread 3 ] DEBUG Engine               - devShowPositionProperty: BooleanProperty [value: false]
18:04:20.751 [FXGL Background Thread 3 ] DEBUG Engine               - enabledMenuItems: []
18:04:20.752 [FXGL Background Thread 3 ] DEBUG Engine               - engineServices: [class com.almasb.fxgl.app.services.FXGLAssetLoaderService, class com.almasb.fxgl.app.FXGLApplication$GameApplicationService, class com.almasb.fxgl.app.services.FXGLDialogService, class com.almasb.fxgl.app.services.IOTaskExecutorService, class com.almasb.fxgl.io.FileSystemService, class com.almasb.fxgl.localization.LocalizationService, class com.almasb.fxgl.app.services.SystemBundleService, class com.almasb.fxgl.profile.SaveLoadService, class com.almasb.fxgl.ui.FXGLUIFactoryServiceProvider, class com.almasb.fxgl.ui.FXGLDialogFactoryServiceProvider, class com.almasb.fxgl.audio.AudioPlayer, class com.almasb.fxgl.notification.impl.NotificationServiceProvider, class com.almasb.fxgl.achievement.AchievementService, class com.almasb.fxgl.cutscene.CutsceneService, class com.almasb.fxgl.minigames.MiniGameService, class com.almasb.fxgl.net.NetService, class com.almasb.fxgl.app.services.UpdaterService, class com.almasb.fxgl.dev.DevService]
18:04:20.752 [FXGL Background Thread 3 ] DEBUG Engine               - fontGame: Abel-Regular.ttf
18:04:20.752 [FXGL Background Thread 3 ] DEBUG Engine               - fontMono: TerminalLandMono-Regular.otf
18:04:20.753 [FXGL Background Thread 3 ] DEBUG Engine               - fontSizeScaleUI: 1.0
18:04:20.753 [FXGL Background Thread 3 ] DEBUG Engine               - fontText: Courier-Prime.ttf
18:04:20.753 [FXGL Background Thread 3 ] DEBUG Engine               - fontUI: VarelaRound-Regular.ttf
18:04:20.753 [FXGL Background Thread 3 ] DEBUG Engine               - fullScreen: BooleanProperty [value: false]
18:04:20.753 [FXGL Background Thread 3 ] DEBUG Engine               - gameDifficulty: MEDIUM
18:04:20.753 [FXGL Background Thread 3 ] DEBUG Engine               - gameDifficultyProperty: ObjectProperty [value: MEDIUM]
18:04:20.754 [FXGL Background Thread 3 ] DEBUG Engine               - globalMusicVolume: 0.5
18:04:20.754 [FXGL Background Thread 3 ] DEBUG Engine               - globalMusicVolumeProperty: DoubleProperty [value: 0.5]
18:04:20.754 [FXGL Background Thread 3 ] DEBUG Engine               - globalSoundVolume: 0.5
18:04:20.754 [FXGL Background Thread 3 ] DEBUG Engine               - globalSoundVolumeProperty: DoubleProperty [value: 0.5]
18:04:20.754 [FXGL Background Thread 3 ] DEBUG Engine               - height: 720
18:04:20.754 [FXGL Background Thread 3 ] DEBUG Engine               - is3D: false
18:04:20.754 [FXGL Background Thread 3 ] DEBUG Engine               - isAndroid: false
18:04:20.756 [FXGL Background Thread 3 ] DEBUG Engine               - isBrowser: false
18:04:20.756 [FXGL Background Thread 3 ] DEBUG Engine               - isClickFeedbackEnabled: false
18:04:20.756 [FXGL Background Thread 3 ] DEBUG Engine               - isCloseConfirmation: false
18:04:20.756 [FXGL Background Thread 3 ] DEBUG Engine               - isDesktop: true
18:04:20.757 [FXGL Background Thread 3 ] DEBUG Engine               - isDeveloperMenuEnabled: false
18:04:20.757 [FXGL Background Thread 3 ] DEBUG Engine               - isEmbedded: false
18:04:20.757 [FXGL Background Thread 3 ] DEBUG Engine               - isEntityPreloadEnabled: true
18:04:20.757 [FXGL Background Thread 3 ] DEBUG Engine               - isExperimentalTiledLargeMap: false
18:04:20.757 [FXGL Background Thread 3 ] DEBUG Engine               - isFileSystemWriteAllowed: true
18:04:20.758 [FXGL Background Thread 3 ] DEBUG Engine               - isFullScreenAllowed: true
18:04:20.758 [FXGL Background Thread 3 ] DEBUG Engine               - isFullScreenFromStart: false
18:04:20.758 [FXGL Background Thread 3 ] DEBUG Engine               - isGameMenuEnabled: true
18:04:20.759 [FXGL Background Thread 3 ] DEBUG Engine               - isIOS: false
18:04:20.759 [FXGL Background Thread 3 ] DEBUG Engine               - isIntroEnabled: false
18:04:20.759 [FXGL Background Thread 3 ] DEBUG Engine               - isLinux: false
18:04:20.760 [FXGL Background Thread 3 ] DEBUG Engine               - isMac: false
18:04:20.760 [FXGL Background Thread 3 ] DEBUG Engine               - isMainMenuEnabled: true
18:04:20.760 [FXGL Background Thread 3 ] DEBUG Engine               - isManualResizeEnabled: false
18:04:20.760 [FXGL Background Thread 3 ] DEBUG Engine               - isMobile: false
18:04:20.760 [FXGL Background Thread 3 ] DEBUG Engine               - isNative: false
18:04:20.760 [FXGL Background Thread 3 ] DEBUG Engine               - isPauseMusicWhenMinimized: true
18:04:20.761 [FXGL Background Thread 3 ] DEBUG Engine               - isPreserveResizeRatio: false
18:04:20.761 [FXGL Background Thread 3 ] DEBUG Engine               - isProfilingEnabled: false
18:04:20.761 [FXGL Background Thread 3 ] DEBUG Engine               - isScaleAffectedOnResize: true
18:04:20.761 [FXGL Background Thread 3 ] DEBUG Engine               - isSingleStep: false
18:04:20.762 [FXGL Background Thread 3 ] DEBUG Engine               - isUserProfileEnabled: false
18:04:20.762 [FXGL Background Thread 3 ] DEBUG Engine               - isWindows: true
18:04:20.763 [FXGL Background Thread 3 ] DEBUG Engine               - language: ObjectProperty [value: ENGLISH]
18:04:20.763 [FXGL Background Thread 3 ] DEBUG Engine               - menuKey: ESCAPE
18:04:20.763 [FXGL Background Thread 3 ] DEBUG Engine               - mouseSensitivity: 0.2
18:04:20.764 [FXGL Background Thread 3 ] DEBUG Engine               - notificationViewClass: class com.almasb.fxgl.notification.view.XboxNotificationView
18:04:20.764 [FXGL Background Thread 3 ] DEBUG Engine               - pixelsPerMeter: 50.0
18:04:20.764 [FXGL Background Thread 3 ] DEBUG Engine               - platform: WINDOWS
18:04:20.765 [FXGL Background Thread 3 ] DEBUG Engine               - prefHeightProperty: ReadOnlyDoubleProperty [value: 720.0]
18:04:20.765 [FXGL Background Thread 3 ] DEBUG Engine               - prefWidthProperty: ReadOnlyDoubleProperty [value: 1280.0]
18:04:20.765 [FXGL Background Thread 3 ] DEBUG Engine               - profileDir: profiles/
18:04:20.766 [FXGL Background Thread 3 ] DEBUG Engine               - profileName: StringProperty [value: DEFAULT]
18:04:20.767 [FXGL Background Thread 3 ] DEBUG Engine               - randomSeed: -1
18:04:20.768 [FXGL Background Thread 3 ] DEBUG Engine               - runtimeInfo: RuntimeInfo(platform=WINDOWS, version=21.1, build=27.03.2024 07.52)
18:04:20.768 [FXGL Background Thread 3 ] DEBUG Engine               - saveFileExt: sav
18:04:20.768 [FXGL Background Thread 3 ] DEBUG Engine               - scaledHeightProp$fxgl: DoubleProperty [bound, value: 720.0]
18:04:20.768 [FXGL Background Thread 3 ] DEBUG Engine               - scaledWidthProp$fxgl: DoubleProperty [bound, value: 1280.0]
18:04:20.769 [FXGL Background Thread 3 ] DEBUG Engine               - sceneFactory: com.aen.spaceship_fights.MySceneFactory@6ff73a63
18:04:20.769 [FXGL Background Thread 3 ] DEBUG Engine               - secondsIn24h: 60
18:04:20.769 [FXGL Background Thread 3 ] DEBUG Engine               - soundMenuBack: menu/back.wav
18:04:20.770 [FXGL Background Thread 3 ] DEBUG Engine               - soundMenuPress: menu/press.wav
18:04:20.770 [FXGL Background Thread 3 ] DEBUG Engine               - soundMenuSelect: menu/select.wav
18:04:20.771 [FXGL Background Thread 3 ] DEBUG Engine               - soundNotification: core/notification.wav
18:04:20.771 [FXGL Background Thread 3 ] DEBUG Engine               - stageStyle: DECORATED
18:04:20.772 [FXGL Background Thread 3 ] DEBUG Engine               - supportedLanguages: [ENGLISH, FRENCH, GERMAN, HUNGARIAN, RUSSIAN]
18:04:20.772 [FXGL Background Thread 3 ] DEBUG Engine               - ticksPerSecond: -1
18:04:20.772 [FXGL Background Thread 3 ] DEBUG Engine               - title: Shooter
18:04:20.772 [FXGL Background Thread 3 ] DEBUG Engine               - urlGithub: https://github.com/AlmasB/FXGL
18:04:20.772 [FXGL Background Thread 3 ] DEBUG Engine               - urlLeaderboard: http://fxgl-top.herokuapp.com/
18:04:20.772 [FXGL Background Thread 3 ] DEBUG Engine               - urlPOM: https://raw.githubusercontent.com/AlmasB/FXGL/release/README.md
18:04:20.773 [FXGL Background Thread 3 ] DEBUG Engine               - userAppClass: class com.aen.spaceship_fights.SpaceShipFightsApp
18:04:20.773 [FXGL Background Thread 3 ] DEBUG Engine               - version: 0.1
18:04:20.773 [FXGL Background Thread 3 ] DEBUG Engine               - versionCheckDays: 7
18:04:20.773 [FXGL Background Thread 3 ] DEBUG Engine               - width: 1280
18:04:20.773 [FXGL Background Thread 3 ] DEBUG Engine               - Logging services
18:04:20.773 [FXGL Background Thread 3 ] DEBUG Engine               - class com.almasb.fxgl.app.services.FXGLAssetLoaderService
18:04:20.774 [FXGL Background Thread 3 ] DEBUG Engine               - class com.almasb.fxgl.app.FXGLApplication$GameApplicationService
18:04:20.774 [FXGL Background Thread 3 ] DEBUG Engine               - class com.almasb.fxgl.app.services.FXGLDialogService
18:04:20.774 [FXGL Background Thread 3 ] DEBUG Engine               - class com.almasb.fxgl.app.services.IOTaskExecutorService
18:04:20.774 [FXGL Background Thread 3 ] DEBUG Engine               - class com.almasb.fxgl.io.FileSystemService
18:04:20.774 [FXGL Background Thread 3 ] DEBUG Engine               - class com.almasb.fxgl.localization.LocalizationService
18:04:20.775 [FXGL Background Thread 3 ] DEBUG Engine               - class com.almasb.fxgl.app.services.SystemBundleService
18:04:20.775 [FXGL Background Thread 3 ] DEBUG Engine               - class com.almasb.fxgl.profile.SaveLoadService
18:04:20.775 [FXGL Background Thread 3 ] DEBUG Engine               - class com.almasb.fxgl.ui.FXGLUIFactoryServiceProvider
18:04:20.776 [FXGL Background Thread 3 ] DEBUG Engine               - class com.almasb.fxgl.ui.FXGLDialogFactoryServiceProvider
18:04:20.776 [FXGL Background Thread 3 ] DEBUG Engine               - class com.almasb.fxgl.audio.AudioPlayer
18:04:20.776 [FXGL Background Thread 3 ] DEBUG Engine               - class com.almasb.fxgl.notification.impl.NotificationServiceProvider
18:04:20.777 [FXGL Background Thread 3 ] DEBUG Engine               - class com.almasb.fxgl.achievement.AchievementService
18:04:20.777 [FXGL Background Thread 3 ] DEBUG Engine               - class com.almasb.fxgl.cutscene.CutsceneService
18:04:20.777 [FXGL Background Thread 3 ] DEBUG Engine               - class com.almasb.fxgl.minigames.MiniGameService
18:04:20.777 [FXGL Background Thread 3 ] DEBUG Engine               - class com.almasb.fxgl.net.NetService
18:04:20.777 [FXGL Background Thread 3 ] DEBUG Engine               - class com.almasb.fxgl.app.services.UpdaterService
18:04:20.777 [FXGL Background Thread 3 ] DEBUG Engine               - class com.almasb.fxgl.dev.DevService
18:05:56.861 [JavaFX Application Thread] DEBUG Menu                 - fireNewGame()
18:05:56.861 [JavaFX Application Thread] DEBUG GameApplicationServi - Starting new game
18:05:56.861 [JavaFX Application Thread] DEBUG PrimaryStageWindow   - Pop state: MainMenu
18:05:56.861 [JavaFX Application Thread] DEBUG Input                - Clearing active input actions
18:05:56.863 [JavaFX Application Thread] DEBUG GameApplicationServi - Removing overlay from MainMenu and adding to FXGLMainMenuDummyScene
18:05:56.863 [JavaFX Application Thread] DEBUG PrimaryStageWindow   - FXGLMainMenuDummyScene <- MainMenu
18:05:56.863 [JavaFX Application Thread] DEBUG Input                - Clearing active input actions
18:05:56.872 [JavaFX Application Thread] DEBUG GameApplicationServi - Removing overlay from FXGLMainMenuDummyScene and adding to FXGLLoadingScene
18:05:56.872 [JavaFX Application Thread] DEBUG PrimaryStageWindow   - FXGLMainMenuDummyScene -> FXGLLoadingScene
18:05:56.872 [JavaFX Application Thread] DEBUG GameApplicationServi - Clearing previous game
18:05:56.872 [JavaFX Application Thread] DEBUG GameScene            - Clearing game scene
18:05:56.872 [JavaFX Application Thread] DEBUG GameWorld            - Clearing game world
18:05:56.873 [JavaFX Application Thread] DEBUG PhysicsWorld         - Clearing physics world
18:05:56.880 [FXGL Background Thread 5 ] DEBUG FXGLApplication      - Initializing game
18:05:56.919 [FXGL Background Thread 5 ] DEBUG FXGLAssetLoaderServi - Loading from file system: file:/C:/Users/pc/Desktop/Java/GameEngines/Asteriods/target/classes/assets/textures/player.png
18:05:57.020 [FXGL Background Thread 5 ] DEBUG FXGLAssetLoaderServi - Loading from file system: file:/C:/Users/pc/Desktop/Java/GameEngines/Asteriods/target/classes/assets/textures/life.png
18:05:57.023 [FXGL Background Thread 5 ] INFO  FXGLApplication      - Game initialization took: 0.144 sec
18:05:57.025 [JavaFX Application Thread] DEBUG Input                - Clearing active input actions
18:05:57.037 [JavaFX Application Thread] DEBUG GameApplicationServi - Removing overlay from FXGLLoadingScene and adding to GameScene
18:05:57.037 [JavaFX Application Thread] DEBUG PrimaryStageWindow   - FXGLLoadingScene -> GameScene
18:06:03.093 [JavaFX Application Thread] DEBUG FXGLAssetLoaderServi - Loading from file system: file:/C:/Users/pc/Desktop/Java/GameEngines/Asteriods/target/classes/assets/textures/instructor_2.png
18:06:23.066 [JavaFX Application Thread] DEBUG FXGLAssetLoaderServi - Loading from file system: file:/C:/Users/pc/Desktop/Java/GameEngines/Asteriods/target/classes/assets/sounds/level.wav
18:06:24.699 [JavaFX Application Thread] DEBUG FXGLAssetLoaderServi - Loading from file system: file:/C:/Users/pc/Desktop/Java/GameEngines/Asteriods/target/classes/assets/textures/enemy1.png
18:06:24.967 [JavaFX Application Thread] DEBUG FXGLAssetLoaderServi - Loading from file system: file:/C:/Users/pc/Desktop/Java/GameEngines/Asteriods/target/classes/assets/textures/enemy3.png
18:06:33.351 [JavaFX Application Thread] DEBUG PrimaryStageWindow   - Push state: DialogSubScene
18:06:33.352 [JavaFX Application Thread] DEBUG Input                - Clearing active input actions
18:06:33.352 [JavaFX Application Thread] DEBUG GameApplicationServi - Removing overlay from GameScene and adding to DialogSubScene
18:06:33.353 [JavaFX Application Thread] DEBUG PrimaryStageWindow   - GameScene -> DialogSubScene
18:06:47.717 [JavaFX Application Thread] DEBUG PrimaryStageWindow   - Pop state: DialogSubScene
18:06:47.717 [JavaFX Application Thread] DEBUG Input                - Clearing active input actions
18:06:47.718 [JavaFX Application Thread] DEBUG GameApplicationServi - Removing overlay from DialogSubScene and adding to GameScene
18:06:47.718 [JavaFX Application Thread] DEBUG PrimaryStageWindow   - GameScene <- DialogSubScene
18:06:47.718 [JavaFX Application Thread] DEBUG FXGLApplication      - Exiting FXGL
18:06:47.718 [JavaFX Application Thread] DEBUG LoopRunner           - Stopping loop
18:06:47.718 [JavaFX Application Thread] DEBUG SystemBundleService  - Saving FXGL system data
18:06:47.720 [JavaFX Application Thread] DEBUG FileSystemAccess     - Writing to: C:\Users\pc\Desktop\Java\GameEngines\Asteriods\system\fxgl.bundle
18:06:47.720 [JavaFX Application Thread] DEBUG Async                - Shutting down background threads
18:06:47.720 [JavaFX Application Thread] DEBUG PrimaryStageWindow   - Closing main window
18:06:47.765 [JavaFX Application Thread] DEBUG Logger               - Closing Logger
