05:07:42.539 [main                     ] DEBUG Logger               - Configured Logger
05:07:42.591 [main                     ] DEBUG GameApplication      - Logging settings
Title: Shooter
Version: 0.1
Width: 1280
Height: 720
Fullscreen: true
Intro: false
Profiling: false
Single step:false
App Mode: DEVELOPER
Menu Key: ESCAPE
Stage Style: DECORATED
Scene Factory: class com.aen.spaceship_fights.MySceneFactory

05:07:43.374 [JavaFX Application Thread] DEBUG FXGLApplication      - Initializing FXGL
05:07:43.384 [JavaFX Application Thread] INFO  Engine               - FXGL-21.1 (27.03.2024 07.52) on WINDOWS (J:22.0.2 FX:22.0.1)
05:07:43.385 [JavaFX Application Thread] DEBUG Engine               - JRE Vendor Name: Oracle Corporation
05:07:43.386 [JavaFX Application Thread] DEBUG Engine               - Running on OS: Windows 11 version 10.0
05:07:43.387 [JavaFX Application Thread] DEBUG Engine               - Architecture: amd64
05:07:43.387 [JavaFX Application Thread] INFO  Engine               - Source code and latest versions at: https://github.com/AlmasB/FXGL
05:07:43.387 [JavaFX Application Thread] INFO  Engine               -       Ask questions and discuss at: https://github.com/AlmasB/FXGL/discussions
05:07:43.387 [JavaFX Application Thread] INFO  Engine               -              Join the FXGL chat at: https://gitter.im/AlmasB/FXGL
05:07:43.538 [JavaFX Application Thread] DEBUG PrimaryStageWindow   - Creating a JavaFX scene
05:07:43.617 [JavaFX Application Thread] DEBUG PrimaryStageWindow   - Target settings size: 1280.0 x 720.0
05:07:43.618 [JavaFX Application Thread] DEBUG PrimaryStageWindow   - Scaled scene size:    1280.0 x 720.0
05:07:43.618 [JavaFX Application Thread] DEBUG PrimaryStageWindow   - Scaled ratio: (1.0, 1.0)
05:07:43.620 [JavaFX Application Thread] DEBUG PrimaryStageWindow   - Set initial scene to FXGLStartupScene
05:07:43.626 [JavaFX Application Thread] DEBUG PrimaryStageWindow   - Opening main window
05:07:44.342 [JavaFX Application Thread] DEBUG PrimaryStageWindow   - Window border size: (16.0, 39.0)
05:07:44.342 [JavaFX Application Thread] DEBUG PrimaryStageWindow   - Scaled size: 1280.0 x 720.0
05:07:44.342 [JavaFX Application Thread] DEBUG PrimaryStageWindow   - Scaled ratio: (1.0, 1.0)
05:07:44.342 [JavaFX Application Thread] DEBUG PrimaryStageWindow   - Scene size: 1280.0 x 720.0
05:07:44.343 [JavaFX Application Thread] DEBUG PrimaryStageWindow   - Stage size: 1296.0 x 759.0
05:07:44.445 [FXGL Background Thread 1 ] DEBUG Engine               - Initializing environment variables
05:07:44.510 [FXGL Background Thread 1 ] DEBUG FXGLAssetLoaderServi - User app class for loading assets: class com.aen.spaceship_fights.SpaceShipFightsApp
05:07:44.511 [FXGL Background Thread 1 ] DEBUG GameApplicationServi - Applying CSS: fxgl_dark.css
05:07:44.511 [FXGL Background Thread 1 ] DEBUG FXGLAssetLoaderServi - Loading from file system: jar:file:/C:/Users/pc/.m2/repository/com/github/almasb/fxgl/21.1/fxgl-21.1.jar!/fxglassets/ui/css/fxgl_dark.css
05:07:44.588 [FXGL Background Thread 1 ] DEBUG GameApplicationServi - Initializing application scenes
05:07:44.761 [FXGL Background Thread 1 ] DEBUG GameWorld            - Game world initialized
05:07:44.817 [FXGL Background Thread 1 ] DEBUG PhysicsWorld         - Physics world initialized: appHeight=720, physics.ppm=50.0
05:07:44.817 [FXGL Background Thread 1 ] DEBUG PhysicsWorld         - Using strategy: BRUTE_FORCE
05:07:44.822 [FXGL Background Thread 1 ] DEBUG GameScene            - Game scene initialized: 1280x720
05:07:44.934 [FXGL Background Thread 1 ] DEBUG GameApplicationServi - Application scenes initialized
05:07:44.944 [FXGL Background Thread 1 ] DEBUG SystemBundleService  - Loading FXGL system data
05:07:44.945 [FXGL Background Thread 1 ] DEBUG FileSystemAccess     - Reading from: C:\Users\pc\Desktop\Java\GameEngines\Asteriods\system\fxgl.bundle
05:07:44.949 [FXGL Background Thread 1 ] DEBUG SystemBundleService  - Bundle FXGL: {}
05:07:44.949 [FXGL Background Thread 1 ] DEBUG UpdaterService       - Checking for updates
05:07:44.954 [FXGL Background Thread 1 ] DEBUG FXGLApplication      - Loading default localization
05:07:44.954 [FXGL Background Thread 1 ] DEBUG FXGLAssetLoaderServi - Loading from file system: jar:file:/C:/Users/pc/.m2/repository/com/github/almasb/fxgl/21.1/fxgl-21.1.jar!/fxglassets/languages/english.lang
05:07:44.959 [FXGL Background Thread 4 ] DEBUG FXGLApplication      - Loading fonts
05:07:44.959 [FXGL Background Thread 4 ] DEBUG FXGLAssetLoaderServi - Loading from file system: jar:file:/C:/Users/pc/.m2/repository/com/github/almasb/fxgl/21.1/fxgl-21.1.jar!/fxglassets/ui/fonts/VarelaRound-Regular.ttf
05:07:44.963 [FXGL Background Thread 4 ] DEBUG FXGLAssetLoaderServi - Loading from file system: jar:file:/C:/Users/pc/.m2/repository/com/github/almasb/fxgl/21.1/fxgl-21.1.jar!/fxglassets/ui/fonts/Abel-Regular.ttf
05:07:44.967 [FXGL Background Thread 4 ] DEBUG FXGLAssetLoaderServi - Loading from file system: jar:file:/C:/Users/pc/.m2/repository/com/github/almasb/fxgl/21.1/fxgl-21.1.jar!/fxglassets/ui/fonts/TerminalLandMono-Regular.otf
05:07:44.971 [FXGL Background Thread 4 ] DEBUG FXGLAssetLoaderServi - Loading from file system: jar:file:/C:/Users/pc/.m2/repository/com/github/almasb/fxgl/21.1/fxgl-21.1.jar!/fxglassets/ui/fonts/Courier-Prime.ttf
05:07:44.978 [FXGL Background Thread 1 ] INFO  FXGLApplication      - FXGL initialization took: 0.533 sec
05:07:44.992 [JavaFX Application Thread] DEBUG Input                - Registered new binding: action0 - A
05:07:44.992 [JavaFX Application Thread] DEBUG Input                - Registered new binding: action1 - D
05:07:44.992 [JavaFX Application Thread] DEBUG Input                - Registered new binding: action2 - W
05:07:44.993 [JavaFX Application Thread] DEBUG Input                - Registered new binding: action3 - F
05:07:44.993 [JavaFX Application Thread] DEBUG Input                - Registered new binding: action4 - P
05:07:44.993 [JavaFX Application Thread] DEBUG Input                - Registered new binding: action5 - R
05:07:44.994 [JavaFX Application Thread] DEBUG Input                - Registered new binding: action6 - M
05:07:44.994 [JavaFX Application Thread] DEBUG FXGLAssetLoaderServi - Loading from file system: jar:file:/C:/Users/pc/.m2/repository/com/github/almasb/fxgl/21.1/fxgl-21.1.jar!/fxglassets/textures/fxgl_icon.png
05:07:45.045 [JavaFX Application Thread] DEBUG FXGLAssetLoaderServi - Loading from file system: jar:file:/C:/Users/pc/.m2/repository/com/github/almasb/fxgl/21.1/fxgl-21.1.jar!/fxglassets/textures/fxgl_default_cursor.png
05:07:45.053 [JavaFX Application Thread] DEBUG Input                - Registered new binding: Screenshot - CTRL+8
05:07:45.053 [JavaFX Application Thread] DEBUG Input                - Registered new binding: System info dump - CTRL+9
05:07:45.053 [JavaFX Application Thread] DEBUG Input                - Registered new binding: Restart - CTRL+R
05:07:45.054 [JavaFX Application Thread] DEBUG Input                - Registered new binding: Toggle Debug Camera - CTRL+7
05:07:45.058 [JavaFX Application Thread] DEBUG LoopRunner           - Starting loop
05:07:45.059 [JavaFX Application Thread] DEBUG LoopRunner           - Initializing JavaFX AnimationTimerLoop
05:07:45.062 [JavaFX Application Thread] DEBUG Input                - Clearing active input actions
05:07:45.078 [JavaFX Application Thread] DEBUG GameApplicationServi - Removing overlay from FXGLStartupScene and adding to FXGLMainMenuDummyScene
05:07:45.082 [JavaFX Application Thread] DEBUG PrimaryStageWindow   - FXGLStartupScene -> FXGLMainMenuDummyScene
05:07:45.083 [JavaFX Application Thread] DEBUG PrimaryStageWindow   - Push state: MainMenu
05:07:45.084 [JavaFX Application Thread] DEBUG Input                - Clearing active input actions
05:07:45.095 [JavaFX Application Thread] DEBUG GameApplicationServi - Removing overlay from FXGLMainMenuDummyScene and adding to MainMenu
05:07:45.096 [JavaFX Application Thread] DEBUG PrimaryStageWindow   - FXGLMainMenuDummyScene -> MainMenu
05:07:45.097 [JavaFX Application Thread] DEBUG FXGLApplication      - Registering font factories with UI factory
05:07:47.953 [FXGL Background Thread 3 ] DEBUG Engine               - Logging environment variables
05:07:47.953 [FXGL Background Thread 3 ] DEBUG Engine               - achievements: []
05:07:47.953 [FXGL Background Thread 3 ] DEBUG Engine               - actualHeight: 720.0
05:07:47.953 [FXGL Background Thread 3 ] DEBUG Engine               - actualHeightProperty: ReadOnlyDoubleProperty [value: 720.0]
05:07:47.953 [FXGL Background Thread 3 ] DEBUG Engine               - actualWidth: 1280.0
05:07:47.953 [FXGL Background Thread 3 ] DEBUG Engine               - actualWidthProperty: ReadOnlyDoubleProperty [value: 1280.0]
05:07:47.953 [FXGL Background Thread 3 ] DEBUG Engine               - appIcon: fxgl_icon.png
05:07:47.954 [FXGL Background Thread 3 ] DEBUG Engine               - applicationMode: DEVELOPER
05:07:47.954 [FXGL Background Thread 3 ] DEBUG Engine               - cSSList: [fxgl_dark.css]
05:07:47.954 [FXGL Background Thread 3 ] DEBUG Engine               - collisionDetectionStrategy: BRUTE_FORCE
05:07:47.954 [FXGL Background Thread 3 ] DEBUG Engine               - configClass: Optional.empty
05:07:47.954 [FXGL Background Thread 3 ] DEBUG Engine               - credits: [Nyirenda Amos, Ouedraogo Luther Arthur, Magne Lidivine Merveille]
05:07:47.956 [FXGL Background Thread 3 ] DEBUG Engine               - defaultCursor: CursorInfo(imageName=fxgl_default_cursor.png, hotspotX=7.0, hotspotY=6.0)
05:07:47.956 [FXGL Background Thread 3 ] DEBUG Engine               - devBBoxColorProperty: ObjectProperty [value: 0xff0000ff]
05:07:47.956 [FXGL Background Thread 3 ] DEBUG Engine               - devEnableDebugCameraProperty: BooleanProperty [value: false]
05:07:47.956 [FXGL Background Thread 3 ] DEBUG Engine               - devSensorColorProperty: ObjectProperty [value: 0xffff00ff]
05:07:47.956 [FXGL Background Thread 3 ] DEBUG Engine               - devShowBBoxProperty: BooleanProperty [value: false]
05:07:47.956 [FXGL Background Thread 3 ] DEBUG Engine               - devShowPositionProperty: BooleanProperty [value: false]
05:07:47.956 [FXGL Background Thread 3 ] DEBUG Engine               - enabledMenuItems: []
05:07:47.956 [FXGL Background Thread 3 ] DEBUG Engine               - engineServices: [class com.almasb.fxgl.app.services.FXGLAssetLoaderService, class com.almasb.fxgl.app.FXGLApplication$GameApplicationService, class com.almasb.fxgl.app.services.FXGLDialogService, class com.almasb.fxgl.app.services.IOTaskExecutorService, class com.almasb.fxgl.io.FileSystemService, class com.almasb.fxgl.localization.LocalizationService, class com.almasb.fxgl.app.services.SystemBundleService, class com.almasb.fxgl.profile.SaveLoadService, class com.almasb.fxgl.ui.FXGLUIFactoryServiceProvider, class com.almasb.fxgl.ui.FXGLDialogFactoryServiceProvider, class com.almasb.fxgl.audio.AudioPlayer, class com.almasb.fxgl.notification.impl.NotificationServiceProvider, class com.almasb.fxgl.achievement.AchievementService, class com.almasb.fxgl.cutscene.CutsceneService, class com.almasb.fxgl.minigames.MiniGameService, class com.almasb.fxgl.net.NetService, class com.almasb.fxgl.app.services.UpdaterService, class com.almasb.fxgl.dev.DevService]
05:07:47.956 [FXGL Background Thread 3 ] DEBUG Engine               - fontGame: Abel-Regular.ttf
05:07:47.956 [FXGL Background Thread 3 ] DEBUG Engine               - fontMono: TerminalLandMono-Regular.otf
05:07:47.956 [FXGL Background Thread 3 ] DEBUG Engine               - fontSizeScaleUI: 1.0
05:07:47.956 [FXGL Background Thread 3 ] DEBUG Engine               - fontText: Courier-Prime.ttf
05:07:47.956 [FXGL Background Thread 3 ] DEBUG Engine               - fontUI: VarelaRound-Regular.ttf
05:07:47.956 [FXGL Background Thread 3 ] DEBUG Engine               - fullScreen: BooleanProperty [value: false]
05:07:47.956 [FXGL Background Thread 3 ] DEBUG Engine               - gameDifficulty: MEDIUM
05:07:47.956 [FXGL Background Thread 3 ] DEBUG Engine               - gameDifficultyProperty: ObjectProperty [value: MEDIUM]
05:07:47.956 [FXGL Background Thread 3 ] DEBUG Engine               - globalMusicVolume: 0.5
05:07:47.957 [FXGL Background Thread 3 ] DEBUG Engine               - globalMusicVolumeProperty: DoubleProperty [value: 0.5]
05:07:47.957 [FXGL Background Thread 3 ] DEBUG Engine               - globalSoundVolume: 0.5
05:07:47.957 [FXGL Background Thread 3 ] DEBUG Engine               - globalSoundVolumeProperty: DoubleProperty [value: 0.5]
05:07:47.957 [FXGL Background Thread 3 ] DEBUG Engine               - height: 720
05:07:47.957 [FXGL Background Thread 3 ] DEBUG Engine               - is3D: false
05:07:47.957 [FXGL Background Thread 3 ] DEBUG Engine               - isAndroid: false
05:07:47.957 [FXGL Background Thread 3 ] DEBUG Engine               - isBrowser: false
05:07:47.957 [FXGL Background Thread 3 ] DEBUG Engine               - isClickFeedbackEnabled: false
05:07:47.957 [FXGL Background Thread 3 ] DEBUG Engine               - isCloseConfirmation: false
05:07:47.957 [FXGL Background Thread 3 ] DEBUG Engine               - isDesktop: true
05:07:47.957 [FXGL Background Thread 3 ] DEBUG Engine               - isDeveloperMenuEnabled: false
05:07:47.957 [FXGL Background Thread 3 ] DEBUG Engine               - isEmbedded: false
05:07:47.957 [FXGL Background Thread 3 ] DEBUG Engine               - isEntityPreloadEnabled: true
05:07:47.957 [FXGL Background Thread 3 ] DEBUG Engine               - isExperimentalTiledLargeMap: false
05:07:47.957 [FXGL Background Thread 3 ] DEBUG Engine               - isFileSystemWriteAllowed: true
05:07:47.957 [FXGL Background Thread 3 ] DEBUG Engine               - isFullScreenAllowed: true
05:07:47.957 [FXGL Background Thread 3 ] DEBUG Engine               - isFullScreenFromStart: false
05:07:47.957 [FXGL Background Thread 3 ] DEBUG Engine               - isGameMenuEnabled: true
05:07:47.957 [FXGL Background Thread 3 ] DEBUG Engine               - isIOS: false
05:07:47.957 [FXGL Background Thread 3 ] DEBUG Engine               - isIntroEnabled: false
05:07:47.957 [FXGL Background Thread 3 ] DEBUG Engine               - isLinux: false
05:07:47.957 [FXGL Background Thread 3 ] DEBUG Engine               - isMac: false
05:07:47.957 [FXGL Background Thread 3 ] DEBUG Engine               - isMainMenuEnabled: true
05:07:47.958 [FXGL Background Thread 3 ] DEBUG Engine               - isManualResizeEnabled: false
05:07:47.958 [FXGL Background Thread 3 ] DEBUG Engine               - isMobile: false
05:07:47.958 [FXGL Background Thread 3 ] DEBUG Engine               - isNative: false
05:07:47.958 [FXGL Background Thread 3 ] DEBUG Engine               - isPauseMusicWhenMinimized: true
05:07:47.958 [FXGL Background Thread 3 ] DEBUG Engine               - isPreserveResizeRatio: false
05:07:47.958 [FXGL Background Thread 3 ] DEBUG Engine               - isProfilingEnabled: false
05:07:47.958 [FXGL Background Thread 3 ] DEBUG Engine               - isScaleAffectedOnResize: true
05:07:47.958 [FXGL Background Thread 3 ] DEBUG Engine               - isSingleStep: false
05:07:47.958 [FXGL Background Thread 3 ] DEBUG Engine               - isUserProfileEnabled: false
05:07:47.958 [FXGL Background Thread 3 ] DEBUG Engine               - isWindows: true
05:07:47.958 [FXGL Background Thread 3 ] DEBUG Engine               - language: ObjectProperty [value: ENGLISH]
05:07:47.958 [FXGL Background Thread 3 ] DEBUG Engine               - menuKey: ESCAPE
05:07:47.958 [FXGL Background Thread 3 ] DEBUG Engine               - mouseSensitivity: 0.2
05:07:47.958 [FXGL Background Thread 3 ] DEBUG Engine               - notificationViewClass: class com.almasb.fxgl.notification.view.XboxNotificationView
05:07:47.958 [FXGL Background Thread 3 ] DEBUG Engine               - pixelsPerMeter: 50.0
05:07:47.958 [FXGL Background Thread 3 ] DEBUG Engine               - platform: WINDOWS
05:07:47.958 [FXGL Background Thread 3 ] DEBUG Engine               - prefHeightProperty: ReadOnlyDoubleProperty [value: 720.0]
05:07:47.958 [FXGL Background Thread 3 ] DEBUG Engine               - prefWidthProperty: ReadOnlyDoubleProperty [value: 1280.0]
05:07:47.958 [FXGL Background Thread 3 ] DEBUG Engine               - profileDir: profiles/
05:07:47.959 [FXGL Background Thread 3 ] DEBUG Engine               - profileName: StringProperty [value: DEFAULT]
05:07:47.959 [FXGL Background Thread 3 ] DEBUG Engine               - randomSeed: -1
05:07:47.959 [FXGL Background Thread 3 ] DEBUG Engine               - runtimeInfo: RuntimeInfo(platform=WINDOWS, version=21.1, build=27.03.2024 07.52)
05:07:47.959 [FXGL Background Thread 3 ] DEBUG Engine               - saveFileExt: sav
05:07:47.959 [FXGL Background Thread 3 ] DEBUG Engine               - scaledHeightProp$fxgl: DoubleProperty [bound, value: 720.0]
05:07:47.959 [FXGL Background Thread 3 ] DEBUG Engine               - scaledWidthProp$fxgl: DoubleProperty [bound, value: 1280.0]
05:07:47.959 [FXGL Background Thread 3 ] DEBUG Engine               - sceneFactory: com.aen.spaceship_fights.MySceneFactory@31340fb4
05:07:47.959 [FXGL Background Thread 3 ] DEBUG Engine               - secondsIn24h: 60
05:07:47.959 [FXGL Background Thread 3 ] DEBUG Engine               - soundMenuBack: menu/back.wav
05:07:47.959 [FXGL Background Thread 3 ] DEBUG Engine               - soundMenuPress: menu/press.wav
05:07:47.959 [FXGL Background Thread 3 ] DEBUG Engine               - soundMenuSelect: menu/select.wav
05:07:47.959 [FXGL Background Thread 3 ] DEBUG Engine               - soundNotification: core/notification.wav
05:07:47.959 [FXGL Background Thread 3 ] DEBUG Engine               - stageStyle: DECORATED
05:07:47.959 [FXGL Background Thread 3 ] DEBUG Engine               - supportedLanguages: [ENGLISH, FRENCH, GERMAN, HUNGARIAN, RUSSIAN]
05:07:47.959 [FXGL Background Thread 3 ] DEBUG Engine               - ticksPerSecond: -1
05:07:47.959 [FXGL Background Thread 3 ] DEBUG Engine               - title: Shooter
05:07:47.959 [FXGL Background Thread 3 ] DEBUG Engine               - urlGithub: https://github.com/AlmasB/FXGL
05:07:47.959 [FXGL Background Thread 3 ] DEBUG Engine               - urlLeaderboard: http://fxgl-top.herokuapp.com/
05:07:47.959 [FXGL Background Thread 3 ] DEBUG Engine               - urlPOM: https://raw.githubusercontent.com/AlmasB/FXGL/release/README.md
05:07:47.959 [FXGL Background Thread 3 ] DEBUG Engine               - userAppClass: class com.aen.spaceship_fights.SpaceShipFightsApp
05:07:47.959 [FXGL Background Thread 3 ] DEBUG Engine               - version: 0.1
05:07:47.959 [FXGL Background Thread 3 ] DEBUG Engine               - versionCheckDays: 7
05:07:47.959 [FXGL Background Thread 3 ] DEBUG Engine               - width: 1280
05:07:47.959 [FXGL Background Thread 3 ] DEBUG Engine               - Logging services
05:07:47.959 [FXGL Background Thread 3 ] DEBUG Engine               - class com.almasb.fxgl.app.services.FXGLAssetLoaderService
05:07:47.959 [FXGL Background Thread 3 ] DEBUG Engine               - class com.almasb.fxgl.app.FXGLApplication$GameApplicationService
05:07:47.959 [FXGL Background Thread 3 ] DEBUG Engine               - class com.almasb.fxgl.app.services.FXGLDialogService
05:07:47.959 [FXGL Background Thread 3 ] DEBUG Engine               - class com.almasb.fxgl.app.services.IOTaskExecutorService
05:07:47.959 [FXGL Background Thread 3 ] DEBUG Engine               - class com.almasb.fxgl.io.FileSystemService
05:07:47.959 [FXGL Background Thread 3 ] DEBUG Engine               - class com.almasb.fxgl.localization.LocalizationService
05:07:47.959 [FXGL Background Thread 3 ] DEBUG Engine               - class com.almasb.fxgl.app.services.SystemBundleService
05:07:47.959 [FXGL Background Thread 3 ] DEBUG Engine               - class com.almasb.fxgl.profile.SaveLoadService
05:07:47.959 [FXGL Background Thread 3 ] DEBUG Engine               - class com.almasb.fxgl.ui.FXGLUIFactoryServiceProvider
05:07:47.959 [FXGL Background Thread 3 ] DEBUG Engine               - class com.almasb.fxgl.ui.FXGLDialogFactoryServiceProvider
05:07:47.959 [FXGL Background Thread 3 ] DEBUG Engine               - class com.almasb.fxgl.audio.AudioPlayer
05:07:47.959 [FXGL Background Thread 3 ] DEBUG Engine               - class com.almasb.fxgl.notification.impl.NotificationServiceProvider
05:07:47.959 [FXGL Background Thread 3 ] DEBUG Engine               - class com.almasb.fxgl.achievement.AchievementService
05:07:47.959 [FXGL Background Thread 3 ] DEBUG Engine               - class com.almasb.fxgl.cutscene.CutsceneService
05:07:47.959 [FXGL Background Thread 3 ] DEBUG Engine               - class com.almasb.fxgl.minigames.MiniGameService
05:07:47.960 [FXGL Background Thread 3 ] DEBUG Engine               - class com.almasb.fxgl.net.NetService
05:07:47.960 [FXGL Background Thread 3 ] DEBUG Engine               - class com.almasb.fxgl.app.services.UpdaterService
05:07:47.960 [FXGL Background Thread 3 ] DEBUG Engine               - class com.almasb.fxgl.dev.DevService
05:08:04.853 [JavaFX Application Thread] DEBUG Menu                 - fireNewGame()
05:08:04.853 [JavaFX Application Thread] DEBUG GameApplicationServi - Starting new game
05:08:04.853 [JavaFX Application Thread] DEBUG PrimaryStageWindow   - Pop state: MainMenu
05:08:04.853 [JavaFX Application Thread] DEBUG Input                - Clearing active input actions
05:08:04.854 [JavaFX Application Thread] DEBUG GameApplicationServi - Removing overlay from MainMenu and adding to FXGLMainMenuDummyScene
05:08:04.854 [JavaFX Application Thread] DEBUG PrimaryStageWindow   - FXGLMainMenuDummyScene <- MainMenu
05:08:04.854 [JavaFX Application Thread] DEBUG Input                - Clearing active input actions
05:08:04.859 [JavaFX Application Thread] DEBUG GameApplicationServi - Removing overlay from FXGLMainMenuDummyScene and adding to FXGLLoadingScene
05:08:04.859 [JavaFX Application Thread] DEBUG PrimaryStageWindow   - FXGLMainMenuDummyScene -> FXGLLoadingScene
05:08:04.859 [JavaFX Application Thread] DEBUG GameApplicationServi - Clearing previous game
05:08:04.859 [JavaFX Application Thread] DEBUG GameScene            - Clearing game scene
05:08:04.859 [JavaFX Application Thread] DEBUG GameWorld            - Clearing game world
05:08:04.859 [JavaFX Application Thread] DEBUG PhysicsWorld         - Clearing physics world
05:08:04.866 [FXGL Background Thread 2 ] DEBUG FXGLApplication      - Initializing game
05:08:04.868 [FXGL Background Thread 2 ] DEBUG FXGLAssetLoaderServi - Loading from file system: file:/C:/Users/pc/Desktop/Java/GameEngines/Asteriods/target/classes/assets/music/bgm.mp3
05:08:05.035 [FXGL Background Thread 2 ] DEBUG AudioPlayer          - Playing music com.almasb.fxgl.audio.Music@504b35d
05:08:05.060 [FXGL Background Thread 2 ] DEBUG FXGLAssetLoaderServi - Loading from file system: file:/C:/Users/pc/Desktop/Java/GameEngines/Asteriods/target/classes/assets/textures/DurrrSpaceShip.png
05:08:05.107 [FXGL Background Thread 2 ] DEBUG FXGLAssetLoaderServi - Loading from file system: file:/C:/Users/pc/Desktop/Java/GameEngines/Asteriods/target/classes/assets/textures/life.png
05:08:05.112 [FXGL Background Thread 2 ] INFO  FXGLApplication      - Game initialization took: 0.245 sec
05:08:05.117 [JavaFX Application Thread] DEBUG Input                - Clearing active input actions
05:08:05.123 [JavaFX Application Thread] DEBUG GameApplicationServi - Removing overlay from FXGLLoadingScene and adding to GameScene
05:08:05.123 [JavaFX Application Thread] DEBUG PrimaryStageWindow   - FXGLLoadingScene -> GameScene
05:08:10.977 [JavaFX Application Thread] DEBUG FXGLAssetLoaderServi - Loading from file system: file:/C:/Users/pc/Desktop/Java/GameEngines/Asteriods/target/classes/assets/textures/instructor_2.png
05:08:31.065 [JavaFX Application Thread] DEBUG FXGLAssetLoaderServi - Loading from file system: file:/C:/Users/pc/Desktop/Java/GameEngines/Asteriods/target/classes/assets/sounds/level.wav
05:08:32.620 [JavaFX Application Thread] DEBUG FXGLAssetLoaderServi - Loading from file system: file:/C:/Users/pc/Desktop/Java/GameEngines/Asteriods/target/classes/assets/textures/enemy3.png
05:08:32.897 [JavaFX Application Thread] DEBUG FXGLAssetLoaderServi - Loading from file system: file:/C:/Users/pc/Desktop/Java/GameEngines/Asteriods/target/classes/assets/textures/enemy2.png
05:08:33.664 [JavaFX Application Thread] DEBUG FXGLAssetLoaderServi - Loading from file system: file:/C:/Users/pc/Desktop/Java/GameEngines/Asteriods/target/classes/assets/textures/enemy1.png
05:08:35.134 [JavaFX Application Thread] DEBUG FXGLAssetLoaderServi - Loading from file system: file:/C:/Users/pc/Desktop/Java/GameEngines/Asteriods/target/classes/assets/textures/bullet.png
05:08:35.441 [JavaFX Application Thread] DEBUG FXGLAssetLoaderServi - Loading from file system: file:/C:/Users/pc/Desktop/Java/GameEngines/Asteriods/target/classes/assets/textures/enemy_bullet.png
05:08:35.444 [JavaFX Application Thread] DEBUG FXGLAssetLoaderServi - Loading from file system: file:/C:/Users/pc/Desktop/Java/GameEngines/Asteriods/target/classes/assets/sounds/shoot3.wav
05:08:35.699 [JavaFX Application Thread] DEBUG FXGLAssetLoaderServi - Loading from file system: file:/C:/Users/pc/Desktop/Java/GameEngines/Asteriods/target/classes/assets/sounds/explosion.wav
05:08:35.711 [JavaFX Application Thread] DEBUG FXGLAssetLoaderServi - Loading from file system: file:/C:/Users/pc/Desktop/Java/GameEngines/Asteriods/target/classes/assets/textures/explosion.png
05:08:36.784 [JavaFX Application Thread] DEBUG FXGLAssetLoaderServi - Loading from file system: file:/C:/Users/pc/Desktop/Java/GameEngines/Asteriods/target/classes/assets/sounds/shoot2.wav
05:08:37.217 [JavaFX Application Thread] DEBUG FXGLAssetLoaderServi - Loading from file system: file:/C:/Users/pc/Desktop/Java/GameEngines/Asteriods/target/classes/assets/sounds/shoot1.wav
05:08:38.445 [JavaFX Application Thread] DEBUG FXGLAssetLoaderServi - Loading from file system: file:/C:/Users/pc/Desktop/Java/GameEngines/Asteriods/target/classes/assets/sounds/shoot4.wav
05:08:46.934 [JavaFX Application Thread] DEBUG PrimaryStageWindow   - Push state: DialogSubScene
05:08:46.934 [JavaFX Application Thread] DEBUG Input                - Clearing active input actions
05:08:46.935 [JavaFX Application Thread] DEBUG GameApplicationServi - Removing overlay from GameScene and adding to DialogSubScene
05:08:46.935 [JavaFX Application Thread] DEBUG PrimaryStageWindow   - GameScene -> DialogSubScene
05:08:49.269 [JavaFX Application Thread] DEBUG PrimaryStageWindow   - Pop state: DialogSubScene
05:08:49.269 [JavaFX Application Thread] DEBUG Input                - Clearing active input actions
05:08:49.270 [JavaFX Application Thread] DEBUG GameApplicationServi - Removing overlay from DialogSubScene and adding to GameScene
05:08:49.270 [JavaFX Application Thread] DEBUG PrimaryStageWindow   - GameScene <- DialogSubScene
05:08:49.274 [JavaFX Application Thread] DEBUG PrimaryStageWindow   - Push state: DialogSubScene
05:08:49.274 [JavaFX Application Thread] DEBUG Input                - Clearing active input actions
05:08:49.275 [JavaFX Application Thread] DEBUG GameApplicationServi - Removing overlay from GameScene and adding to DialogSubScene
05:08:49.275 [JavaFX Application Thread] DEBUG PrimaryStageWindow   - GameScene -> DialogSubScene
05:08:51.742 [JavaFX Application Thread] DEBUG PrimaryStageWindow   - Pop state: DialogSubScene
05:08:51.742 [JavaFX Application Thread] DEBUG Input                - Clearing active input actions
05:08:51.742 [JavaFX Application Thread] DEBUG GameApplicationServi - Removing overlay from DialogSubScene and adding to GameScene
05:08:51.743 [JavaFX Application Thread] DEBUG PrimaryStageWindow   - GameScene <- DialogSubScene
05:08:51.745 [JavaFX Application Thread] DEBUG FileSystemAccess     - Writing to: C:\Users\pc\Desktop\Java\GameEngines\Asteriods\.\hiscore.dat
05:08:51.746 [JavaFX Application Thread] DEBUG FXGLApplication      - Exiting FXGL
05:08:51.746 [JavaFX Application Thread] DEBUG LoopRunner           - Stopping loop
05:08:51.747 [JavaFX Application Thread] DEBUG SystemBundleService  - Saving FXGL system data
05:08:51.747 [JavaFX Application Thread] DEBUG FileSystemAccess     - Writing to: C:\Users\pc\Desktop\Java\GameEngines\Asteriods\system\fxgl.bundle
05:08:51.748 [JavaFX Application Thread] DEBUG Async                - Shutting down background threads
05:08:51.749 [JavaFX Application Thread] DEBUG PrimaryStageWindow   - Closing main window
05:08:51.779 [JavaFX Application Thread] DEBUG Logger               - Closing Logger
