02:58:05.777 [main                     ] DEBUG Logger               - Configured Logger
02:58:05.865 [main                     ] DEBUG GameApplication      - Logging settings
Title: Shooter
Version: 0.1
Width: 1280
Height: 720
Fullscreen: true
Intro: false
Profiling: false
Single step:false
App Mode: DEVELOPER
Menu Key: ESCAPE
Stage Style: DECORATED
Scene Factory: class com.aen.spaceship_fights.MySceneFactory

02:58:06.931 [JavaFX Application Thread] DEBUG FXGLApplication      - Initializing FXGL
02:58:06.936 [JavaFX Application Thread] INFO  Engine               - FXGL-21.1 (27.03.2024 07.52) on WINDOWS (J:22.0.2 FX:22.0.1)
02:58:06.936 [JavaFX Application Thread] DEBUG Engine               - JRE Vendor Name: Oracle Corporation
02:58:06.936 [JavaFX Application Thread] DEBUG Engine               - Running on OS: Windows 11 version 10.0
02:58:06.937 [JavaFX Application Thread] DEBUG Engine               - Architecture: amd64
02:58:06.937 [JavaFX Application Thread] INFO  Engine               - Source code and latest versions at: https://github.com/AlmasB/FXGL
02:58:06.937 [JavaFX Application Thread] INFO  Engine               -       Ask questions and discuss at: https://github.com/AlmasB/FXGL/discussions
02:58:06.937 [JavaFX Application Thread] INFO  Engine               -              Join the FXGL chat at: https://gitter.im/AlmasB/FXGL
02:58:07.075 [JavaFX Application Thread] DEBUG PrimaryStageWindow   - Creating a JavaFX scene
02:58:07.154 [JavaFX Application Thread] DEBUG PrimaryStageWindow   - Target settings size: 1280.0 x 720.0
02:58:07.155 [JavaFX Application Thread] DEBUG PrimaryStageWindow   - Scaled scene size:    1280.0 x 720.0
02:58:07.155 [JavaFX Application Thread] DEBUG PrimaryStageWindow   - Scaled ratio: (1.0, 1.0)
02:58:07.157 [JavaFX Application Thread] DEBUG PrimaryStageWindow   - Set initial scene to FXGLStartupScene
02:58:07.163 [JavaFX Application Thread] DEBUG PrimaryStageWindow   - Opening main window
02:58:07.659 [JavaFX Application Thread] DEBUG PrimaryStageWindow   - Window border size: (16.0, 39.0)
02:58:07.659 [JavaFX Application Thread] DEBUG PrimaryStageWindow   - Scaled size: 1280.0 x 720.0
02:58:07.659 [JavaFX Application Thread] DEBUG PrimaryStageWindow   - Scaled ratio: (1.0, 1.0)
02:58:07.660 [JavaFX Application Thread] DEBUG PrimaryStageWindow   - Scene size: 1280.0 x 720.0
02:58:07.660 [JavaFX Application Thread] DEBUG PrimaryStageWindow   - Stage size: 1296.0 x 759.0
02:58:07.673 [FXGL Background Thread 1 ] DEBUG Engine               - Initializing environment variables
02:58:07.735 [FXGL Background Thread 1 ] DEBUG FXGLAssetLoaderServi - User app class for loading assets: class com.aen.spaceship_fights.SpaceShipFightsApp
02:58:07.735 [FXGL Background Thread 1 ] DEBUG GameApplicationServi - Applying CSS: fxgl_dark.css
02:58:07.736 [FXGL Background Thread 1 ] DEBUG FXGLAssetLoaderServi - Loading from file system: jar:file:/C:/Users/pc/.m2/repository/com/github/almasb/fxgl/21.1/fxgl-21.1.jar!/fxglassets/ui/css/fxgl_dark.css
02:58:07.791 [FXGL Background Thread 1 ] DEBUG GameApplicationServi - Initializing application scenes
02:58:07.922 [FXGL Background Thread 1 ] DEBUG GameWorld            - Game world initialized
02:58:07.982 [FXGL Background Thread 1 ] DEBUG PhysicsWorld         - Physics world initialized: appHeight=720, physics.ppm=50.0
02:58:07.982 [FXGL Background Thread 1 ] DEBUG PhysicsWorld         - Using strategy: BRUTE_FORCE
02:58:07.985 [FXGL Background Thread 1 ] DEBUG GameScene            - Game scene initialized: 1280x720
02:58:08.099 [FXGL Background Thread 1 ] DEBUG GameApplicationServi - Application scenes initialized
02:58:08.115 [FXGL Background Thread 1 ] DEBUG SystemBundleService  - Loading FXGL system data
02:58:08.117 [FXGL Background Thread 1 ] DEBUG FileSystemAccess     - Reading from: C:\Users\pc\Desktop\Java\GameEngines\Asteriods\system\fxgl.bundle
02:58:08.120 [FXGL Background Thread 1 ] DEBUG SystemBundleService  - Bundle FXGL: {}
02:58:08.121 [FXGL Background Thread 1 ] DEBUG UpdaterService       - Checking for updates
02:58:08.126 [FXGL Background Thread 1 ] DEBUG FXGLApplication      - Loading default localization
02:58:08.127 [FXGL Background Thread 1 ] DEBUG FXGLAssetLoaderServi - Loading from file system: jar:file:/C:/Users/pc/.m2/repository/com/github/almasb/fxgl/21.1/fxgl-21.1.jar!/fxglassets/languages/english.lang
02:58:08.153 [FXGL Background Thread 1 ] INFO  FXGLApplication      - FXGL initialization took: 0.480 sec
02:58:08.165 [JavaFX Application Thread] DEBUG Input                - Registered new binding: action0 - A
02:58:08.165 [JavaFX Application Thread] DEBUG Input                - Registered new binding: action1 - D
02:58:08.166 [JavaFX Application Thread] DEBUG Input                - Registered new binding: action2 - W
02:58:08.167 [JavaFX Application Thread] DEBUG Input                - Registered new binding: action3 - F
02:58:08.168 [JavaFX Application Thread] DEBUG Input                - Registered new binding: action4 - P
02:58:08.168 [JavaFX Application Thread] DEBUG Input                - Registered new binding: action5 - R
02:58:08.169 [JavaFX Application Thread] DEBUG Input                - Registered new binding: action6 - M
02:58:08.169 [JavaFX Application Thread] DEBUG FXGLAssetLoaderServi - Loading from file system: jar:file:/C:/Users/pc/.m2/repository/com/github/almasb/fxgl/21.1/fxgl-21.1.jar!/fxglassets/textures/fxgl_icon.png
02:58:08.230 [FXGL Background Thread 4 ] DEBUG FXGLApplication      - Loading fonts
02:58:08.231 [FXGL Background Thread 4 ] DEBUG FXGLAssetLoaderServi - Loading from file system: jar:file:/C:/Users/pc/.m2/repository/com/github/almasb/fxgl/21.1/fxgl-21.1.jar!/fxglassets/ui/fonts/VarelaRound-Regular.ttf
02:58:08.237 [FXGL Background Thread 4 ] DEBUG FXGLAssetLoaderServi - Loading from file system: jar:file:/C:/Users/pc/.m2/repository/com/github/almasb/fxgl/21.1/fxgl-21.1.jar!/fxglassets/ui/fonts/Abel-Regular.ttf
02:58:08.246 [JavaFX Application Thread] DEBUG FXGLAssetLoaderServi - Loading from file system: jar:file:/C:/Users/pc/.m2/repository/com/github/almasb/fxgl/21.1/fxgl-21.1.jar!/fxglassets/textures/fxgl_default_cursor.png
02:58:08.253 [FXGL Background Thread 4 ] DEBUG FXGLAssetLoaderServi - Loading from file system: jar:file:/C:/Users/pc/.m2/repository/com/github/almasb/fxgl/21.1/fxgl-21.1.jar!/fxglassets/ui/fonts/TerminalLandMono-Regular.otf
02:58:08.259 [FXGL Background Thread 4 ] DEBUG FXGLAssetLoaderServi - Loading from file system: jar:file:/C:/Users/pc/.m2/repository/com/github/almasb/fxgl/21.1/fxgl-21.1.jar!/fxglassets/ui/fonts/Courier-Prime.ttf
02:58:08.262 [JavaFX Application Thread] DEBUG Input                - Registered new binding: Screenshot - CTRL+8
02:58:08.263 [JavaFX Application Thread] DEBUG Input                - Registered new binding: System info dump - CTRL+9
02:58:08.265 [JavaFX Application Thread] DEBUG Input                - Registered new binding: Restart - CTRL+R
02:58:08.267 [JavaFX Application Thread] DEBUG Input                - Registered new binding: Toggle Debug Camera - CTRL+7
02:58:08.271 [JavaFX Application Thread] DEBUG LoopRunner           - Starting loop
02:58:08.271 [JavaFX Application Thread] DEBUG LoopRunner           - Initializing JavaFX AnimationTimerLoop
02:58:08.281 [JavaFX Application Thread] DEBUG Input                - Clearing active input actions
02:58:08.292 [JavaFX Application Thread] DEBUG GameApplicationServi - Removing overlay from FXGLStartupScene and adding to FXGLMainMenuDummyScene
02:58:08.292 [JavaFX Application Thread] DEBUG PrimaryStageWindow   - FXGLStartupScene -> FXGLMainMenuDummyScene
02:58:08.292 [JavaFX Application Thread] DEBUG PrimaryStageWindow   - Push state: MainMenu
02:58:08.295 [JavaFX Application Thread] DEBUG Input                - Clearing active input actions
02:58:08.337 [JavaFX Application Thread] DEBUG GameApplicationServi - Removing overlay from FXGLMainMenuDummyScene and adding to MainMenu
02:58:08.338 [JavaFX Application Thread] DEBUG PrimaryStageWindow   - FXGLMainMenuDummyScene -> MainMenu
02:58:08.339 [JavaFX Application Thread] DEBUG FXGLApplication      - Registering font factories with UI factory
02:58:11.125 [FXGL Background Thread 3 ] DEBUG Engine               - Logging environment variables
02:58:11.127 [FXGL Background Thread 3 ] DEBUG Engine               - achievements: []
02:58:11.128 [FXGL Background Thread 3 ] DEBUG Engine               - actualHeight: 720.0
02:58:11.128 [FXGL Background Thread 3 ] DEBUG Engine               - actualHeightProperty: ReadOnlyDoubleProperty [value: 720.0]
02:58:11.128 [FXGL Background Thread 3 ] DEBUG Engine               - actualWidth: 1280.0
02:58:11.129 [FXGL Background Thread 3 ] DEBUG Engine               - actualWidthProperty: ReadOnlyDoubleProperty [value: 1280.0]
02:58:11.129 [FXGL Background Thread 3 ] DEBUG Engine               - appIcon: fxgl_icon.png
02:58:11.130 [FXGL Background Thread 3 ] DEBUG Engine               - applicationMode: DEVELOPER
02:58:11.130 [FXGL Background Thread 3 ] DEBUG Engine               - cSSList: [fxgl_dark.css]
02:58:11.130 [FXGL Background Thread 3 ] DEBUG Engine               - collisionDetectionStrategy: BRUTE_FORCE
02:58:11.131 [FXGL Background Thread 3 ] DEBUG Engine               - configClass: Optional.empty
02:58:11.131 [FXGL Background Thread 3 ] DEBUG Engine               - credits: [Nyirenda Amos, Ouedraogo Luther Arthur, Magne Lidivine Merveille]
02:58:11.141 [FXGL Background Thread 3 ] DEBUG Engine               - defaultCursor: CursorInfo(imageName=fxgl_default_cursor.png, hotspotX=7.0, hotspotY=6.0)
02:58:11.142 [FXGL Background Thread 3 ] DEBUG Engine               - devBBoxColorProperty: ObjectProperty [value: 0xff0000ff]
02:58:11.143 [FXGL Background Thread 3 ] DEBUG Engine               - devEnableDebugCameraProperty: BooleanProperty [value: false]
02:58:11.143 [FXGL Background Thread 3 ] DEBUG Engine               - devSensorColorProperty: ObjectProperty [value: 0xffff00ff]
02:58:11.144 [FXGL Background Thread 3 ] DEBUG Engine               - devShowBBoxProperty: BooleanProperty [value: false]
02:58:11.144 [FXGL Background Thread 3 ] DEBUG Engine               - devShowPositionProperty: BooleanProperty [value: false]
02:58:11.144 [FXGL Background Thread 3 ] DEBUG Engine               - enabledMenuItems: []
02:58:11.144 [FXGL Background Thread 3 ] DEBUG Engine               - engineServices: [class com.almasb.fxgl.app.services.FXGLAssetLoaderService, class com.almasb.fxgl.app.FXGLApplication$GameApplicationService, class com.almasb.fxgl.app.services.FXGLDialogService, class com.almasb.fxgl.app.services.IOTaskExecutorService, class com.almasb.fxgl.io.FileSystemService, class com.almasb.fxgl.localization.LocalizationService, class com.almasb.fxgl.app.services.SystemBundleService, class com.almasb.fxgl.profile.SaveLoadService, class com.almasb.fxgl.ui.FXGLUIFactoryServiceProvider, class com.almasb.fxgl.ui.FXGLDialogFactoryServiceProvider, class com.almasb.fxgl.audio.AudioPlayer, class com.almasb.fxgl.notification.impl.NotificationServiceProvider, class com.almasb.fxgl.achievement.AchievementService, class com.almasb.fxgl.cutscene.CutsceneService, class com.almasb.fxgl.minigames.MiniGameService, class com.almasb.fxgl.net.NetService, class com.almasb.fxgl.app.services.UpdaterService, class com.almasb.fxgl.dev.DevService]
02:58:11.145 [FXGL Background Thread 3 ] DEBUG Engine               - fontGame: Abel-Regular.ttf
02:58:11.145 [FXGL Background Thread 3 ] DEBUG Engine               - fontMono: TerminalLandMono-Regular.otf
02:58:11.145 [FXGL Background Thread 3 ] DEBUG Engine               - fontSizeScaleUI: 1.0
02:58:11.145 [FXGL Background Thread 3 ] DEBUG Engine               - fontText: Courier-Prime.ttf
02:58:11.145 [FXGL Background Thread 3 ] DEBUG Engine               - fontUI: VarelaRound-Regular.ttf
02:58:11.146 [FXGL Background Thread 3 ] DEBUG Engine               - fullScreen: BooleanProperty [value: false]
02:58:11.146 [FXGL Background Thread 3 ] DEBUG Engine               - gameDifficulty: MEDIUM
02:58:11.146 [FXGL Background Thread 3 ] DEBUG Engine               - gameDifficultyProperty: ObjectProperty [value: MEDIUM]
02:58:11.146 [FXGL Background Thread 3 ] DEBUG Engine               - globalMusicVolume: 0.5
02:58:11.147 [FXGL Background Thread 3 ] DEBUG Engine               - globalMusicVolumeProperty: DoubleProperty [value: 0.5]
02:58:11.147 [FXGL Background Thread 3 ] DEBUG Engine               - globalSoundVolume: 0.5
02:58:11.147 [FXGL Background Thread 3 ] DEBUG Engine               - globalSoundVolumeProperty: DoubleProperty [value: 0.5]
02:58:11.148 [FXGL Background Thread 3 ] DEBUG Engine               - height: 720
02:58:11.148 [FXGL Background Thread 3 ] DEBUG Engine               - is3D: false
02:58:11.148 [FXGL Background Thread 3 ] DEBUG Engine               - isAndroid: false
02:58:11.148 [FXGL Background Thread 3 ] DEBUG Engine               - isBrowser: false
02:58:11.148 [FXGL Background Thread 3 ] DEBUG Engine               - isClickFeedbackEnabled: false
02:58:11.148 [FXGL Background Thread 3 ] DEBUG Engine               - isCloseConfirmation: false
02:58:11.149 [FXGL Background Thread 3 ] DEBUG Engine               - isDesktop: true
02:58:11.149 [FXGL Background Thread 3 ] DEBUG Engine               - isDeveloperMenuEnabled: false
02:58:11.149 [FXGL Background Thread 3 ] DEBUG Engine               - isEmbedded: false
02:58:11.149 [FXGL Background Thread 3 ] DEBUG Engine               - isEntityPreloadEnabled: true
02:58:11.149 [FXGL Background Thread 3 ] DEBUG Engine               - isExperimentalTiledLargeMap: false
02:58:11.149 [FXGL Background Thread 3 ] DEBUG Engine               - isFileSystemWriteAllowed: true
02:58:11.150 [FXGL Background Thread 3 ] DEBUG Engine               - isFullScreenAllowed: true
02:58:11.150 [FXGL Background Thread 3 ] DEBUG Engine               - isFullScreenFromStart: false
02:58:11.150 [FXGL Background Thread 3 ] DEBUG Engine               - isGameMenuEnabled: true
02:58:11.150 [FXGL Background Thread 3 ] DEBUG Engine               - isIOS: false
02:58:11.150 [FXGL Background Thread 3 ] DEBUG Engine               - isIntroEnabled: false
02:58:11.150 [FXGL Background Thread 3 ] DEBUG Engine               - isLinux: false
02:58:11.150 [FXGL Background Thread 3 ] DEBUG Engine               - isMac: false
02:58:11.151 [FXGL Background Thread 3 ] DEBUG Engine               - isMainMenuEnabled: true
02:58:11.151 [FXGL Background Thread 3 ] DEBUG Engine               - isManualResizeEnabled: false
02:58:11.151 [FXGL Background Thread 3 ] DEBUG Engine               - isMobile: false
02:58:11.151 [FXGL Background Thread 3 ] DEBUG Engine               - isNative: false
02:58:11.151 [FXGL Background Thread 3 ] DEBUG Engine               - isPauseMusicWhenMinimized: true
02:58:11.151 [FXGL Background Thread 3 ] DEBUG Engine               - isPreserveResizeRatio: false
02:58:11.151 [FXGL Background Thread 3 ] DEBUG Engine               - isProfilingEnabled: false
02:58:11.152 [FXGL Background Thread 3 ] DEBUG Engine               - isScaleAffectedOnResize: true
02:58:11.152 [FXGL Background Thread 3 ] DEBUG Engine               - isSingleStep: false
02:58:11.152 [FXGL Background Thread 3 ] DEBUG Engine               - isUserProfileEnabled: false
02:58:11.153 [FXGL Background Thread 3 ] DEBUG Engine               - isWindows: true
02:58:11.153 [FXGL Background Thread 3 ] DEBUG Engine               - language: ObjectProperty [value: ENGLISH]
02:58:11.157 [FXGL Background Thread 3 ] DEBUG Engine               - menuKey: ESCAPE
02:58:11.157 [FXGL Background Thread 3 ] DEBUG Engine               - mouseSensitivity: 0.2
02:58:11.157 [FXGL Background Thread 3 ] DEBUG Engine               - notificationViewClass: class com.almasb.fxgl.notification.view.XboxNotificationView
02:58:11.158 [FXGL Background Thread 3 ] DEBUG Engine               - pixelsPerMeter: 50.0
02:58:11.158 [FXGL Background Thread 3 ] DEBUG Engine               - platform: WINDOWS
02:58:11.158 [FXGL Background Thread 3 ] DEBUG Engine               - prefHeightProperty: ReadOnlyDoubleProperty [value: 720.0]
02:58:11.158 [FXGL Background Thread 3 ] DEBUG Engine               - prefWidthProperty: ReadOnlyDoubleProperty [value: 1280.0]
02:58:11.158 [FXGL Background Thread 3 ] DEBUG Engine               - profileDir: profiles/
02:58:11.159 [FXGL Background Thread 3 ] DEBUG Engine               - profileName: StringProperty [value: DEFAULT]
02:58:11.159 [FXGL Background Thread 3 ] DEBUG Engine               - randomSeed: -1
02:58:11.160 [FXGL Background Thread 3 ] DEBUG Engine               - runtimeInfo: RuntimeInfo(platform=WINDOWS, version=21.1, build=27.03.2024 07.52)
02:58:11.160 [FXGL Background Thread 3 ] DEBUG Engine               - saveFileExt: sav
02:58:11.160 [FXGL Background Thread 3 ] DEBUG Engine               - scaledHeightProp$fxgl: DoubleProperty [bound, value: 720.0]
02:58:11.160 [FXGL Background Thread 3 ] DEBUG Engine               - scaledWidthProp$fxgl: DoubleProperty [bound, value: 1280.0]
02:58:11.161 [FXGL Background Thread 3 ] DEBUG Engine               - sceneFactory: com.aen.spaceship_fights.MySceneFactory@4dc413c3
02:58:11.161 [FXGL Background Thread 3 ] DEBUG Engine               - secondsIn24h: 60
02:58:11.161 [FXGL Background Thread 3 ] DEBUG Engine               - soundMenuBack: menu/back.wav
02:58:11.161 [FXGL Background Thread 3 ] DEBUG Engine               - soundMenuPress: menu/press.wav
02:58:11.161 [FXGL Background Thread 3 ] DEBUG Engine               - soundMenuSelect: menu/select.wav
02:58:11.161 [FXGL Background Thread 3 ] DEBUG Engine               - soundNotification: core/notification.wav
02:58:11.161 [FXGL Background Thread 3 ] DEBUG Engine               - stageStyle: DECORATED
02:58:11.161 [FXGL Background Thread 3 ] DEBUG Engine               - supportedLanguages: [ENGLISH, FRENCH, GERMAN, HUNGARIAN, RUSSIAN]
02:58:11.161 [FXGL Background Thread 3 ] DEBUG Engine               - ticksPerSecond: -1
02:58:11.161 [FXGL Background Thread 3 ] DEBUG Engine               - title: Shooter
02:58:11.162 [FXGL Background Thread 3 ] DEBUG Engine               - urlGithub: https://github.com/AlmasB/FXGL
02:58:11.162 [FXGL Background Thread 3 ] DEBUG Engine               - urlLeaderboard: http://fxgl-top.herokuapp.com/
02:58:11.162 [FXGL Background Thread 3 ] DEBUG Engine               - urlPOM: https://raw.githubusercontent.com/AlmasB/FXGL/release/README.md
02:58:11.162 [FXGL Background Thread 3 ] DEBUG Engine               - userAppClass: class com.aen.spaceship_fights.SpaceShipFightsApp
02:58:11.162 [FXGL Background Thread 3 ] DEBUG Engine               - version: 0.1
02:58:11.162 [FXGL Background Thread 3 ] DEBUG Engine               - versionCheckDays: 7
02:58:11.162 [FXGL Background Thread 3 ] DEBUG Engine               - width: 1280
02:58:11.163 [FXGL Background Thread 3 ] DEBUG Engine               - Logging services
02:58:11.163 [FXGL Background Thread 3 ] DEBUG Engine               - class com.almasb.fxgl.app.services.FXGLAssetLoaderService
02:58:11.163 [FXGL Background Thread 3 ] DEBUG Engine               - class com.almasb.fxgl.app.FXGLApplication$GameApplicationService
02:58:11.163 [FXGL Background Thread 3 ] DEBUG Engine               - class com.almasb.fxgl.app.services.FXGLDialogService
02:58:11.163 [FXGL Background Thread 3 ] DEBUG Engine               - class com.almasb.fxgl.app.services.IOTaskExecutorService
02:58:11.163 [FXGL Background Thread 3 ] DEBUG Engine               - class com.almasb.fxgl.io.FileSystemService
02:58:11.163 [FXGL Background Thread 3 ] DEBUG Engine               - class com.almasb.fxgl.localization.LocalizationService
02:58:11.163 [FXGL Background Thread 3 ] DEBUG Engine               - class com.almasb.fxgl.app.services.SystemBundleService
02:58:11.163 [FXGL Background Thread 3 ] DEBUG Engine               - class com.almasb.fxgl.profile.SaveLoadService
02:58:11.163 [FXGL Background Thread 3 ] DEBUG Engine               - class com.almasb.fxgl.ui.FXGLUIFactoryServiceProvider
02:58:11.163 [FXGL Background Thread 3 ] DEBUG Engine               - class com.almasb.fxgl.ui.FXGLDialogFactoryServiceProvider
02:58:11.163 [FXGL Background Thread 3 ] DEBUG Engine               - class com.almasb.fxgl.audio.AudioPlayer
02:58:11.163 [FXGL Background Thread 3 ] DEBUG Engine               - class com.almasb.fxgl.notification.impl.NotificationServiceProvider
02:58:11.163 [FXGL Background Thread 3 ] DEBUG Engine               - class com.almasb.fxgl.achievement.AchievementService
02:58:11.163 [FXGL Background Thread 3 ] DEBUG Engine               - class com.almasb.fxgl.cutscene.CutsceneService
02:58:11.163 [FXGL Background Thread 3 ] DEBUG Engine               - class com.almasb.fxgl.minigames.MiniGameService
02:58:11.163 [FXGL Background Thread 3 ] DEBUG Engine               - class com.almasb.fxgl.net.NetService
02:58:11.163 [FXGL Background Thread 3 ] DEBUG Engine               - class com.almasb.fxgl.app.services.UpdaterService
02:58:11.164 [FXGL Background Thread 3 ] DEBUG Engine               - class com.almasb.fxgl.dev.DevService
02:58:28.108 [JavaFX Application Thread] DEBUG FXGLApplication      - Exiting FXGL
02:58:28.108 [JavaFX Application Thread] DEBUG LoopRunner           - Stopping loop
02:58:28.109 [JavaFX Application Thread] DEBUG SystemBundleService  - Saving FXGL system data
02:58:28.110 [JavaFX Application Thread] DEBUG FileSystemAccess     - Writing to: C:\Users\pc\Desktop\Java\GameEngines\Asteriods\system\fxgl.bundle
02:58:28.111 [JavaFX Application Thread] DEBUG Async                - Shutting down background threads
02:58:28.111 [JavaFX Application Thread] DEBUG PrimaryStageWindow   - Closing main window
02:58:28.147 [JavaFX Application Thread] DEBUG Logger               - Closing Logger
