06:30:33.536 [main                     ] DEBUG Logger               - Configured Logger
06:30:33.571 [main                     ] DEBUG GameApplication      - Logging settings
Title: Shooter
Version: 0.1
Width: 1280
Height: 720
Fullscreen: true
Intro: false
Profiling: false
Single step:false
App Mode: DEVELOPER
Menu Key: ESCAPE
Stage Style: DECORATED
Scene Factory: class com.aen.spaceship_fights.MySceneFactory

06:30:34.322 [JavaFX Application Thread] DEBUG FXGLApplication      - Initializing FXGL
06:30:34.326 [JavaFX Application Thread] INFO  Engine               - FXGL-21.1 (27.03.2024 07.52) on WINDOWS (J:22.0.2 FX:22.0.1)
06:30:34.327 [JavaFX Application Thread] DEBUG Engine               - JRE Vendor Name: Oracle Corporation
06:30:34.328 [JavaFX Application Thread] DEBUG Engine               - Running on OS: Windows 11 version 10.0
06:30:34.328 [JavaFX Application Thread] DEBUG Engine               - Architecture: amd64
06:30:34.329 [JavaFX Application Thread] INFO  Engine               - Source code and latest versions at: https://github.com/AlmasB/FXGL
06:30:34.329 [JavaFX Application Thread] INFO  Engine               -       Ask questions and discuss at: https://github.com/AlmasB/FXGL/discussions
06:30:34.329 [JavaFX Application Thread] INFO  Engine               -              Join the FXGL chat at: https://gitter.im/AlmasB/FXGL
06:30:34.444 [JavaFX Application Thread] DEBUG PrimaryStageWindow   - Creating a JavaFX scene
06:30:34.499 [JavaFX Application Thread] DEBUG PrimaryStageWindow   - Target settings size: 1280.0 x 720.0
06:30:34.499 [JavaFX Application Thread] DEBUG PrimaryStageWindow   - Scaled scene size:    1280.0 x 720.0
06:30:34.500 [JavaFX Application Thread] DEBUG PrimaryStageWindow   - Scaled ratio: (1.0, 1.0)
06:30:34.501 [JavaFX Application Thread] DEBUG PrimaryStageWindow   - Set initial scene to FXGLStartupScene
06:30:34.505 [JavaFX Application Thread] DEBUG PrimaryStageWindow   - Opening main window
06:30:34.925 [JavaFX Application Thread] DEBUG PrimaryStageWindow   - Window border size: (16.0, 39.0)
06:30:34.926 [JavaFX Application Thread] DEBUG PrimaryStageWindow   - Scaled size: 1280.0 x 720.0
06:30:34.926 [JavaFX Application Thread] DEBUG PrimaryStageWindow   - Scaled ratio: (1.0, 1.0)
06:30:34.926 [JavaFX Application Thread] DEBUG PrimaryStageWindow   - Scene size: 1280.0 x 720.0
06:30:34.926 [JavaFX Application Thread] DEBUG PrimaryStageWindow   - Stage size: 1296.0 x 759.0
06:30:34.944 [FXGL Background Thread 1 ] DEBUG Engine               - Initializing environment variables
06:30:35.011 [FXGL Background Thread 1 ] DEBUG FXGLAssetLoaderServi - User app class for loading assets: class com.aen.spaceship_fights.SpaceShipFightsApp
06:30:35.011 [FXGL Background Thread 1 ] DEBUG GameApplicationServi - Applying CSS: fxgl_dark.css
06:30:35.012 [FXGL Background Thread 1 ] DEBUG FXGLAssetLoaderServi - Loading from file system: jar:file:/C:/Users/pc/.m2/repository/com/github/almasb/fxgl/21.1/fxgl-21.1.jar!/fxglassets/ui/css/fxgl_dark.css
06:30:35.060 [FXGL Background Thread 1 ] DEBUG GameApplicationServi - Initializing application scenes
06:30:35.135 [FXGL Background Thread 1 ] DEBUG GameWorld            - Game world initialized
06:30:35.193 [FXGL Background Thread 1 ] DEBUG PhysicsWorld         - Physics world initialized: appHeight=720, physics.ppm=50.0
06:30:35.194 [FXGL Background Thread 1 ] DEBUG PhysicsWorld         - Using strategy: BRUTE_FORCE
06:30:35.197 [FXGL Background Thread 1 ] DEBUG GameScene            - Game scene initialized: 1280x720
06:30:35.298 [FXGL Background Thread 1 ] DEBUG GameApplicationServi - Application scenes initialized
06:30:35.310 [FXGL Background Thread 1 ] DEBUG SystemBundleService  - Loading FXGL system data
06:30:35.311 [FXGL Background Thread 1 ] DEBUG FileSystemAccess     - Reading from: C:\Users\pc\Desktop\Java\GameEngines\Asteriods\system\fxgl.bundle
06:30:35.314 [FXGL Background Thread 1 ] DEBUG SystemBundleService  - Bundle FXGL: {}
06:30:35.315 [FXGL Background Thread 1 ] DEBUG UpdaterService       - Checking for updates
06:30:35.318 [FXGL Background Thread 4 ] DEBUG FXGLApplication      - Loading fonts
06:30:35.319 [FXGL Background Thread 4 ] DEBUG FXGLAssetLoaderServi - Loading from file system: jar:file:/C:/Users/pc/.m2/repository/com/github/almasb/fxgl/21.1/fxgl-21.1.jar!/fxglassets/ui/fonts/VarelaRound-Regular.ttf
06:30:35.320 [FXGL Background Thread 1 ] DEBUG FXGLApplication      - Loading default localization
06:30:35.320 [FXGL Background Thread 1 ] DEBUG FXGLAssetLoaderServi - Loading from file system: jar:file:/C:/Users/pc/.m2/repository/com/github/almasb/fxgl/21.1/fxgl-21.1.jar!/fxglassets/languages/english.lang
06:30:35.323 [FXGL Background Thread 4 ] DEBUG FXGLAssetLoaderServi - Loading from file system: jar:file:/C:/Users/pc/.m2/repository/com/github/almasb/fxgl/21.1/fxgl-21.1.jar!/fxglassets/ui/fonts/Abel-Regular.ttf
06:30:35.328 [FXGL Background Thread 4 ] DEBUG FXGLAssetLoaderServi - Loading from file system: jar:file:/C:/Users/pc/.m2/repository/com/github/almasb/fxgl/21.1/fxgl-21.1.jar!/fxglassets/ui/fonts/TerminalLandMono-Regular.otf
06:30:35.336 [FXGL Background Thread 4 ] DEBUG FXGLAssetLoaderServi - Loading from file system: jar:file:/C:/Users/pc/.m2/repository/com/github/almasb/fxgl/21.1/fxgl-21.1.jar!/fxglassets/ui/fonts/Courier-Prime.ttf
06:30:35.343 [JavaFX Application Thread] DEBUG FXGLApplication      - Registering font factories with UI factory
06:30:35.362 [FXGL Background Thread 1 ] INFO  FXGLApplication      - FXGL initialization took: 0.418 sec
06:30:35.374 [JavaFX Application Thread] DEBUG Input                - Registered new binding: action0 - A
06:30:35.374 [JavaFX Application Thread] DEBUG Input                - Registered new binding: action1 - D
06:30:35.375 [JavaFX Application Thread] DEBUG Input                - Registered new binding: action2 - W
06:30:35.376 [JavaFX Application Thread] DEBUG Input                - Registered new binding: action3 - F
06:30:35.376 [JavaFX Application Thread] DEBUG Input                - Registered new binding: action4 - P
06:30:35.377 [JavaFX Application Thread] DEBUG Input                - Registered new binding: action5 - R
06:30:35.377 [JavaFX Application Thread] DEBUG Input                - Registered new binding: action6 - M
06:30:35.378 [JavaFX Application Thread] DEBUG FXGLAssetLoaderServi - Loading from file system: jar:file:/C:/Users/pc/.m2/repository/com/github/almasb/fxgl/21.1/fxgl-21.1.jar!/fxglassets/textures/fxgl_icon.png
06:30:35.431 [JavaFX Application Thread] DEBUG FXGLAssetLoaderServi - Loading from file system: jar:file:/C:/Users/pc/.m2/repository/com/github/almasb/fxgl/21.1/fxgl-21.1.jar!/fxglassets/textures/fxgl_default_cursor.png
06:30:35.434 [JavaFX Application Thread] DEBUG Input                - Registered new binding: Screenshot - CTRL+8
06:30:35.434 [JavaFX Application Thread] DEBUG Input                - Registered new binding: System info dump - CTRL+9
06:30:35.435 [JavaFX Application Thread] DEBUG Input                - Registered new binding: Restart - CTRL+R
06:30:35.436 [JavaFX Application Thread] DEBUG Input                - Registered new binding: Toggle Debug Camera - CTRL+7
06:30:35.439 [JavaFX Application Thread] DEBUG LoopRunner           - Starting loop
06:30:35.440 [JavaFX Application Thread] DEBUG LoopRunner           - Initializing JavaFX AnimationTimerLoop
06:30:35.451 [JavaFX Application Thread] DEBUG Input                - Clearing active input actions
06:30:35.459 [JavaFX Application Thread] DEBUG GameApplicationServi - Removing overlay from FXGLStartupScene and adding to FXGLMainMenuDummyScene
06:30:35.460 [JavaFX Application Thread] DEBUG PrimaryStageWindow   - FXGLStartupScene -> FXGLMainMenuDummyScene
06:30:35.460 [JavaFX Application Thread] DEBUG PrimaryStageWindow   - Push state: MainMenu
06:30:35.461 [JavaFX Application Thread] DEBUG Input                - Clearing active input actions
06:30:35.473 [JavaFX Application Thread] DEBUG GameApplicationServi - Removing overlay from FXGLMainMenuDummyScene and adding to MainMenu
06:30:35.474 [JavaFX Application Thread] DEBUG PrimaryStageWindow   - FXGLMainMenuDummyScene -> MainMenu
06:30:38.319 [FXGL Background Thread 3 ] DEBUG Engine               - Logging environment variables
06:30:38.321 [FXGL Background Thread 3 ] DEBUG Engine               - achievements: []
06:30:38.322 [FXGL Background Thread 3 ] DEBUG Engine               - actualHeight: 720.0
06:30:38.322 [FXGL Background Thread 3 ] DEBUG Engine               - actualHeightProperty: ReadOnlyDoubleProperty [value: 720.0]
06:30:38.322 [FXGL Background Thread 3 ] DEBUG Engine               - actualWidth: 1280.0
06:30:38.322 [FXGL Background Thread 3 ] DEBUG Engine               - actualWidthProperty: ReadOnlyDoubleProperty [value: 1280.0]
06:30:38.323 [FXGL Background Thread 3 ] DEBUG Engine               - appIcon: fxgl_icon.png
06:30:38.323 [FXGL Background Thread 3 ] DEBUG Engine               - applicationMode: DEVELOPER
06:30:38.324 [FXGL Background Thread 3 ] DEBUG Engine               - cSSList: [fxgl_dark.css]
06:30:38.324 [FXGL Background Thread 3 ] DEBUG Engine               - collisionDetectionStrategy: BRUTE_FORCE
06:30:38.324 [FXGL Background Thread 3 ] DEBUG Engine               - configClass: Optional.empty
06:30:38.325 [FXGL Background Thread 3 ] DEBUG Engine               - credits: [Nyirenda Amos, Ouedraogo Luther Arthur, Magne Lidivine Merveille]
06:30:38.330 [FXGL Background Thread 3 ] DEBUG Engine               - defaultCursor: CursorInfo(imageName=fxgl_default_cursor.png, hotspotX=7.0, hotspotY=6.0)
06:30:38.331 [FXGL Background Thread 3 ] DEBUG Engine               - devBBoxColorProperty: ObjectProperty [value: 0xff0000ff]
06:30:38.331 [FXGL Background Thread 3 ] DEBUG Engine               - devEnableDebugCameraProperty: BooleanProperty [value: false]
06:30:38.332 [FXGL Background Thread 3 ] DEBUG Engine               - devSensorColorProperty: ObjectProperty [value: 0xffff00ff]
06:30:38.332 [FXGL Background Thread 3 ] DEBUG Engine               - devShowBBoxProperty: BooleanProperty [value: false]
06:30:38.332 [FXGL Background Thread 3 ] DEBUG Engine               - devShowPositionProperty: BooleanProperty [value: false]
06:30:38.332 [FXGL Background Thread 3 ] DEBUG Engine               - enabledMenuItems: []
06:30:38.332 [FXGL Background Thread 3 ] DEBUG Engine               - engineServices: [class com.almasb.fxgl.app.services.FXGLAssetLoaderService, class com.almasb.fxgl.app.FXGLApplication$GameApplicationService, class com.almasb.fxgl.app.services.FXGLDialogService, class com.almasb.fxgl.app.services.IOTaskExecutorService, class com.almasb.fxgl.io.FileSystemService, class com.almasb.fxgl.localization.LocalizationService, class com.almasb.fxgl.app.services.SystemBundleService, class com.almasb.fxgl.profile.SaveLoadService, class com.almasb.fxgl.ui.FXGLUIFactoryServiceProvider, class com.almasb.fxgl.ui.FXGLDialogFactoryServiceProvider, class com.almasb.fxgl.audio.AudioPlayer, class com.almasb.fxgl.notification.impl.NotificationServiceProvider, class com.almasb.fxgl.achievement.AchievementService, class com.almasb.fxgl.cutscene.CutsceneService, class com.almasb.fxgl.minigames.MiniGameService, class com.almasb.fxgl.net.NetService, class com.almasb.fxgl.app.services.UpdaterService, class com.almasb.fxgl.dev.DevService]
06:30:38.332 [FXGL Background Thread 3 ] DEBUG Engine               - fontGame: Abel-Regular.ttf
06:30:38.332 [FXGL Background Thread 3 ] DEBUG Engine               - fontMono: TerminalLandMono-Regular.otf
06:30:38.333 [FXGL Background Thread 3 ] DEBUG Engine               - fontSizeScaleUI: 1.0
06:30:38.333 [FXGL Background Thread 3 ] DEBUG Engine               - fontText: Courier-Prime.ttf
06:30:38.333 [FXGL Background Thread 3 ] DEBUG Engine               - fontUI: VarelaRound-Regular.ttf
06:30:38.333 [FXGL Background Thread 3 ] DEBUG Engine               - fullScreen: BooleanProperty [value: false]
06:30:38.333 [FXGL Background Thread 3 ] DEBUG Engine               - gameDifficulty: MEDIUM
06:30:38.333 [FXGL Background Thread 3 ] DEBUG Engine               - gameDifficultyProperty: ObjectProperty [value: MEDIUM]
06:30:38.333 [FXGL Background Thread 3 ] DEBUG Engine               - globalMusicVolume: 0.5
06:30:38.333 [FXGL Background Thread 3 ] DEBUG Engine               - globalMusicVolumeProperty: DoubleProperty [value: 0.5]
06:30:38.334 [FXGL Background Thread 3 ] DEBUG Engine               - globalSoundVolume: 0.5
06:30:38.334 [FXGL Background Thread 3 ] DEBUG Engine               - globalSoundVolumeProperty: DoubleProperty [value: 0.5]
06:30:38.334 [FXGL Background Thread 3 ] DEBUG Engine               - height: 720
06:30:38.334 [FXGL Background Thread 3 ] DEBUG Engine               - is3D: false
06:30:38.334 [FXGL Background Thread 3 ] DEBUG Engine               - isAndroid: false
06:30:38.334 [FXGL Background Thread 3 ] DEBUG Engine               - isBrowser: false
06:30:38.334 [FXGL Background Thread 3 ] DEBUG Engine               - isClickFeedbackEnabled: false
06:30:38.334 [FXGL Background Thread 3 ] DEBUG Engine               - isCloseConfirmation: false
06:30:38.335 [FXGL Background Thread 3 ] DEBUG Engine               - isDesktop: true
06:30:38.335 [FXGL Background Thread 3 ] DEBUG Engine               - isDeveloperMenuEnabled: false
06:30:38.335 [FXGL Background Thread 3 ] DEBUG Engine               - isEmbedded: false
06:30:38.335 [FXGL Background Thread 3 ] DEBUG Engine               - isEntityPreloadEnabled: true
06:30:38.335 [FXGL Background Thread 3 ] DEBUG Engine               - isExperimentalTiledLargeMap: false
06:30:38.336 [FXGL Background Thread 3 ] DEBUG Engine               - isFileSystemWriteAllowed: true
06:30:38.336 [FXGL Background Thread 3 ] DEBUG Engine               - isFullScreenAllowed: true
06:30:38.336 [FXGL Background Thread 3 ] DEBUG Engine               - isFullScreenFromStart: false
06:30:38.336 [FXGL Background Thread 3 ] DEBUG Engine               - isGameMenuEnabled: true
06:30:38.336 [FXGL Background Thread 3 ] DEBUG Engine               - isIOS: false
06:30:38.336 [FXGL Background Thread 3 ] DEBUG Engine               - isIntroEnabled: false
06:30:38.336 [FXGL Background Thread 3 ] DEBUG Engine               - isLinux: false
06:30:38.336 [FXGL Background Thread 3 ] DEBUG Engine               - isMac: false
06:30:38.337 [FXGL Background Thread 3 ] DEBUG Engine               - isMainMenuEnabled: true
06:30:38.337 [FXGL Background Thread 3 ] DEBUG Engine               - isManualResizeEnabled: false
06:30:38.337 [FXGL Background Thread 3 ] DEBUG Engine               - isMobile: false
06:30:38.338 [FXGL Background Thread 3 ] DEBUG Engine               - isNative: false
06:30:38.338 [FXGL Background Thread 3 ] DEBUG Engine               - isPauseMusicWhenMinimized: true
06:30:38.338 [FXGL Background Thread 3 ] DEBUG Engine               - isPreserveResizeRatio: false
06:30:38.338 [FXGL Background Thread 3 ] DEBUG Engine               - isProfilingEnabled: false
06:30:38.338 [FXGL Background Thread 3 ] DEBUG Engine               - isScaleAffectedOnResize: true
06:30:38.339 [FXGL Background Thread 3 ] DEBUG Engine               - isSingleStep: false
06:30:38.339 [FXGL Background Thread 3 ] DEBUG Engine               - isUserProfileEnabled: false
06:30:38.339 [FXGL Background Thread 3 ] DEBUG Engine               - isWindows: true
06:30:38.339 [FXGL Background Thread 3 ] DEBUG Engine               - language: ObjectProperty [value: ENGLISH]
06:30:38.339 [FXGL Background Thread 3 ] DEBUG Engine               - menuKey: ESCAPE
06:30:38.339 [FXGL Background Thread 3 ] DEBUG Engine               - mouseSensitivity: 0.2
06:30:38.339 [FXGL Background Thread 3 ] DEBUG Engine               - notificationViewClass: class com.almasb.fxgl.notification.view.XboxNotificationView
06:30:38.339 [FXGL Background Thread 3 ] DEBUG Engine               - pixelsPerMeter: 50.0
06:30:38.340 [FXGL Background Thread 3 ] DEBUG Engine               - platform: WINDOWS
06:30:38.340 [FXGL Background Thread 3 ] DEBUG Engine               - prefHeightProperty: ReadOnlyDoubleProperty [value: 720.0]
06:30:38.340 [FXGL Background Thread 3 ] DEBUG Engine               - prefWidthProperty: ReadOnlyDoubleProperty [value: 1280.0]
06:30:38.340 [FXGL Background Thread 3 ] DEBUG Engine               - profileDir: profiles/
06:30:38.340 [FXGL Background Thread 3 ] DEBUG Engine               - profileName: StringProperty [value: DEFAULT]
06:30:38.340 [FXGL Background Thread 3 ] DEBUG Engine               - randomSeed: -1
06:30:38.341 [FXGL Background Thread 3 ] DEBUG Engine               - runtimeInfo: RuntimeInfo(platform=WINDOWS, version=21.1, build=27.03.2024 07.52)
06:30:38.341 [FXGL Background Thread 3 ] DEBUG Engine               - saveFileExt: sav
06:30:38.341 [FXGL Background Thread 3 ] DEBUG Engine               - scaledHeightProp$fxgl: DoubleProperty [bound, value: 720.0]
06:30:38.341 [FXGL Background Thread 3 ] DEBUG Engine               - scaledWidthProp$fxgl: DoubleProperty [bound, value: 1280.0]
06:30:38.341 [FXGL Background Thread 3 ] DEBUG Engine               - sceneFactory: com.aen.spaceship_fights.MySceneFactory@5df810c9
06:30:38.341 [FXGL Background Thread 3 ] DEBUG Engine               - secondsIn24h: 60
06:30:38.341 [FXGL Background Thread 3 ] DEBUG Engine               - soundMenuBack: menu/back.wav
06:30:38.341 [FXGL Background Thread 3 ] DEBUG Engine               - soundMenuPress: menu/press.wav
06:30:38.342 [FXGL Background Thread 3 ] DEBUG Engine               - soundMenuSelect: menu/select.wav
06:30:38.342 [FXGL Background Thread 3 ] DEBUG Engine               - soundNotification: core/notification.wav
06:30:38.342 [FXGL Background Thread 3 ] DEBUG Engine               - stageStyle: DECORATED
06:30:38.342 [FXGL Background Thread 3 ] DEBUG Engine               - supportedLanguages: [ENGLISH, FRENCH, GERMAN, HUNGARIAN, RUSSIAN]
06:30:38.342 [FXGL Background Thread 3 ] DEBUG Engine               - ticksPerSecond: -1
06:30:38.342 [FXGL Background Thread 3 ] DEBUG Engine               - title: Shooter
06:30:38.342 [FXGL Background Thread 3 ] DEBUG Engine               - urlGithub: https://github.com/AlmasB/FXGL
06:30:38.342 [FXGL Background Thread 3 ] DEBUG Engine               - urlLeaderboard: http://fxgl-top.herokuapp.com/
06:30:38.342 [FXGL Background Thread 3 ] DEBUG Engine               - urlPOM: https://raw.githubusercontent.com/AlmasB/FXGL/release/README.md
06:30:38.342 [FXGL Background Thread 3 ] DEBUG Engine               - userAppClass: class com.aen.spaceship_fights.SpaceShipFightsApp
06:30:38.343 [FXGL Background Thread 3 ] DEBUG Engine               - version: 0.1
06:30:38.343 [FXGL Background Thread 3 ] DEBUG Engine               - versionCheckDays: 7
06:30:38.343 [FXGL Background Thread 3 ] DEBUG Engine               - width: 1280
06:30:38.343 [FXGL Background Thread 3 ] DEBUG Engine               - Logging services
06:30:38.343 [FXGL Background Thread 3 ] DEBUG Engine               - class com.almasb.fxgl.app.services.FXGLAssetLoaderService
06:30:38.343 [FXGL Background Thread 3 ] DEBUG Engine               - class com.almasb.fxgl.app.FXGLApplication$GameApplicationService
06:30:38.343 [FXGL Background Thread 3 ] DEBUG Engine               - class com.almasb.fxgl.app.services.FXGLDialogService
06:30:38.343 [FXGL Background Thread 3 ] DEBUG Engine               - class com.almasb.fxgl.app.services.IOTaskExecutorService
06:30:38.343 [FXGL Background Thread 3 ] DEBUG Engine               - class com.almasb.fxgl.io.FileSystemService
06:30:38.344 [FXGL Background Thread 3 ] DEBUG Engine               - class com.almasb.fxgl.localization.LocalizationService
06:30:38.344 [FXGL Background Thread 3 ] DEBUG Engine               - class com.almasb.fxgl.app.services.SystemBundleService
06:30:38.344 [FXGL Background Thread 3 ] DEBUG Engine               - class com.almasb.fxgl.profile.SaveLoadService
06:30:38.344 [FXGL Background Thread 3 ] DEBUG Engine               - class com.almasb.fxgl.ui.FXGLUIFactoryServiceProvider
06:30:38.344 [FXGL Background Thread 3 ] DEBUG Engine               - class com.almasb.fxgl.ui.FXGLDialogFactoryServiceProvider
06:30:38.344 [FXGL Background Thread 3 ] DEBUG Engine               - class com.almasb.fxgl.audio.AudioPlayer
06:30:38.344 [FXGL Background Thread 3 ] DEBUG Engine               - class com.almasb.fxgl.notification.impl.NotificationServiceProvider
06:30:38.344 [FXGL Background Thread 3 ] DEBUG Engine               - class com.almasb.fxgl.achievement.AchievementService
06:30:38.344 [FXGL Background Thread 3 ] DEBUG Engine               - class com.almasb.fxgl.cutscene.CutsceneService
06:30:38.345 [FXGL Background Thread 3 ] DEBUG Engine               - class com.almasb.fxgl.minigames.MiniGameService
06:30:38.345 [FXGL Background Thread 3 ] DEBUG Engine               - class com.almasb.fxgl.net.NetService
06:30:38.345 [FXGL Background Thread 3 ] DEBUG Engine               - class com.almasb.fxgl.app.services.UpdaterService
06:30:38.345 [FXGL Background Thread 3 ] DEBUG Engine               - class com.almasb.fxgl.dev.DevService
06:30:54.487 [JavaFX Application Thread] DEBUG Menu                 - fireNewGame()
06:30:54.487 [JavaFX Application Thread] DEBUG GameApplicationServi - Starting new game
06:30:54.487 [JavaFX Application Thread] DEBUG PrimaryStageWindow   - Pop state: MainMenu
06:30:54.487 [JavaFX Application Thread] DEBUG Input                - Clearing active input actions
06:30:54.488 [JavaFX Application Thread] DEBUG GameApplicationServi - Removing overlay from MainMenu and adding to FXGLMainMenuDummyScene
06:30:54.488 [JavaFX Application Thread] DEBUG PrimaryStageWindow   - FXGLMainMenuDummyScene <- MainMenu
06:30:54.488 [JavaFX Application Thread] DEBUG Input                - Clearing active input actions
06:30:54.493 [JavaFX Application Thread] DEBUG GameApplicationServi - Removing overlay from FXGLMainMenuDummyScene and adding to FXGLLoadingScene
06:30:54.493 [JavaFX Application Thread] DEBUG PrimaryStageWindow   - FXGLMainMenuDummyScene -> FXGLLoadingScene
06:30:54.493 [JavaFX Application Thread] DEBUG GameApplicationServi - Clearing previous game
06:30:54.493 [JavaFX Application Thread] DEBUG GameScene            - Clearing game scene
06:30:54.493 [JavaFX Application Thread] DEBUG GameWorld            - Clearing game world
06:30:54.493 [JavaFX Application Thread] DEBUG PhysicsWorld         - Clearing physics world
06:30:54.495 [FXGL Background Thread 2 ] DEBUG FXGLApplication      - Initializing game
06:30:54.538 [FXGL Background Thread 2 ] DEBUG FXGLAssetLoaderServi - Loading from file system: file:/C:/Users/pc/Desktop/Java/GameEngines/Asteriods/target/classes/assets/textures/DurrrSpaceShip.png
06:30:54.594 [FXGL Background Thread 2 ] DEBUG FXGLAssetLoaderServi - Loading from file system: file:/C:/Users/pc/Desktop/Java/GameEngines/Asteriods/target/classes/assets/textures/life.png
06:30:54.596 [FXGL Background Thread 2 ] INFO  FXGLApplication      - Game initialization took: 0.101 sec
06:30:54.602 [JavaFX Application Thread] DEBUG Input                - Clearing active input actions
06:30:54.613 [JavaFX Application Thread] DEBUG GameApplicationServi - Removing overlay from FXGLLoadingScene and adding to GameScene
06:30:54.613 [JavaFX Application Thread] DEBUG PrimaryStageWindow   - FXGLLoadingScene -> GameScene
06:31:00.610 [JavaFX Application Thread] DEBUG FXGLAssetLoaderServi - Loading from file system: file:/C:/Users/pc/Desktop/Java/GameEngines/Asteriods/target/classes/assets/textures/instructor_2.png
06:31:20.630 [JavaFX Application Thread] DEBUG FXGLAssetLoaderServi - Loading from file system: file:/C:/Users/pc/Desktop/Java/GameEngines/Asteriods/target/classes/assets/sounds/level.wav
06:31:22.183 [JavaFX Application Thread] DEBUG FXGLAssetLoaderServi - Loading from file system: file:/C:/Users/pc/Desktop/Java/GameEngines/Asteriods/target/classes/assets/textures/enemy2.png
06:31:22.418 [JavaFX Application Thread] DEBUG FXGLAssetLoaderServi - Loading from file system: file:/C:/Users/pc/Desktop/Java/GameEngines/Asteriods/target/classes/assets/textures/enemy1.png
06:31:22.932 [JavaFX Application Thread] DEBUG FXGLAssetLoaderServi - Loading from file system: file:/C:/Users/pc/Desktop/Java/GameEngines/Asteriods/target/classes/assets/textures/enemy3.png
06:31:28.769 [JavaFX Application Thread] DEBUG FXGLAssetLoaderServi - Loading from file system: file:/C:/Users/pc/Desktop/Java/GameEngines/Asteriods/target/classes/assets/textures/bullet.png
06:31:30.102 [JavaFX Application Thread] DEBUG FXGLAssetLoaderServi - Loading from file system: file:/C:/Users/pc/Desktop/Java/GameEngines/Asteriods/target/classes/assets/sounds/explosion.wav
06:31:30.124 [JavaFX Application Thread] DEBUG FXGLAssetLoaderServi - Loading from file system: file:/C:/Users/pc/Desktop/Java/GameEngines/Asteriods/target/classes/assets/textures/explosion.png
06:31:53.493 [JavaFX Application Thread] DEBUG PrimaryStageWindow   - Push state: DialogSubScene
06:31:53.493 [JavaFX Application Thread] DEBUG Input                - Clearing active input actions
06:31:53.494 [JavaFX Application Thread] DEBUG GameApplicationServi - Removing overlay from GameScene and adding to DialogSubScene
06:31:53.494 [JavaFX Application Thread] DEBUG PrimaryStageWindow   - GameScene -> DialogSubScene
06:31:56.518 [JavaFX Application Thread] DEBUG PrimaryStageWindow   - Pop state: DialogSubScene
06:31:56.519 [JavaFX Application Thread] DEBUG Input                - Clearing active input actions
06:31:56.519 [JavaFX Application Thread] DEBUG GameApplicationServi - Removing overlay from DialogSubScene and adding to GameScene
06:31:56.519 [JavaFX Application Thread] DEBUG PrimaryStageWindow   - GameScene <- DialogSubScene
06:31:56.520 [JavaFX Application Thread] DEBUG GameApplicationServi - Starting new game
06:31:56.520 [JavaFX Application Thread] DEBUG Input                - Clearing active input actions
06:31:56.525 [JavaFX Application Thread] DEBUG GameApplicationServi - Removing overlay from GameScene and adding to FXGLLoadingScene
06:31:56.525 [JavaFX Application Thread] DEBUG PrimaryStageWindow   - GameScene -> FXGLLoadingScene
06:31:56.525 [JavaFX Application Thread] DEBUG GameApplicationServi - Clearing previous game
06:31:56.525 [JavaFX Application Thread] DEBUG GameScene            - Clearing game scene
06:31:56.525 [JavaFX Application Thread] DEBUG GameWorld            - Clearing game world
06:31:56.525 [JavaFX Application Thread] DEBUG PhysicsWorld         - Clearing physics world
06:31:56.536 [FXGL Background Thread 5 ] DEBUG FXGLApplication      - Initializing game
06:31:56.550 [FXGL Background Thread 5 ] INFO  FXGLApplication      - Game initialization took: 0.015 sec
06:31:56.551 [JavaFX Application Thread] DEBUG Input                - Clearing active input actions
06:31:56.555 [JavaFX Application Thread] DEBUG GameApplicationServi - Removing overlay from FXGLLoadingScene and adding to GameScene
06:31:56.555 [JavaFX Application Thread] DEBUG PrimaryStageWindow   - FXGLLoadingScene -> GameScene
06:33:25.758 [JavaFX Application Thread] DEBUG FXGLApplication      - Exiting FXGL
06:33:25.758 [JavaFX Application Thread] DEBUG LoopRunner           - Stopping loop
06:33:25.759 [JavaFX Application Thread] DEBUG SystemBundleService  - Saving FXGL system data
06:33:25.760 [JavaFX Application Thread] DEBUG FileSystemAccess     - Writing to: C:\Users\pc\Desktop\Java\GameEngines\Asteriods\system\fxgl.bundle
06:33:25.761 [JavaFX Application Thread] DEBUG Async                - Shutting down background threads
06:33:25.761 [JavaFX Application Thread] DEBUG PrimaryStageWindow   - Closing main window
06:33:25.788 [JavaFX Application Thread] DEBUG Logger               - Closing Logger
