18:10:56.593 [main                     ] DEBUG Logger               - Configured Logger
18:10:56.682 [main                     ] DEBUG GameApplication      - Logging settings
Title: Shooter
Version: 0.1
Width: 1280
Height: 720
Fullscreen: true
Intro: false
Profiling: false
Single step:false
App Mode: DEVELOPER
Menu Key: ESCAPE
Stage Style: DECORATED
Scene Factory: class com.aen.spaceship_fights.MySceneFactory

18:10:57.287 [JavaFX Application Thread] DEBUG FXGLApplication      - Initializing FXGL
18:10:57.292 [JavaFX Application Thread] INFO  Engine               - FXGL-21.1 (27.03.2024 07.52) on WINDOWS (J:22.0.2 FX:22.0.1)
18:10:57.292 [JavaFX Application Thread] DEBUG Engine               - JRE Vendor Name: Oracle Corporation
18:10:57.292 [JavaFX Application Thread] DEBUG Engine               - Running on OS: Windows 11 version 10.0
18:10:57.292 [JavaFX Application Thread] DEBUG Engine               - Architecture: amd64
18:10:57.292 [JavaFX Application Thread] INFO  Engine               - Source code and latest versions at: https://github.com/AlmasB/FXGL
18:10:57.293 [JavaFX Application Thread] INFO  Engine               -       Ask questions and discuss at: https://github.com/AlmasB/FXGL/discussions
18:10:57.293 [JavaFX Application Thread] INFO  Engine               -              Join the FXGL chat at: https://gitter.im/AlmasB/FXGL
18:10:57.430 [JavaFX Application Thread] DEBUG PrimaryStageWindow   - Creating a JavaFX scene
18:10:57.484 [JavaFX Application Thread] DEBUG PrimaryStageWindow   - Target settings size: 1280.0 x 720.0
18:10:57.485 [JavaFX Application Thread] DEBUG PrimaryStageWindow   - Scaled scene size:    1280.0 x 720.0
18:10:57.485 [JavaFX Application Thread] DEBUG PrimaryStageWindow   - Scaled ratio: (1.0, 1.0)
18:10:57.486 [JavaFX Application Thread] DEBUG PrimaryStageWindow   - Set initial scene to FXGLStartupScene
18:10:57.494 [JavaFX Application Thread] DEBUG PrimaryStageWindow   - Opening main window
18:10:57.969 [JavaFX Application Thread] DEBUG PrimaryStageWindow   - Window border size: (16.0, 39.0)
18:10:57.969 [JavaFX Application Thread] DEBUG PrimaryStageWindow   - Scaled size: 1280.0 x 720.0
18:10:57.969 [JavaFX Application Thread] DEBUG PrimaryStageWindow   - Scaled ratio: (1.0, 1.0)
18:10:57.969 [JavaFX Application Thread] DEBUG PrimaryStageWindow   - Scene size: 1280.0 x 720.0
18:10:57.970 [JavaFX Application Thread] DEBUG PrimaryStageWindow   - Stage size: 1296.0 x 759.0
18:10:57.986 [FXGL Background Thread 1 ] DEBUG Engine               - Initializing environment variables
18:10:58.073 [FXGL Background Thread 1 ] DEBUG FXGLAssetLoaderServi - User app class for loading assets: class com.aen.spaceship_fights.SpaceShipFightsApp
18:10:58.073 [FXGL Background Thread 1 ] DEBUG GameApplicationServi - Applying CSS: fxgl_dark.css
18:10:58.074 [FXGL Background Thread 1 ] DEBUG FXGLAssetLoaderServi - Loading from file system: jar:file:/C:/Users/pc/.m2/repository/com/github/almasb/fxgl/21.1/fxgl-21.1.jar!/fxglassets/ui/css/fxgl_dark.css
18:10:58.138 [FXGL Background Thread 1 ] DEBUG GameApplicationServi - Initializing application scenes
18:10:58.257 [FXGL Background Thread 1 ] DEBUG GameWorld            - Game world initialized
18:10:58.311 [FXGL Background Thread 1 ] DEBUG PhysicsWorld         - Physics world initialized: appHeight=720, physics.ppm=50.0
18:10:58.311 [FXGL Background Thread 1 ] DEBUG PhysicsWorld         - Using strategy: BRUTE_FORCE
18:10:58.315 [FXGL Background Thread 1 ] DEBUG GameScene            - Game scene initialized: 1280x720
18:10:58.424 [FXGL Background Thread 1 ] DEBUG GameApplicationServi - Application scenes initialized
18:10:58.436 [FXGL Background Thread 1 ] DEBUG SystemBundleService  - Loading FXGL system data
18:10:58.438 [FXGL Background Thread 1 ] DEBUG FileSystemAccess     - Reading from: C:\Users\pc\Desktop\Java\GameEngines\Asteriods\system\fxgl.bundle
18:10:58.440 [FXGL Background Thread 1 ] DEBUG SystemBundleService  - Bundle FXGL: {}
18:10:58.441 [FXGL Background Thread 1 ] DEBUG UpdaterService       - Checking for updates
18:10:58.445 [FXGL Background Thread 1 ] DEBUG FXGLApplication      - Loading default localization
18:10:58.445 [FXGL Background Thread 1 ] DEBUG FXGLAssetLoaderServi - Loading from file system: jar:file:/C:/Users/pc/.m2/repository/com/github/almasb/fxgl/21.1/fxgl-21.1.jar!/fxglassets/languages/english.lang
18:10:58.461 [FXGL Background Thread 1 ] INFO  FXGLApplication      - FXGL initialization took: 0.474 sec
18:10:58.469 [JavaFX Application Thread] DEBUG Input                - Registered new binding: action0 - A
18:10:58.469 [JavaFX Application Thread] DEBUG Input                - Registered new binding: action1 - D
18:10:58.470 [JavaFX Application Thread] DEBUG Input                - Registered new binding: action2 - W
18:10:58.471 [JavaFX Application Thread] DEBUG Input                - Registered new binding: action3 - F
18:10:58.471 [JavaFX Application Thread] DEBUG Input                - Registered new binding: action4 - P
18:10:58.471 [JavaFX Application Thread] DEBUG Input                - Registered new binding: action5 - R
18:10:58.472 [JavaFX Application Thread] DEBUG Input                - Registered new binding: action6 - M
18:10:58.472 [JavaFX Application Thread] DEBUG FXGLAssetLoaderServi - Loading from file system: jar:file:/C:/Users/pc/.m2/repository/com/github/almasb/fxgl/21.1/fxgl-21.1.jar!/fxglassets/textures/fxgl_icon.png
18:10:58.549 [FXGL Background Thread 4 ] DEBUG FXGLApplication      - Loading fonts
18:10:58.550 [FXGL Background Thread 4 ] DEBUG FXGLAssetLoaderServi - Loading from file system: jar:file:/C:/Users/pc/.m2/repository/com/github/almasb/fxgl/21.1/fxgl-21.1.jar!/fxglassets/ui/fonts/VarelaRound-Regular.ttf
18:10:58.553 [JavaFX Application Thread] DEBUG FXGLAssetLoaderServi - Loading from file system: jar:file:/C:/Users/pc/.m2/repository/com/github/almasb/fxgl/21.1/fxgl-21.1.jar!/fxglassets/textures/fxgl_default_cursor.png
18:10:58.557 [FXGL Background Thread 4 ] DEBUG FXGLAssetLoaderServi - Loading from file system: jar:file:/C:/Users/pc/.m2/repository/com/github/almasb/fxgl/21.1/fxgl-21.1.jar!/fxglassets/ui/fonts/Abel-Regular.ttf
18:10:58.561 [JavaFX Application Thread] DEBUG Input                - Registered new binding: Screenshot - CTRL+8
18:10:58.562 [JavaFX Application Thread] DEBUG Input                - Registered new binding: System info dump - CTRL+9
18:10:58.562 [JavaFX Application Thread] DEBUG Input                - Registered new binding: Restart - CTRL+R
18:10:58.564 [JavaFX Application Thread] DEBUG Input                - Registered new binding: Toggle Debug Camera - CTRL+7
18:10:58.565 [FXGL Background Thread 4 ] DEBUG FXGLAssetLoaderServi - Loading from file system: jar:file:/C:/Users/pc/.m2/repository/com/github/almasb/fxgl/21.1/fxgl-21.1.jar!/fxglassets/ui/fonts/TerminalLandMono-Regular.otf
18:10:58.568 [FXGL Background Thread 4 ] DEBUG FXGLAssetLoaderServi - Loading from file system: jar:file:/C:/Users/pc/.m2/repository/com/github/almasb/fxgl/21.1/fxgl-21.1.jar!/fxglassets/ui/fonts/Courier-Prime.ttf
18:10:58.571 [JavaFX Application Thread] DEBUG LoopRunner           - Starting loop
18:10:58.572 [JavaFX Application Thread] DEBUG LoopRunner           - Initializing JavaFX AnimationTimerLoop
18:10:58.585 [JavaFX Application Thread] DEBUG Input                - Clearing active input actions
18:10:58.602 [JavaFX Application Thread] DEBUG GameApplicationServi - Removing overlay from FXGLStartupScene and adding to FXGLMainMenuDummyScene
18:10:58.607 [JavaFX Application Thread] DEBUG PrimaryStageWindow   - FXGLStartupScene -> FXGLMainMenuDummyScene
18:10:58.608 [JavaFX Application Thread] DEBUG PrimaryStageWindow   - Push state: MainMenu
18:10:58.608 [JavaFX Application Thread] DEBUG Input                - Clearing active input actions
18:10:58.621 [JavaFX Application Thread] DEBUG GameApplicationServi - Removing overlay from FXGLMainMenuDummyScene and adding to MainMenu
18:10:58.622 [JavaFX Application Thread] DEBUG PrimaryStageWindow   - FXGLMainMenuDummyScene -> MainMenu
18:10:58.653 [JavaFX Application Thread] DEBUG FXGLApplication      - Registering font factories with UI factory
18:10:59.564 [JavaFX Application Thread] DEBUG FXGLApplication      - Exiting FXGL
18:10:59.564 [JavaFX Application Thread] DEBUG LoopRunner           - Stopping loop
18:10:59.565 [JavaFX Application Thread] DEBUG SystemBundleService  - Saving FXGL system data
18:10:59.565 [JavaFX Application Thread] DEBUG FileSystemAccess     - Writing to: C:\Users\pc\Desktop\Java\GameEngines\Asteriods\system\fxgl.bundle
18:10:59.566 [JavaFX Application Thread] DEBUG Async                - Shutting down background threads
18:10:59.566 [JavaFX Application Thread] DEBUG PrimaryStageWindow   - Closing main window
18:10:59.590 [JavaFX Application Thread] DEBUG Logger               - Closing Logger
