16:54:57.489 [main                     ] DEBUG Logger               - Configured Logger
16:54:57.502 [main                     ] DEBUG GameApplication      - Logging settings
Title: SpaceShipFights
Version: 0.1
Width: 1280
Height: 720
Fullscreen: true
Intro: false
Profiling: false
Single step:false
App Mode: DEVELOPER
Menu Key: ESCAPE
Stage Style: DECORATED
Scene Factory: class com.aen.spaceship_fights.MySceneFactory

16:54:58.893 [JavaFX Application Thread] DEBUG FXGLApplication      - Initializing FXGL
16:54:58.900 [JavaFX Application Thread] INFO  Engine               - FXGL-21.1 (27.03.2024 07.52) on WINDOWS (J:24 FX:22.0.1)
16:54:58.901 [JavaFX Application Thread] DEBUG Engine               - JRE Vendor Name: Oracle Corporation
16:54:58.901 [JavaFX Application Thread] DEBUG Engine               - Running on OS: Windows 11 version 10.0
16:54:58.903 [JavaFX Application Thread] DEBUG Engine               - Architecture: amd64
16:54:58.903 [JavaFX Application Thread] INFO  Engine               - Source code and latest versions at: https://github.com/AlmasB/FXGL
16:54:58.903 [JavaFX Application Thread] INFO  Engine               -       Ask questions and discuss at: https://github.com/AlmasB/FXGL/discussions
16:54:58.903 [JavaFX Application Thread] INFO  Engine               -              Join the FXGL chat at: https://gitter.im/AlmasB/FXGL
16:54:59.237 [JavaFX Application Thread] DEBUG PrimaryStageWindow   - Creating a JavaFX scene
16:54:59.421 [JavaFX Application Thread] DEBUG PrimaryStageWindow   - Target settings size: 1280.0 x 720.0
16:54:59.422 [JavaFX Application Thread] DEBUG PrimaryStageWindow   - Scaled scene size:    1280.0 x 720.0
16:54:59.422 [JavaFX Application Thread] DEBUG PrimaryStageWindow   - Scaled ratio: (1.0, 1.0)
16:54:59.424 [JavaFX Application Thread] DEBUG PrimaryStageWindow   - Set initial scene to FXGLStartupScene
16:54:59.433 [JavaFX Application Thread] DEBUG PrimaryStageWindow   - Opening main window
16:55:00.348 [JavaFX Application Thread] DEBUG PrimaryStageWindow   - Window border size: (14.6666259765625, 37.33331298828125)
16:55:00.348 [JavaFX Application Thread] DEBUG PrimaryStageWindow   - Scaled size: 1280.0 x 720.0
16:55:00.349 [JavaFX Application Thread] DEBUG PrimaryStageWindow   - Scaled ratio: (1.0, 1.0)
16:55:00.349 [JavaFX Application Thread] DEBUG PrimaryStageWindow   - Scene size: 1280.0 x 720.0
16:55:00.349 [JavaFX Application Thread] DEBUG PrimaryStageWindow   - Stage size: 1294.6666259765625 x 757.3333129882812
16:55:00.373 [FXGL Background Thread 1 ] DEBUG Engine               - Initializing environment variables
16:55:00.546 [FXGL Background Thread 1 ] DEBUG FXGLAssetLoaderServi - User app class for loading assets: class com.aen.spaceship_fights.SpaceShipFightsApp
16:55:00.547 [FXGL Background Thread 1 ] DEBUG GameApplicationServi - Applying CSS: fxgl_dark.css
16:55:00.549 [FXGL Background Thread 1 ] DEBUG FXGLAssetLoaderServi - Loading from file system: jar:file:/C:/Users/merve/.m2/repository/com/github/almasb/fxgl/21.1/fxgl-21.1.jar!/fxglassets/ui/css/fxgl_dark.css
16:55:00.686 [FXGL Background Thread 1 ] DEBUG GameApplicationServi - Initializing application scenes
16:55:00.843 [FXGL Background Thread 1 ] DEBUG GameWorld            - Game world initialized
16:55:01.008 [FXGL Background Thread 1 ] DEBUG PhysicsWorld         - Physics world initialized: appHeight=720, physics.ppm=50,0
16:55:01.009 [FXGL Background Thread 1 ] DEBUG PhysicsWorld         - Using strategy: BRUTE_FORCE
16:55:01.018 [FXGL Background Thread 1 ] DEBUG GameScene            - Game scene initialized: 1280x720
16:55:01.311 [FXGL Background Thread 1 ] DEBUG GameApplicationServi - Application scenes initialized
16:55:01.326 [FXGL Background Thread 1 ] DEBUG SystemBundleService  - Loading FXGL system data
16:55:01.338 [FXGL Background Thread 1 ] DEBUG FileSystemAccess     - Reading from: C:\Users\merve\Desktop\ENSA\SpaceShipFights\SpaceShipFights\system\fxgl.bundle
16:55:01.341 [FXGL Background Thread 1 ] DEBUG SystemBundleService  - Bundle FXGL: {}
16:55:01.342 [FXGL Background Thread 1 ] DEBUG UpdaterService       - Checking for updates
16:55:01.349 [FXGL Background Thread 4 ] DEBUG FXGLApplication      - Loading fonts
16:55:01.349 [FXGL Background Thread 4 ] DEBUG FXGLAssetLoaderServi - Loading from file system: jar:file:/C:/Users/merve/.m2/repository/com/github/almasb/fxgl/21.1/fxgl-21.1.jar!/fxglassets/ui/fonts/VarelaRound-Regular.ttf
16:55:01.349 [FXGL Background Thread 1 ] DEBUG FXGLApplication      - Loading default localization
16:55:01.351 [FXGL Background Thread 1 ] DEBUG FXGLAssetLoaderServi - Loading from file system: jar:file:/C:/Users/merve/.m2/repository/com/github/almasb/fxgl/21.1/fxgl-21.1.jar!/fxglassets/languages/english.lang
16:55:01.374 [FXGL Background Thread 4 ] DEBUG FXGLAssetLoaderServi - Loading from file system: jar:file:/C:/Users/merve/.m2/repository/com/github/almasb/fxgl/21.1/fxgl-21.1.jar!/fxglassets/ui/fonts/Abel-Regular.ttf
16:55:01.391 [FXGL Background Thread 1 ] INFO  FXGLApplication      - FXGL initialization took: 1,017 sec
16:55:01.396 [FXGL Background Thread 4 ] DEBUG FXGLAssetLoaderServi - Loading from file system: jar:file:/C:/Users/merve/.m2/repository/com/github/almasb/fxgl/21.1/fxgl-21.1.jar!/fxglassets/ui/fonts/TerminalLandMono-Regular.otf
16:55:01.412 [JavaFX Application Thread] DEBUG Input                - Registered new binding: action0 - A
16:55:01.413 [JavaFX Application Thread] DEBUG Input                - Registered new binding: action1 - D
16:55:01.414 [JavaFX Application Thread] DEBUG Input                - Registered new binding: action2 - Left
16:55:01.415 [JavaFX Application Thread] DEBUG Input                - Registered new binding: action3 - Right
16:55:01.415 [FXGL Background Thread 4 ] DEBUG FXGLAssetLoaderServi - Loading from file system: jar:file:/C:/Users/merve/.m2/repository/com/github/almasb/fxgl/21.1/fxgl-21.1.jar!/fxglassets/ui/fonts/Courier-Prime.ttf
16:55:01.416 [JavaFX Application Thread] DEBUG Input                - Registered new binding: action4 - W
16:55:01.417 [JavaFX Application Thread] DEBUG Input                - Registered new binding: action5 - F
16:55:01.418 [JavaFX Application Thread] DEBUG Input                - Registered new binding: action6 - Space
16:55:01.419 [JavaFX Application Thread] DEBUG Input                - Registered new binding: action7 - P
16:55:01.420 [JavaFX Application Thread] DEBUG Input                - Registered new binding: action8 - R
16:55:01.421 [JavaFX Application Thread] DEBUG Input                - Registered new binding: action9 - M
16:55:01.421 [JavaFX Application Thread] DEBUG FXGLAssetLoaderServi - Loading from file system: jar:file:/C:/Users/merve/.m2/repository/com/github/almasb/fxgl/21.1/fxgl-21.1.jar!/fxglassets/textures/fxgl_icon.png
16:55:01.500 [JavaFX Application Thread] DEBUG FXGLAssetLoaderServi - Loading from file system: jar:file:/C:/Users/merve/.m2/repository/com/github/almasb/fxgl/21.1/fxgl-21.1.jar!/fxglassets/textures/fxgl_default_cursor.png
16:55:01.506 [JavaFX Application Thread] DEBUG Input                - Registered new binding: Screenshot - CTRL+8
16:55:01.507 [JavaFX Application Thread] DEBUG Input                - Registered new binding: System info dump - CTRL+9
16:55:01.508 [JavaFX Application Thread] DEBUG Input                - Registered new binding: Restart - CTRL+R
16:55:01.512 [JavaFX Application Thread] DEBUG Input                - Registered new binding: Toggle Debug Camera - CTRL+7
16:55:01.522 [JavaFX Application Thread] DEBUG LoopRunner           - Starting loop
16:55:01.522 [JavaFX Application Thread] DEBUG LoopRunner           - Initializing JavaFX AnimationTimerLoop
16:55:01.530 [JavaFX Application Thread] DEBUG Input                - Clearing active input actions
16:55:01.545 [JavaFX Application Thread] DEBUG GameApplicationServi - Removing overlay from FXGLStartupScene and adding to FXGLMainMenuDummyScene
16:55:01.546 [JavaFX Application Thread] DEBUG PrimaryStageWindow   - FXGLStartupScene -> FXGLMainMenuDummyScene
16:55:01.547 [JavaFX Application Thread] DEBUG PrimaryStageWindow   - Push state: MainMenu
16:55:01.548 [JavaFX Application Thread] DEBUG Input                - Clearing active input actions
16:55:01.579 [JavaFX Application Thread] DEBUG GameApplicationServi - Removing overlay from FXGLMainMenuDummyScene and adding to MainMenu
16:55:01.580 [JavaFX Application Thread] DEBUG PrimaryStageWindow   - FXGLMainMenuDummyScene -> MainMenu
16:55:01.581 [JavaFX Application Thread] DEBUG FXGLApplication      - Registering font factories with UI factory
16:55:04.346 [FXGL Background Thread 3 ] DEBUG Engine               - Logging environment variables
16:55:04.347 [FXGL Background Thread 3 ] DEBUG Engine               - achievements: []
16:55:04.347 [FXGL Background Thread 3 ] DEBUG Engine               - actualHeight: 720.0
16:55:04.347 [FXGL Background Thread 3 ] DEBUG Engine               - actualHeightProperty: ReadOnlyDoubleProperty [value: 720.0]
16:55:04.347 [FXGL Background Thread 3 ] DEBUG Engine               - actualWidth: 1280.0
16:55:04.348 [FXGL Background Thread 3 ] DEBUG Engine               - actualWidthProperty: ReadOnlyDoubleProperty [value: 1280.0]
16:55:04.348 [FXGL Background Thread 3 ] DEBUG Engine               - appIcon: fxgl_icon.png
16:55:04.348 [FXGL Background Thread 3 ] DEBUG Engine               - applicationMode: DEVELOPER
16:55:04.348 [FXGL Background Thread 3 ] DEBUG Engine               - cSSList: [fxgl_dark.css]
16:55:04.348 [FXGL Background Thread 3 ] DEBUG Engine               - collisionDetectionStrategy: BRUTE_FORCE
16:55:04.348 [FXGL Background Thread 3 ] DEBUG Engine               - configClass: Optional.empty
16:55:04.349 [FXGL Background Thread 3 ] DEBUG Engine               - credits: [Nyirenda Amos, Ouedraogo Luther Arthur, Magne Lydivine Merveille]
16:55:04.352 [FXGL Background Thread 3 ] DEBUG Engine               - defaultCursor: CursorInfo(imageName=fxgl_default_cursor.png, hotspotX=7.0, hotspotY=6.0)
16:55:04.353 [FXGL Background Thread 3 ] DEBUG Engine               - devBBoxColorProperty: ObjectProperty [value: 0xff0000ff]
16:55:04.353 [FXGL Background Thread 3 ] DEBUG Engine               - devEnableDebugCameraProperty: BooleanProperty [value: false]
16:55:04.353 [FXGL Background Thread 3 ] DEBUG Engine               - devSensorColorProperty: ObjectProperty [value: 0xffff00ff]
16:55:04.353 [FXGL Background Thread 3 ] DEBUG Engine               - devShowBBoxProperty: BooleanProperty [value: false]
16:55:04.353 [FXGL Background Thread 3 ] DEBUG Engine               - devShowPositionProperty: BooleanProperty [value: false]
16:55:04.353 [FXGL Background Thread 3 ] DEBUG Engine               - enabledMenuItems: []
16:55:04.354 [FXGL Background Thread 3 ] DEBUG Engine               - engineServices: [class com.almasb.fxgl.app.services.FXGLAssetLoaderService, class com.almasb.fxgl.app.FXGLApplication$GameApplicationService, class com.almasb.fxgl.app.services.FXGLDialogService, class com.almasb.fxgl.app.services.IOTaskExecutorService, class com.almasb.fxgl.io.FileSystemService, class com.almasb.fxgl.localization.LocalizationService, class com.almasb.fxgl.app.services.SystemBundleService, class com.almasb.fxgl.profile.SaveLoadService, class com.almasb.fxgl.ui.FXGLUIFactoryServiceProvider, class com.almasb.fxgl.ui.FXGLDialogFactoryServiceProvider, class com.almasb.fxgl.audio.AudioPlayer, class com.almasb.fxgl.notification.impl.NotificationServiceProvider, class com.almasb.fxgl.achievement.AchievementService, class com.almasb.fxgl.cutscene.CutsceneService, class com.almasb.fxgl.minigames.MiniGameService, class com.almasb.fxgl.net.NetService, class com.almasb.fxgl.app.services.UpdaterService, class com.almasb.fxgl.dev.DevService]
16:55:04.354 [FXGL Background Thread 3 ] DEBUG Engine               - fontGame: Abel-Regular.ttf
16:55:04.354 [FXGL Background Thread 3 ] DEBUG Engine               - fontMono: TerminalLandMono-Regular.otf
16:55:04.354 [FXGL Background Thread 3 ] DEBUG Engine               - fontSizeScaleUI: 1.0
16:55:04.354 [FXGL Background Thread 3 ] DEBUG Engine               - fontText: Courier-Prime.ttf
16:55:04.354 [FXGL Background Thread 3 ] DEBUG Engine               - fontUI: VarelaRound-Regular.ttf
16:55:04.354 [FXGL Background Thread 3 ] DEBUG Engine               - fullScreen: BooleanProperty [value: false]
16:55:04.354 [FXGL Background Thread 3 ] DEBUG Engine               - gameDifficulty: MEDIUM
16:55:04.354 [FXGL Background Thread 3 ] DEBUG Engine               - gameDifficultyProperty: ObjectProperty [value: MEDIUM]
16:55:04.354 [FXGL Background Thread 3 ] DEBUG Engine               - globalMusicVolume: 0.5
16:55:04.355 [FXGL Background Thread 3 ] DEBUG Engine               - globalMusicVolumeProperty: DoubleProperty [value: 0.5]
16:55:04.355 [FXGL Background Thread 3 ] DEBUG Engine               - globalSoundVolume: 0.5
16:55:04.355 [FXGL Background Thread 3 ] DEBUG Engine               - globalSoundVolumeProperty: DoubleProperty [value: 0.5]
16:55:04.355 [FXGL Background Thread 3 ] DEBUG Engine               - height: 720
16:55:04.355 [FXGL Background Thread 3 ] DEBUG Engine               - is3D: false
16:55:04.355 [FXGL Background Thread 3 ] DEBUG Engine               - isAndroid: false
16:55:04.355 [FXGL Background Thread 3 ] DEBUG Engine               - isBrowser: false
16:55:04.355 [FXGL Background Thread 3 ] DEBUG Engine               - isClickFeedbackEnabled: false
16:55:04.355 [FXGL Background Thread 3 ] DEBUG Engine               - isCloseConfirmation: false
16:55:04.355 [FXGL Background Thread 3 ] DEBUG Engine               - isDesktop: true
16:55:04.355 [FXGL Background Thread 3 ] DEBUG Engine               - isDeveloperMenuEnabled: false
16:55:04.355 [FXGL Background Thread 3 ] DEBUG Engine               - isEmbedded: false
16:55:04.355 [FXGL Background Thread 3 ] DEBUG Engine               - isEntityPreloadEnabled: true
16:55:04.356 [FXGL Background Thread 3 ] DEBUG Engine               - isExperimentalTiledLargeMap: false
16:55:04.356 [FXGL Background Thread 3 ] DEBUG Engine               - isFileSystemWriteAllowed: true
16:55:04.356 [FXGL Background Thread 3 ] DEBUG Engine               - isFullScreenAllowed: true
16:55:04.356 [FXGL Background Thread 3 ] DEBUG Engine               - isFullScreenFromStart: false
16:55:04.356 [FXGL Background Thread 3 ] DEBUG Engine               - isGameMenuEnabled: true
16:55:04.356 [FXGL Background Thread 3 ] DEBUG Engine               - isIOS: false
16:55:04.356 [FXGL Background Thread 3 ] DEBUG Engine               - isIntroEnabled: false
16:55:04.356 [FXGL Background Thread 3 ] DEBUG Engine               - isLinux: false
16:55:04.356 [FXGL Background Thread 3 ] DEBUG Engine               - isMac: false
16:55:04.356 [FXGL Background Thread 3 ] DEBUG Engine               - isMainMenuEnabled: true
16:55:04.356 [FXGL Background Thread 3 ] DEBUG Engine               - isManualResizeEnabled: false
16:55:04.356 [FXGL Background Thread 3 ] DEBUG Engine               - isMobile: false
16:55:04.356 [FXGL Background Thread 3 ] DEBUG Engine               - isNative: false
16:55:04.356 [FXGL Background Thread 3 ] DEBUG Engine               - isPauseMusicWhenMinimized: true
16:55:04.357 [FXGL Background Thread 3 ] DEBUG Engine               - isPreserveResizeRatio: false
16:55:04.357 [FXGL Background Thread 3 ] DEBUG Engine               - isProfilingEnabled: false
16:55:04.357 [FXGL Background Thread 3 ] DEBUG Engine               - isScaleAffectedOnResize: true
16:55:04.357 [FXGL Background Thread 3 ] DEBUG Engine               - isSingleStep: false
16:55:04.357 [FXGL Background Thread 3 ] DEBUG Engine               - isUserProfileEnabled: false
16:55:04.357 [FXGL Background Thread 3 ] DEBUG Engine               - isWindows: true
16:55:04.357 [FXGL Background Thread 3 ] DEBUG Engine               - language: ObjectProperty [value: ENGLISH]
16:55:04.357 [FXGL Background Thread 3 ] DEBUG Engine               - menuKey: ESCAPE
16:55:04.357 [FXGL Background Thread 3 ] DEBUG Engine               - mouseSensitivity: 0.2
16:55:04.357 [FXGL Background Thread 3 ] DEBUG Engine               - notificationViewClass: class com.almasb.fxgl.notification.view.XboxNotificationView
16:55:04.357 [FXGL Background Thread 3 ] DEBUG Engine               - pixelsPerMeter: 50.0
16:55:04.357 [FXGL Background Thread 3 ] DEBUG Engine               - platform: WINDOWS
16:55:04.357 [FXGL Background Thread 3 ] DEBUG Engine               - prefHeightProperty: ReadOnlyDoubleProperty [value: 720.0]
16:55:04.358 [FXGL Background Thread 3 ] DEBUG Engine               - prefWidthProperty: ReadOnlyDoubleProperty [value: 1280.0]
16:55:04.358 [FXGL Background Thread 3 ] DEBUG Engine               - profileDir: profiles/
16:55:04.358 [FXGL Background Thread 3 ] DEBUG Engine               - profileName: StringProperty [value: DEFAULT]
16:55:04.358 [FXGL Background Thread 3 ] DEBUG Engine               - randomSeed: -1
16:55:04.358 [FXGL Background Thread 3 ] DEBUG Engine               - runtimeInfo: RuntimeInfo(platform=WINDOWS, version=21.1, build=27.03.2024 07.52)
16:55:04.358 [FXGL Background Thread 3 ] DEBUG Engine               - saveFileExt: sav
16:55:04.358 [FXGL Background Thread 3 ] DEBUG Engine               - scaledHeightProp$fxgl: DoubleProperty [bound, value: 720.0]
16:55:04.358 [FXGL Background Thread 3 ] DEBUG Engine               - scaledWidthProp$fxgl: DoubleProperty [bound, value: 1280.0]
16:55:04.358 [FXGL Background Thread 3 ] DEBUG Engine               - sceneFactory: com.aen.spaceship_fights.MySceneFactory@1b772b07
16:55:04.358 [FXGL Background Thread 3 ] DEBUG Engine               - secondsIn24h: 60
16:55:04.359 [FXGL Background Thread 3 ] DEBUG Engine               - soundMenuBack: menu/back.wav
16:55:04.359 [FXGL Background Thread 3 ] DEBUG Engine               - soundMenuPress: menu/press.wav
16:55:04.359 [FXGL Background Thread 3 ] DEBUG Engine               - soundMenuSelect: menu/select.wav
16:55:04.359 [FXGL Background Thread 3 ] DEBUG Engine               - soundNotification: core/notification.wav
16:55:04.359 [FXGL Background Thread 3 ] DEBUG Engine               - stageStyle: DECORATED
16:55:04.359 [FXGL Background Thread 3 ] DEBUG Engine               - supportedLanguages: [ENGLISH, FRENCH, GERMAN, HUNGARIAN, RUSSIAN]
16:55:04.359 [FXGL Background Thread 3 ] DEBUG Engine               - ticksPerSecond: -1
16:55:04.359 [FXGL Background Thread 3 ] DEBUG Engine               - title: SpaceShipFights
16:55:04.359 [FXGL Background Thread 3 ] DEBUG Engine               - urlGithub: https://github.com/AlmasB/FXGL
16:55:04.359 [FXGL Background Thread 3 ] DEBUG Engine               - urlLeaderboard: http://fxgl-top.herokuapp.com/
16:55:04.359 [FXGL Background Thread 3 ] DEBUG Engine               - urlPOM: https://raw.githubusercontent.com/AlmasB/FXGL/release/README.md
16:55:04.359 [FXGL Background Thread 3 ] DEBUG Engine               - userAppClass: class com.aen.spaceship_fights.SpaceShipFightsApp
16:55:04.359 [FXGL Background Thread 3 ] DEBUG Engine               - version: 0.1
16:55:04.359 [FXGL Background Thread 3 ] DEBUG Engine               - versionCheckDays: 7
16:55:04.359 [FXGL Background Thread 3 ] DEBUG Engine               - width: 1280
16:55:04.360 [FXGL Background Thread 3 ] DEBUG Engine               - Logging services
16:55:04.360 [FXGL Background Thread 3 ] DEBUG Engine               - class com.almasb.fxgl.app.services.FXGLAssetLoaderService
16:55:04.360 [FXGL Background Thread 3 ] DEBUG Engine               - class com.almasb.fxgl.app.FXGLApplication$GameApplicationService
16:55:04.360 [FXGL Background Thread 3 ] DEBUG Engine               - class com.almasb.fxgl.app.services.FXGLDialogService
16:55:04.360 [FXGL Background Thread 3 ] DEBUG Engine               - class com.almasb.fxgl.app.services.IOTaskExecutorService
16:55:04.360 [FXGL Background Thread 3 ] DEBUG Engine               - class com.almasb.fxgl.io.FileSystemService
16:55:04.360 [FXGL Background Thread 3 ] DEBUG Engine               - class com.almasb.fxgl.localization.LocalizationService
16:55:04.360 [FXGL Background Thread 3 ] DEBUG Engine               - class com.almasb.fxgl.app.services.SystemBundleService
16:55:04.360 [FXGL Background Thread 3 ] DEBUG Engine               - class com.almasb.fxgl.profile.SaveLoadService
16:55:04.360 [FXGL Background Thread 3 ] DEBUG Engine               - class com.almasb.fxgl.ui.FXGLUIFactoryServiceProvider
16:55:04.360 [FXGL Background Thread 3 ] DEBUG Engine               - class com.almasb.fxgl.ui.FXGLDialogFactoryServiceProvider
16:55:04.360 [FXGL Background Thread 3 ] DEBUG Engine               - class com.almasb.fxgl.audio.AudioPlayer
16:55:04.360 [FXGL Background Thread 3 ] DEBUG Engine               - class com.almasb.fxgl.notification.impl.NotificationServiceProvider
16:55:04.360 [FXGL Background Thread 3 ] DEBUG Engine               - class com.almasb.fxgl.achievement.AchievementService
16:55:04.360 [FXGL Background Thread 3 ] DEBUG Engine               - class com.almasb.fxgl.cutscene.CutsceneService
16:55:04.360 [FXGL Background Thread 3 ] DEBUG Engine               - class com.almasb.fxgl.minigames.MiniGameService
16:55:04.360 [FXGL Background Thread 3 ] DEBUG Engine               - class com.almasb.fxgl.net.NetService
16:55:04.360 [FXGL Background Thread 3 ] DEBUG Engine               - class com.almasb.fxgl.app.services.UpdaterService
16:55:04.360 [FXGL Background Thread 3 ] DEBUG Engine               - class com.almasb.fxgl.dev.DevService
16:55:16.787 [JavaFX Application Thread] DEBUG Menu                 - fireNewGame()
16:55:16.788 [JavaFX Application Thread] DEBUG GameApplicationServi - Starting new game
16:55:16.788 [JavaFX Application Thread] DEBUG PrimaryStageWindow   - Pop state: MainMenu
16:55:16.788 [JavaFX Application Thread] DEBUG Input                - Clearing active input actions
16:55:16.789 [JavaFX Application Thread] DEBUG GameApplicationServi - Removing overlay from MainMenu and adding to FXGLMainMenuDummyScene
16:55:16.789 [JavaFX Application Thread] DEBUG PrimaryStageWindow   - FXGLMainMenuDummyScene <- MainMenu
16:55:16.789 [JavaFX Application Thread] DEBUG Input                - Clearing active input actions
16:55:16.800 [JavaFX Application Thread] DEBUG GameApplicationServi - Removing overlay from FXGLMainMenuDummyScene and adding to FXGLLoadingScene
16:55:16.800 [JavaFX Application Thread] DEBUG PrimaryStageWindow   - FXGLMainMenuDummyScene -> FXGLLoadingScene
16:55:16.800 [JavaFX Application Thread] DEBUG GameApplicationServi - Clearing previous game
16:55:16.800 [JavaFX Application Thread] DEBUG GameScene            - Clearing game scene
16:55:16.800 [JavaFX Application Thread] DEBUG GameWorld            - Clearing game world
16:55:16.801 [JavaFX Application Thread] DEBUG PhysicsWorld         - Clearing physics world
16:55:16.802 [FXGL Background Thread 2 ] DEBUG FXGLApplication      - Initializing game
16:55:16.804 [FXGL Background Thread 2 ] DEBUG FXGLAssetLoaderServi - Loading from file system: file:/C:/Users/merve/Desktop/ENSA/SpaceShipFights/SpaceShipFights/target/classes/assets/music/bgm.mp3
16:55:17.103 [FXGL Background Thread 2 ] DEBUG AudioPlayer          - Playing music com.almasb.fxgl.audio.Music@c500e1
16:55:17.221 [FXGL Background Thread 2 ] DEBUG FXGLAssetLoaderServi - Loading from file system: file:/C:/Users/merve/Desktop/ENSA/SpaceShipFights/SpaceShipFights/target/classes/assets/textures/player.png
16:55:17.392 [FXGL Background Thread 2 ] DEBUG FXGLAssetLoaderServi - Loading from file system: file:/C:/Users/merve/Desktop/ENSA/SpaceShipFights/SpaceShipFights/target/classes/assets/textures/life.png
16:55:17.398 [FXGL Background Thread 2 ] INFO  FXGLApplication      - Game initialization took: 0,595 sec
16:55:17.403 [JavaFX Application Thread] DEBUG Input                - Clearing active input actions
16:55:17.425 [JavaFX Application Thread] DEBUG GameApplicationServi - Removing overlay from FXGLLoadingScene and adding to GameScene
16:55:17.425 [JavaFX Application Thread] DEBUG PrimaryStageWindow   - FXGLLoadingScene -> GameScene
16:55:17.478 [JavaFX Application Thread] DEBUG FXGLAssetLoaderServi - Loading from file system: file:/C:/Users/merve/Desktop/ENSA/SpaceShipFights/SpaceShipFights/target/classes/assets/sounds/level.wav
16:55:19.103 [JavaFX Application Thread] DEBUG FXGLAssetLoaderServi - Loading from file system: file:/C:/Users/merve/Desktop/ENSA/SpaceShipFights/SpaceShipFights/target/classes/assets/textures/enemy1.png
16:55:19.187 [JavaFX Application Thread] DEBUG FXGLAssetLoaderServi - Loading from file system: file:/C:/Users/merve/Desktop/ENSA/SpaceShipFights/SpaceShipFights/target/classes/assets/textures/enemy2.png
16:55:19.653 [JavaFX Application Thread] DEBUG FXGLAssetLoaderServi - Loading from file system: file:/C:/Users/merve/Desktop/ENSA/SpaceShipFights/SpaceShipFights/target/classes/assets/textures/enemy3.png
16:55:19.854 [JavaFX Application Thread] DEBUG FXGLAssetLoaderServi - Loading from file system: file:/C:/Users/merve/Desktop/ENSA/SpaceShipFights/SpaceShipFights/target/classes/assets/textures/bullet.png
16:55:21.159 [JavaFX Application Thread] DEBUG FXGLAssetLoaderServi - Loading from file system: file:/C:/Users/merve/Desktop/ENSA/SpaceShipFights/SpaceShipFights/target/classes/assets/sounds/explosion.wav
16:55:21.205 [JavaFX Application Thread] DEBUG FXGLAssetLoaderServi - Loading from file system: file:/C:/Users/merve/Desktop/ENSA/SpaceShipFights/SpaceShipFights/target/classes/assets/textures/explosion.png
16:55:21.513 [JavaFX Application Thread] DEBUG FXGLAssetLoaderServi - Loading from file system: file:/C:/Users/merve/Desktop/ENSA/SpaceShipFights/SpaceShipFights/target/classes/assets/textures/enemy_bullet.png
16:55:21.519 [JavaFX Application Thread] DEBUG FXGLAssetLoaderServi - Loading from file system: file:/C:/Users/merve/Desktop/ENSA/SpaceShipFights/SpaceShipFights/target/classes/assets/sounds/shoot1.wav
16:55:23.041 [JavaFX Application Thread] DEBUG LoopRunner           - Resuming loop
16:55:23.041 [JavaFX Application Thread] DEBUG AudioPlayer          - Resuming music com.almasb.fxgl.audio.Music@c500e1
16:55:26.630 [JavaFX Application Thread] DEBUG FXGLAssetLoaderServi - Loading from file system: file:/C:/Users/merve/Desktop/ENSA/SpaceShipFights/SpaceShipFights/target/classes/assets/sounds/shoot4.wav
16:55:28.117 [JavaFX Application Thread] DEBUG FXGLAssetLoaderServi - Loading from file system: file:/C:/Users/merve/Desktop/ENSA/SpaceShipFights/SpaceShipFights/target/classes/assets/sounds/shoot3.wav
16:55:30.420 [JavaFX Application Thread] DEBUG FXGLAssetLoaderServi - Loading from file system: file:/C:/Users/merve/Desktop/ENSA/SpaceShipFights/SpaceShipFights/target/classes/assets/sounds/shoot2.wav
16:57:13.835 [JavaFX Application Thread] DEBUG FXGLApplication      - Exiting FXGL
16:57:13.835 [JavaFX Application Thread] DEBUG LoopRunner           - Stopping loop
16:57:13.837 [JavaFX Application Thread] DEBUG SystemBundleService  - Saving FXGL system data
16:57:13.839 [JavaFX Application Thread] DEBUG FileSystemAccess     - Writing to: C:\Users\merve\Desktop\ENSA\SpaceShipFights\SpaceShipFights\system\fxgl.bundle
16:57:13.841 [JavaFX Application Thread] DEBUG Async                - Shutting down background threads
16:57:13.842 [JavaFX Application Thread] DEBUG PrimaryStageWindow   - Closing main window
16:57:13.876 [JavaFX Application Thread] DEBUG Logger               - Closing Logger
