03:28:00.408 [main                     ] DEBUG Logger               - Configured Logger
03:28:00.518 [main                     ] DEBUG GameApplication      - Logging settings
Title: Shooter
Version: 0.1
Width: 1280
Height: 720
Fullscreen: true
Intro: false
Profiling: false
Single step:false
App Mode: DEVELOPER
Menu Key: ESCAPE
Stage Style: DECORATED
Scene Factory: class com.aen.spaceship_fights.MySceneFactory

03:28:01.381 [JavaFX Application Thread] DEBUG FXGLApplication      - Initializing FXGL
03:28:01.385 [JavaFX Application Thread] INFO  Engine               - FXGL-21.1 (27.03.2024 07.52) on WINDOWS (J:22.0.2 FX:22.0.1)
03:28:01.385 [JavaFX Application Thread] DEBUG Engine               - JRE Vendor Name: Oracle Corporation
03:28:01.386 [JavaFX Application Thread] DEBUG Engine               - Running on OS: Windows 11 version 10.0
03:28:01.386 [JavaFX Application Thread] DEBUG Engine               - Architecture: amd64
03:28:01.386 [JavaFX Application Thread] INFO  Engine               - Source code and latest versions at: https://github.com/AlmasB/FXGL
03:28:01.386 [JavaFX Application Thread] INFO  Engine               -       Ask questions and discuss at: https://github.com/AlmasB/FXGL/discussions
03:28:01.386 [JavaFX Application Thread] INFO  Engine               -              Join the FXGL chat at: https://gitter.im/AlmasB/FXGL
03:28:01.532 [JavaFX Application Thread] DEBUG PrimaryStageWindow   - Creating a JavaFX scene
03:28:01.602 [JavaFX Application Thread] DEBUG PrimaryStageWindow   - Target settings size: 1280.0 x 720.0
03:28:01.602 [JavaFX Application Thread] DEBUG PrimaryStageWindow   - Scaled scene size:    1280.0 x 720.0
03:28:01.603 [JavaFX Application Thread] DEBUG PrimaryStageWindow   - Scaled ratio: (1.0, 1.0)
03:28:01.604 [JavaFX Application Thread] DEBUG PrimaryStageWindow   - Set initial scene to FXGLStartupScene
03:28:01.609 [JavaFX Application Thread] DEBUG PrimaryStageWindow   - Opening main window
03:28:02.147 [JavaFX Application Thread] DEBUG PrimaryStageWindow   - Window border size: (16.0, 39.0)
03:28:02.147 [JavaFX Application Thread] DEBUG PrimaryStageWindow   - Scaled size: 1280.0 x 720.0
03:28:02.147 [JavaFX Application Thread] DEBUG PrimaryStageWindow   - Scaled ratio: (1.0, 1.0)
03:28:02.147 [JavaFX Application Thread] DEBUG PrimaryStageWindow   - Scene size: 1280.0 x 720.0
03:28:02.148 [JavaFX Application Thread] DEBUG PrimaryStageWindow   - Stage size: 1296.0 x 759.0
03:28:02.227 [FXGL Background Thread 1 ] DEBUG Engine               - Initializing environment variables
03:28:02.274 [FXGL Background Thread 1 ] DEBUG FXGLAssetLoaderServi - User app class for loading assets: class com.aen.spaceship_fights.SpaceShipFightsApp
03:28:02.274 [FXGL Background Thread 1 ] DEBUG GameApplicationServi - Applying CSS: fxgl_dark.css
03:28:02.275 [FXGL Background Thread 1 ] DEBUG FXGLAssetLoaderServi - Loading from file system: jar:file:/C:/Users/pc/.m2/repository/com/github/almasb/fxgl/21.1/fxgl-21.1.jar!/fxglassets/ui/css/fxgl_dark.css
03:28:02.328 [FXGL Background Thread 1 ] DEBUG GameApplicationServi - Initializing application scenes
03:28:02.459 [FXGL Background Thread 1 ] DEBUG GameWorld            - Game world initialized
03:28:02.541 [FXGL Background Thread 1 ] DEBUG PhysicsWorld         - Physics world initialized: appHeight=720, physics.ppm=50.0
03:28:02.541 [FXGL Background Thread 1 ] DEBUG PhysicsWorld         - Using strategy: BRUTE_FORCE
03:28:02.546 [FXGL Background Thread 1 ] DEBUG GameScene            - Game scene initialized: 1280x720
03:28:02.653 [FXGL Background Thread 1 ] DEBUG GameApplicationServi - Application scenes initialized
03:28:02.665 [FXGL Background Thread 1 ] DEBUG SystemBundleService  - Loading FXGL system data
03:28:02.666 [FXGL Background Thread 1 ] DEBUG FileSystemAccess     - Reading from: C:\Users\pc\Desktop\Java\GameEngines\Asteriods\system\fxgl.bundle
03:28:02.670 [FXGL Background Thread 1 ] DEBUG SystemBundleService  - Bundle FXGL: {}
03:28:02.670 [FXGL Background Thread 1 ] DEBUG UpdaterService       - Checking for updates
03:28:02.674 [FXGL Background Thread 1 ] DEBUG FXGLApplication      - Loading default localization
03:28:02.674 [FXGL Background Thread 1 ] DEBUG FXGLAssetLoaderServi - Loading from file system: jar:file:/C:/Users/pc/.m2/repository/com/github/almasb/fxgl/21.1/fxgl-21.1.jar!/fxglassets/languages/english.lang
03:28:02.690 [FXGL Background Thread 1 ] INFO  FXGLApplication      - FXGL initialization took: 0.463 sec
03:28:02.691 [FXGL Background Thread 4 ] DEBUG FXGLApplication      - Loading fonts
03:28:02.691 [FXGL Background Thread 4 ] DEBUG FXGLAssetLoaderServi - Loading from file system: jar:file:/C:/Users/pc/.m2/repository/com/github/almasb/fxgl/21.1/fxgl-21.1.jar!/fxglassets/ui/fonts/VarelaRound-Regular.ttf
03:28:02.695 [FXGL Background Thread 4 ] DEBUG FXGLAssetLoaderServi - Loading from file system: jar:file:/C:/Users/pc/.m2/repository/com/github/almasb/fxgl/21.1/fxgl-21.1.jar!/fxglassets/ui/fonts/Abel-Regular.ttf
03:28:02.698 [FXGL Background Thread 4 ] DEBUG FXGLAssetLoaderServi - Loading from file system: jar:file:/C:/Users/pc/.m2/repository/com/github/almasb/fxgl/21.1/fxgl-21.1.jar!/fxglassets/ui/fonts/TerminalLandMono-Regular.otf
03:28:02.702 [JavaFX Application Thread] DEBUG Input                - Registered new binding: action0 - A
03:28:02.703 [JavaFX Application Thread] DEBUG Input                - Registered new binding: action1 - D
03:28:02.705 [JavaFX Application Thread] DEBUG Input                - Registered new binding: action2 - W
03:28:02.706 [FXGL Background Thread 4 ] DEBUG FXGLAssetLoaderServi - Loading from file system: jar:file:/C:/Users/pc/.m2/repository/com/github/almasb/fxgl/21.1/fxgl-21.1.jar!/fxglassets/ui/fonts/Courier-Prime.ttf
03:28:02.709 [JavaFX Application Thread] DEBUG Input                - Registered new binding: action3 - F
03:28:02.709 [JavaFX Application Thread] DEBUG Input                - Registered new binding: action4 - P
03:28:02.710 [JavaFX Application Thread] DEBUG Input                - Registered new binding: action5 - R
03:28:02.711 [JavaFX Application Thread] DEBUG Input                - Registered new binding: action6 - M
03:28:02.712 [JavaFX Application Thread] DEBUG FXGLAssetLoaderServi - Loading from file system: jar:file:/C:/Users/pc/.m2/repository/com/github/almasb/fxgl/21.1/fxgl-21.1.jar!/fxglassets/textures/fxgl_icon.png
03:28:02.778 [JavaFX Application Thread] DEBUG FXGLAssetLoaderServi - Loading from file system: jar:file:/C:/Users/pc/.m2/repository/com/github/almasb/fxgl/21.1/fxgl-21.1.jar!/fxglassets/textures/fxgl_default_cursor.png
03:28:02.782 [JavaFX Application Thread] DEBUG Input                - Registered new binding: Screenshot - CTRL+8
03:28:02.782 [JavaFX Application Thread] DEBUG Input                - Registered new binding: System info dump - CTRL+9
03:28:02.783 [JavaFX Application Thread] DEBUG Input                - Registered new binding: Restart - CTRL+R
03:28:02.785 [JavaFX Application Thread] DEBUG Input                - Registered new binding: Toggle Debug Camera - CTRL+7
03:28:02.794 [JavaFX Application Thread] DEBUG LoopRunner           - Starting loop
03:28:02.794 [JavaFX Application Thread] DEBUG LoopRunner           - Initializing JavaFX AnimationTimerLoop
03:28:02.799 [JavaFX Application Thread] DEBUG Input                - Clearing active input actions
03:28:02.809 [JavaFX Application Thread] DEBUG GameApplicationServi - Removing overlay from FXGLStartupScene and adding to FXGLMainMenuDummyScene
03:28:02.810 [JavaFX Application Thread] DEBUG PrimaryStageWindow   - FXGLStartupScene -> FXGLMainMenuDummyScene
03:28:02.810 [JavaFX Application Thread] DEBUG PrimaryStageWindow   - Push state: MainMenu
03:28:02.811 [JavaFX Application Thread] DEBUG Input                - Clearing active input actions
03:28:02.830 [JavaFX Application Thread] DEBUG GameApplicationServi - Removing overlay from FXGLMainMenuDummyScene and adding to MainMenu
03:28:02.832 [JavaFX Application Thread] DEBUG PrimaryStageWindow   - FXGLMainMenuDummyScene -> MainMenu
03:28:02.832 [JavaFX Application Thread] DEBUG FXGLApplication      - Registering font factories with UI factory
03:28:03.025 [FXGL Background Thread 2 ] WARN  UpdaterService       - Failed to find updates: java.net.UnknownHostException: raw.githubusercontent.com
03:28:05.672 [FXGL Background Thread 3 ] DEBUG Engine               - Logging environment variables
03:28:05.672 [FXGL Background Thread 3 ] DEBUG Engine               - achievements: []
03:28:05.672 [FXGL Background Thread 3 ] DEBUG Engine               - actualHeight: 720.0
03:28:05.672 [FXGL Background Thread 3 ] DEBUG Engine               - actualHeightProperty: ReadOnlyDoubleProperty [value: 720.0]
03:28:05.672 [FXGL Background Thread 3 ] DEBUG Engine               - actualWidth: 1280.0
03:28:05.672 [FXGL Background Thread 3 ] DEBUG Engine               - actualWidthProperty: ReadOnlyDoubleProperty [value: 1280.0]
03:28:05.672 [FXGL Background Thread 3 ] DEBUG Engine               - appIcon: fxgl_icon.png
03:28:05.672 [FXGL Background Thread 3 ] DEBUG Engine               - applicationMode: DEVELOPER
03:28:05.672 [FXGL Background Thread 3 ] DEBUG Engine               - cSSList: [fxgl_dark.css]
03:28:05.672 [FXGL Background Thread 3 ] DEBUG Engine               - collisionDetectionStrategy: BRUTE_FORCE
03:28:05.673 [FXGL Background Thread 3 ] DEBUG Engine               - configClass: Optional.empty
03:28:05.673 [FXGL Background Thread 3 ] DEBUG Engine               - credits: [Nyirenda Amos, Ouedraogo Luther Arthur, Magne Lidivine Merveille]
03:28:05.674 [FXGL Background Thread 3 ] DEBUG Engine               - defaultCursor: CursorInfo(imageName=fxgl_default_cursor.png, hotspotX=7.0, hotspotY=6.0)
03:28:05.675 [FXGL Background Thread 3 ] DEBUG Engine               - devBBoxColorProperty: ObjectProperty [value: 0xff0000ff]
03:28:05.675 [FXGL Background Thread 3 ] DEBUG Engine               - devEnableDebugCameraProperty: BooleanProperty [value: false]
03:28:05.675 [FXGL Background Thread 3 ] DEBUG Engine               - devSensorColorProperty: ObjectProperty [value: 0xffff00ff]
03:28:05.675 [FXGL Background Thread 3 ] DEBUG Engine               - devShowBBoxProperty: BooleanProperty [value: false]
03:28:05.675 [FXGL Background Thread 3 ] DEBUG Engine               - devShowPositionProperty: BooleanProperty [value: false]
03:28:05.675 [FXGL Background Thread 3 ] DEBUG Engine               - enabledMenuItems: []
03:28:05.675 [FXGL Background Thread 3 ] DEBUG Engine               - engineServices: [class com.almasb.fxgl.app.services.FXGLAssetLoaderService, class com.almasb.fxgl.app.FXGLApplication$GameApplicationService, class com.almasb.fxgl.app.services.FXGLDialogService, class com.almasb.fxgl.app.services.IOTaskExecutorService, class com.almasb.fxgl.io.FileSystemService, class com.almasb.fxgl.localization.LocalizationService, class com.almasb.fxgl.app.services.SystemBundleService, class com.almasb.fxgl.profile.SaveLoadService, class com.almasb.fxgl.ui.FXGLUIFactoryServiceProvider, class com.almasb.fxgl.ui.FXGLDialogFactoryServiceProvider, class com.almasb.fxgl.audio.AudioPlayer, class com.almasb.fxgl.notification.impl.NotificationServiceProvider, class com.almasb.fxgl.achievement.AchievementService, class com.almasb.fxgl.cutscene.CutsceneService, class com.almasb.fxgl.minigames.MiniGameService, class com.almasb.fxgl.net.NetService, class com.almasb.fxgl.app.services.UpdaterService, class com.almasb.fxgl.dev.DevService]
03:28:05.675 [FXGL Background Thread 3 ] DEBUG Engine               - fontGame: Abel-Regular.ttf
03:28:05.675 [FXGL Background Thread 3 ] DEBUG Engine               - fontMono: TerminalLandMono-Regular.otf
03:28:05.675 [FXGL Background Thread 3 ] DEBUG Engine               - fontSizeScaleUI: 1.0
03:28:05.675 [FXGL Background Thread 3 ] DEBUG Engine               - fontText: Courier-Prime.ttf
03:28:05.675 [FXGL Background Thread 3 ] DEBUG Engine               - fontUI: VarelaRound-Regular.ttf
03:28:05.675 [FXGL Background Thread 3 ] DEBUG Engine               - fullScreen: BooleanProperty [value: false]
03:28:05.675 [FXGL Background Thread 3 ] DEBUG Engine               - gameDifficulty: MEDIUM
03:28:05.675 [FXGL Background Thread 3 ] DEBUG Engine               - gameDifficultyProperty: ObjectProperty [value: MEDIUM]
03:28:05.675 [FXGL Background Thread 3 ] DEBUG Engine               - globalMusicVolume: 0.5
03:28:05.675 [FXGL Background Thread 3 ] DEBUG Engine               - globalMusicVolumeProperty: DoubleProperty [value: 0.5]
03:28:05.675 [FXGL Background Thread 3 ] DEBUG Engine               - globalSoundVolume: 0.5
03:28:05.675 [FXGL Background Thread 3 ] DEBUG Engine               - globalSoundVolumeProperty: DoubleProperty [value: 0.5]
03:28:05.675 [FXGL Background Thread 3 ] DEBUG Engine               - height: 720
03:28:05.675 [FXGL Background Thread 3 ] DEBUG Engine               - is3D: false
03:28:05.675 [FXGL Background Thread 3 ] DEBUG Engine               - isAndroid: false
03:28:05.675 [FXGL Background Thread 3 ] DEBUG Engine               - isBrowser: false
03:28:05.675 [FXGL Background Thread 3 ] DEBUG Engine               - isClickFeedbackEnabled: false
03:28:05.675 [FXGL Background Thread 3 ] DEBUG Engine               - isCloseConfirmation: false
03:28:05.675 [FXGL Background Thread 3 ] DEBUG Engine               - isDesktop: true
03:28:05.675 [FXGL Background Thread 3 ] DEBUG Engine               - isDeveloperMenuEnabled: false
03:28:05.675 [FXGL Background Thread 3 ] DEBUG Engine               - isEmbedded: false
03:28:05.675 [FXGL Background Thread 3 ] DEBUG Engine               - isEntityPreloadEnabled: true
03:28:05.675 [FXGL Background Thread 3 ] DEBUG Engine               - isExperimentalTiledLargeMap: false
03:28:05.675 [FXGL Background Thread 3 ] DEBUG Engine               - isFileSystemWriteAllowed: true
03:28:05.675 [FXGL Background Thread 3 ] DEBUG Engine               - isFullScreenAllowed: true
03:28:05.675 [FXGL Background Thread 3 ] DEBUG Engine               - isFullScreenFromStart: false
03:28:05.676 [FXGL Background Thread 3 ] DEBUG Engine               - isGameMenuEnabled: true
03:28:05.676 [FXGL Background Thread 3 ] DEBUG Engine               - isIOS: false
03:28:05.676 [FXGL Background Thread 3 ] DEBUG Engine               - isIntroEnabled: false
03:28:05.676 [FXGL Background Thread 3 ] DEBUG Engine               - isLinux: false
03:28:05.676 [FXGL Background Thread 3 ] DEBUG Engine               - isMac: false
03:28:05.676 [FXGL Background Thread 3 ] DEBUG Engine               - isMainMenuEnabled: true
03:28:05.676 [FXGL Background Thread 3 ] DEBUG Engine               - isManualResizeEnabled: false
03:28:05.677 [FXGL Background Thread 3 ] DEBUG Engine               - isMobile: false
03:28:05.677 [FXGL Background Thread 3 ] DEBUG Engine               - isNative: false
03:28:05.677 [FXGL Background Thread 3 ] DEBUG Engine               - isPauseMusicWhenMinimized: true
03:28:05.677 [FXGL Background Thread 3 ] DEBUG Engine               - isPreserveResizeRatio: false
03:28:05.677 [FXGL Background Thread 3 ] DEBUG Engine               - isProfilingEnabled: false
03:28:05.677 [FXGL Background Thread 3 ] DEBUG Engine               - isScaleAffectedOnResize: true
03:28:05.677 [FXGL Background Thread 3 ] DEBUG Engine               - isSingleStep: false
03:28:05.677 [FXGL Background Thread 3 ] DEBUG Engine               - isUserProfileEnabled: false
03:28:05.677 [FXGL Background Thread 3 ] DEBUG Engine               - isWindows: true
03:28:05.677 [FXGL Background Thread 3 ] DEBUG Engine               - language: ObjectProperty [value: ENGLISH]
03:28:05.677 [FXGL Background Thread 3 ] DEBUG Engine               - menuKey: ESCAPE
03:28:05.677 [FXGL Background Thread 3 ] DEBUG Engine               - mouseSensitivity: 0.2
03:28:05.677 [FXGL Background Thread 3 ] DEBUG Engine               - notificationViewClass: class com.almasb.fxgl.notification.view.XboxNotificationView
03:28:05.677 [FXGL Background Thread 3 ] DEBUG Engine               - pixelsPerMeter: 50.0
03:28:05.677 [FXGL Background Thread 3 ] DEBUG Engine               - platform: WINDOWS
03:28:05.677 [FXGL Background Thread 3 ] DEBUG Engine               - prefHeightProperty: ReadOnlyDoubleProperty [value: 720.0]
03:28:05.677 [FXGL Background Thread 3 ] DEBUG Engine               - prefWidthProperty: ReadOnlyDoubleProperty [value: 1280.0]
03:28:05.677 [FXGL Background Thread 3 ] DEBUG Engine               - profileDir: profiles/
03:28:05.677 [FXGL Background Thread 3 ] DEBUG Engine               - profileName: StringProperty [value: DEFAULT]
03:28:05.677 [FXGL Background Thread 3 ] DEBUG Engine               - randomSeed: -1
03:28:05.677 [FXGL Background Thread 3 ] DEBUG Engine               - runtimeInfo: RuntimeInfo(platform=WINDOWS, version=21.1, build=27.03.2024 07.52)
03:28:05.677 [FXGL Background Thread 3 ] DEBUG Engine               - saveFileExt: sav
03:28:05.678 [FXGL Background Thread 3 ] DEBUG Engine               - scaledHeightProp$fxgl: DoubleProperty [bound, value: 720.0]
03:28:05.678 [FXGL Background Thread 3 ] DEBUG Engine               - scaledWidthProp$fxgl: DoubleProperty [bound, value: 1280.0]
03:28:05.678 [FXGL Background Thread 3 ] DEBUG Engine               - sceneFactory: com.aen.spaceship_fights.MySceneFactory@10fe0231
03:28:05.678 [FXGL Background Thread 3 ] DEBUG Engine               - secondsIn24h: 60
03:28:05.678 [FXGL Background Thread 3 ] DEBUG Engine               - soundMenuBack: menu/back.wav
03:28:05.678 [FXGL Background Thread 3 ] DEBUG Engine               - soundMenuPress: menu/press.wav
03:28:05.678 [FXGL Background Thread 3 ] DEBUG Engine               - soundMenuSelect: menu/select.wav
03:28:05.678 [FXGL Background Thread 3 ] DEBUG Engine               - soundNotification: core/notification.wav
03:28:05.678 [FXGL Background Thread 3 ] DEBUG Engine               - stageStyle: DECORATED
03:28:05.678 [FXGL Background Thread 3 ] DEBUG Engine               - supportedLanguages: [ENGLISH, FRENCH, GERMAN, HUNGARIAN, RUSSIAN]
03:28:05.678 [FXGL Background Thread 3 ] DEBUG Engine               - ticksPerSecond: -1
03:28:05.678 [FXGL Background Thread 3 ] DEBUG Engine               - title: Shooter
03:28:05.678 [FXGL Background Thread 3 ] DEBUG Engine               - urlGithub: https://github.com/AlmasB/FXGL
03:28:05.678 [FXGL Background Thread 3 ] DEBUG Engine               - urlLeaderboard: http://fxgl-top.herokuapp.com/
03:28:05.678 [FXGL Background Thread 3 ] DEBUG Engine               - urlPOM: https://raw.githubusercontent.com/AlmasB/FXGL/release/README.md
03:28:05.678 [FXGL Background Thread 3 ] DEBUG Engine               - userAppClass: class com.aen.spaceship_fights.SpaceShipFightsApp
03:28:05.678 [FXGL Background Thread 3 ] DEBUG Engine               - version: 0.1
03:28:05.678 [FXGL Background Thread 3 ] DEBUG Engine               - versionCheckDays: 7
03:28:05.678 [FXGL Background Thread 3 ] DEBUG Engine               - width: 1280
03:28:05.678 [FXGL Background Thread 3 ] DEBUG Engine               - Logging services
03:28:05.678 [FXGL Background Thread 3 ] DEBUG Engine               - class com.almasb.fxgl.app.services.FXGLAssetLoaderService
03:28:05.678 [FXGL Background Thread 3 ] DEBUG Engine               - class com.almasb.fxgl.app.FXGLApplication$GameApplicationService
03:28:05.678 [FXGL Background Thread 3 ] DEBUG Engine               - class com.almasb.fxgl.app.services.FXGLDialogService
03:28:05.678 [FXGL Background Thread 3 ] DEBUG Engine               - class com.almasb.fxgl.app.services.IOTaskExecutorService
03:28:05.678 [FXGL Background Thread 3 ] DEBUG Engine               - class com.almasb.fxgl.io.FileSystemService
03:28:05.678 [FXGL Background Thread 3 ] DEBUG Engine               - class com.almasb.fxgl.localization.LocalizationService
03:28:05.678 [FXGL Background Thread 3 ] DEBUG Engine               - class com.almasb.fxgl.app.services.SystemBundleService
03:28:05.678 [FXGL Background Thread 3 ] DEBUG Engine               - class com.almasb.fxgl.profile.SaveLoadService
03:28:05.678 [FXGL Background Thread 3 ] DEBUG Engine               - class com.almasb.fxgl.ui.FXGLUIFactoryServiceProvider
03:28:05.678 [FXGL Background Thread 3 ] DEBUG Engine               - class com.almasb.fxgl.ui.FXGLDialogFactoryServiceProvider
03:28:05.678 [FXGL Background Thread 3 ] DEBUG Engine               - class com.almasb.fxgl.audio.AudioPlayer
03:28:05.678 [FXGL Background Thread 3 ] DEBUG Engine               - class com.almasb.fxgl.notification.impl.NotificationServiceProvider
03:28:05.678 [FXGL Background Thread 3 ] DEBUG Engine               - class com.almasb.fxgl.achievement.AchievementService
03:28:05.678 [FXGL Background Thread 3 ] DEBUG Engine               - class com.almasb.fxgl.cutscene.CutsceneService
03:28:05.678 [FXGL Background Thread 3 ] DEBUG Engine               - class com.almasb.fxgl.minigames.MiniGameService
03:28:05.678 [FXGL Background Thread 3 ] DEBUG Engine               - class com.almasb.fxgl.net.NetService
03:28:05.678 [FXGL Background Thread 3 ] DEBUG Engine               - class com.almasb.fxgl.app.services.UpdaterService
03:28:05.678 [FXGL Background Thread 3 ] DEBUG Engine               - class com.almasb.fxgl.dev.DevService
03:28:43.631 [JavaFX Application Thread] DEBUG Menu                 - fireNewGame()
03:28:43.631 [JavaFX Application Thread] DEBUG GameApplicationServi - Starting new game
03:28:43.631 [JavaFX Application Thread] DEBUG PrimaryStageWindow   - Pop state: MainMenu
03:28:43.631 [JavaFX Application Thread] DEBUG Input                - Clearing active input actions
03:28:43.632 [JavaFX Application Thread] DEBUG GameApplicationServi - Removing overlay from MainMenu and adding to FXGLMainMenuDummyScene
03:28:43.632 [JavaFX Application Thread] DEBUG PrimaryStageWindow   - FXGLMainMenuDummyScene <- MainMenu
03:28:43.632 [JavaFX Application Thread] DEBUG Input                - Clearing active input actions
03:28:43.637 [JavaFX Application Thread] DEBUG GameApplicationServi - Removing overlay from FXGLMainMenuDummyScene and adding to FXGLLoadingScene
03:28:43.638 [JavaFX Application Thread] DEBUG PrimaryStageWindow   - FXGLMainMenuDummyScene -> FXGLLoadingScene
03:28:43.638 [JavaFX Application Thread] DEBUG GameApplicationServi - Clearing previous game
03:28:43.638 [JavaFX Application Thread] DEBUG GameScene            - Clearing game scene
03:28:43.638 [JavaFX Application Thread] DEBUG GameWorld            - Clearing game world
03:28:43.638 [JavaFX Application Thread] DEBUG PhysicsWorld         - Clearing physics world
03:28:43.640 [FXGL Background Thread 2 ] DEBUG FXGLApplication      - Initializing game
03:28:43.642 [FXGL Background Thread 2 ] DEBUG FXGLAssetLoaderServi - Loading from file system: file:/C:/Users/pc/Desktop/Java/GameEngines/Asteriods/target/classes/assets/music/bgm.mp3
03:28:43.786 [FXGL Background Thread 2 ] DEBUG AudioPlayer          - Playing music com.almasb.fxgl.audio.Music@41fb462c
03:28:43.811 [FXGL Background Thread 2 ] DEBUG FXGLAssetLoaderServi - Loading from file system: file:/C:/Users/pc/Desktop/Java/GameEngines/Asteriods/target/classes/assets/textures/cc.png
03:28:43.897 [FXGL Background Thread 2 ] DEBUG FXGLAssetLoaderServi - Loading from file system: file:/C:/Users/pc/Desktop/Java/GameEngines/Asteriods/target/classes/assets/textures/life.png
03:28:43.899 [FXGL Background Thread 2 ] INFO  FXGLApplication      - Game initialization took: 0.259 sec
03:28:43.904 [JavaFX Application Thread] DEBUG Input                - Clearing active input actions
03:28:43.910 [JavaFX Application Thread] DEBUG GameApplicationServi - Removing overlay from FXGLLoadingScene and adding to GameScene
03:28:43.910 [JavaFX Application Thread] DEBUG PrimaryStageWindow   - FXGLLoadingScene -> GameScene
03:28:44.124 [JavaFX Application Thread] DEBUG PrimaryStageWindow   - Push state: DialogSubScene
03:28:44.125 [JavaFX Application Thread] DEBUG Input                - Clearing active input actions
03:28:44.125 [JavaFX Application Thread] DEBUG GameApplicationServi - Removing overlay from GameScene and adding to DialogSubScene
03:28:44.125 [JavaFX Application Thread] DEBUG PrimaryStageWindow   - GameScene -> DialogSubScene
03:28:53.352 [JavaFX Application Thread] DEBUG PrimaryStageWindow   - Pop state: DialogSubScene
03:28:53.352 [JavaFX Application Thread] DEBUG Input                - Clearing active input actions
03:28:53.352 [JavaFX Application Thread] DEBUG GameApplicationServi - Removing overlay from DialogSubScene and adding to GameScene
03:28:53.353 [JavaFX Application Thread] DEBUG PrimaryStageWindow   - GameScene <- DialogSubScene
03:28:53.355 [JavaFX Application Thread] DEBUG FileSystemAccess     - Writing to: C:\Users\pc\Desktop\Java\GameEngines\Asteriods\.\userinfo.dat
03:28:54.152 [JavaFX Application Thread] DEBUG PrimaryStageWindow   - Push state: DialogSubScene
03:28:54.153 [JavaFX Application Thread] DEBUG Input                - Clearing active input actions
03:28:54.153 [JavaFX Application Thread] DEBUG GameApplicationServi - Removing overlay from GameScene and adding to DialogSubScene
03:28:54.153 [JavaFX Application Thread] DEBUG PrimaryStageWindow   - GameScene -> DialogSubScene
03:28:55.831 [JavaFX Application Thread] DEBUG PrimaryStageWindow   - Pop state: DialogSubScene
03:28:55.831 [JavaFX Application Thread] DEBUG Input                - Clearing active input actions
03:28:55.832 [JavaFX Application Thread] DEBUG GameApplicationServi - Removing overlay from DialogSubScene and adding to GameScene
03:28:55.832 [JavaFX Application Thread] DEBUG PrimaryStageWindow   - GameScene <- DialogSubScene
03:29:00.839 [JavaFX Application Thread] DEBUG FXGLAssetLoaderServi - Loading from file system: file:/C:/Users/pc/Desktop/Java/GameEngines/Asteriods/target/classes/assets/textures/instructor_2.png
03:29:02.496 [JavaFX Application Thread] DEBUG FXGLAssetLoaderServi - Loading from file system: file:/C:/Users/pc/Desktop/Java/GameEngines/Asteriods/target/classes/assets/textures/bullet.png
03:29:20.877 [JavaFX Application Thread] DEBUG FXGLAssetLoaderServi - Loading from file system: file:/C:/Users/pc/Desktop/Java/GameEngines/Asteriods/target/classes/assets/sounds/level.wav
03:29:22.426 [JavaFX Application Thread] DEBUG FXGLAssetLoaderServi - Loading from file system: file:/C:/Users/pc/Desktop/Java/GameEngines/Asteriods/target/classes/assets/textures/enemy2.png
03:29:22.999 [JavaFX Application Thread] DEBUG FXGLAssetLoaderServi - Loading from file system: file:/C:/Users/pc/Desktop/Java/GameEngines/Asteriods/target/classes/assets/textures/enemy3.png
03:29:23.240 [JavaFX Application Thread] DEBUG FXGLAssetLoaderServi - Loading from file system: file:/C:/Users/pc/Desktop/Java/GameEngines/Asteriods/target/classes/assets/textures/enemy1.png
03:29:24.994 [JavaFX Application Thread] DEBUG FXGLAssetLoaderServi - Loading from file system: file:/C:/Users/pc/Desktop/Java/GameEngines/Asteriods/target/classes/assets/textures/enemy_bullet.png
03:29:25.001 [JavaFX Application Thread] DEBUG FXGLAssetLoaderServi - Loading from file system: file:/C:/Users/pc/Desktop/Java/GameEngines/Asteriods/target/classes/assets/sounds/shoot2.wav
03:29:25.624 [JavaFX Application Thread] DEBUG FXGLAssetLoaderServi - Loading from file system: file:/C:/Users/pc/Desktop/Java/GameEngines/Asteriods/target/classes/assets/sounds/explosion.wav
03:29:25.637 [JavaFX Application Thread] DEBUG FXGLAssetLoaderServi - Loading from file system: file:/C:/Users/pc/Desktop/Java/GameEngines/Asteriods/target/classes/assets/textures/explosion.png
03:29:29.515 [JavaFX Application Thread] DEBUG FXGLAssetLoaderServi - Loading from file system: file:/C:/Users/pc/Desktop/Java/GameEngines/Asteriods/target/classes/assets/sounds/shoot3.wav
03:29:31.560 [JavaFX Application Thread] DEBUG FXGLAssetLoaderServi - Loading from file system: file:/C:/Users/pc/Desktop/Java/GameEngines/Asteriods/target/classes/assets/sounds/shoot4.wav
03:29:32.183 [JavaFX Application Thread] DEBUG FXGLAssetLoaderServi - Loading from file system: file:/C:/Users/pc/Desktop/Java/GameEngines/Asteriods/target/classes/assets/sounds/shoot1.wav
03:29:36.409 [JavaFX Application Thread] DEBUG PrimaryStageWindow   - Push state: DialogSubScene
03:29:36.409 [JavaFX Application Thread] DEBUG Input                - Clearing active input actions
03:29:36.409 [JavaFX Application Thread] DEBUG GameApplicationServi - Removing overlay from GameScene and adding to DialogSubScene
03:29:36.409 [JavaFX Application Thread] DEBUG PrimaryStageWindow   - GameScene -> DialogSubScene
03:29:40.871 [JavaFX Application Thread] DEBUG PrimaryStageWindow   - Pop state: DialogSubScene
03:29:40.871 [JavaFX Application Thread] DEBUG Input                - Clearing active input actions
03:29:40.872 [JavaFX Application Thread] DEBUG GameApplicationServi - Removing overlay from DialogSubScene and adding to GameScene
03:29:40.872 [JavaFX Application Thread] DEBUG PrimaryStageWindow   - GameScene <- DialogSubScene
03:29:40.872 [JavaFX Application Thread] DEBUG GameApplicationServi - Starting new game
03:29:40.872 [JavaFX Application Thread] DEBUG Input                - Clearing active input actions
03:29:40.876 [JavaFX Application Thread] DEBUG GameApplicationServi - Removing overlay from GameScene and adding to FXGLLoadingScene
03:29:40.876 [JavaFX Application Thread] DEBUG PrimaryStageWindow   - GameScene -> FXGLLoadingScene
03:29:40.876 [JavaFX Application Thread] DEBUG GameApplicationServi - Clearing previous game
03:29:40.876 [JavaFX Application Thread] DEBUG GameScene            - Clearing game scene
03:29:40.877 [JavaFX Application Thread] DEBUG GameWorld            - Clearing game world
03:29:40.877 [JavaFX Application Thread] WARN  GameWorld            - Attempted to remove entity which is not active
03:29:40.877 [JavaFX Application Thread] WARN  GameWorld            - Attempted to remove entity which is not active
03:29:40.877 [JavaFX Application Thread] WARN  GameWorld            - Attempted to remove entity which is not active
03:29:40.877 [JavaFX Application Thread] DEBUG PhysicsWorld         - Clearing physics world
03:29:40.879 [FXGL Background Thread 2 ] DEBUG FXGLApplication      - Initializing game
03:29:40.879 [FXGL Background Thread 2 ] DEBUG AudioPlayer          - Playing music com.almasb.fxgl.audio.Music@41fb462c
03:29:40.890 [FXGL Background Thread 2 ] INFO  FXGLApplication      - Game initialization took: 0.010 sec
03:29:40.902 [JavaFX Application Thread] DEBUG Input                - Clearing active input actions
03:29:40.905 [JavaFX Application Thread] DEBUG GameApplicationServi - Removing overlay from FXGLLoadingScene and adding to GameScene
03:29:40.905 [JavaFX Application Thread] DEBUG PrimaryStageWindow   - FXGLLoadingScene -> GameScene
03:29:41.099 [JavaFX Application Thread] DEBUG PrimaryStageWindow   - Push state: DialogSubScene
03:29:41.099 [JavaFX Application Thread] DEBUG Input                - Clearing active input actions
03:29:41.106 [JavaFX Application Thread] DEBUG GameApplicationServi - Removing overlay from GameScene and adding to DialogSubScene
03:29:41.107 [JavaFX Application Thread] DEBUG PrimaryStageWindow   - GameScene -> DialogSubScene
03:29:45.095 [JavaFX Application Thread] DEBUG PrimaryStageWindow   - Pop state: DialogSubScene
03:29:45.095 [JavaFX Application Thread] DEBUG Input                - Clearing active input actions
03:29:45.095 [JavaFX Application Thread] DEBUG GameApplicationServi - Removing overlay from DialogSubScene and adding to GameScene
03:29:45.095 [JavaFX Application Thread] DEBUG PrimaryStageWindow   - GameScene <- DialogSubScene
03:29:45.096 [JavaFX Application Thread] DEBUG FileSystemAccess     - Writing to: C:\Users\pc\Desktop\Java\GameEngines\Asteriods\.\userinfo.dat
03:29:45.863 [JavaFX Application Thread] DEBUG PrimaryStageWindow   - Push state: DialogSubScene
03:29:45.863 [JavaFX Application Thread] DEBUG Input                - Clearing active input actions
03:29:45.864 [JavaFX Application Thread] DEBUG GameApplicationServi - Removing overlay from GameScene and adding to DialogSubScene
03:29:45.864 [JavaFX Application Thread] DEBUG PrimaryStageWindow   - GameScene -> DialogSubScene
03:29:47.247 [JavaFX Application Thread] DEBUG PrimaryStageWindow   - Pop state: DialogSubScene
03:29:47.247 [JavaFX Application Thread] DEBUG Input                - Clearing active input actions
03:29:47.247 [JavaFX Application Thread] DEBUG GameApplicationServi - Removing overlay from DialogSubScene and adding to GameScene
03:29:47.247 [JavaFX Application Thread] DEBUG PrimaryStageWindow   - GameScene <- DialogSubScene
03:29:47.253 [Thread-1471              ] DEBUG LoopRunner           - Stopping loop
03:29:47.256 [Thread-1471              ] FATAL FXGLApplication      - Uncaught Exception:
java.lang.RuntimeException: java.net.BindException: Address already in use: bind
	at com.aen.spaceship_fights.SpaceShipFightsApp.connectToServer(SpaceShipFightsApp.java:102)
	at java.base/java.lang.Thread.run(Thread.java:1570)
Caused by: java.net.BindException: Address already in use: bind
	at java.base/sun.nio.ch.Net.bind0(Native Method)
	at java.base/sun.nio.ch.Net.bind(Net.java:565)
	at java.base/sun.nio.ch.Net.bind(Net.java:554)
	at java.base/sun.nio.ch.NioSocketImpl.bind(NioSocketImpl.java:636)
	at java.base/java.net.ServerSocket.bind(ServerSocket.java:390)
	at java.base/java.net.ServerSocket.<init>(ServerSocket.java:277)
	at java.base/java.net.ServerSocket.<init>(ServerSocket.java:170)
	at com.aen.spaceship_fights.SpaceShipFightsApp.connectToServer(SpaceShipFightsApp.java:98)
	... 1 more

03:29:47.256 [Thread-1471              ] FATAL FXGLApplication      - Application will now exit
03:29:47.269 [Thread-1471              ] DEBUG PrimaryStageWindow   - Push state: ErrorSubScene
03:29:47.269 [Thread-1471              ] DEBUG Input                - Clearing active input actions
03:29:51.326 [JavaFX Application Thread] DEBUG FXGLApplication      - Exiting FXGL
03:29:51.326 [JavaFX Application Thread] DEBUG Async                - Shutting down background threads
03:29:51.327 [JavaFX Application Thread] DEBUG PrimaryStageWindow   - Closing main window
03:29:51.360 [JavaFX Application Thread] DEBUG Logger               - Closing Logger
