10:07:49.803 [main                     ] DEBUG Logger               - Configured Logger
10:07:49.842 [main                     ] DEBUG GameApplication      - Logging settings
Title: Shooter
Version: 0.1
Width: 1280
Height: 720
Fullscreen: true
Intro: false
Profiling: false
Single step:false
App Mode: DEVELOPER
Menu Key: ESCAPE
Stage Style: DECORATED
Scene Factory: class com.aen.spaceship_fights.MySceneFactory

10:07:50.332 [JavaFX Application Thread] DEBUG FXGLApplication      - Initializing FXGL
10:07:50.335 [JavaFX Application Thread] INFO  Engine               - FXGL-21.1 (27.03.2024 07.52) on WINDOWS (J:22.0.2 FX:22.0.1)
10:07:50.336 [JavaFX Application Thread] DEBUG Engine               - JRE Vendor Name: Oracle Corporation
10:07:50.336 [JavaFX Application Thread] DEBUG Engine               - Running on OS: Windows 11 version 10.0
10:07:50.336 [JavaFX Application Thread] DEBUG Engine               - Architecture: amd64
10:07:50.336 [JavaFX Application Thread] INFO  Engine               - Source code and latest versions at: https://github.com/AlmasB/FXGL
10:07:50.336 [JavaFX Application Thread] INFO  Engine               -       Ask questions and discuss at: https://github.com/AlmasB/FXGL/discussions
10:07:50.336 [JavaFX Application Thread] INFO  Engine               -              Join the FXGL chat at: https://gitter.im/AlmasB/FXGL
10:07:50.474 [JavaFX Application Thread] DEBUG PrimaryStageWindow   - Creating a JavaFX scene
10:07:50.529 [JavaFX Application Thread] DEBUG PrimaryStageWindow   - Target settings size: 1280.0 x 720.0
10:07:50.530 [JavaFX Application Thread] DEBUG PrimaryStageWindow   - Scaled scene size:    1280.0 x 720.0
10:07:50.530 [JavaFX Application Thread] DEBUG PrimaryStageWindow   - Scaled ratio: (1.0, 1.0)
10:07:50.531 [JavaFX Application Thread] DEBUG PrimaryStageWindow   - Set initial scene to FXGLStartupScene
10:07:50.538 [JavaFX Application Thread] DEBUG PrimaryStageWindow   - Opening main window
10:07:50.915 [JavaFX Application Thread] DEBUG PrimaryStageWindow   - Window border size: (16.0, 39.0)
10:07:50.915 [JavaFX Application Thread] DEBUG PrimaryStageWindow   - Scaled size: 1280.0 x 720.0
10:07:50.916 [JavaFX Application Thread] DEBUG PrimaryStageWindow   - Scaled ratio: (1.0, 1.0)
10:07:50.916 [JavaFX Application Thread] DEBUG PrimaryStageWindow   - Scene size: 1280.0 x 720.0
10:07:50.916 [JavaFX Application Thread] DEBUG PrimaryStageWindow   - Stage size: 1296.0 x 759.0
10:07:50.955 [FXGL Background Thread 1 ] DEBUG Engine               - Initializing environment variables
10:07:51.006 [FXGL Background Thread 1 ] DEBUG FXGLAssetLoaderServi - User app class for loading assets: class com.aen.spaceship_fights.SpaceShipFightsApp
10:07:51.006 [FXGL Background Thread 1 ] DEBUG GameApplicationServi - Applying CSS: fxgl_dark.css
10:07:51.007 [FXGL Background Thread 1 ] DEBUG FXGLAssetLoaderServi - Loading from file system: jar:file:/C:/Users/pc/.m2/repository/com/github/almasb/fxgl/21.1/fxgl-21.1.jar!/fxglassets/ui/css/fxgl_dark.css
10:07:51.060 [FXGL Background Thread 1 ] DEBUG GameApplicationServi - Initializing application scenes
10:07:51.157 [FXGL Background Thread 1 ] DEBUG GameWorld            - Game world initialized
10:07:51.210 [FXGL Background Thread 1 ] DEBUG PhysicsWorld         - Physics world initialized: appHeight=720, physics.ppm=50.0
10:07:51.210 [FXGL Background Thread 1 ] DEBUG PhysicsWorld         - Using strategy: BRUTE_FORCE
10:07:51.212 [FXGL Background Thread 1 ] DEBUG GameScene            - Game scene initialized: 1280x720
10:07:51.312 [FXGL Background Thread 1 ] DEBUG GameApplicationServi - Application scenes initialized
10:07:51.323 [FXGL Background Thread 1 ] DEBUG SystemBundleService  - Loading FXGL system data
10:07:51.325 [FXGL Background Thread 1 ] DEBUG FileSystemAccess     - Reading from: C:\Users\pc\Desktop\Java\GameEngines\Asteriods\system\fxgl.bundle
10:07:51.327 [FXGL Background Thread 1 ] DEBUG SystemBundleService  - Bundle FXGL: {}
10:07:51.327 [FXGL Background Thread 1 ] DEBUG UpdaterService       - Checking for updates
10:07:51.331 [FXGL Background Thread 4 ] DEBUG FXGLApplication      - Loading fonts
10:07:51.331 [FXGL Background Thread 4 ] DEBUG FXGLAssetLoaderServi - Loading from file system: jar:file:/C:/Users/pc/.m2/repository/com/github/almasb/fxgl/21.1/fxgl-21.1.jar!/fxglassets/ui/fonts/VarelaRound-Regular.ttf
10:07:51.331 [FXGL Background Thread 1 ] DEBUG FXGLApplication      - Loading default localization
10:07:51.332 [FXGL Background Thread 1 ] DEBUG FXGLAssetLoaderServi - Loading from file system: jar:file:/C:/Users/pc/.m2/repository/com/github/almasb/fxgl/21.1/fxgl-21.1.jar!/fxglassets/languages/english.lang
10:07:51.337 [FXGL Background Thread 4 ] DEBUG FXGLAssetLoaderServi - Loading from file system: jar:file:/C:/Users/pc/.m2/repository/com/github/almasb/fxgl/21.1/fxgl-21.1.jar!/fxglassets/ui/fonts/Abel-Regular.ttf
10:07:51.340 [FXGL Background Thread 4 ] DEBUG FXGLAssetLoaderServi - Loading from file system: jar:file:/C:/Users/pc/.m2/repository/com/github/almasb/fxgl/21.1/fxgl-21.1.jar!/fxglassets/ui/fonts/TerminalLandMono-Regular.otf
10:07:51.344 [FXGL Background Thread 4 ] DEBUG FXGLAssetLoaderServi - Loading from file system: jar:file:/C:/Users/pc/.m2/repository/com/github/almasb/fxgl/21.1/fxgl-21.1.jar!/fxglassets/ui/fonts/Courier-Prime.ttf
10:07:51.353 [JavaFX Application Thread] DEBUG FXGLApplication      - Registering font factories with UI factory
10:07:51.365 [FXGL Background Thread 1 ] INFO  FXGLApplication      - FXGL initialization took: 0.410 sec
10:07:51.390 [JavaFX Application Thread] DEBUG Input                - Registered new binding: action0 - A
10:07:51.390 [JavaFX Application Thread] DEBUG Input                - Registered new binding: action1 - D
10:07:51.391 [JavaFX Application Thread] DEBUG Input                - Registered new binding: action2 - W
10:07:51.391 [JavaFX Application Thread] DEBUG Input                - Registered new binding: action3 - F
10:07:51.392 [JavaFX Application Thread] DEBUG Input                - Registered new binding: action4 - P
10:07:51.392 [JavaFX Application Thread] DEBUG Input                - Registered new binding: action5 - R
10:07:51.392 [JavaFX Application Thread] DEBUG Input                - Registered new binding: action6 - M
10:07:51.393 [JavaFX Application Thread] DEBUG FXGLAssetLoaderServi - Loading from file system: jar:file:/C:/Users/pc/.m2/repository/com/github/almasb/fxgl/21.1/fxgl-21.1.jar!/fxglassets/textures/fxgl_icon.png
10:07:51.433 [JavaFX Application Thread] DEBUG FXGLAssetLoaderServi - Loading from file system: jar:file:/C:/Users/pc/.m2/repository/com/github/almasb/fxgl/21.1/fxgl-21.1.jar!/fxglassets/textures/fxgl_default_cursor.png
10:07:51.438 [JavaFX Application Thread] DEBUG Input                - Registered new binding: Screenshot - CTRL+8
10:07:51.439 [JavaFX Application Thread] DEBUG Input                - Registered new binding: System info dump - CTRL+9
10:07:51.440 [JavaFX Application Thread] DEBUG Input                - Registered new binding: Restart - CTRL+R
10:07:51.441 [JavaFX Application Thread] DEBUG Input                - Registered new binding: Toggle Debug Camera - CTRL+7
10:07:51.452 [JavaFX Application Thread] DEBUG LoopRunner           - Starting loop
10:07:51.453 [JavaFX Application Thread] DEBUG LoopRunner           - Initializing JavaFX AnimationTimerLoop
10:07:51.465 [JavaFX Application Thread] DEBUG Input                - Clearing active input actions
10:07:51.475 [JavaFX Application Thread] DEBUG GameApplicationServi - Removing overlay from FXGLStartupScene and adding to FXGLMainMenuDummyScene
10:07:51.476 [JavaFX Application Thread] DEBUG PrimaryStageWindow   - FXGLStartupScene -> FXGLMainMenuDummyScene
10:07:51.476 [JavaFX Application Thread] DEBUG PrimaryStageWindow   - Push state: MainMenu
10:07:51.477 [JavaFX Application Thread] DEBUG Input                - Clearing active input actions
10:07:51.488 [JavaFX Application Thread] DEBUG GameApplicationServi - Removing overlay from FXGLMainMenuDummyScene and adding to MainMenu
10:07:51.489 [JavaFX Application Thread] DEBUG PrimaryStageWindow   - FXGLMainMenuDummyScene -> MainMenu
10:07:53.244 [JavaFX Application Thread] DEBUG FXGLApplication      - Exiting FXGL
10:07:53.244 [JavaFX Application Thread] DEBUG LoopRunner           - Stopping loop
10:07:53.244 [JavaFX Application Thread] DEBUG SystemBundleService  - Saving FXGL system data
10:07:53.245 [JavaFX Application Thread] DEBUG FileSystemAccess     - Writing to: C:\Users\pc\Desktop\Java\GameEngines\Asteriods\system\fxgl.bundle
10:07:53.245 [JavaFX Application Thread] DEBUG Async                - Shutting down background threads
10:07:53.245 [JavaFX Application Thread] DEBUG PrimaryStageWindow   - Closing main window
10:07:53.271 [JavaFX Application Thread] DEBUG Logger               - Closing Logger
