03:02:17.484 [main                     ] DEBUG Logger               - Configured Logger
03:02:17.509 [main                     ] DEBUG GameApplication      - Logging settings
Title: Shooter
Version: 0.1
Width: 1280
Height: 720
Fullscreen: true
Intro: false
Profiling: false
Single step:false
App Mode: DEVELOPER
Menu Key: ESCAPE
Stage Style: DECORATED
Scene Factory: class com.aen.spaceship_fights.MySceneFactory

03:02:18.238 [JavaFX Application Thread] DEBUG FXGLApplication      - Initializing FXGL
03:02:18.242 [JavaFX Application Thread] INFO  Engine               - FXGL-21.1 (27.03.2024 07.52) on WINDOWS (J:22.0.2 FX:22.0.1)
03:02:18.242 [JavaFX Application Thread] DEBUG Engine               - JRE Vendor Name: Oracle Corporation
03:02:18.242 [JavaFX Application Thread] DEBUG Engine               - Running on OS: Windows 11 version 10.0
03:02:18.242 [JavaFX Application Thread] DEBUG Engine               - Architecture: amd64
03:02:18.242 [JavaFX Application Thread] INFO  Engine               - Source code and latest versions at: https://github.com/AlmasB/FXGL
03:02:18.242 [JavaFX Application Thread] INFO  Engine               -       Ask questions and discuss at: https://github.com/AlmasB/FXGL/discussions
03:02:18.244 [JavaFX Application Thread] INFO  Engine               -              Join the FXGL chat at: https://gitter.im/AlmasB/FXGL
03:02:18.371 [JavaFX Application Thread] DEBUG PrimaryStageWindow   - Creating a JavaFX scene
03:02:18.426 [JavaFX Application Thread] DEBUG PrimaryStageWindow   - Target settings size: 1280.0 x 720.0
03:02:18.427 [JavaFX Application Thread] DEBUG PrimaryStageWindow   - Scaled scene size:    1280.0 x 720.0
03:02:18.427 [JavaFX Application Thread] DEBUG PrimaryStageWindow   - Scaled ratio: (1.0, 1.0)
03:02:18.428 [JavaFX Application Thread] DEBUG PrimaryStageWindow   - Set initial scene to FXGLStartupScene
03:02:18.433 [JavaFX Application Thread] DEBUG PrimaryStageWindow   - Opening main window
03:02:19.435 [JavaFX Application Thread] DEBUG PrimaryStageWindow   - Window border size: (16.0, 39.0)
03:02:19.436 [JavaFX Application Thread] DEBUG PrimaryStageWindow   - Scaled size: 1280.0 x 720.0
03:02:19.436 [JavaFX Application Thread] DEBUG PrimaryStageWindow   - Scaled ratio: (1.0, 1.0)
03:02:19.436 [JavaFX Application Thread] DEBUG PrimaryStageWindow   - Scene size: 1280.0 x 720.0
03:02:19.436 [JavaFX Application Thread] DEBUG PrimaryStageWindow   - Stage size: 1296.0 x 759.0
03:02:19.505 [FXGL Background Thread 1 ] DEBUG Engine               - Initializing environment variables
03:02:19.547 [FXGL Background Thread 1 ] DEBUG FXGLAssetLoaderServi - User app class for loading assets: class com.aen.spaceship_fights.SpaceShipFightsApp
03:02:19.548 [FXGL Background Thread 1 ] DEBUG GameApplicationServi - Applying CSS: fxgl_dark.css
03:02:19.548 [FXGL Background Thread 1 ] DEBUG FXGLAssetLoaderServi - Loading from file system: jar:file:/C:/Users/pc/.m2/repository/com/github/almasb/fxgl/21.1/fxgl-21.1.jar!/fxglassets/ui/css/fxgl_dark.css
03:02:19.596 [FXGL Background Thread 1 ] DEBUG GameApplicationServi - Initializing application scenes
03:02:19.734 [FXGL Background Thread 1 ] DEBUG GameWorld            - Game world initialized
03:02:19.796 [FXGL Background Thread 1 ] DEBUG PhysicsWorld         - Physics world initialized: appHeight=720, physics.ppm=50.0
03:02:19.796 [FXGL Background Thread 1 ] DEBUG PhysicsWorld         - Using strategy: BRUTE_FORCE
03:02:19.799 [FXGL Background Thread 1 ] DEBUG GameScene            - Game scene initialized: 1280x720
03:02:19.900 [FXGL Background Thread 1 ] DEBUG GameApplicationServi - Application scenes initialized
03:02:19.912 [FXGL Background Thread 1 ] DEBUG SystemBundleService  - Loading FXGL system data
03:02:19.914 [FXGL Background Thread 1 ] DEBUG FileSystemAccess     - Reading from: C:\Users\pc\Desktop\Java\GameEngines\Asteriods\system\fxgl.bundle
03:02:19.916 [FXGL Background Thread 1 ] DEBUG SystemBundleService  - Bundle FXGL: {}
03:02:19.916 [FXGL Background Thread 1 ] DEBUG UpdaterService       - Checking for updates
03:02:19.920 [FXGL Background Thread 1 ] DEBUG FXGLApplication      - Loading default localization
03:02:19.921 [FXGL Background Thread 1 ] DEBUG FXGLAssetLoaderServi - Loading from file system: jar:file:/C:/Users/pc/.m2/repository/com/github/almasb/fxgl/21.1/fxgl-21.1.jar!/fxglassets/languages/english.lang
03:02:19.937 [FXGL Background Thread 1 ] INFO  FXGLApplication      - FXGL initialization took: 0.431 sec
03:02:19.946 [JavaFX Application Thread] DEBUG Input                - Registered new binding: action0 - A
03:02:19.947 [JavaFX Application Thread] DEBUG Input                - Registered new binding: action1 - D
03:02:19.947 [JavaFX Application Thread] DEBUG Input                - Registered new binding: action2 - W
03:02:19.948 [JavaFX Application Thread] DEBUG Input                - Registered new binding: action3 - F
03:02:19.948 [JavaFX Application Thread] DEBUG Input                - Registered new binding: action4 - P
03:02:19.949 [JavaFX Application Thread] DEBUG Input                - Registered new binding: action5 - R
03:02:19.949 [JavaFX Application Thread] DEBUG Input                - Registered new binding: action6 - M
03:02:19.949 [JavaFX Application Thread] DEBUG FXGLAssetLoaderServi - Loading from file system: jar:file:/C:/Users/pc/.m2/repository/com/github/almasb/fxgl/21.1/fxgl-21.1.jar!/fxglassets/textures/fxgl_icon.png
03:02:20.028 [FXGL Background Thread 4 ] DEBUG FXGLApplication      - Loading fonts
03:02:20.029 [FXGL Background Thread 4 ] DEBUG FXGLAssetLoaderServi - Loading from file system: jar:file:/C:/Users/pc/.m2/repository/com/github/almasb/fxgl/21.1/fxgl-21.1.jar!/fxglassets/ui/fonts/VarelaRound-Regular.ttf
03:02:20.032 [JavaFX Application Thread] DEBUG FXGLAssetLoaderServi - Loading from file system: jar:file:/C:/Users/pc/.m2/repository/com/github/almasb/fxgl/21.1/fxgl-21.1.jar!/fxglassets/textures/fxgl_default_cursor.png
03:02:20.035 [JavaFX Application Thread] DEBUG Input                - Registered new binding: Screenshot - CTRL+8
03:02:20.035 [FXGL Background Thread 4 ] DEBUG FXGLAssetLoaderServi - Loading from file system: jar:file:/C:/Users/pc/.m2/repository/com/github/almasb/fxgl/21.1/fxgl-21.1.jar!/fxglassets/ui/fonts/Abel-Regular.ttf
03:02:20.036 [JavaFX Application Thread] DEBUG Input                - Registered new binding: System info dump - CTRL+9
03:02:20.036 [JavaFX Application Thread] DEBUG Input                - Registered new binding: Restart - CTRL+R
03:02:20.037 [JavaFX Application Thread] DEBUG Input                - Registered new binding: Toggle Debug Camera - CTRL+7
03:02:20.040 [JavaFX Application Thread] DEBUG LoopRunner           - Starting loop
03:02:20.040 [JavaFX Application Thread] DEBUG LoopRunner           - Initializing JavaFX AnimationTimerLoop
03:02:20.042 [JavaFX Application Thread] DEBUG Input                - Clearing active input actions
03:02:20.049 [JavaFX Application Thread] DEBUG GameApplicationServi - Removing overlay from FXGLStartupScene and adding to FXGLMainMenuDummyScene
03:02:20.049 [JavaFX Application Thread] DEBUG PrimaryStageWindow   - FXGLStartupScene -> FXGLMainMenuDummyScene
03:02:20.049 [JavaFX Application Thread] DEBUG PrimaryStageWindow   - Push state: MainMenu
03:02:20.050 [JavaFX Application Thread] DEBUG Input                - Clearing active input actions
03:02:20.058 [JavaFX Application Thread] DEBUG GameApplicationServi - Removing overlay from FXGLMainMenuDummyScene and adding to MainMenu
03:02:20.059 [JavaFX Application Thread] DEBUG PrimaryStageWindow   - FXGLMainMenuDummyScene -> MainMenu
03:02:20.064 [FXGL Background Thread 4 ] DEBUG FXGLAssetLoaderServi - Loading from file system: jar:file:/C:/Users/pc/.m2/repository/com/github/almasb/fxgl/21.1/fxgl-21.1.jar!/fxglassets/ui/fonts/TerminalLandMono-Regular.otf
03:02:20.112 [FXGL Background Thread 4 ] DEBUG FXGLAssetLoaderServi - Loading from file system: jar:file:/C:/Users/pc/.m2/repository/com/github/almasb/fxgl/21.1/fxgl-21.1.jar!/fxglassets/ui/fonts/Courier-Prime.ttf
03:02:20.336 [JavaFX Application Thread] DEBUG FXGLApplication      - Registering font factories with UI factory
03:02:22.919 [FXGL Background Thread 3 ] DEBUG Engine               - Logging environment variables
03:02:22.919 [FXGL Background Thread 3 ] DEBUG Engine               - achievements: []
03:02:22.920 [FXGL Background Thread 3 ] DEBUG Engine               - actualHeight: 720.0
03:02:22.920 [FXGL Background Thread 3 ] DEBUG Engine               - actualHeightProperty: ReadOnlyDoubleProperty [value: 720.0]
03:02:22.920 [FXGL Background Thread 3 ] DEBUG Engine               - actualWidth: 1280.0
03:02:22.920 [FXGL Background Thread 3 ] DEBUG Engine               - actualWidthProperty: ReadOnlyDoubleProperty [value: 1280.0]
03:02:22.920 [FXGL Background Thread 3 ] DEBUG Engine               - appIcon: fxgl_icon.png
03:02:22.920 [FXGL Background Thread 3 ] DEBUG Engine               - applicationMode: DEVELOPER
03:02:22.920 [FXGL Background Thread 3 ] DEBUG Engine               - cSSList: [fxgl_dark.css]
03:02:22.920 [FXGL Background Thread 3 ] DEBUG Engine               - collisionDetectionStrategy: BRUTE_FORCE
03:02:22.920 [FXGL Background Thread 3 ] DEBUG Engine               - configClass: Optional.empty
03:02:22.920 [FXGL Background Thread 3 ] DEBUG Engine               - credits: [Nyirenda Amos, Ouedraogo Luther Arthur, Magne Lidivine Merveille]
03:02:22.921 [FXGL Background Thread 3 ] DEBUG Engine               - defaultCursor: CursorInfo(imageName=fxgl_default_cursor.png, hotspotX=7.0, hotspotY=6.0)
03:02:22.921 [FXGL Background Thread 3 ] DEBUG Engine               - devBBoxColorProperty: ObjectProperty [value: 0xff0000ff]
03:02:22.922 [FXGL Background Thread 3 ] DEBUG Engine               - devEnableDebugCameraProperty: BooleanProperty [value: false]
03:02:22.922 [FXGL Background Thread 3 ] DEBUG Engine               - devSensorColorProperty: ObjectProperty [value: 0xffff00ff]
03:02:22.922 [FXGL Background Thread 3 ] DEBUG Engine               - devShowBBoxProperty: BooleanProperty [value: false]
03:02:22.922 [FXGL Background Thread 3 ] DEBUG Engine               - devShowPositionProperty: BooleanProperty [value: false]
03:02:22.922 [FXGL Background Thread 3 ] DEBUG Engine               - enabledMenuItems: []
03:02:22.922 [FXGL Background Thread 3 ] DEBUG Engine               - engineServices: [class com.almasb.fxgl.app.services.FXGLAssetLoaderService, class com.almasb.fxgl.app.FXGLApplication$GameApplicationService, class com.almasb.fxgl.app.services.FXGLDialogService, class com.almasb.fxgl.app.services.IOTaskExecutorService, class com.almasb.fxgl.io.FileSystemService, class com.almasb.fxgl.localization.LocalizationService, class com.almasb.fxgl.app.services.SystemBundleService, class com.almasb.fxgl.profile.SaveLoadService, class com.almasb.fxgl.ui.FXGLUIFactoryServiceProvider, class com.almasb.fxgl.ui.FXGLDialogFactoryServiceProvider, class com.almasb.fxgl.audio.AudioPlayer, class com.almasb.fxgl.notification.impl.NotificationServiceProvider, class com.almasb.fxgl.achievement.AchievementService, class com.almasb.fxgl.cutscene.CutsceneService, class com.almasb.fxgl.minigames.MiniGameService, class com.almasb.fxgl.net.NetService, class com.almasb.fxgl.app.services.UpdaterService, class com.almasb.fxgl.dev.DevService]
03:02:22.922 [FXGL Background Thread 3 ] DEBUG Engine               - fontGame: Abel-Regular.ttf
03:02:22.922 [FXGL Background Thread 3 ] DEBUG Engine               - fontMono: TerminalLandMono-Regular.otf
03:02:22.922 [FXGL Background Thread 3 ] DEBUG Engine               - fontSizeScaleUI: 1.0
03:02:22.922 [FXGL Background Thread 3 ] DEBUG Engine               - fontText: Courier-Prime.ttf
03:02:22.922 [FXGL Background Thread 3 ] DEBUG Engine               - fontUI: VarelaRound-Regular.ttf
03:02:22.922 [FXGL Background Thread 3 ] DEBUG Engine               - fullScreen: BooleanProperty [value: false]
03:02:22.922 [FXGL Background Thread 3 ] DEBUG Engine               - gameDifficulty: MEDIUM
03:02:22.922 [FXGL Background Thread 3 ] DEBUG Engine               - gameDifficultyProperty: ObjectProperty [value: MEDIUM]
03:02:22.922 [FXGL Background Thread 3 ] DEBUG Engine               - globalMusicVolume: 0.5
03:02:22.922 [FXGL Background Thread 3 ] DEBUG Engine               - globalMusicVolumeProperty: DoubleProperty [value: 0.5]
03:02:22.922 [FXGL Background Thread 3 ] DEBUG Engine               - globalSoundVolume: 0.5
03:02:22.922 [FXGL Background Thread 3 ] DEBUG Engine               - globalSoundVolumeProperty: DoubleProperty [value: 0.5]
03:02:22.922 [FXGL Background Thread 3 ] DEBUG Engine               - height: 720
03:02:22.922 [FXGL Background Thread 3 ] DEBUG Engine               - is3D: false
03:02:22.922 [FXGL Background Thread 3 ] DEBUG Engine               - isAndroid: false
03:02:22.922 [FXGL Background Thread 3 ] DEBUG Engine               - isBrowser: false
03:02:22.924 [FXGL Background Thread 3 ] DEBUG Engine               - isClickFeedbackEnabled: false
03:02:22.924 [FXGL Background Thread 3 ] DEBUG Engine               - isCloseConfirmation: false
03:02:22.924 [FXGL Background Thread 3 ] DEBUG Engine               - isDesktop: true
03:02:22.924 [FXGL Background Thread 3 ] DEBUG Engine               - isDeveloperMenuEnabled: false
03:02:22.924 [FXGL Background Thread 3 ] DEBUG Engine               - isEmbedded: false
03:02:22.924 [FXGL Background Thread 3 ] DEBUG Engine               - isEntityPreloadEnabled: true
03:02:22.924 [FXGL Background Thread 3 ] DEBUG Engine               - isExperimentalTiledLargeMap: false
03:02:22.924 [FXGL Background Thread 3 ] DEBUG Engine               - isFileSystemWriteAllowed: true
03:02:22.924 [FXGL Background Thread 3 ] DEBUG Engine               - isFullScreenAllowed: true
03:02:22.924 [FXGL Background Thread 3 ] DEBUG Engine               - isFullScreenFromStart: false
03:02:22.925 [FXGL Background Thread 3 ] DEBUG Engine               - isGameMenuEnabled: true
03:02:22.925 [FXGL Background Thread 3 ] DEBUG Engine               - isIOS: false
03:02:22.925 [FXGL Background Thread 3 ] DEBUG Engine               - isIntroEnabled: false
03:02:22.925 [FXGL Background Thread 3 ] DEBUG Engine               - isLinux: false
03:02:22.925 [FXGL Background Thread 3 ] DEBUG Engine               - isMac: false
03:02:22.925 [FXGL Background Thread 3 ] DEBUG Engine               - isMainMenuEnabled: true
03:02:22.925 [FXGL Background Thread 3 ] DEBUG Engine               - isManualResizeEnabled: false
03:02:22.925 [FXGL Background Thread 3 ] DEBUG Engine               - isMobile: false
03:02:22.925 [FXGL Background Thread 3 ] DEBUG Engine               - isNative: false
03:02:22.925 [FXGL Background Thread 3 ] DEBUG Engine               - isPauseMusicWhenMinimized: true
03:02:22.925 [FXGL Background Thread 3 ] DEBUG Engine               - isPreserveResizeRatio: false
03:02:22.925 [FXGL Background Thread 3 ] DEBUG Engine               - isProfilingEnabled: false
03:02:22.925 [FXGL Background Thread 3 ] DEBUG Engine               - isScaleAffectedOnResize: true
03:02:22.925 [FXGL Background Thread 3 ] DEBUG Engine               - isSingleStep: false
03:02:22.925 [FXGL Background Thread 3 ] DEBUG Engine               - isUserProfileEnabled: false
03:02:22.925 [FXGL Background Thread 3 ] DEBUG Engine               - isWindows: true
03:02:22.925 [FXGL Background Thread 3 ] DEBUG Engine               - language: ObjectProperty [value: ENGLISH]
03:02:22.925 [FXGL Background Thread 3 ] DEBUG Engine               - menuKey: ESCAPE
03:02:22.925 [FXGL Background Thread 3 ] DEBUG Engine               - mouseSensitivity: 0.2
03:02:22.925 [FXGL Background Thread 3 ] DEBUG Engine               - notificationViewClass: class com.almasb.fxgl.notification.view.XboxNotificationView
03:02:22.925 [FXGL Background Thread 3 ] DEBUG Engine               - pixelsPerMeter: 50.0
03:02:22.925 [FXGL Background Thread 3 ] DEBUG Engine               - platform: WINDOWS
03:02:22.925 [FXGL Background Thread 3 ] DEBUG Engine               - prefHeightProperty: ReadOnlyDoubleProperty [value: 720.0]
03:02:22.925 [FXGL Background Thread 3 ] DEBUG Engine               - prefWidthProperty: ReadOnlyDoubleProperty [value: 1280.0]
03:02:22.925 [FXGL Background Thread 3 ] DEBUG Engine               - profileDir: profiles/
03:02:22.925 [FXGL Background Thread 3 ] DEBUG Engine               - profileName: StringProperty [value: DEFAULT]
03:02:22.925 [FXGL Background Thread 3 ] DEBUG Engine               - randomSeed: -1
03:02:22.926 [FXGL Background Thread 3 ] DEBUG Engine               - runtimeInfo: RuntimeInfo(platform=WINDOWS, version=21.1, build=27.03.2024 07.52)
03:02:22.926 [FXGL Background Thread 3 ] DEBUG Engine               - saveFileExt: sav
03:02:22.926 [FXGL Background Thread 3 ] DEBUG Engine               - scaledHeightProp$fxgl: DoubleProperty [bound, value: 720.0]
03:02:22.926 [FXGL Background Thread 3 ] DEBUG Engine               - scaledWidthProp$fxgl: DoubleProperty [bound, value: 1280.0]
03:02:22.926 [FXGL Background Thread 3 ] DEBUG Engine               - sceneFactory: com.aen.spaceship_fights.MySceneFactory@132deb00
03:02:22.926 [FXGL Background Thread 3 ] DEBUG Engine               - secondsIn24h: 60
03:02:22.926 [FXGL Background Thread 3 ] DEBUG Engine               - soundMenuBack: menu/back.wav
03:02:22.926 [FXGL Background Thread 3 ] DEBUG Engine               - soundMenuPress: menu/press.wav
03:02:22.926 [FXGL Background Thread 3 ] DEBUG Engine               - soundMenuSelect: menu/select.wav
03:02:22.926 [FXGL Background Thread 3 ] DEBUG Engine               - soundNotification: core/notification.wav
03:02:22.926 [FXGL Background Thread 3 ] DEBUG Engine               - stageStyle: DECORATED
03:02:22.926 [FXGL Background Thread 3 ] DEBUG Engine               - supportedLanguages: [ENGLISH, FRENCH, GERMAN, HUNGARIAN, RUSSIAN]
03:02:22.926 [FXGL Background Thread 3 ] DEBUG Engine               - ticksPerSecond: -1
03:02:22.926 [FXGL Background Thread 3 ] DEBUG Engine               - title: Shooter
03:02:22.926 [FXGL Background Thread 3 ] DEBUG Engine               - urlGithub: https://github.com/AlmasB/FXGL
03:02:22.926 [FXGL Background Thread 3 ] DEBUG Engine               - urlLeaderboard: http://fxgl-top.herokuapp.com/
03:02:22.926 [FXGL Background Thread 3 ] DEBUG Engine               - urlPOM: https://raw.githubusercontent.com/AlmasB/FXGL/release/README.md
03:02:22.926 [FXGL Background Thread 3 ] DEBUG Engine               - userAppClass: class com.aen.spaceship_fights.SpaceShipFightsApp
03:02:22.926 [FXGL Background Thread 3 ] DEBUG Engine               - version: 0.1
03:02:22.926 [FXGL Background Thread 3 ] DEBUG Engine               - versionCheckDays: 7
03:02:22.926 [FXGL Background Thread 3 ] DEBUG Engine               - width: 1280
03:02:22.926 [FXGL Background Thread 3 ] DEBUG Engine               - Logging services
03:02:22.926 [FXGL Background Thread 3 ] DEBUG Engine               - class com.almasb.fxgl.app.services.FXGLAssetLoaderService
03:02:22.927 [FXGL Background Thread 3 ] DEBUG Engine               - class com.almasb.fxgl.app.FXGLApplication$GameApplicationService
03:02:22.927 [FXGL Background Thread 3 ] DEBUG Engine               - class com.almasb.fxgl.app.services.FXGLDialogService
03:02:22.927 [FXGL Background Thread 3 ] DEBUG Engine               - class com.almasb.fxgl.app.services.IOTaskExecutorService
03:02:22.927 [FXGL Background Thread 3 ] DEBUG Engine               - class com.almasb.fxgl.io.FileSystemService
03:02:22.927 [FXGL Background Thread 3 ] DEBUG Engine               - class com.almasb.fxgl.localization.LocalizationService
03:02:22.927 [FXGL Background Thread 3 ] DEBUG Engine               - class com.almasb.fxgl.app.services.SystemBundleService
03:02:22.927 [FXGL Background Thread 3 ] DEBUG Engine               - class com.almasb.fxgl.profile.SaveLoadService
03:02:22.927 [FXGL Background Thread 3 ] DEBUG Engine               - class com.almasb.fxgl.ui.FXGLUIFactoryServiceProvider
03:02:22.927 [FXGL Background Thread 3 ] DEBUG Engine               - class com.almasb.fxgl.ui.FXGLDialogFactoryServiceProvider
03:02:22.927 [FXGL Background Thread 3 ] DEBUG Engine               - class com.almasb.fxgl.audio.AudioPlayer
03:02:22.927 [FXGL Background Thread 3 ] DEBUG Engine               - class com.almasb.fxgl.notification.impl.NotificationServiceProvider
03:02:22.927 [FXGL Background Thread 3 ] DEBUG Engine               - class com.almasb.fxgl.achievement.AchievementService
03:02:22.927 [FXGL Background Thread 3 ] DEBUG Engine               - class com.almasb.fxgl.cutscene.CutsceneService
03:02:22.927 [FXGL Background Thread 3 ] DEBUG Engine               - class com.almasb.fxgl.minigames.MiniGameService
03:02:22.927 [FXGL Background Thread 3 ] DEBUG Engine               - class com.almasb.fxgl.net.NetService
03:02:22.927 [FXGL Background Thread 3 ] DEBUG Engine               - class com.almasb.fxgl.app.services.UpdaterService
03:02:22.927 [FXGL Background Thread 3 ] DEBUG Engine               - class com.almasb.fxgl.dev.DevService
03:05:34.570 [JavaFX Application Thread] DEBUG Menu                 - fireNewGame()
03:05:34.571 [JavaFX Application Thread] DEBUG GameApplicationServi - Starting new game
03:05:34.571 [JavaFX Application Thread] DEBUG PrimaryStageWindow   - Pop state: MainMenu
03:05:34.571 [JavaFX Application Thread] DEBUG Input                - Clearing active input actions
03:05:34.571 [JavaFX Application Thread] DEBUG GameApplicationServi - Removing overlay from MainMenu and adding to FXGLMainMenuDummyScene
03:05:34.571 [JavaFX Application Thread] DEBUG PrimaryStageWindow   - FXGLMainMenuDummyScene <- MainMenu
03:05:34.571 [JavaFX Application Thread] DEBUG Input                - Clearing active input actions
03:05:34.576 [JavaFX Application Thread] DEBUG GameApplicationServi - Removing overlay from FXGLMainMenuDummyScene and adding to FXGLLoadingScene
03:05:34.576 [JavaFX Application Thread] DEBUG PrimaryStageWindow   - FXGLMainMenuDummyScene -> FXGLLoadingScene
03:05:34.576 [JavaFX Application Thread] DEBUG GameApplicationServi - Clearing previous game
03:05:34.576 [JavaFX Application Thread] DEBUG GameScene            - Clearing game scene
03:05:34.576 [JavaFX Application Thread] DEBUG GameWorld            - Clearing game world
03:05:34.576 [JavaFX Application Thread] DEBUG PhysicsWorld         - Clearing physics world
03:05:34.581 [FXGL Background Thread 5 ] DEBUG FXGLApplication      - Initializing game
03:05:34.585 [FXGL Background Thread 5 ] DEBUG FXGLAssetLoaderServi - Loading from file system: file:/C:/Users/pc/Desktop/Java/GameEngines/Asteriods/target/classes/assets/music/bgm.mp3
03:05:34.747 [FXGL Background Thread 5 ] DEBUG AudioPlayer          - Playing music com.almasb.fxgl.audio.Music@12837cf2
03:05:34.802 [FXGL Background Thread 5 ] DEBUG FXGLAssetLoaderServi - Loading from file system: file:/C:/Users/pc/Desktop/Java/GameEngines/Asteriods/target/classes/assets/textures/cc.png
03:05:34.874 [FXGL Background Thread 5 ] DEBUG FXGLAssetLoaderServi - Loading from file system: file:/C:/Users/pc/Desktop/Java/GameEngines/Asteriods/target/classes/assets/textures/life.png
03:05:34.876 [FXGL Background Thread 5 ] INFO  FXGLApplication      - Game initialization took: 0.294 sec
03:05:34.882 [JavaFX Application Thread] DEBUG Input                - Clearing active input actions
03:05:34.886 [JavaFX Application Thread] DEBUG GameApplicationServi - Removing overlay from FXGLLoadingScene and adding to GameScene
03:05:34.886 [JavaFX Application Thread] DEBUG PrimaryStageWindow   - FXGLLoadingScene -> GameScene
03:05:35.091 [JavaFX Application Thread] DEBUG PrimaryStageWindow   - Push state: DialogSubScene
03:05:35.091 [JavaFX Application Thread] DEBUG Input                - Clearing active input actions
03:05:35.092 [JavaFX Application Thread] DEBUG GameApplicationServi - Removing overlay from GameScene and adding to DialogSubScene
03:05:35.092 [JavaFX Application Thread] DEBUG PrimaryStageWindow   - GameScene -> DialogSubScene
03:05:38.387 [JavaFX Application Thread] DEBUG PrimaryStageWindow   - Pop state: DialogSubScene
03:05:38.387 [JavaFX Application Thread] DEBUG Input                - Clearing active input actions
03:05:38.387 [JavaFX Application Thread] DEBUG GameApplicationServi - Removing overlay from DialogSubScene and adding to GameScene
03:05:38.387 [JavaFX Application Thread] DEBUG PrimaryStageWindow   - GameScene <- DialogSubScene
03:05:38.390 [JavaFX Application Thread] DEBUG FileSystemAccess     - Writing to: C:\Users\pc\Desktop\Java\GameEngines\Asteriods\.\userinfo.dat
03:05:39.166 [JavaFX Application Thread] DEBUG PrimaryStageWindow   - Push state: DialogSubScene
03:05:39.166 [JavaFX Application Thread] DEBUG Input                - Clearing active input actions
03:05:39.166 [JavaFX Application Thread] DEBUG GameApplicationServi - Removing overlay from GameScene and adding to DialogSubScene
03:05:39.167 [JavaFX Application Thread] DEBUG PrimaryStageWindow   - GameScene -> DialogSubScene
03:05:40.499 [JavaFX Application Thread] DEBUG PrimaryStageWindow   - Pop state: DialogSubScene
03:05:40.500 [JavaFX Application Thread] DEBUG Input                - Clearing active input actions
03:05:40.500 [JavaFX Application Thread] DEBUG GameApplicationServi - Removing overlay from DialogSubScene and adding to GameScene
03:05:40.500 [JavaFX Application Thread] DEBUG PrimaryStageWindow   - GameScene <- DialogSubScene
03:05:40.820 [JavaFX Application Thread] DEBUG FXGLAssetLoaderServi - Loading from file system: file:/C:/Users/pc/Desktop/Java/GameEngines/Asteriods/target/classes/assets/textures/bullet.png
03:05:45.646 [JavaFX Application Thread] DEBUG FXGLAssetLoaderServi - Loading from file system: file:/C:/Users/pc/Desktop/Java/GameEngines/Asteriods/target/classes/assets/textures/instructor_2.png
03:05:48.882 [JavaFX Application Thread] DEBUG FXGLApplication      - Exiting FXGL
03:05:48.883 [JavaFX Application Thread] DEBUG LoopRunner           - Stopping loop
03:05:48.883 [JavaFX Application Thread] DEBUG SystemBundleService  - Saving FXGL system data
03:05:48.884 [JavaFX Application Thread] DEBUG FileSystemAccess     - Writing to: C:\Users\pc\Desktop\Java\GameEngines\Asteriods\system\fxgl.bundle
03:05:48.884 [JavaFX Application Thread] DEBUG Async                - Shutting down background threads
03:05:48.884 [JavaFX Application Thread] DEBUG PrimaryStageWindow   - Closing main window
03:05:48.904 [JavaFX Application Thread] DEBUG Logger               - Closing Logger
