18:11:15.050 [main                     ] DEBUG Logger               - Configured Logger
18:11:15.071 [main                     ] DEBUG GameApplication      - Logging settings
Title: Shooter
Version: 0.1
Width: 1280
Height: 720
Fullscreen: true
Intro: false
Profiling: false
Single step:false
App Mode: DEVELOPER
Menu Key: ESCAPE
Stage Style: DECORATED
Scene Factory: class com.aen.spaceship_fights.MySceneFactory

18:11:15.559 [JavaFX Application Thread] DEBUG FXGLApplication      - Initializing FXGL
18:11:15.562 [JavaFX Application Thread] INFO  Engine               - FXGL-21.1 (27.03.2024 07.52) on WINDOWS (J:22.0.2 FX:22.0.1)
18:11:15.562 [JavaFX Application Thread] DEBUG Engine               - JRE Vendor Name: Oracle Corporation
18:11:15.563 [JavaFX Application Thread] DEBUG Engine               - Running on OS: Windows 11 version 10.0
18:11:15.563 [JavaFX Application Thread] DEBUG Engine               - Architecture: amd64
18:11:15.563 [JavaFX Application Thread] INFO  Engine               - Source code and latest versions at: https://github.com/AlmasB/FXGL
18:11:15.563 [JavaFX Application Thread] INFO  Engine               -       Ask questions and discuss at: https://github.com/AlmasB/FXGL/discussions
18:11:15.563 [JavaFX Application Thread] INFO  Engine               -              Join the FXGL chat at: https://gitter.im/AlmasB/FXGL
18:11:15.687 [JavaFX Application Thread] DEBUG PrimaryStageWindow   - Creating a JavaFX scene
18:11:15.756 [JavaFX Application Thread] DEBUG PrimaryStageWindow   - Target settings size: 1280.0 x 720.0
18:11:15.757 [JavaFX Application Thread] DEBUG PrimaryStageWindow   - Scaled scene size:    1280.0 x 720.0
18:11:15.757 [JavaFX Application Thread] DEBUG PrimaryStageWindow   - Scaled ratio: (1.0, 1.0)
18:11:15.761 [JavaFX Application Thread] DEBUG PrimaryStageWindow   - Set initial scene to FXGLStartupScene
18:11:15.765 [JavaFX Application Thread] DEBUG PrimaryStageWindow   - Opening main window
18:11:16.200 [JavaFX Application Thread] DEBUG PrimaryStageWindow   - Window border size: (16.0, 39.0)
18:11:16.201 [JavaFX Application Thread] DEBUG PrimaryStageWindow   - Scaled size: 1280.0 x 720.0
18:11:16.201 [JavaFX Application Thread] DEBUG PrimaryStageWindow   - Scaled ratio: (1.0, 1.0)
18:11:16.202 [JavaFX Application Thread] DEBUG PrimaryStageWindow   - Scene size: 1280.0 x 720.0
18:11:16.202 [JavaFX Application Thread] DEBUG PrimaryStageWindow   - Stage size: 1296.0 x 759.0
18:11:16.214 [FXGL Background Thread 1 ] DEBUG Engine               - Initializing environment variables
18:11:16.280 [FXGL Background Thread 1 ] DEBUG FXGLAssetLoaderServi - User app class for loading assets: class com.aen.spaceship_fights.SpaceShipFightsApp
18:11:16.280 [FXGL Background Thread 1 ] DEBUG GameApplicationServi - Applying CSS: fxgl_dark.css
18:11:16.281 [FXGL Background Thread 1 ] DEBUG FXGLAssetLoaderServi - Loading from file system: jar:file:/C:/Users/pc/.m2/repository/com/github/almasb/fxgl/21.1/fxgl-21.1.jar!/fxglassets/ui/css/fxgl_dark.css
18:11:16.334 [FXGL Background Thread 1 ] DEBUG GameApplicationServi - Initializing application scenes
18:11:16.445 [FXGL Background Thread 1 ] DEBUG GameWorld            - Game world initialized
18:11:16.522 [FXGL Background Thread 1 ] DEBUG PhysicsWorld         - Physics world initialized: appHeight=720, physics.ppm=50.0
18:11:16.522 [FXGL Background Thread 1 ] DEBUG PhysicsWorld         - Using strategy: BRUTE_FORCE
18:11:16.528 [FXGL Background Thread 1 ] DEBUG GameScene            - Game scene initialized: 1280x720
18:11:16.632 [FXGL Background Thread 1 ] DEBUG GameApplicationServi - Application scenes initialized
18:11:16.645 [FXGL Background Thread 1 ] DEBUG SystemBundleService  - Loading FXGL system data
18:11:16.646 [FXGL Background Thread 1 ] DEBUG FileSystemAccess     - Reading from: C:\Users\pc\Desktop\Java\GameEngines\Asteriods\system\fxgl.bundle
18:11:16.648 [FXGL Background Thread 1 ] DEBUG SystemBundleService  - Bundle FXGL: {}
18:11:16.648 [FXGL Background Thread 1 ] DEBUG UpdaterService       - Checking for updates
18:11:16.652 [FXGL Background Thread 1 ] DEBUG FXGLApplication      - Loading default localization
18:11:16.653 [FXGL Background Thread 1 ] DEBUG FXGLAssetLoaderServi - Loading from file system: jar:file:/C:/Users/pc/.m2/repository/com/github/almasb/fxgl/21.1/fxgl-21.1.jar!/fxglassets/languages/english.lang
18:11:16.659 [FXGL Background Thread 4 ] DEBUG FXGLApplication      - Loading fonts
18:11:16.660 [FXGL Background Thread 4 ] DEBUG FXGLAssetLoaderServi - Loading from file system: jar:file:/C:/Users/pc/.m2/repository/com/github/almasb/fxgl/21.1/fxgl-21.1.jar!/fxglassets/ui/fonts/VarelaRound-Regular.ttf
18:11:16.664 [FXGL Background Thread 4 ] DEBUG FXGLAssetLoaderServi - Loading from file system: jar:file:/C:/Users/pc/.m2/repository/com/github/almasb/fxgl/21.1/fxgl-21.1.jar!/fxglassets/ui/fonts/Abel-Regular.ttf
18:11:16.670 [FXGL Background Thread 4 ] DEBUG FXGLAssetLoaderServi - Loading from file system: jar:file:/C:/Users/pc/.m2/repository/com/github/almasb/fxgl/21.1/fxgl-21.1.jar!/fxglassets/ui/fonts/TerminalLandMono-Regular.otf
18:11:16.674 [FXGL Background Thread 1 ] INFO  FXGLApplication      - FXGL initialization took: 0.460 sec
18:11:16.677 [FXGL Background Thread 4 ] DEBUG FXGLAssetLoaderServi - Loading from file system: jar:file:/C:/Users/pc/.m2/repository/com/github/almasb/fxgl/21.1/fxgl-21.1.jar!/fxglassets/ui/fonts/Courier-Prime.ttf
18:11:16.690 [JavaFX Application Thread] DEBUG Input                - Registered new binding: action0 - A
18:11:16.691 [JavaFX Application Thread] DEBUG Input                - Registered new binding: action1 - D
18:11:16.691 [JavaFX Application Thread] DEBUG Input                - Registered new binding: action2 - W
18:11:16.692 [JavaFX Application Thread] DEBUG Input                - Registered new binding: action3 - F
18:11:16.693 [JavaFX Application Thread] DEBUG Input                - Registered new binding: action4 - P
18:11:16.693 [JavaFX Application Thread] DEBUG Input                - Registered new binding: action5 - R
18:11:16.693 [JavaFX Application Thread] DEBUG Input                - Registered new binding: action6 - M
18:11:16.694 [JavaFX Application Thread] DEBUG FXGLAssetLoaderServi - Loading from file system: jar:file:/C:/Users/pc/.m2/repository/com/github/almasb/fxgl/21.1/fxgl-21.1.jar!/fxglassets/textures/fxgl_icon.png
18:11:16.746 [JavaFX Application Thread] DEBUG FXGLAssetLoaderServi - Loading from file system: jar:file:/C:/Users/pc/.m2/repository/com/github/almasb/fxgl/21.1/fxgl-21.1.jar!/fxglassets/textures/fxgl_default_cursor.png
18:11:16.749 [JavaFX Application Thread] DEBUG Input                - Registered new binding: Screenshot - CTRL+8
18:11:16.750 [JavaFX Application Thread] DEBUG Input                - Registered new binding: System info dump - CTRL+9
18:11:16.750 [JavaFX Application Thread] DEBUG Input                - Registered new binding: Restart - CTRL+R
18:11:16.751 [JavaFX Application Thread] DEBUG Input                - Registered new binding: Toggle Debug Camera - CTRL+7
18:11:16.755 [JavaFX Application Thread] DEBUG LoopRunner           - Starting loop
18:11:16.756 [JavaFX Application Thread] DEBUG LoopRunner           - Initializing JavaFX AnimationTimerLoop
18:11:16.761 [JavaFX Application Thread] DEBUG Input                - Clearing active input actions
18:11:16.772 [JavaFX Application Thread] DEBUG GameApplicationServi - Removing overlay from FXGLStartupScene and adding to FXGLMainMenuDummyScene
18:11:16.772 [JavaFX Application Thread] DEBUG PrimaryStageWindow   - FXGLStartupScene -> FXGLMainMenuDummyScene
18:11:16.772 [JavaFX Application Thread] DEBUG PrimaryStageWindow   - Push state: MainMenu
18:11:16.775 [JavaFX Application Thread] DEBUG Input                - Clearing active input actions
18:11:16.803 [JavaFX Application Thread] DEBUG GameApplicationServi - Removing overlay from FXGLMainMenuDummyScene and adding to MainMenu
18:11:16.803 [JavaFX Application Thread] DEBUG PrimaryStageWindow   - FXGLMainMenuDummyScene -> MainMenu
18:11:16.809 [JavaFX Application Thread] DEBUG FXGLApplication      - Registering font factories with UI factory
18:11:19.652 [FXGL Background Thread 3 ] DEBUG Engine               - Logging environment variables
18:11:19.653 [FXGL Background Thread 3 ] DEBUG Engine               - achievements: []
18:11:19.654 [FXGL Background Thread 3 ] DEBUG Engine               - actualHeight: 720.0
18:11:19.654 [FXGL Background Thread 3 ] DEBUG Engine               - actualHeightProperty: ReadOnlyDoubleProperty [value: 720.0]
18:11:19.654 [FXGL Background Thread 3 ] DEBUG Engine               - actualWidth: 1280.0
18:11:19.655 [FXGL Background Thread 3 ] DEBUG Engine               - actualWidthProperty: ReadOnlyDoubleProperty [value: 1280.0]
18:11:19.655 [FXGL Background Thread 3 ] DEBUG Engine               - appIcon: fxgl_icon.png
18:11:19.655 [FXGL Background Thread 3 ] DEBUG Engine               - applicationMode: DEVELOPER
18:11:19.655 [FXGL Background Thread 3 ] DEBUG Engine               - cSSList: [fxgl_dark.css]
18:11:19.656 [FXGL Background Thread 3 ] DEBUG Engine               - collisionDetectionStrategy: BRUTE_FORCE
18:11:19.656 [FXGL Background Thread 3 ] DEBUG Engine               - configClass: Optional.empty
18:11:19.656 [FXGL Background Thread 3 ] DEBUG Engine               - credits: [Nyirenda Amos, Ouedraogo Luther Arthur, Magne Lidivine Merveille]
18:11:19.663 [FXGL Background Thread 3 ] DEBUG Engine               - defaultCursor: CursorInfo(imageName=fxgl_default_cursor.png, hotspotX=7.0, hotspotY=6.0)
18:11:19.663 [FXGL Background Thread 3 ] DEBUG Engine               - devBBoxColorProperty: ObjectProperty [value: 0xff0000ff]
18:11:19.664 [FXGL Background Thread 3 ] DEBUG Engine               - devEnableDebugCameraProperty: BooleanProperty [value: false]
18:11:19.664 [FXGL Background Thread 3 ] DEBUG Engine               - devSensorColorProperty: ObjectProperty [value: 0xffff00ff]
18:11:19.664 [FXGL Background Thread 3 ] DEBUG Engine               - devShowBBoxProperty: BooleanProperty [value: false]
18:11:19.664 [FXGL Background Thread 3 ] DEBUG Engine               - devShowPositionProperty: BooleanProperty [value: false]
18:11:19.665 [FXGL Background Thread 3 ] DEBUG Engine               - enabledMenuItems: []
18:11:19.665 [FXGL Background Thread 3 ] DEBUG Engine               - engineServices: [class com.almasb.fxgl.app.services.FXGLAssetLoaderService, class com.almasb.fxgl.app.FXGLApplication$GameApplicationService, class com.almasb.fxgl.app.services.FXGLDialogService, class com.almasb.fxgl.app.services.IOTaskExecutorService, class com.almasb.fxgl.io.FileSystemService, class com.almasb.fxgl.localization.LocalizationService, class com.almasb.fxgl.app.services.SystemBundleService, class com.almasb.fxgl.profile.SaveLoadService, class com.almasb.fxgl.ui.FXGLUIFactoryServiceProvider, class com.almasb.fxgl.ui.FXGLDialogFactoryServiceProvider, class com.almasb.fxgl.audio.AudioPlayer, class com.almasb.fxgl.notification.impl.NotificationServiceProvider, class com.almasb.fxgl.achievement.AchievementService, class com.almasb.fxgl.cutscene.CutsceneService, class com.almasb.fxgl.minigames.MiniGameService, class com.almasb.fxgl.net.NetService, class com.almasb.fxgl.app.services.UpdaterService, class com.almasb.fxgl.dev.DevService]
18:11:19.665 [FXGL Background Thread 3 ] DEBUG Engine               - fontGame: Abel-Regular.ttf
18:11:19.666 [FXGL Background Thread 3 ] DEBUG Engine               - fontMono: TerminalLandMono-Regular.otf
18:11:19.666 [FXGL Background Thread 3 ] DEBUG Engine               - fontSizeScaleUI: 1.0
18:11:19.667 [FXGL Background Thread 3 ] DEBUG Engine               - fontText: Courier-Prime.ttf
18:11:19.667 [FXGL Background Thread 3 ] DEBUG Engine               - fontUI: VarelaRound-Regular.ttf
18:11:19.667 [FXGL Background Thread 3 ] DEBUG Engine               - fullScreen: BooleanProperty [value: false]
18:11:19.667 [FXGL Background Thread 3 ] DEBUG Engine               - gameDifficulty: MEDIUM
18:11:19.667 [FXGL Background Thread 3 ] DEBUG Engine               - gameDifficultyProperty: ObjectProperty [value: MEDIUM]
18:11:19.668 [FXGL Background Thread 3 ] DEBUG Engine               - globalMusicVolume: 0.5
18:11:19.668 [FXGL Background Thread 3 ] DEBUG Engine               - globalMusicVolumeProperty: DoubleProperty [value: 0.5]
18:11:19.668 [FXGL Background Thread 3 ] DEBUG Engine               - globalSoundVolume: 0.5
18:11:19.668 [FXGL Background Thread 3 ] DEBUG Engine               - globalSoundVolumeProperty: DoubleProperty [value: 0.5]
18:11:19.668 [FXGL Background Thread 3 ] DEBUG Engine               - height: 720
18:11:19.668 [FXGL Background Thread 3 ] DEBUG Engine               - is3D: false
18:11:19.669 [FXGL Background Thread 3 ] DEBUG Engine               - isAndroid: false
18:11:19.669 [FXGL Background Thread 3 ] DEBUG Engine               - isBrowser: false
18:11:19.669 [FXGL Background Thread 3 ] DEBUG Engine               - isClickFeedbackEnabled: false
18:11:19.669 [FXGL Background Thread 3 ] DEBUG Engine               - isCloseConfirmation: false
18:11:19.669 [FXGL Background Thread 3 ] DEBUG Engine               - isDesktop: true
18:11:19.669 [FXGL Background Thread 3 ] DEBUG Engine               - isDeveloperMenuEnabled: false
18:11:19.669 [FXGL Background Thread 3 ] DEBUG Engine               - isEmbedded: false
18:11:19.669 [FXGL Background Thread 3 ] DEBUG Engine               - isEntityPreloadEnabled: true
18:11:19.669 [FXGL Background Thread 3 ] DEBUG Engine               - isExperimentalTiledLargeMap: false
18:11:19.670 [FXGL Background Thread 3 ] DEBUG Engine               - isFileSystemWriteAllowed: true
18:11:19.670 [FXGL Background Thread 3 ] DEBUG Engine               - isFullScreenAllowed: true
18:11:19.670 [FXGL Background Thread 3 ] DEBUG Engine               - isFullScreenFromStart: false
18:11:19.670 [FXGL Background Thread 3 ] DEBUG Engine               - isGameMenuEnabled: true
18:11:19.670 [FXGL Background Thread 3 ] DEBUG Engine               - isIOS: false
18:11:19.670 [FXGL Background Thread 3 ] DEBUG Engine               - isIntroEnabled: false
18:11:19.670 [FXGL Background Thread 3 ] DEBUG Engine               - isLinux: false
18:11:19.670 [FXGL Background Thread 3 ] DEBUG Engine               - isMac: false
18:11:19.671 [FXGL Background Thread 3 ] DEBUG Engine               - isMainMenuEnabled: true
18:11:19.671 [FXGL Background Thread 3 ] DEBUG Engine               - isManualResizeEnabled: false
18:11:19.671 [FXGL Background Thread 3 ] DEBUG Engine               - isMobile: false
18:11:19.671 [FXGL Background Thread 3 ] DEBUG Engine               - isNative: false
18:11:19.671 [FXGL Background Thread 3 ] DEBUG Engine               - isPauseMusicWhenMinimized: true
18:11:19.671 [FXGL Background Thread 3 ] DEBUG Engine               - isPreserveResizeRatio: false
18:11:19.672 [FXGL Background Thread 3 ] DEBUG Engine               - isProfilingEnabled: false
18:11:19.672 [FXGL Background Thread 3 ] DEBUG Engine               - isScaleAffectedOnResize: true
18:11:19.673 [FXGL Background Thread 3 ] DEBUG Engine               - isSingleStep: false
18:11:19.673 [FXGL Background Thread 3 ] DEBUG Engine               - isUserProfileEnabled: false
18:11:19.673 [FXGL Background Thread 3 ] DEBUG Engine               - isWindows: true
18:11:19.673 [FXGL Background Thread 3 ] DEBUG Engine               - language: ObjectProperty [value: ENGLISH]
18:11:19.673 [FXGL Background Thread 3 ] DEBUG Engine               - menuKey: ESCAPE
18:11:19.673 [FXGL Background Thread 3 ] DEBUG Engine               - mouseSensitivity: 0.2
18:11:19.673 [FXGL Background Thread 3 ] DEBUG Engine               - notificationViewClass: class com.almasb.fxgl.notification.view.XboxNotificationView
18:11:19.673 [FXGL Background Thread 3 ] DEBUG Engine               - pixelsPerMeter: 50.0
18:11:19.673 [FXGL Background Thread 3 ] DEBUG Engine               - platform: WINDOWS
18:11:19.674 [FXGL Background Thread 3 ] DEBUG Engine               - prefHeightProperty: ReadOnlyDoubleProperty [value: 720.0]
18:11:19.674 [FXGL Background Thread 3 ] DEBUG Engine               - prefWidthProperty: ReadOnlyDoubleProperty [value: 1280.0]
18:11:19.674 [FXGL Background Thread 3 ] DEBUG Engine               - profileDir: profiles/
18:11:19.674 [FXGL Background Thread 3 ] DEBUG Engine               - profileName: StringProperty [value: DEFAULT]
18:11:19.674 [FXGL Background Thread 3 ] DEBUG Engine               - randomSeed: -1
18:11:19.674 [FXGL Background Thread 3 ] DEBUG Engine               - runtimeInfo: RuntimeInfo(platform=WINDOWS, version=21.1, build=27.03.2024 07.52)
18:11:19.675 [FXGL Background Thread 3 ] DEBUG Engine               - saveFileExt: sav
18:11:19.675 [FXGL Background Thread 3 ] DEBUG Engine               - scaledHeightProp$fxgl: DoubleProperty [bound, value: 720.0]
18:11:19.675 [FXGL Background Thread 3 ] DEBUG Engine               - scaledWidthProp$fxgl: DoubleProperty [bound, value: 1280.0]
18:11:19.675 [FXGL Background Thread 3 ] DEBUG Engine               - sceneFactory: com.aen.spaceship_fights.MySceneFactory@71ecdea2
18:11:19.675 [FXGL Background Thread 3 ] DEBUG Engine               - secondsIn24h: 60
18:11:19.675 [FXGL Background Thread 3 ] DEBUG Engine               - soundMenuBack: menu/back.wav
18:11:19.678 [FXGL Background Thread 3 ] DEBUG Engine               - soundMenuPress: menu/press.wav
18:11:19.678 [FXGL Background Thread 3 ] DEBUG Engine               - soundMenuSelect: menu/select.wav
18:11:19.678 [FXGL Background Thread 3 ] DEBUG Engine               - soundNotification: core/notification.wav
18:11:19.678 [FXGL Background Thread 3 ] DEBUG Engine               - stageStyle: DECORATED
18:11:19.679 [FXGL Background Thread 3 ] DEBUG Engine               - supportedLanguages: [ENGLISH, FRENCH, GERMAN, HUNGARIAN, RUSSIAN]
18:11:19.679 [FXGL Background Thread 3 ] DEBUG Engine               - ticksPerSecond: -1
18:11:19.679 [FXGL Background Thread 3 ] DEBUG Engine               - title: Shooter
18:11:19.679 [FXGL Background Thread 3 ] DEBUG Engine               - urlGithub: https://github.com/AlmasB/FXGL
18:11:19.679 [FXGL Background Thread 3 ] DEBUG Engine               - urlLeaderboard: http://fxgl-top.herokuapp.com/
18:11:19.679 [FXGL Background Thread 3 ] DEBUG Engine               - urlPOM: https://raw.githubusercontent.com/AlmasB/FXGL/release/README.md
18:11:19.679 [FXGL Background Thread 3 ] DEBUG Engine               - userAppClass: class com.aen.spaceship_fights.SpaceShipFightsApp
18:11:19.679 [FXGL Background Thread 3 ] DEBUG Engine               - version: 0.1
18:11:19.679 [FXGL Background Thread 3 ] DEBUG Engine               - versionCheckDays: 7
18:11:19.680 [FXGL Background Thread 3 ] DEBUG Engine               - width: 1280
18:11:19.680 [FXGL Background Thread 3 ] DEBUG Engine               - Logging services
18:11:19.680 [FXGL Background Thread 3 ] DEBUG Engine               - class com.almasb.fxgl.app.services.FXGLAssetLoaderService
18:11:19.680 [FXGL Background Thread 3 ] DEBUG Engine               - class com.almasb.fxgl.app.FXGLApplication$GameApplicationService
18:11:19.680 [FXGL Background Thread 3 ] DEBUG Engine               - class com.almasb.fxgl.app.services.FXGLDialogService
18:11:19.680 [FXGL Background Thread 3 ] DEBUG Engine               - class com.almasb.fxgl.app.services.IOTaskExecutorService
18:11:19.680 [FXGL Background Thread 3 ] DEBUG Engine               - class com.almasb.fxgl.io.FileSystemService
18:11:19.680 [FXGL Background Thread 3 ] DEBUG Engine               - class com.almasb.fxgl.localization.LocalizationService
18:11:19.680 [FXGL Background Thread 3 ] DEBUG Engine               - class com.almasb.fxgl.app.services.SystemBundleService
18:11:19.680 [FXGL Background Thread 3 ] DEBUG Engine               - class com.almasb.fxgl.profile.SaveLoadService
18:11:19.680 [FXGL Background Thread 3 ] DEBUG Engine               - class com.almasb.fxgl.ui.FXGLUIFactoryServiceProvider
18:11:19.680 [FXGL Background Thread 3 ] DEBUG Engine               - class com.almasb.fxgl.ui.FXGLDialogFactoryServiceProvider
18:11:19.681 [FXGL Background Thread 3 ] DEBUG Engine               - class com.almasb.fxgl.audio.AudioPlayer
18:11:19.681 [FXGL Background Thread 3 ] DEBUG Engine               - class com.almasb.fxgl.notification.impl.NotificationServiceProvider
18:11:19.681 [FXGL Background Thread 3 ] DEBUG Engine               - class com.almasb.fxgl.achievement.AchievementService
18:11:19.681 [FXGL Background Thread 3 ] DEBUG Engine               - class com.almasb.fxgl.cutscene.CutsceneService
18:11:19.681 [FXGL Background Thread 3 ] DEBUG Engine               - class com.almasb.fxgl.minigames.MiniGameService
18:11:19.681 [FXGL Background Thread 3 ] DEBUG Engine               - class com.almasb.fxgl.net.NetService
18:11:19.681 [FXGL Background Thread 3 ] DEBUG Engine               - class com.almasb.fxgl.app.services.UpdaterService
18:11:19.681 [FXGL Background Thread 3 ] DEBUG Engine               - class com.almasb.fxgl.dev.DevService
18:12:11.068 [JavaFX Application Thread] DEBUG FXGLApplication      - Exiting FXGL
18:12:11.069 [JavaFX Application Thread] DEBUG LoopRunner           - Stopping loop
18:12:11.069 [JavaFX Application Thread] DEBUG SystemBundleService  - Saving FXGL system data
18:12:11.070 [JavaFX Application Thread] DEBUG FileSystemAccess     - Writing to: C:\Users\pc\Desktop\Java\GameEngines\Asteriods\system\fxgl.bundle
18:12:11.070 [JavaFX Application Thread] DEBUG Async                - Shutting down background threads
18:12:11.071 [JavaFX Application Thread] DEBUG PrimaryStageWindow   - Closing main window
18:12:11.098 [JavaFX Application Thread] DEBUG Logger               - Closing Logger
