22:30:24.283 [main                     ] DEBUG Logger               - Configured Logger
22:30:24.292 [main                     ] DEBUG GameApplication      - Logging settings
Title: SpaceShipFights
Version: 0.1
Width: 1280
Height: 720
Fullscreen: true
Intro: false
Profiling: false
Single step:false
App Mode: DEVELOPER
Menu Key: ESCAPE
Stage Style: DECORATED
Scene Factory: class com.aen.spaceship_fights.MySceneFactory

22:30:25.575 [JavaFX Application Thread] DEBUG FXGLApplication      - Initializing FXGL
22:30:25.583 [JavaFX Application Thread] INFO  Engine               - FXGL-21.1 (27.03.2024 07.52) on WINDOWS (J:24 FX:22.0.1)
22:30:25.584 [JavaFX Application Thread] DEBUG Engine               - JRE Vendor Name: Oracle Corporation
22:30:25.584 [JavaFX Application Thread] DEBUG Engine               - Running on OS: Windows 11 version 10.0
22:30:25.584 [JavaFX Application Thread] DEBUG Engine               - Architecture: amd64
22:30:25.584 [JavaFX Application Thread] INFO  Engine               - Source code and latest versions at: https://github.com/AlmasB/FXGL
22:30:25.584 [JavaFX Application Thread] INFO  Engine               -       Ask questions and discuss at: https://github.com/AlmasB/FXGL/discussions
22:30:25.585 [JavaFX Application Thread] INFO  Engine               -              Join the FXGL chat at: https://gitter.im/AlmasB/FXGL
22:30:25.986 [JavaFX Application Thread] DEBUG PrimaryStageWindow   - Creating a JavaFX scene
22:30:26.146 [JavaFX Application Thread] DEBUG PrimaryStageWindow   - Target settings size: 1280.0 x 720.0
22:30:26.146 [JavaFX Application Thread] DEBUG PrimaryStageWindow   - Scaled scene size:    1280.0 x 720.0
22:30:26.147 [JavaFX Application Thread] DEBUG PrimaryStageWindow   - Scaled ratio: (1.0, 1.0)
22:30:26.149 [JavaFX Application Thread] DEBUG PrimaryStageWindow   - Set initial scene to FXGLStartupScene
22:30:26.162 [JavaFX Application Thread] DEBUG PrimaryStageWindow   - Opening main window
22:30:27.221 [JavaFX Application Thread] DEBUG PrimaryStageWindow   - Window border size: (14.6666259765625, 37.33331298828125)
22:30:27.222 [JavaFX Application Thread] DEBUG PrimaryStageWindow   - Scaled size: 1280.0 x 720.0
22:30:27.223 [JavaFX Application Thread] DEBUG PrimaryStageWindow   - Scaled ratio: (1.0, 1.0)
22:30:27.223 [JavaFX Application Thread] DEBUG PrimaryStageWindow   - Scene size: 1280.0 x 720.0
22:30:27.224 [JavaFX Application Thread] DEBUG PrimaryStageWindow   - Stage size: 1294.6666259765625 x 757.3333129882812
22:30:27.258 [FXGL Background Thread 1 ] DEBUG Engine               - Initializing environment variables
22:30:27.413 [FXGL Background Thread 1 ] DEBUG FXGLAssetLoaderServi - User app class for loading assets: class com.aen.spaceship_fights.SpaceShipFightsApp
22:30:27.414 [FXGL Background Thread 1 ] DEBUG GameApplicationServi - Applying CSS: fxgl_dark.css
22:30:27.416 [FXGL Background Thread 1 ] DEBUG FXGLAssetLoaderServi - Loading from file system: jar:file:/C:/Users/merve/.m2/repository/com/github/almasb/fxgl/21.1/fxgl-21.1.jar!/fxglassets/ui/css/fxgl_dark.css
22:30:27.558 [FXGL Background Thread 1 ] DEBUG GameApplicationServi - Initializing application scenes
22:30:27.664 [FXGL Background Thread 1 ] DEBUG GameWorld            - Game world initialized
22:30:27.826 [FXGL Background Thread 1 ] DEBUG PhysicsWorld         - Physics world initialized: appHeight=720, physics.ppm=50,0
22:30:27.827 [FXGL Background Thread 1 ] DEBUG PhysicsWorld         - Using strategy: BRUTE_FORCE
22:30:27.834 [FXGL Background Thread 1 ] DEBUG GameScene            - Game scene initialized: 1280x720
22:30:28.149 [FXGL Background Thread 1 ] DEBUG GameApplicationServi - Application scenes initialized
22:30:28.174 [FXGL Background Thread 1 ] DEBUG SystemBundleService  - Loading FXGL system data
22:30:28.177 [FXGL Background Thread 1 ] DEBUG FileSystemAccess     - Reading from: C:\Users\merve\Desktop\ENSA\SpaceShipFights\SpaceShipFights\system\fxgl.bundle
22:30:28.182 [FXGL Background Thread 1 ] DEBUG SystemBundleService  - Bundle FXGL: {}
22:30:28.182 [FXGL Background Thread 1 ] DEBUG UpdaterService       - Checking for updates
22:30:28.196 [FXGL Background Thread 1 ] DEBUG FXGLApplication      - Loading default localization
22:30:28.196 [FXGL Background Thread 4 ] DEBUG FXGLApplication      - Loading fonts
22:30:28.197 [FXGL Background Thread 1 ] DEBUG FXGLAssetLoaderServi - Loading from file system: jar:file:/C:/Users/merve/.m2/repository/com/github/almasb/fxgl/21.1/fxgl-21.1.jar!/fxglassets/languages/english.lang
22:30:28.197 [FXGL Background Thread 4 ] DEBUG FXGLAssetLoaderServi - Loading from file system: jar:file:/C:/Users/merve/.m2/repository/com/github/almasb/fxgl/21.1/fxgl-21.1.jar!/fxglassets/ui/fonts/VarelaRound-Regular.ttf
22:30:28.245 [FXGL Background Thread 1 ] INFO  FXGLApplication      - FXGL initialization took: 0,987 sec
22:30:28.260 [FXGL Background Thread 4 ] DEBUG FXGLAssetLoaderServi - Loading from file system: jar:file:/C:/Users/merve/.m2/repository/com/github/almasb/fxgl/21.1/fxgl-21.1.jar!/fxglassets/ui/fonts/Abel-Regular.ttf
22:30:28.267 [JavaFX Application Thread] DEBUG Input                - Registered new binding: action0 - A
22:30:28.269 [JavaFX Application Thread] DEBUG Input                - Registered new binding: action1 - D
22:30:28.271 [JavaFX Application Thread] DEBUG Input                - Registered new binding: action2 - Left
22:30:28.272 [JavaFX Application Thread] DEBUG Input                - Registered new binding: action3 - Right
22:30:28.273 [JavaFX Application Thread] DEBUG Input                - Registered new binding: action4 - W
22:30:28.274 [JavaFX Application Thread] DEBUG Input                - Registered new binding: action5 - F
22:30:28.275 [JavaFX Application Thread] DEBUG Input                - Registered new binding: action6 - Space
22:30:28.275 [JavaFX Application Thread] DEBUG Input                - Registered new binding: action7 - P
22:30:28.277 [JavaFX Application Thread] DEBUG Input                - Registered new binding: action8 - R
22:30:28.278 [JavaFX Application Thread] DEBUG Input                - Registered new binding: action9 - M
22:30:28.279 [JavaFX Application Thread] DEBUG FXGLAssetLoaderServi - Loading from file system: jar:file:/C:/Users/merve/.m2/repository/com/github/almasb/fxgl/21.1/fxgl-21.1.jar!/fxglassets/textures/fxgl_icon.png
22:30:28.314 [FXGL Background Thread 4 ] DEBUG FXGLAssetLoaderServi - Loading from file system: jar:file:/C:/Users/merve/.m2/repository/com/github/almasb/fxgl/21.1/fxgl-21.1.jar!/fxglassets/ui/fonts/TerminalLandMono-Regular.otf
22:30:28.367 [FXGL Background Thread 4 ] DEBUG FXGLAssetLoaderServi - Loading from file system: jar:file:/C:/Users/merve/.m2/repository/com/github/almasb/fxgl/21.1/fxgl-21.1.jar!/fxglassets/ui/fonts/Courier-Prime.ttf
22:30:28.397 [JavaFX Application Thread] DEBUG FXGLAssetLoaderServi - Loading from file system: jar:file:/C:/Users/merve/.m2/repository/com/github/almasb/fxgl/21.1/fxgl-21.1.jar!/fxglassets/textures/fxgl_default_cursor.png
22:30:28.416 [JavaFX Application Thread] DEBUG Input                - Registered new binding: Screenshot - CTRL+8
22:30:28.417 [JavaFX Application Thread] DEBUG Input                - Registered new binding: System info dump - CTRL+9
22:30:28.417 [JavaFX Application Thread] DEBUG Input                - Registered new binding: Restart - CTRL+R
22:30:28.420 [JavaFX Application Thread] DEBUG Input                - Registered new binding: Toggle Debug Camera - CTRL+7
22:30:28.428 [JavaFX Application Thread] DEBUG LoopRunner           - Starting loop
22:30:28.429 [JavaFX Application Thread] DEBUG LoopRunner           - Initializing JavaFX AnimationTimerLoop
22:30:28.439 [JavaFX Application Thread] DEBUG Input                - Clearing active input actions
22:30:28.458 [JavaFX Application Thread] DEBUG GameApplicationServi - Removing overlay from FXGLStartupScene and adding to FXGLMainMenuDummyScene
22:30:28.460 [JavaFX Application Thread] DEBUG PrimaryStageWindow   - FXGLStartupScene -> FXGLMainMenuDummyScene
22:30:28.461 [JavaFX Application Thread] DEBUG PrimaryStageWindow   - Push state: MainMenu
22:30:28.462 [JavaFX Application Thread] DEBUG Input                - Clearing active input actions
22:30:28.500 [JavaFX Application Thread] DEBUG GameApplicationServi - Removing overlay from FXGLMainMenuDummyScene and adding to MainMenu
22:30:28.500 [JavaFX Application Thread] DEBUG PrimaryStageWindow   - FXGLMainMenuDummyScene -> MainMenu
22:30:28.501 [JavaFX Application Thread] DEBUG FXGLApplication      - Registering font factories with UI factory
22:30:31.190 [FXGL Background Thread 3 ] DEBUG Engine               - Logging environment variables
22:30:31.191 [FXGL Background Thread 3 ] DEBUG Engine               - achievements: []
22:30:31.192 [FXGL Background Thread 3 ] DEBUG Engine               - actualHeight: 720.0
22:30:31.192 [FXGL Background Thread 3 ] DEBUG Engine               - actualHeightProperty: ReadOnlyDoubleProperty [value: 720.0]
22:30:31.192 [FXGL Background Thread 3 ] DEBUG Engine               - actualWidth: 1280.0
22:30:31.192 [FXGL Background Thread 3 ] DEBUG Engine               - actualWidthProperty: ReadOnlyDoubleProperty [value: 1280.0]
22:30:31.192 [FXGL Background Thread 3 ] DEBUG Engine               - appIcon: fxgl_icon.png
22:30:31.192 [FXGL Background Thread 3 ] DEBUG Engine               - applicationMode: DEVELOPER
22:30:31.193 [FXGL Background Thread 3 ] DEBUG Engine               - cSSList: [fxgl_dark.css]
22:30:31.193 [FXGL Background Thread 3 ] DEBUG Engine               - collisionDetectionStrategy: BRUTE_FORCE
22:30:31.193 [FXGL Background Thread 3 ] DEBUG Engine               - configClass: Optional.empty
22:30:31.193 [FXGL Background Thread 3 ] DEBUG Engine               - credits: [Nyirenda Amos, Ouedraogo Luther Arthur, Magne Lydivine Merveille]
22:30:31.197 [FXGL Background Thread 3 ] DEBUG Engine               - defaultCursor: CursorInfo(imageName=fxgl_default_cursor.png, hotspotX=7.0, hotspotY=6.0)
22:30:31.197 [FXGL Background Thread 3 ] DEBUG Engine               - devBBoxColorProperty: ObjectProperty [value: 0xff0000ff]
22:30:31.198 [FXGL Background Thread 3 ] DEBUG Engine               - devEnableDebugCameraProperty: BooleanProperty [value: false]
22:30:31.198 [FXGL Background Thread 3 ] DEBUG Engine               - devSensorColorProperty: ObjectProperty [value: 0xffff00ff]
22:30:31.198 [FXGL Background Thread 3 ] DEBUG Engine               - devShowBBoxProperty: BooleanProperty [value: false]
22:30:31.198 [FXGL Background Thread 3 ] DEBUG Engine               - devShowPositionProperty: BooleanProperty [value: false]
22:30:31.198 [FXGL Background Thread 3 ] DEBUG Engine               - enabledMenuItems: []
22:30:31.198 [FXGL Background Thread 3 ] DEBUG Engine               - engineServices: [class com.almasb.fxgl.app.services.FXGLAssetLoaderService, class com.almasb.fxgl.app.FXGLApplication$GameApplicationService, class com.almasb.fxgl.app.services.FXGLDialogService, class com.almasb.fxgl.app.services.IOTaskExecutorService, class com.almasb.fxgl.io.FileSystemService, class com.almasb.fxgl.localization.LocalizationService, class com.almasb.fxgl.app.services.SystemBundleService, class com.almasb.fxgl.profile.SaveLoadService, class com.almasb.fxgl.ui.FXGLUIFactoryServiceProvider, class com.almasb.fxgl.ui.FXGLDialogFactoryServiceProvider, class com.almasb.fxgl.audio.AudioPlayer, class com.almasb.fxgl.notification.impl.NotificationServiceProvider, class com.almasb.fxgl.achievement.AchievementService, class com.almasb.fxgl.cutscene.CutsceneService, class com.almasb.fxgl.minigames.MiniGameService, class com.almasb.fxgl.net.NetService, class com.almasb.fxgl.app.services.UpdaterService, class com.almasb.fxgl.dev.DevService]
22:30:31.199 [FXGL Background Thread 3 ] DEBUG Engine               - fontGame: Abel-Regular.ttf
22:30:31.199 [FXGL Background Thread 3 ] DEBUG Engine               - fontMono: TerminalLandMono-Regular.otf
22:30:31.199 [FXGL Background Thread 3 ] DEBUG Engine               - fontSizeScaleUI: 1.0
22:30:31.199 [FXGL Background Thread 3 ] DEBUG Engine               - fontText: Courier-Prime.ttf
22:30:31.199 [FXGL Background Thread 3 ] DEBUG Engine               - fontUI: VarelaRound-Regular.ttf
22:30:31.199 [FXGL Background Thread 3 ] DEBUG Engine               - fullScreen: BooleanProperty [value: false]
22:30:31.199 [FXGL Background Thread 3 ] DEBUG Engine               - gameDifficulty: MEDIUM
22:30:31.199 [FXGL Background Thread 3 ] DEBUG Engine               - gameDifficultyProperty: ObjectProperty [value: MEDIUM]
22:30:31.200 [FXGL Background Thread 3 ] DEBUG Engine               - globalMusicVolume: 0.5
22:30:31.200 [FXGL Background Thread 3 ] DEBUG Engine               - globalMusicVolumeProperty: DoubleProperty [value: 0.5]
22:30:31.200 [FXGL Background Thread 3 ] DEBUG Engine               - globalSoundVolume: 0.5
22:30:31.200 [FXGL Background Thread 3 ] DEBUG Engine               - globalSoundVolumeProperty: DoubleProperty [value: 0.5]
22:30:31.200 [FXGL Background Thread 3 ] DEBUG Engine               - height: 720
22:30:31.200 [FXGL Background Thread 3 ] DEBUG Engine               - is3D: false
22:30:31.200 [FXGL Background Thread 3 ] DEBUG Engine               - isAndroid: false
22:30:31.201 [FXGL Background Thread 3 ] DEBUG Engine               - isBrowser: false
22:30:31.201 [FXGL Background Thread 3 ] DEBUG Engine               - isClickFeedbackEnabled: false
22:30:31.201 [FXGL Background Thread 3 ] DEBUG Engine               - isCloseConfirmation: false
22:30:31.201 [FXGL Background Thread 3 ] DEBUG Engine               - isDesktop: true
22:30:31.201 [FXGL Background Thread 3 ] DEBUG Engine               - isDeveloperMenuEnabled: false
22:30:31.201 [FXGL Background Thread 3 ] DEBUG Engine               - isEmbedded: false
22:30:31.201 [FXGL Background Thread 3 ] DEBUG Engine               - isEntityPreloadEnabled: true
22:30:31.202 [FXGL Background Thread 3 ] DEBUG Engine               - isExperimentalTiledLargeMap: false
22:30:31.202 [FXGL Background Thread 3 ] DEBUG Engine               - isFileSystemWriteAllowed: true
22:30:31.202 [FXGL Background Thread 3 ] DEBUG Engine               - isFullScreenAllowed: true
22:30:31.202 [FXGL Background Thread 3 ] DEBUG Engine               - isFullScreenFromStart: false
22:30:31.202 [FXGL Background Thread 3 ] DEBUG Engine               - isGameMenuEnabled: true
22:30:31.202 [FXGL Background Thread 3 ] DEBUG Engine               - isIOS: false
22:30:31.202 [FXGL Background Thread 3 ] DEBUG Engine               - isIntroEnabled: false
22:30:31.202 [FXGL Background Thread 3 ] DEBUG Engine               - isLinux: false
22:30:31.202 [FXGL Background Thread 3 ] DEBUG Engine               - isMac: false
22:30:31.202 [FXGL Background Thread 3 ] DEBUG Engine               - isMainMenuEnabled: true
22:30:31.202 [FXGL Background Thread 3 ] DEBUG Engine               - isManualResizeEnabled: false
22:30:31.203 [FXGL Background Thread 3 ] DEBUG Engine               - isMobile: false
22:30:31.203 [FXGL Background Thread 3 ] DEBUG Engine               - isNative: false
22:30:31.203 [FXGL Background Thread 3 ] DEBUG Engine               - isPauseMusicWhenMinimized: true
22:30:31.203 [FXGL Background Thread 3 ] DEBUG Engine               - isPreserveResizeRatio: false
22:30:31.203 [FXGL Background Thread 3 ] DEBUG Engine               - isProfilingEnabled: false
22:30:31.203 [FXGL Background Thread 3 ] DEBUG Engine               - isScaleAffectedOnResize: true
22:30:31.203 [FXGL Background Thread 3 ] DEBUG Engine               - isSingleStep: false
22:30:31.203 [FXGL Background Thread 3 ] DEBUG Engine               - isUserProfileEnabled: false
22:30:31.205 [FXGL Background Thread 3 ] DEBUG Engine               - isWindows: true
22:30:31.205 [FXGL Background Thread 3 ] DEBUG Engine               - language: ObjectProperty [value: ENGLISH]
22:30:31.205 [FXGL Background Thread 3 ] DEBUG Engine               - menuKey: ESCAPE
22:30:31.205 [FXGL Background Thread 3 ] DEBUG Engine               - mouseSensitivity: 0.2
22:30:31.205 [FXGL Background Thread 3 ] DEBUG Engine               - notificationViewClass: class com.almasb.fxgl.notification.view.XboxNotificationView
22:30:31.205 [FXGL Background Thread 3 ] DEBUG Engine               - pixelsPerMeter: 50.0
22:30:31.205 [FXGL Background Thread 3 ] DEBUG Engine               - platform: WINDOWS
22:30:31.205 [FXGL Background Thread 3 ] DEBUG Engine               - prefHeightProperty: ReadOnlyDoubleProperty [value: 720.0]
22:30:31.205 [FXGL Background Thread 3 ] DEBUG Engine               - prefWidthProperty: ReadOnlyDoubleProperty [value: 1280.0]
22:30:31.206 [FXGL Background Thread 3 ] DEBUG Engine               - profileDir: profiles/
22:30:31.206 [FXGL Background Thread 3 ] DEBUG Engine               - profileName: StringProperty [value: DEFAULT]
22:30:31.206 [FXGL Background Thread 3 ] DEBUG Engine               - randomSeed: -1
22:30:31.206 [FXGL Background Thread 3 ] DEBUG Engine               - runtimeInfo: RuntimeInfo(platform=WINDOWS, version=21.1, build=27.03.2024 07.52)
22:30:31.206 [FXGL Background Thread 3 ] DEBUG Engine               - saveFileExt: sav
22:30:31.207 [FXGL Background Thread 3 ] DEBUG Engine               - scaledHeightProp$fxgl: DoubleProperty [bound, value: 720.0]
22:30:31.207 [FXGL Background Thread 3 ] DEBUG Engine               - scaledWidthProp$fxgl: DoubleProperty [bound, value: 1280.0]
22:30:31.207 [FXGL Background Thread 3 ] DEBUG Engine               - sceneFactory: com.aen.spaceship_fights.MySceneFactory@2b1f92c8
22:30:31.207 [FXGL Background Thread 3 ] DEBUG Engine               - secondsIn24h: 60
22:30:31.207 [FXGL Background Thread 3 ] DEBUG Engine               - soundMenuBack: menu/back.wav
22:30:31.207 [FXGL Background Thread 3 ] DEBUG Engine               - soundMenuPress: menu/press.wav
22:30:31.207 [FXGL Background Thread 3 ] DEBUG Engine               - soundMenuSelect: menu/select.wav
22:30:31.207 [FXGL Background Thread 3 ] DEBUG Engine               - soundNotification: core/notification.wav
22:30:31.207 [FXGL Background Thread 3 ] DEBUG Engine               - stageStyle: DECORATED
22:30:31.207 [FXGL Background Thread 3 ] DEBUG Engine               - supportedLanguages: [ENGLISH, FRENCH, GERMAN, HUNGARIAN, RUSSIAN]
22:30:31.208 [FXGL Background Thread 3 ] DEBUG Engine               - ticksPerSecond: -1
22:30:31.208 [FXGL Background Thread 3 ] DEBUG Engine               - title: SpaceShipFights
22:30:31.208 [FXGL Background Thread 3 ] DEBUG Engine               - urlGithub: https://github.com/AlmasB/FXGL
22:30:31.208 [FXGL Background Thread 3 ] DEBUG Engine               - urlLeaderboard: http://fxgl-top.herokuapp.com/
22:30:31.208 [FXGL Background Thread 3 ] DEBUG Engine               - urlPOM: https://raw.githubusercontent.com/AlmasB/FXGL/release/README.md
22:30:31.208 [FXGL Background Thread 3 ] DEBUG Engine               - userAppClass: class com.aen.spaceship_fights.SpaceShipFightsApp
22:30:31.208 [FXGL Background Thread 3 ] DEBUG Engine               - version: 0.1
22:30:31.208 [FXGL Background Thread 3 ] DEBUG Engine               - versionCheckDays: 7
22:30:31.208 [FXGL Background Thread 3 ] DEBUG Engine               - width: 1280
22:30:31.208 [FXGL Background Thread 3 ] DEBUG Engine               - Logging services
22:30:31.208 [FXGL Background Thread 3 ] DEBUG Engine               - class com.almasb.fxgl.app.services.FXGLAssetLoaderService
22:30:31.208 [FXGL Background Thread 3 ] DEBUG Engine               - class com.almasb.fxgl.app.FXGLApplication$GameApplicationService
22:30:31.208 [FXGL Background Thread 3 ] DEBUG Engine               - class com.almasb.fxgl.app.services.FXGLDialogService
22:30:31.208 [FXGL Background Thread 3 ] DEBUG Engine               - class com.almasb.fxgl.app.services.IOTaskExecutorService
22:30:31.209 [FXGL Background Thread 3 ] DEBUG Engine               - class com.almasb.fxgl.io.FileSystemService
22:30:31.209 [FXGL Background Thread 3 ] DEBUG Engine               - class com.almasb.fxgl.localization.LocalizationService
22:30:31.209 [FXGL Background Thread 3 ] DEBUG Engine               - class com.almasb.fxgl.app.services.SystemBundleService
22:30:31.209 [FXGL Background Thread 3 ] DEBUG Engine               - class com.almasb.fxgl.profile.SaveLoadService
22:30:31.209 [FXGL Background Thread 3 ] DEBUG Engine               - class com.almasb.fxgl.ui.FXGLUIFactoryServiceProvider
22:30:31.209 [FXGL Background Thread 3 ] DEBUG Engine               - class com.almasb.fxgl.ui.FXGLDialogFactoryServiceProvider
22:30:31.209 [FXGL Background Thread 3 ] DEBUG Engine               - class com.almasb.fxgl.audio.AudioPlayer
22:30:31.209 [FXGL Background Thread 3 ] DEBUG Engine               - class com.almasb.fxgl.notification.impl.NotificationServiceProvider
22:30:31.209 [FXGL Background Thread 3 ] DEBUG Engine               - class com.almasb.fxgl.achievement.AchievementService
22:30:31.209 [FXGL Background Thread 3 ] DEBUG Engine               - class com.almasb.fxgl.cutscene.CutsceneService
22:30:31.209 [FXGL Background Thread 3 ] DEBUG Engine               - class com.almasb.fxgl.minigames.MiniGameService
22:30:31.209 [FXGL Background Thread 3 ] DEBUG Engine               - class com.almasb.fxgl.net.NetService
22:30:31.210 [FXGL Background Thread 3 ] DEBUG Engine               - class com.almasb.fxgl.app.services.UpdaterService
22:30:31.210 [FXGL Background Thread 3 ] DEBUG Engine               - class com.almasb.fxgl.dev.DevService
22:30:53.871 [JavaFX Application Thread] DEBUG FXGLApplication      - Exiting FXGL
22:30:53.871 [JavaFX Application Thread] DEBUG LoopRunner           - Stopping loop
22:30:53.872 [JavaFX Application Thread] DEBUG SystemBundleService  - Saving FXGL system data
22:30:53.875 [JavaFX Application Thread] DEBUG FileSystemAccess     - Writing to: C:\Users\merve\Desktop\ENSA\SpaceShipFights\SpaceShipFights\system\fxgl.bundle
22:30:53.876 [JavaFX Application Thread] DEBUG Async                - Shutting down background threads
22:30:53.876 [JavaFX Application Thread] DEBUG PrimaryStageWindow   - Closing main window
22:30:53.917 [JavaFX Application Thread] DEBUG Logger               - Closing Logger
