10:42:17.754 [main                     ] DEBUG Logger               - Configured Logger
10:42:17.776 [main                     ] DEBUG GameApplication      - Logging settings
Title: Shooter
Version: 0.1
Width: 1280
Height: 720
Fullscreen: true
Intro: false
Profiling: false
Single step:false
App Mode: DEVELOPER
Menu Key: ESCAPE
Stage Style: DECORATED
Scene Factory: class com.aen.spaceship_fights.MySceneFactory

10:42:18.285 [JavaFX Application Thread] DEBUG FXGLApplication      - Initializing FXGL
10:42:18.287 [JavaFX Application Thread] INFO  Engine               - FXGL-21.1 (27.03.2024 07.52) on WINDOWS (J:22.0.2 FX:22.0.1)
10:42:18.289 [JavaFX Application Thread] DEBUG Engine               - JRE Vendor Name: Oracle Corporation
10:42:18.289 [JavaFX Application Thread] DEBUG Engine               - Running on OS: Windows 11 version 10.0
10:42:18.289 [JavaFX Application Thread] DEBUG Engine               - Architecture: amd64
10:42:18.289 [JavaFX Application Thread] INFO  Engine               - Source code and latest versions at: https://github.com/AlmasB/FXGL
10:42:18.289 [JavaFX Application Thread] INFO  Engine               -       Ask questions and discuss at: https://github.com/AlmasB/FXGL/discussions
10:42:18.289 [JavaFX Application Thread] INFO  Engine               -              Join the FXGL chat at: https://gitter.im/AlmasB/FXGL
10:42:18.412 [JavaFX Application Thread] DEBUG PrimaryStageWindow   - Creating a JavaFX scene
10:42:18.470 [JavaFX Application Thread] DEBUG PrimaryStageWindow   - Target settings size: 1280.0 x 720.0
10:42:18.471 [JavaFX Application Thread] DEBUG PrimaryStageWindow   - Scaled scene size:    1280.0 x 720.0
10:42:18.471 [JavaFX Application Thread] DEBUG PrimaryStageWindow   - Scaled ratio: (1.0, 1.0)
10:42:18.472 [JavaFX Application Thread] DEBUG PrimaryStageWindow   - Set initial scene to FXGLStartupScene
10:42:18.476 [JavaFX Application Thread] DEBUG PrimaryStageWindow   - Opening main window
10:42:18.989 [JavaFX Application Thread] DEBUG PrimaryStageWindow   - Window border size: (16.0, 39.0)
10:42:18.989 [JavaFX Application Thread] DEBUG PrimaryStageWindow   - Scaled size: 1280.0 x 720.0
10:42:18.989 [JavaFX Application Thread] DEBUG PrimaryStageWindow   - Scaled ratio: (1.0, 1.0)
10:42:18.990 [JavaFX Application Thread] DEBUG PrimaryStageWindow   - Scene size: 1280.0 x 720.0
10:42:18.990 [JavaFX Application Thread] DEBUG PrimaryStageWindow   - Stage size: 1296.0 x 759.0
10:42:19.002 [FXGL Background Thread 1 ] DEBUG Engine               - Initializing environment variables
10:42:19.057 [FXGL Background Thread 1 ] DEBUG FXGLAssetLoaderServi - User app class for loading assets: class com.aen.spaceship_fights.SpaceShipFightsApp
10:42:19.057 [FXGL Background Thread 1 ] DEBUG GameApplicationServi - Applying CSS: fxgl_dark.css
10:42:19.059 [FXGL Background Thread 1 ] DEBUG FXGLAssetLoaderServi - Loading from file system: jar:file:/C:/Users/pc/.m2/repository/com/github/almasb/fxgl/21.1/fxgl-21.1.jar!/fxglassets/ui/css/fxgl_dark.css
10:42:19.111 [FXGL Background Thread 1 ] DEBUG GameApplicationServi - Initializing application scenes
10:42:19.217 [FXGL Background Thread 1 ] DEBUG GameWorld            - Game world initialized
10:42:19.286 [FXGL Background Thread 1 ] DEBUG PhysicsWorld         - Physics world initialized: appHeight=720, physics.ppm=50.0
10:42:19.286 [FXGL Background Thread 1 ] DEBUG PhysicsWorld         - Using strategy: BRUTE_FORCE
10:42:19.291 [FXGL Background Thread 1 ] DEBUG GameScene            - Game scene initialized: 1280x720
10:42:19.408 [FXGL Background Thread 1 ] DEBUG GameApplicationServi - Application scenes initialized
10:42:19.423 [FXGL Background Thread 1 ] DEBUG SystemBundleService  - Loading FXGL system data
10:42:19.424 [FXGL Background Thread 1 ] DEBUG FileSystemAccess     - Reading from: C:\Users\pc\Desktop\Java\GameEngines\Asteriods\system\fxgl.bundle
10:42:19.426 [FXGL Background Thread 1 ] DEBUG SystemBundleService  - Bundle FXGL: {}
10:42:19.427 [FXGL Background Thread 1 ] DEBUG UpdaterService       - Checking for updates
10:42:19.432 [FXGL Background Thread 1 ] DEBUG FXGLApplication      - Loading default localization
10:42:19.433 [FXGL Background Thread 1 ] DEBUG FXGLAssetLoaderServi - Loading from file system: jar:file:/C:/Users/pc/.m2/repository/com/github/almasb/fxgl/21.1/fxgl-21.1.jar!/fxglassets/languages/english.lang
10:42:19.451 [FXGL Background Thread 1 ] INFO  FXGLApplication      - FXGL initialization took: 0.450 sec
10:42:19.461 [JavaFX Application Thread] DEBUG Input                - Registered new binding: action0 - A
10:42:19.462 [JavaFX Application Thread] DEBUG Input                - Registered new binding: action1 - D
10:42:19.463 [JavaFX Application Thread] DEBUG Input                - Registered new binding: action2 - W
10:42:19.464 [JavaFX Application Thread] DEBUG Input                - Registered new binding: action3 - F
10:42:19.465 [JavaFX Application Thread] DEBUG Input                - Registered new binding: action4 - P
10:42:19.466 [JavaFX Application Thread] DEBUG Input                - Registered new binding: action5 - R
10:42:19.466 [JavaFX Application Thread] DEBUG Input                - Registered new binding: action6 - M
10:42:19.467 [JavaFX Application Thread] DEBUG FXGLAssetLoaderServi - Loading from file system: jar:file:/C:/Users/pc/.m2/repository/com/github/almasb/fxgl/21.1/fxgl-21.1.jar!/fxglassets/textures/fxgl_icon.png
10:42:19.507 [FXGL Background Thread 4 ] DEBUG FXGLApplication      - Loading fonts
10:42:19.507 [FXGL Background Thread 4 ] DEBUG FXGLAssetLoaderServi - Loading from file system: jar:file:/C:/Users/pc/.m2/repository/com/github/almasb/fxgl/21.1/fxgl-21.1.jar!/fxglassets/ui/fonts/VarelaRound-Regular.ttf
10:42:19.516 [FXGL Background Thread 4 ] DEBUG FXGLAssetLoaderServi - Loading from file system: jar:file:/C:/Users/pc/.m2/repository/com/github/almasb/fxgl/21.1/fxgl-21.1.jar!/fxglassets/ui/fonts/Abel-Regular.ttf
10:42:19.516 [JavaFX Application Thread] DEBUG FXGLAssetLoaderServi - Loading from file system: jar:file:/C:/Users/pc/.m2/repository/com/github/almasb/fxgl/21.1/fxgl-21.1.jar!/fxglassets/textures/fxgl_default_cursor.png
10:42:19.519 [JavaFX Application Thread] DEBUG Input                - Registered new binding: Screenshot - CTRL+8
10:42:19.521 [FXGL Background Thread 4 ] DEBUG FXGLAssetLoaderServi - Loading from file system: jar:file:/C:/Users/pc/.m2/repository/com/github/almasb/fxgl/21.1/fxgl-21.1.jar!/fxglassets/ui/fonts/TerminalLandMono-Regular.otf
10:42:19.521 [JavaFX Application Thread] DEBUG Input                - Registered new binding: System info dump - CTRL+9
10:42:19.525 [FXGL Background Thread 4 ] DEBUG FXGLAssetLoaderServi - Loading from file system: jar:file:/C:/Users/pc/.m2/repository/com/github/almasb/fxgl/21.1/fxgl-21.1.jar!/fxglassets/ui/fonts/Courier-Prime.ttf
10:42:19.526 [JavaFX Application Thread] DEBUG Input                - Registered new binding: Restart - CTRL+R
10:42:19.534 [JavaFX Application Thread] DEBUG Input                - Registered new binding: Toggle Debug Camera - CTRL+7
10:42:19.541 [JavaFX Application Thread] DEBUG LoopRunner           - Starting loop
10:42:19.541 [JavaFX Application Thread] DEBUG LoopRunner           - Initializing JavaFX AnimationTimerLoop
10:42:19.544 [JavaFX Application Thread] DEBUG Input                - Clearing active input actions
10:42:19.556 [JavaFX Application Thread] DEBUG GameApplicationServi - Removing overlay from FXGLStartupScene and adding to FXGLMainMenuDummyScene
10:42:19.557 [JavaFX Application Thread] DEBUG PrimaryStageWindow   - FXGLStartupScene -> FXGLMainMenuDummyScene
10:42:19.557 [JavaFX Application Thread] DEBUG PrimaryStageWindow   - Push state: MainMenu
10:42:19.557 [JavaFX Application Thread] DEBUG Input                - Clearing active input actions
10:42:19.605 [JavaFX Application Thread] DEBUG GameApplicationServi - Removing overlay from FXGLMainMenuDummyScene and adding to MainMenu
10:42:19.606 [JavaFX Application Thread] DEBUG PrimaryStageWindow   - FXGLMainMenuDummyScene -> MainMenu
10:42:19.606 [JavaFX Application Thread] DEBUG FXGLApplication      - Registering font factories with UI factory
10:42:22.430 [FXGL Background Thread 3 ] DEBUG Engine               - Logging environment variables
10:42:22.432 [FXGL Background Thread 3 ] DEBUG Engine               - achievements: []
10:42:22.432 [FXGL Background Thread 3 ] DEBUG Engine               - actualHeight: 720.0
10:42:22.432 [FXGL Background Thread 3 ] DEBUG Engine               - actualHeightProperty: ReadOnlyDoubleProperty [value: 720.0]
10:42:22.433 [FXGL Background Thread 3 ] DEBUG Engine               - actualWidth: 1280.0
10:42:22.433 [FXGL Background Thread 3 ] DEBUG Engine               - actualWidthProperty: ReadOnlyDoubleProperty [value: 1280.0]
10:42:22.433 [FXGL Background Thread 3 ] DEBUG Engine               - appIcon: fxgl_icon.png
10:42:22.433 [FXGL Background Thread 3 ] DEBUG Engine               - applicationMode: DEVELOPER
10:42:22.433 [FXGL Background Thread 3 ] DEBUG Engine               - cSSList: [fxgl_dark.css]
10:42:22.433 [FXGL Background Thread 3 ] DEBUG Engine               - collisionDetectionStrategy: BRUTE_FORCE
10:42:22.434 [FXGL Background Thread 3 ] DEBUG Engine               - configClass: Optional.empty
10:42:22.434 [FXGL Background Thread 3 ] DEBUG Engine               - credits: [Nyirenda Amos, Ouedraogo Luther Arthur, Magne Lidivine Merveille]
10:42:22.437 [FXGL Background Thread 3 ] DEBUG Engine               - defaultCursor: CursorInfo(imageName=fxgl_default_cursor.png, hotspotX=7.0, hotspotY=6.0)
10:42:22.439 [FXGL Background Thread 3 ] DEBUG Engine               - devBBoxColorProperty: ObjectProperty [value: 0xff0000ff]
10:42:22.439 [FXGL Background Thread 3 ] DEBUG Engine               - devEnableDebugCameraProperty: BooleanProperty [value: false]
10:42:22.440 [FXGL Background Thread 3 ] DEBUG Engine               - devSensorColorProperty: ObjectProperty [value: 0xffff00ff]
10:42:22.440 [FXGL Background Thread 3 ] DEBUG Engine               - devShowBBoxProperty: BooleanProperty [value: false]
10:42:22.440 [FXGL Background Thread 3 ] DEBUG Engine               - devShowPositionProperty: BooleanProperty [value: false]
10:42:22.441 [FXGL Background Thread 3 ] DEBUG Engine               - enabledMenuItems: []
10:42:22.441 [FXGL Background Thread 3 ] DEBUG Engine               - engineServices: [class com.almasb.fxgl.app.services.FXGLAssetLoaderService, class com.almasb.fxgl.app.FXGLApplication$GameApplicationService, class com.almasb.fxgl.app.services.FXGLDialogService, class com.almasb.fxgl.app.services.IOTaskExecutorService, class com.almasb.fxgl.io.FileSystemService, class com.almasb.fxgl.localization.LocalizationService, class com.almasb.fxgl.app.services.SystemBundleService, class com.almasb.fxgl.profile.SaveLoadService, class com.almasb.fxgl.ui.FXGLUIFactoryServiceProvider, class com.almasb.fxgl.ui.FXGLDialogFactoryServiceProvider, class com.almasb.fxgl.audio.AudioPlayer, class com.almasb.fxgl.notification.impl.NotificationServiceProvider, class com.almasb.fxgl.achievement.AchievementService, class com.almasb.fxgl.cutscene.CutsceneService, class com.almasb.fxgl.minigames.MiniGameService, class com.almasb.fxgl.net.NetService, class com.almasb.fxgl.app.services.UpdaterService, class com.almasb.fxgl.dev.DevService]
10:42:22.441 [FXGL Background Thread 3 ] DEBUG Engine               - fontGame: Abel-Regular.ttf
10:42:22.441 [FXGL Background Thread 3 ] DEBUG Engine               - fontMono: TerminalLandMono-Regular.otf
10:42:22.441 [FXGL Background Thread 3 ] DEBUG Engine               - fontSizeScaleUI: 1.0
10:42:22.441 [FXGL Background Thread 3 ] DEBUG Engine               - fontText: Courier-Prime.ttf
10:42:22.442 [FXGL Background Thread 3 ] DEBUG Engine               - fontUI: VarelaRound-Regular.ttf
10:42:22.442 [FXGL Background Thread 3 ] DEBUG Engine               - fullScreen: BooleanProperty [value: false]
10:42:22.442 [FXGL Background Thread 3 ] DEBUG Engine               - gameDifficulty: MEDIUM
10:42:22.442 [FXGL Background Thread 3 ] DEBUG Engine               - gameDifficultyProperty: ObjectProperty [value: MEDIUM]
10:42:22.442 [FXGL Background Thread 3 ] DEBUG Engine               - globalMusicVolume: 0.5
10:42:22.442 [FXGL Background Thread 3 ] DEBUG Engine               - globalMusicVolumeProperty: DoubleProperty [value: 0.5]
10:42:22.443 [FXGL Background Thread 3 ] DEBUG Engine               - globalSoundVolume: 0.5
10:42:22.443 [FXGL Background Thread 3 ] DEBUG Engine               - globalSoundVolumeProperty: DoubleProperty [value: 0.5]
10:42:22.443 [FXGL Background Thread 3 ] DEBUG Engine               - height: 720
10:42:22.444 [FXGL Background Thread 3 ] DEBUG Engine               - is3D: false
10:42:22.445 [FXGL Background Thread 3 ] DEBUG Engine               - isAndroid: false
10:42:22.445 [FXGL Background Thread 3 ] DEBUG Engine               - isBrowser: false
10:42:22.445 [FXGL Background Thread 3 ] DEBUG Engine               - isClickFeedbackEnabled: false
10:42:22.446 [FXGL Background Thread 3 ] DEBUG Engine               - isCloseConfirmation: false
10:42:22.446 [FXGL Background Thread 3 ] DEBUG Engine               - isDesktop: true
10:42:22.447 [FXGL Background Thread 3 ] DEBUG Engine               - isDeveloperMenuEnabled: false
10:42:22.447 [FXGL Background Thread 3 ] DEBUG Engine               - isEmbedded: false
10:42:22.447 [FXGL Background Thread 3 ] DEBUG Engine               - isEntityPreloadEnabled: true
10:42:22.447 [FXGL Background Thread 3 ] DEBUG Engine               - isExperimentalTiledLargeMap: false
10:42:22.447 [FXGL Background Thread 3 ] DEBUG Engine               - isFileSystemWriteAllowed: true
10:42:22.448 [FXGL Background Thread 3 ] DEBUG Engine               - isFullScreenAllowed: true
10:42:22.448 [FXGL Background Thread 3 ] DEBUG Engine               - isFullScreenFromStart: false
10:42:22.449 [FXGL Background Thread 3 ] DEBUG Engine               - isGameMenuEnabled: true
10:42:22.449 [FXGL Background Thread 3 ] DEBUG Engine               - isIOS: false
10:42:22.449 [FXGL Background Thread 3 ] DEBUG Engine               - isIntroEnabled: false
10:42:22.449 [FXGL Background Thread 3 ] DEBUG Engine               - isLinux: false
10:42:22.449 [FXGL Background Thread 3 ] DEBUG Engine               - isMac: false
10:42:22.450 [FXGL Background Thread 3 ] DEBUG Engine               - isMainMenuEnabled: true
10:42:22.450 [FXGL Background Thread 3 ] DEBUG Engine               - isManualResizeEnabled: false
10:42:22.450 [FXGL Background Thread 3 ] DEBUG Engine               - isMobile: false
10:42:22.450 [FXGL Background Thread 3 ] DEBUG Engine               - isNative: false
10:42:22.450 [FXGL Background Thread 3 ] DEBUG Engine               - isPauseMusicWhenMinimized: true
10:42:22.450 [FXGL Background Thread 3 ] DEBUG Engine               - isPreserveResizeRatio: false
10:42:22.450 [FXGL Background Thread 3 ] DEBUG Engine               - isProfilingEnabled: false
10:42:22.451 [FXGL Background Thread 3 ] DEBUG Engine               - isScaleAffectedOnResize: true
10:42:22.451 [FXGL Background Thread 3 ] DEBUG Engine               - isSingleStep: false
10:42:22.451 [FXGL Background Thread 3 ] DEBUG Engine               - isUserProfileEnabled: false
10:42:22.451 [FXGL Background Thread 3 ] DEBUG Engine               - isWindows: true
10:42:22.451 [FXGL Background Thread 3 ] DEBUG Engine               - language: ObjectProperty [value: ENGLISH]
10:42:22.452 [FXGL Background Thread 3 ] DEBUG Engine               - menuKey: ESCAPE
10:42:22.452 [FXGL Background Thread 3 ] DEBUG Engine               - mouseSensitivity: 0.2
10:42:22.452 [FXGL Background Thread 3 ] DEBUG Engine               - notificationViewClass: class com.almasb.fxgl.notification.view.XboxNotificationView
10:42:22.452 [FXGL Background Thread 3 ] DEBUG Engine               - pixelsPerMeter: 50.0
10:42:22.452 [FXGL Background Thread 3 ] DEBUG Engine               - platform: WINDOWS
10:42:22.453 [FXGL Background Thread 3 ] DEBUG Engine               - prefHeightProperty: ReadOnlyDoubleProperty [value: 720.0]
10:42:22.453 [FXGL Background Thread 3 ] DEBUG Engine               - prefWidthProperty: ReadOnlyDoubleProperty [value: 1280.0]
10:42:22.453 [FXGL Background Thread 3 ] DEBUG Engine               - profileDir: profiles/
10:42:22.453 [FXGL Background Thread 3 ] DEBUG Engine               - profileName: StringProperty [value: DEFAULT]
10:42:22.453 [FXGL Background Thread 3 ] DEBUG Engine               - randomSeed: -1
10:42:22.454 [FXGL Background Thread 3 ] DEBUG Engine               - runtimeInfo: RuntimeInfo(platform=WINDOWS, version=21.1, build=27.03.2024 07.52)
10:42:22.454 [FXGL Background Thread 3 ] DEBUG Engine               - saveFileExt: sav
10:42:22.454 [FXGL Background Thread 3 ] DEBUG Engine               - scaledHeightProp$fxgl: DoubleProperty [bound, value: 720.0]
10:42:22.454 [FXGL Background Thread 3 ] DEBUG Engine               - scaledWidthProp$fxgl: DoubleProperty [bound, value: 1280.0]
10:42:22.455 [FXGL Background Thread 3 ] DEBUG Engine               - sceneFactory: com.aen.spaceship_fights.MySceneFactory@48603e85
10:42:22.455 [FXGL Background Thread 3 ] DEBUG Engine               - secondsIn24h: 60
10:42:22.455 [FXGL Background Thread 3 ] DEBUG Engine               - soundMenuBack: menu/back.wav
10:42:22.455 [FXGL Background Thread 3 ] DEBUG Engine               - soundMenuPress: menu/press.wav
10:42:22.455 [FXGL Background Thread 3 ] DEBUG Engine               - soundMenuSelect: menu/select.wav
10:42:22.455 [FXGL Background Thread 3 ] DEBUG Engine               - soundNotification: core/notification.wav
10:42:22.455 [FXGL Background Thread 3 ] DEBUG Engine               - stageStyle: DECORATED
10:42:22.455 [FXGL Background Thread 3 ] DEBUG Engine               - supportedLanguages: [ENGLISH, FRENCH, GERMAN, HUNGARIAN, RUSSIAN]
10:42:22.456 [FXGL Background Thread 3 ] DEBUG Engine               - ticksPerSecond: -1
10:42:22.456 [FXGL Background Thread 3 ] DEBUG Engine               - title: Shooter
10:42:22.456 [FXGL Background Thread 3 ] DEBUG Engine               - urlGithub: https://github.com/AlmasB/FXGL
10:42:22.456 [FXGL Background Thread 3 ] DEBUG Engine               - urlLeaderboard: http://fxgl-top.herokuapp.com/
10:42:22.456 [FXGL Background Thread 3 ] DEBUG Engine               - urlPOM: https://raw.githubusercontent.com/AlmasB/FXGL/release/README.md
10:42:22.456 [FXGL Background Thread 3 ] DEBUG Engine               - userAppClass: class com.aen.spaceship_fights.SpaceShipFightsApp
10:42:22.456 [FXGL Background Thread 3 ] DEBUG Engine               - version: 0.1
10:42:22.456 [FXGL Background Thread 3 ] DEBUG Engine               - versionCheckDays: 7
10:42:22.456 [FXGL Background Thread 3 ] DEBUG Engine               - width: 1280
10:42:22.456 [FXGL Background Thread 3 ] DEBUG Engine               - Logging services
10:42:22.456 [FXGL Background Thread 3 ] DEBUG Engine               - class com.almasb.fxgl.app.services.FXGLAssetLoaderService
10:42:22.456 [FXGL Background Thread 3 ] DEBUG Engine               - class com.almasb.fxgl.app.FXGLApplication$GameApplicationService
10:42:22.456 [FXGL Background Thread 3 ] DEBUG Engine               - class com.almasb.fxgl.app.services.FXGLDialogService
10:42:22.457 [FXGL Background Thread 3 ] DEBUG Engine               - class com.almasb.fxgl.app.services.IOTaskExecutorService
10:42:22.457 [FXGL Background Thread 3 ] DEBUG Engine               - class com.almasb.fxgl.io.FileSystemService
10:42:22.457 [FXGL Background Thread 3 ] DEBUG Engine               - class com.almasb.fxgl.localization.LocalizationService
10:42:22.457 [FXGL Background Thread 3 ] DEBUG Engine               - class com.almasb.fxgl.app.services.SystemBundleService
10:42:22.457 [FXGL Background Thread 3 ] DEBUG Engine               - class com.almasb.fxgl.profile.SaveLoadService
10:42:22.457 [FXGL Background Thread 3 ] DEBUG Engine               - class com.almasb.fxgl.ui.FXGLUIFactoryServiceProvider
10:42:22.457 [FXGL Background Thread 3 ] DEBUG Engine               - class com.almasb.fxgl.ui.FXGLDialogFactoryServiceProvider
10:42:22.457 [FXGL Background Thread 3 ] DEBUG Engine               - class com.almasb.fxgl.audio.AudioPlayer
10:42:22.457 [FXGL Background Thread 3 ] DEBUG Engine               - class com.almasb.fxgl.notification.impl.NotificationServiceProvider
10:42:22.457 [FXGL Background Thread 3 ] DEBUG Engine               - class com.almasb.fxgl.achievement.AchievementService
10:42:22.457 [FXGL Background Thread 3 ] DEBUG Engine               - class com.almasb.fxgl.cutscene.CutsceneService
10:42:22.457 [FXGL Background Thread 3 ] DEBUG Engine               - class com.almasb.fxgl.minigames.MiniGameService
10:42:22.457 [FXGL Background Thread 3 ] DEBUG Engine               - class com.almasb.fxgl.net.NetService
10:42:22.457 [FXGL Background Thread 3 ] DEBUG Engine               - class com.almasb.fxgl.app.services.UpdaterService
10:42:22.457 [FXGL Background Thread 3 ] DEBUG Engine               - class com.almasb.fxgl.dev.DevService
10:45:12.435 [JavaFX Application Thread] DEBUG FXGLApplication      - Exiting FXGL
10:45:12.435 [JavaFX Application Thread] DEBUG LoopRunner           - Stopping loop
10:45:12.435 [JavaFX Application Thread] DEBUG SystemBundleService  - Saving FXGL system data
10:45:12.436 [JavaFX Application Thread] DEBUG FileSystemAccess     - Writing to: C:\Users\pc\Desktop\Java\GameEngines\Asteriods\system\fxgl.bundle
10:45:12.437 [JavaFX Application Thread] DEBUG Async                - Shutting down background threads
10:45:12.437 [JavaFX Application Thread] DEBUG PrimaryStageWindow   - Closing main window
10:45:12.462 [JavaFX Application Thread] DEBUG Logger               - Closing Logger
