03:33:30.176 [main                     ] DEBUG Logger               - Configured Logger
03:33:30.203 [main                     ] DEBUG GameApplication      - Logging settings
Title: Shooter
Version: 0.1
Width: 1280
Height: 720
Fullscreen: true
Intro: false
Profiling: false
Single step:false
App Mode: DEVELOPER
Menu Key: ESCAPE
Stage Style: DECORATED
Scene Factory: class com.aen.spaceship_fights.MySceneFactory

03:33:31.028 [JavaFX Application Thread] DEBUG FXGLApplication      - Initializing FXGL
03:33:31.034 [JavaFX Application Thread] INFO  Engine               - FXGL-21.1 (27.03.2024 07.52) on WINDOWS (J:22.0.2 FX:22.0.1)
03:33:31.034 [JavaFX Application Thread] DEBUG Engine               - JRE Vendor Name: Oracle Corporation
03:33:31.035 [JavaFX Application Thread] DEBUG Engine               - Running on OS: Windows 11 version 10.0
03:33:31.035 [JavaFX Application Thread] DEBUG Engine               - Architecture: amd64
03:33:31.035 [JavaFX Application Thread] INFO  Engine               - Source code and latest versions at: https://github.com/AlmasB/FXGL
03:33:31.035 [JavaFX Application Thread] INFO  Engine               -       Ask questions and discuss at: https://github.com/AlmasB/FXGL/discussions
03:33:31.035 [JavaFX Application Thread] INFO  Engine               -              Join the FXGL chat at: https://gitter.im/AlmasB/FXGL
03:33:31.184 [JavaFX Application Thread] DEBUG PrimaryStageWindow   - Creating a JavaFX scene
03:33:31.244 [JavaFX Application Thread] DEBUG PrimaryStageWindow   - Target settings size: 1280.0 x 720.0
03:33:31.245 [JavaFX Application Thread] DEBUG PrimaryStageWindow   - Scaled scene size:    1280.0 x 720.0
03:33:31.245 [JavaFX Application Thread] DEBUG PrimaryStageWindow   - Scaled ratio: (1.0, 1.0)
03:33:31.246 [JavaFX Application Thread] DEBUG PrimaryStageWindow   - Set initial scene to FXGLStartupScene
03:33:31.250 [JavaFX Application Thread] DEBUG PrimaryStageWindow   - Opening main window
03:33:31.904 [JavaFX Application Thread] DEBUG PrimaryStageWindow   - Window border size: (16.0, 39.0)
03:33:31.904 [JavaFX Application Thread] DEBUG PrimaryStageWindow   - Scaled size: 1280.0 x 720.0
03:33:31.904 [JavaFX Application Thread] DEBUG PrimaryStageWindow   - Scaled ratio: (1.0, 1.0)
03:33:31.904 [JavaFX Application Thread] DEBUG PrimaryStageWindow   - Scene size: 1280.0 x 720.0
03:33:31.904 [JavaFX Application Thread] DEBUG PrimaryStageWindow   - Stage size: 1296.0 x 759.0
03:33:31.973 [FXGL Background Thread 1 ] DEBUG Engine               - Initializing environment variables
03:33:32.029 [FXGL Background Thread 1 ] DEBUG FXGLAssetLoaderServi - User app class for loading assets: class com.aen.spaceship_fights.SpaceShipFightsApp
03:33:32.030 [FXGL Background Thread 1 ] DEBUG GameApplicationServi - Applying CSS: fxgl_dark.css
03:33:32.030 [FXGL Background Thread 1 ] DEBUG FXGLAssetLoaderServi - Loading from file system: jar:file:/C:/Users/pc/.m2/repository/com/github/almasb/fxgl/21.1/fxgl-21.1.jar!/fxglassets/ui/css/fxgl_dark.css
03:33:32.100 [FXGL Background Thread 1 ] DEBUG GameApplicationServi - Initializing application scenes
03:33:32.192 [FXGL Background Thread 1 ] DEBUG GameWorld            - Game world initialized
03:33:32.261 [FXGL Background Thread 1 ] DEBUG PhysicsWorld         - Physics world initialized: appHeight=720, physics.ppm=50.0
03:33:32.262 [FXGL Background Thread 1 ] DEBUG PhysicsWorld         - Using strategy: BRUTE_FORCE
03:33:32.268 [FXGL Background Thread 1 ] DEBUG GameScene            - Game scene initialized: 1280x720
03:33:32.389 [FXGL Background Thread 1 ] DEBUG GameApplicationServi - Application scenes initialized
03:33:32.400 [FXGL Background Thread 1 ] DEBUG SystemBundleService  - Loading FXGL system data
03:33:32.401 [FXGL Background Thread 1 ] DEBUG FileSystemAccess     - Reading from: C:\Users\pc\Desktop\Java\GameEngines\Asteriods\system\fxgl.bundle
03:33:32.404 [FXGL Background Thread 1 ] DEBUG SystemBundleService  - Bundle FXGL: {}
03:33:32.405 [FXGL Background Thread 1 ] DEBUG UpdaterService       - Checking for updates
03:33:32.409 [FXGL Background Thread 4 ] DEBUG FXGLApplication      - Loading fonts
03:33:32.409 [FXGL Background Thread 4 ] DEBUG FXGLAssetLoaderServi - Loading from file system: jar:file:/C:/Users/pc/.m2/repository/com/github/almasb/fxgl/21.1/fxgl-21.1.jar!/fxglassets/ui/fonts/VarelaRound-Regular.ttf
03:33:32.409 [FXGL Background Thread 1 ] DEBUG FXGLApplication      - Loading default localization
03:33:32.410 [FXGL Background Thread 1 ] DEBUG FXGLAssetLoaderServi - Loading from file system: jar:file:/C:/Users/pc/.m2/repository/com/github/almasb/fxgl/21.1/fxgl-21.1.jar!/fxglassets/languages/english.lang
03:33:32.417 [FXGL Background Thread 4 ] DEBUG FXGLAssetLoaderServi - Loading from file system: jar:file:/C:/Users/pc/.m2/repository/com/github/almasb/fxgl/21.1/fxgl-21.1.jar!/fxglassets/ui/fonts/Abel-Regular.ttf
03:33:32.435 [FXGL Background Thread 1 ] INFO  FXGLApplication      - FXGL initialization took: 0.462 sec
03:33:32.445 [JavaFX Application Thread] DEBUG Input                - Registered new binding: action0 - A
03:33:32.445 [JavaFX Application Thread] DEBUG Input                - Registered new binding: action1 - D
03:33:32.446 [JavaFX Application Thread] DEBUG Input                - Registered new binding: action2 - W
03:33:32.446 [JavaFX Application Thread] DEBUG Input                - Registered new binding: action3 - F
03:33:32.446 [JavaFX Application Thread] DEBUG Input                - Registered new binding: action4 - P
03:33:32.447 [JavaFX Application Thread] DEBUG Input                - Registered new binding: action5 - R
03:33:32.447 [JavaFX Application Thread] DEBUG Input                - Registered new binding: action6 - M
03:33:32.447 [JavaFX Application Thread] DEBUG FXGLAssetLoaderServi - Loading from file system: jar:file:/C:/Users/pc/.m2/repository/com/github/almasb/fxgl/21.1/fxgl-21.1.jar!/fxglassets/textures/fxgl_icon.png
03:33:32.476 [FXGL Background Thread 4 ] DEBUG FXGLAssetLoaderServi - Loading from file system: jar:file:/C:/Users/pc/.m2/repository/com/github/almasb/fxgl/21.1/fxgl-21.1.jar!/fxglassets/ui/fonts/TerminalLandMono-Regular.otf
03:33:32.484 [JavaFX Application Thread] DEBUG FXGLAssetLoaderServi - Loading from file system: jar:file:/C:/Users/pc/.m2/repository/com/github/almasb/fxgl/21.1/fxgl-21.1.jar!/fxglassets/textures/fxgl_default_cursor.png
03:33:32.486 [JavaFX Application Thread] DEBUG Input                - Registered new binding: Screenshot - CTRL+8
03:33:32.486 [JavaFX Application Thread] DEBUG Input                - Registered new binding: System info dump - CTRL+9
03:33:32.486 [JavaFX Application Thread] DEBUG Input                - Registered new binding: Restart - CTRL+R
03:33:32.487 [JavaFX Application Thread] DEBUG Input                - Registered new binding: Toggle Debug Camera - CTRL+7
03:33:32.491 [JavaFX Application Thread] DEBUG LoopRunner           - Starting loop
03:33:32.491 [JavaFX Application Thread] DEBUG LoopRunner           - Initializing JavaFX AnimationTimerLoop
03:33:32.493 [JavaFX Application Thread] DEBUG Input                - Clearing active input actions
03:33:32.499 [JavaFX Application Thread] DEBUG GameApplicationServi - Removing overlay from FXGLStartupScene and adding to FXGLMainMenuDummyScene
03:33:32.499 [JavaFX Application Thread] DEBUG PrimaryStageWindow   - FXGLStartupScene -> FXGLMainMenuDummyScene
03:33:32.499 [JavaFX Application Thread] DEBUG PrimaryStageWindow   - Push state: MainMenu
03:33:32.500 [JavaFX Application Thread] DEBUG Input                - Clearing active input actions
03:33:32.509 [JavaFX Application Thread] DEBUG GameApplicationServi - Removing overlay from FXGLMainMenuDummyScene and adding to MainMenu
03:33:32.509 [JavaFX Application Thread] DEBUG PrimaryStageWindow   - FXGLMainMenuDummyScene -> MainMenu
03:33:32.528 [FXGL Background Thread 4 ] DEBUG FXGLAssetLoaderServi - Loading from file system: jar:file:/C:/Users/pc/.m2/repository/com/github/almasb/fxgl/21.1/fxgl-21.1.jar!/fxglassets/ui/fonts/Courier-Prime.ttf
03:33:32.707 [FXGL Background Thread 2 ] WARN  UpdaterService       - Failed to find updates: java.net.UnknownHostException: raw.githubusercontent.com
03:33:32.784 [JavaFX Application Thread] DEBUG FXGLApplication      - Registering font factories with UI factory
03:33:35.408 [FXGL Background Thread 3 ] DEBUG Engine               - Logging environment variables
03:33:35.408 [FXGL Background Thread 3 ] DEBUG Engine               - achievements: []
03:33:35.408 [FXGL Background Thread 3 ] DEBUG Engine               - actualHeight: 720.0
03:33:35.409 [FXGL Background Thread 3 ] DEBUG Engine               - actualHeightProperty: ReadOnlyDoubleProperty [value: 720.0]
03:33:35.409 [FXGL Background Thread 3 ] DEBUG Engine               - actualWidth: 1280.0
03:33:35.409 [FXGL Background Thread 3 ] DEBUG Engine               - actualWidthProperty: ReadOnlyDoubleProperty [value: 1280.0]
03:33:35.409 [FXGL Background Thread 3 ] DEBUG Engine               - appIcon: fxgl_icon.png
03:33:35.409 [FXGL Background Thread 3 ] DEBUG Engine               - applicationMode: DEVELOPER
03:33:35.409 [FXGL Background Thread 3 ] DEBUG Engine               - cSSList: [fxgl_dark.css]
03:33:35.409 [FXGL Background Thread 3 ] DEBUG Engine               - collisionDetectionStrategy: BRUTE_FORCE
03:33:35.409 [FXGL Background Thread 3 ] DEBUG Engine               - configClass: Optional.empty
03:33:35.409 [FXGL Background Thread 3 ] DEBUG Engine               - credits: [Nyirenda Amos, Ouedraogo Luther Arthur, Magne Lidivine Merveille]
03:33:35.410 [FXGL Background Thread 3 ] DEBUG Engine               - defaultCursor: CursorInfo(imageName=fxgl_default_cursor.png, hotspotX=7.0, hotspotY=6.0)
03:33:35.410 [FXGL Background Thread 3 ] DEBUG Engine               - devBBoxColorProperty: ObjectProperty [value: 0xff0000ff]
03:33:35.410 [FXGL Background Thread 3 ] DEBUG Engine               - devEnableDebugCameraProperty: BooleanProperty [value: false]
03:33:35.410 [FXGL Background Thread 3 ] DEBUG Engine               - devSensorColorProperty: ObjectProperty [value: 0xffff00ff]
03:33:35.410 [FXGL Background Thread 3 ] DEBUG Engine               - devShowBBoxProperty: BooleanProperty [value: false]
03:33:35.410 [FXGL Background Thread 3 ] DEBUG Engine               - devShowPositionProperty: BooleanProperty [value: false]
03:33:35.411 [FXGL Background Thread 3 ] DEBUG Engine               - enabledMenuItems: []
03:33:35.411 [FXGL Background Thread 3 ] DEBUG Engine               - engineServices: [class com.almasb.fxgl.app.services.FXGLAssetLoaderService, class com.almasb.fxgl.app.FXGLApplication$GameApplicationService, class com.almasb.fxgl.app.services.FXGLDialogService, class com.almasb.fxgl.app.services.IOTaskExecutorService, class com.almasb.fxgl.io.FileSystemService, class com.almasb.fxgl.localization.LocalizationService, class com.almasb.fxgl.app.services.SystemBundleService, class com.almasb.fxgl.profile.SaveLoadService, class com.almasb.fxgl.ui.FXGLUIFactoryServiceProvider, class com.almasb.fxgl.ui.FXGLDialogFactoryServiceProvider, class com.almasb.fxgl.audio.AudioPlayer, class com.almasb.fxgl.notification.impl.NotificationServiceProvider, class com.almasb.fxgl.achievement.AchievementService, class com.almasb.fxgl.cutscene.CutsceneService, class com.almasb.fxgl.minigames.MiniGameService, class com.almasb.fxgl.net.NetService, class com.almasb.fxgl.app.services.UpdaterService, class com.almasb.fxgl.dev.DevService]
03:33:35.411 [FXGL Background Thread 3 ] DEBUG Engine               - fontGame: Abel-Regular.ttf
03:33:35.411 [FXGL Background Thread 3 ] DEBUG Engine               - fontMono: TerminalLandMono-Regular.otf
03:33:35.411 [FXGL Background Thread 3 ] DEBUG Engine               - fontSizeScaleUI: 1.0
03:33:35.411 [FXGL Background Thread 3 ] DEBUG Engine               - fontText: Courier-Prime.ttf
03:33:35.411 [FXGL Background Thread 3 ] DEBUG Engine               - fontUI: VarelaRound-Regular.ttf
03:33:35.411 [FXGL Background Thread 3 ] DEBUG Engine               - fullScreen: BooleanProperty [value: false]
03:33:35.411 [FXGL Background Thread 3 ] DEBUG Engine               - gameDifficulty: MEDIUM
03:33:35.411 [FXGL Background Thread 3 ] DEBUG Engine               - gameDifficultyProperty: ObjectProperty [value: MEDIUM]
03:33:35.411 [FXGL Background Thread 3 ] DEBUG Engine               - globalMusicVolume: 0.5
03:33:35.411 [FXGL Background Thread 3 ] DEBUG Engine               - globalMusicVolumeProperty: DoubleProperty [value: 0.5]
03:33:35.411 [FXGL Background Thread 3 ] DEBUG Engine               - globalSoundVolume: 0.5
03:33:35.411 [FXGL Background Thread 3 ] DEBUG Engine               - globalSoundVolumeProperty: DoubleProperty [value: 0.5]
03:33:35.411 [FXGL Background Thread 3 ] DEBUG Engine               - height: 720
03:33:35.411 [FXGL Background Thread 3 ] DEBUG Engine               - is3D: false
03:33:35.411 [FXGL Background Thread 3 ] DEBUG Engine               - isAndroid: false
03:33:35.411 [FXGL Background Thread 3 ] DEBUG Engine               - isBrowser: false
03:33:35.412 [FXGL Background Thread 3 ] DEBUG Engine               - isClickFeedbackEnabled: false
03:33:35.412 [FXGL Background Thread 3 ] DEBUG Engine               - isCloseConfirmation: false
03:33:35.412 [FXGL Background Thread 3 ] DEBUG Engine               - isDesktop: true
03:33:35.412 [FXGL Background Thread 3 ] DEBUG Engine               - isDeveloperMenuEnabled: false
03:33:35.412 [FXGL Background Thread 3 ] DEBUG Engine               - isEmbedded: false
03:33:35.412 [FXGL Background Thread 3 ] DEBUG Engine               - isEntityPreloadEnabled: true
03:33:35.412 [FXGL Background Thread 3 ] DEBUG Engine               - isExperimentalTiledLargeMap: false
03:33:35.412 [FXGL Background Thread 3 ] DEBUG Engine               - isFileSystemWriteAllowed: true
03:33:35.412 [FXGL Background Thread 3 ] DEBUG Engine               - isFullScreenAllowed: true
03:33:35.412 [FXGL Background Thread 3 ] DEBUG Engine               - isFullScreenFromStart: false
03:33:35.412 [FXGL Background Thread 3 ] DEBUG Engine               - isGameMenuEnabled: true
03:33:35.412 [FXGL Background Thread 3 ] DEBUG Engine               - isIOS: false
03:33:35.412 [FXGL Background Thread 3 ] DEBUG Engine               - isIntroEnabled: false
03:33:35.412 [FXGL Background Thread 3 ] DEBUG Engine               - isLinux: false
03:33:35.412 [FXGL Background Thread 3 ] DEBUG Engine               - isMac: false
03:33:35.412 [FXGL Background Thread 3 ] DEBUG Engine               - isMainMenuEnabled: true
03:33:35.412 [FXGL Background Thread 3 ] DEBUG Engine               - isManualResizeEnabled: false
03:33:35.412 [FXGL Background Thread 3 ] DEBUG Engine               - isMobile: false
03:33:35.412 [FXGL Background Thread 3 ] DEBUG Engine               - isNative: false
03:33:35.413 [FXGL Background Thread 3 ] DEBUG Engine               - isPauseMusicWhenMinimized: true
03:33:35.413 [FXGL Background Thread 3 ] DEBUG Engine               - isPreserveResizeRatio: false
03:33:35.413 [FXGL Background Thread 3 ] DEBUG Engine               - isProfilingEnabled: false
03:33:35.413 [FXGL Background Thread 3 ] DEBUG Engine               - isScaleAffectedOnResize: true
03:33:35.413 [FXGL Background Thread 3 ] DEBUG Engine               - isSingleStep: false
03:33:35.413 [FXGL Background Thread 3 ] DEBUG Engine               - isUserProfileEnabled: false
03:33:35.413 [FXGL Background Thread 3 ] DEBUG Engine               - isWindows: true
03:33:35.413 [FXGL Background Thread 3 ] DEBUG Engine               - language: ObjectProperty [value: ENGLISH]
03:33:35.413 [FXGL Background Thread 3 ] DEBUG Engine               - menuKey: ESCAPE
03:33:35.413 [FXGL Background Thread 3 ] DEBUG Engine               - mouseSensitivity: 0.2
03:33:35.413 [FXGL Background Thread 3 ] DEBUG Engine               - notificationViewClass: class com.almasb.fxgl.notification.view.XboxNotificationView
03:33:35.413 [FXGL Background Thread 3 ] DEBUG Engine               - pixelsPerMeter: 50.0
03:33:35.413 [FXGL Background Thread 3 ] DEBUG Engine               - platform: WINDOWS
03:33:35.413 [FXGL Background Thread 3 ] DEBUG Engine               - prefHeightProperty: ReadOnlyDoubleProperty [value: 720.0]
03:33:35.414 [FXGL Background Thread 3 ] DEBUG Engine               - prefWidthProperty: ReadOnlyDoubleProperty [value: 1280.0]
03:33:35.414 [FXGL Background Thread 3 ] DEBUG Engine               - profileDir: profiles/
03:33:35.414 [FXGL Background Thread 3 ] DEBUG Engine               - profileName: StringProperty [value: DEFAULT]
03:33:35.414 [FXGL Background Thread 3 ] DEBUG Engine               - randomSeed: -1
03:33:35.414 [FXGL Background Thread 3 ] DEBUG Engine               - runtimeInfo: RuntimeInfo(platform=WINDOWS, version=21.1, build=27.03.2024 07.52)
03:33:35.414 [FXGL Background Thread 3 ] DEBUG Engine               - saveFileExt: sav
03:33:35.414 [FXGL Background Thread 3 ] DEBUG Engine               - scaledHeightProp$fxgl: DoubleProperty [bound, value: 720.0]
03:33:35.414 [FXGL Background Thread 3 ] DEBUG Engine               - scaledWidthProp$fxgl: DoubleProperty [bound, value: 1280.0]
03:33:35.414 [FXGL Background Thread 3 ] DEBUG Engine               - sceneFactory: com.aen.spaceship_fights.MySceneFactory@51720c1f
03:33:35.414 [FXGL Background Thread 3 ] DEBUG Engine               - secondsIn24h: 60
03:33:35.414 [FXGL Background Thread 3 ] DEBUG Engine               - soundMenuBack: menu/back.wav
03:33:35.414 [FXGL Background Thread 3 ] DEBUG Engine               - soundMenuPress: menu/press.wav
03:33:35.414 [FXGL Background Thread 3 ] DEBUG Engine               - soundMenuSelect: menu/select.wav
03:33:35.414 [FXGL Background Thread 3 ] DEBUG Engine               - soundNotification: core/notification.wav
03:33:35.414 [FXGL Background Thread 3 ] DEBUG Engine               - stageStyle: DECORATED
03:33:35.414 [FXGL Background Thread 3 ] DEBUG Engine               - supportedLanguages: [ENGLISH, FRENCH, GERMAN, HUNGARIAN, RUSSIAN]
03:33:35.414 [FXGL Background Thread 3 ] DEBUG Engine               - ticksPerSecond: -1
03:33:35.414 [FXGL Background Thread 3 ] DEBUG Engine               - title: Shooter
03:33:35.414 [FXGL Background Thread 3 ] DEBUG Engine               - urlGithub: https://github.com/AlmasB/FXGL
03:33:35.414 [FXGL Background Thread 3 ] DEBUG Engine               - urlLeaderboard: http://fxgl-top.herokuapp.com/
03:33:35.414 [FXGL Background Thread 3 ] DEBUG Engine               - urlPOM: https://raw.githubusercontent.com/AlmasB/FXGL/release/README.md
03:33:35.414 [FXGL Background Thread 3 ] DEBUG Engine               - userAppClass: class com.aen.spaceship_fights.SpaceShipFightsApp
03:33:35.415 [FXGL Background Thread 3 ] DEBUG Engine               - version: 0.1
03:33:35.415 [FXGL Background Thread 3 ] DEBUG Engine               - versionCheckDays: 7
03:33:35.415 [FXGL Background Thread 3 ] DEBUG Engine               - width: 1280
03:33:35.415 [FXGL Background Thread 3 ] DEBUG Engine               - Logging services
03:33:35.415 [FXGL Background Thread 3 ] DEBUG Engine               - class com.almasb.fxgl.app.services.FXGLAssetLoaderService
03:33:35.415 [FXGL Background Thread 3 ] DEBUG Engine               - class com.almasb.fxgl.app.FXGLApplication$GameApplicationService
03:33:35.415 [FXGL Background Thread 3 ] DEBUG Engine               - class com.almasb.fxgl.app.services.FXGLDialogService
03:33:35.415 [FXGL Background Thread 3 ] DEBUG Engine               - class com.almasb.fxgl.app.services.IOTaskExecutorService
03:33:35.415 [FXGL Background Thread 3 ] DEBUG Engine               - class com.almasb.fxgl.io.FileSystemService
03:33:35.415 [FXGL Background Thread 3 ] DEBUG Engine               - class com.almasb.fxgl.localization.LocalizationService
03:33:35.415 [FXGL Background Thread 3 ] DEBUG Engine               - class com.almasb.fxgl.app.services.SystemBundleService
03:33:35.415 [FXGL Background Thread 3 ] DEBUG Engine               - class com.almasb.fxgl.profile.SaveLoadService
03:33:35.415 [FXGL Background Thread 3 ] DEBUG Engine               - class com.almasb.fxgl.ui.FXGLUIFactoryServiceProvider
03:33:35.415 [FXGL Background Thread 3 ] DEBUG Engine               - class com.almasb.fxgl.ui.FXGLDialogFactoryServiceProvider
03:33:35.415 [FXGL Background Thread 3 ] DEBUG Engine               - class com.almasb.fxgl.audio.AudioPlayer
03:33:35.415 [FXGL Background Thread 3 ] DEBUG Engine               - class com.almasb.fxgl.notification.impl.NotificationServiceProvider
03:33:35.415 [FXGL Background Thread 3 ] DEBUG Engine               - class com.almasb.fxgl.achievement.AchievementService
03:33:35.415 [FXGL Background Thread 3 ] DEBUG Engine               - class com.almasb.fxgl.cutscene.CutsceneService
03:33:35.415 [FXGL Background Thread 3 ] DEBUG Engine               - class com.almasb.fxgl.minigames.MiniGameService
03:33:35.415 [FXGL Background Thread 3 ] DEBUG Engine               - class com.almasb.fxgl.net.NetService
03:33:35.415 [FXGL Background Thread 3 ] DEBUG Engine               - class com.almasb.fxgl.app.services.UpdaterService
03:33:35.415 [FXGL Background Thread 3 ] DEBUG Engine               - class com.almasb.fxgl.dev.DevService
03:34:14.086 [JavaFX Application Thread] DEBUG Menu                 - fireNewGame()
03:34:14.086 [JavaFX Application Thread] DEBUG GameApplicationServi - Starting new game
03:34:14.086 [JavaFX Application Thread] DEBUG PrimaryStageWindow   - Pop state: MainMenu
03:34:14.086 [JavaFX Application Thread] DEBUG Input                - Clearing active input actions
03:34:14.087 [JavaFX Application Thread] DEBUG GameApplicationServi - Removing overlay from MainMenu and adding to FXGLMainMenuDummyScene
03:34:14.087 [JavaFX Application Thread] DEBUG PrimaryStageWindow   - FXGLMainMenuDummyScene <- MainMenu
03:34:14.087 [JavaFX Application Thread] DEBUG Input                - Clearing active input actions
03:34:14.092 [JavaFX Application Thread] DEBUG GameApplicationServi - Removing overlay from FXGLMainMenuDummyScene and adding to FXGLLoadingScene
03:34:14.092 [JavaFX Application Thread] DEBUG PrimaryStageWindow   - FXGLMainMenuDummyScene -> FXGLLoadingScene
03:34:14.092 [JavaFX Application Thread] DEBUG GameApplicationServi - Clearing previous game
03:34:14.092 [JavaFX Application Thread] DEBUG GameScene            - Clearing game scene
03:34:14.092 [JavaFX Application Thread] DEBUG GameWorld            - Clearing game world
03:34:14.092 [JavaFX Application Thread] DEBUG PhysicsWorld         - Clearing physics world
03:34:14.095 [FXGL Background Thread 2 ] DEBUG FXGLApplication      - Initializing game
03:34:14.096 [FXGL Background Thread 2 ] DEBUG FXGLAssetLoaderServi - Loading from file system: file:/C:/Users/pc/Desktop/Java/GameEngines/Asteriods/target/classes/assets/music/bgm.mp3
03:34:14.230 [FXGL Background Thread 2 ] DEBUG AudioPlayer          - Playing music com.almasb.fxgl.audio.Music@13b617e3
03:34:14.255 [FXGL Background Thread 2 ] DEBUG FXGLAssetLoaderServi - Loading from file system: file:/C:/Users/pc/Desktop/Java/GameEngines/Asteriods/target/classes/assets/textures/cc.png
03:34:14.300 [FXGL Background Thread 2 ] DEBUG FXGLAssetLoaderServi - Loading from file system: file:/C:/Users/pc/Desktop/Java/GameEngines/Asteriods/target/classes/assets/textures/life.png
03:34:14.303 [FXGL Background Thread 2 ] INFO  FXGLApplication      - Game initialization took: 0.208 sec
03:34:14.307 [JavaFX Application Thread] DEBUG Input                - Clearing active input actions
03:34:14.311 [JavaFX Application Thread] DEBUG GameApplicationServi - Removing overlay from FXGLLoadingScene and adding to GameScene
03:34:14.311 [JavaFX Application Thread] DEBUG PrimaryStageWindow   - FXGLLoadingScene -> GameScene
03:34:20.339 [JavaFX Application Thread] DEBUG FXGLAssetLoaderServi - Loading from file system: file:/C:/Users/pc/Desktop/Java/GameEngines/Asteriods/target/classes/assets/textures/instructor_2.png
03:34:40.299 [JavaFX Application Thread] DEBUG FXGLAssetLoaderServi - Loading from file system: file:/C:/Users/pc/Desktop/Java/GameEngines/Asteriods/target/classes/assets/sounds/level.wav
03:34:41.932 [JavaFX Application Thread] DEBUG FXGLAssetLoaderServi - Loading from file system: file:/C:/Users/pc/Desktop/Java/GameEngines/Asteriods/target/classes/assets/textures/enemy1.png
03:34:42.789 [JavaFX Application Thread] DEBUG FXGLAssetLoaderServi - Loading from file system: file:/C:/Users/pc/Desktop/Java/GameEngines/Asteriods/target/classes/assets/textures/enemy3.png
03:34:43.029 [JavaFX Application Thread] DEBUG FXGLAssetLoaderServi - Loading from file system: file:/C:/Users/pc/Desktop/Java/GameEngines/Asteriods/target/classes/assets/textures/enemy2.png
03:34:43.173 [JavaFX Application Thread] DEBUG FXGLAssetLoaderServi - Loading from file system: file:/C:/Users/pc/Desktop/Java/GameEngines/Asteriods/target/classes/assets/textures/bullet.png
03:34:43.653 [JavaFX Application Thread] DEBUG FXGLAssetLoaderServi - Loading from file system: file:/C:/Users/pc/Desktop/Java/GameEngines/Asteriods/target/classes/assets/sounds/explosion.wav
03:34:43.660 [JavaFX Application Thread] DEBUG FXGLAssetLoaderServi - Loading from file system: file:/C:/Users/pc/Desktop/Java/GameEngines/Asteriods/target/classes/assets/textures/explosion.png
03:34:44.775 [JavaFX Application Thread] DEBUG FXGLAssetLoaderServi - Loading from file system: file:/C:/Users/pc/Desktop/Java/GameEngines/Asteriods/target/classes/assets/textures/enemy_bullet.png
03:34:44.777 [JavaFX Application Thread] DEBUG FXGLAssetLoaderServi - Loading from file system: file:/C:/Users/pc/Desktop/Java/GameEngines/Asteriods/target/classes/assets/sounds/shoot2.wav
03:34:47.029 [JavaFX Application Thread] DEBUG FXGLAssetLoaderServi - Loading from file system: file:/C:/Users/pc/Desktop/Java/GameEngines/Asteriods/target/classes/assets/sounds/shoot3.wav
03:34:47.848 [JavaFX Application Thread] DEBUG PrimaryStageWindow   - Push state: DialogSubScene
03:34:47.848 [JavaFX Application Thread] DEBUG Input                - Clearing active input actions
03:34:47.849 [JavaFX Application Thread] DEBUG GameApplicationServi - Removing overlay from GameScene and adding to DialogSubScene
03:34:47.849 [JavaFX Application Thread] DEBUG PrimaryStageWindow   - GameScene -> DialogSubScene
03:34:51.326 [JavaFX Application Thread] DEBUG PrimaryStageWindow   - Pop state: DialogSubScene
03:34:51.326 [JavaFX Application Thread] DEBUG Input                - Clearing active input actions
03:34:51.326 [JavaFX Application Thread] DEBUG GameApplicationServi - Removing overlay from DialogSubScene and adding to GameScene
03:34:51.326 [JavaFX Application Thread] DEBUG PrimaryStageWindow   - GameScene <- DialogSubScene
03:34:51.328 [JavaFX Application Thread] DEBUG GameApplicationServi - Starting new game
03:34:51.328 [JavaFX Application Thread] DEBUG Input                - Clearing active input actions
03:34:51.332 [JavaFX Application Thread] DEBUG GameApplicationServi - Removing overlay from GameScene and adding to FXGLLoadingScene
03:34:51.333 [JavaFX Application Thread] DEBUG PrimaryStageWindow   - GameScene -> FXGLLoadingScene
03:34:51.333 [JavaFX Application Thread] DEBUG GameApplicationServi - Clearing previous game
03:34:51.333 [JavaFX Application Thread] DEBUG GameScene            - Clearing game scene
03:34:51.333 [JavaFX Application Thread] DEBUG GameWorld            - Clearing game world
03:34:51.334 [JavaFX Application Thread] WARN  GameWorld            - Attempted to remove entity which is not active
03:34:51.334 [JavaFX Application Thread] WARN  GameWorld            - Attempted to remove entity which is not active
03:34:51.334 [JavaFX Application Thread] WARN  GameWorld            - Attempted to remove entity which is not active
03:34:51.334 [JavaFX Application Thread] DEBUG PhysicsWorld         - Clearing physics world
03:34:51.335 [FXGL Background Thread 2 ] DEBUG FXGLApplication      - Initializing game
03:34:51.335 [FXGL Background Thread 2 ] DEBUG AudioPlayer          - Playing music com.almasb.fxgl.audio.Music@13b617e3
03:34:51.349 [FXGL Background Thread 2 ] INFO  FXGLApplication      - Game initialization took: 0.014 sec
03:34:51.355 [JavaFX Application Thread] DEBUG Input                - Clearing active input actions
03:34:51.359 [JavaFX Application Thread] DEBUG GameApplicationServi - Removing overlay from FXGLLoadingScene and adding to GameScene
03:34:51.359 [JavaFX Application Thread] DEBUG PrimaryStageWindow   - FXGLLoadingScene -> GameScene
03:35:21.539 [JavaFX Application Thread] DEBUG FXGLAssetLoaderServi - Loading from file system: file:/C:/Users/pc/Desktop/Java/GameEngines/Asteriods/target/classes/assets/sounds/shoot1.wav
03:35:22.036 [JavaFX Application Thread] DEBUG PrimaryStageWindow   - Push state: DialogSubScene
03:35:22.036 [JavaFX Application Thread] DEBUG Input                - Clearing active input actions
03:35:22.038 [JavaFX Application Thread] DEBUG GameApplicationServi - Removing overlay from GameScene and adding to DialogSubScene
03:35:22.038 [JavaFX Application Thread] DEBUG PrimaryStageWindow   - GameScene -> DialogSubScene
03:35:25.030 [JavaFX Application Thread] DEBUG PrimaryStageWindow   - Pop state: DialogSubScene
03:35:25.030 [JavaFX Application Thread] DEBUG Input                - Clearing active input actions
03:35:25.031 [JavaFX Application Thread] DEBUG GameApplicationServi - Removing overlay from DialogSubScene and adding to GameScene
03:35:25.031 [JavaFX Application Thread] DEBUG PrimaryStageWindow   - GameScene <- DialogSubScene
03:35:25.031 [JavaFX Application Thread] DEBUG FXGLApplication      - Exiting FXGL
03:35:25.031 [JavaFX Application Thread] DEBUG LoopRunner           - Stopping loop
03:35:25.031 [JavaFX Application Thread] DEBUG SystemBundleService  - Saving FXGL system data
03:35:25.032 [JavaFX Application Thread] DEBUG FileSystemAccess     - Writing to: C:\Users\pc\Desktop\Java\GameEngines\Asteriods\system\fxgl.bundle
03:35:25.033 [JavaFX Application Thread] DEBUG Async                - Shutting down background threads
03:35:25.033 [JavaFX Application Thread] DEBUG PrimaryStageWindow   - Closing main window
03:35:25.049 [JavaFX Application Thread] DEBUG Logger               - Closing Logger
