23:18:28.381 [main                     ] DEBUG Logger               - Configured Logger
23:18:28.420 [main                     ] DEBUG GameApplication      - Logging settings
Title: Shooter
Version: 0.1
Width: 1280
Height: 720
Fullscreen: true
Intro: false
Profiling: false
Single step:false
App Mode: DEVELOPER
Menu Key: ESCAPE
Stage Style: DECORATED
Scene Factory: class com.aen.spaceship_fights.MySceneFactory

23:18:28.987 [JavaFX Application Thread] DEBUG FXGLApplication      - Initializing FXGL
23:18:28.991 [JavaFX Application Thread] INFO  Engine               - FXGL-21.1 (27.03.2024 07.52) on WINDOWS (J:22.0.2 FX:22.0.1)
23:18:28.991 [JavaFX Application Thread] DEBUG Engine               - JRE Vendor Name: Oracle Corporation
23:18:28.992 [JavaFX Application Thread] DEBUG Engine               - Running on OS: Windows 11 version 10.0
23:18:28.992 [JavaFX Application Thread] DEBUG Engine               - Architecture: amd64
23:18:28.992 [JavaFX Application Thread] INFO  Engine               - Source code and latest versions at: https://github.com/AlmasB/FXGL
23:18:28.992 [JavaFX Application Thread] INFO  Engine               -       Ask questions and discuss at: https://github.com/AlmasB/FXGL/discussions
23:18:28.992 [JavaFX Application Thread] INFO  Engine               -              Join the FXGL chat at: https://gitter.im/AlmasB/FXGL
23:18:29.129 [JavaFX Application Thread] DEBUG PrimaryStageWindow   - Creating a JavaFX scene
23:18:29.185 [JavaFX Application Thread] DEBUG PrimaryStageWindow   - Target settings size: 1280.0 x 720.0
23:18:29.185 [JavaFX Application Thread] DEBUG PrimaryStageWindow   - Scaled scene size:    1280.0 x 720.0
23:18:29.185 [JavaFX Application Thread] DEBUG PrimaryStageWindow   - Scaled ratio: (1.0, 1.0)
23:18:29.186 [JavaFX Application Thread] DEBUG PrimaryStageWindow   - Set initial scene to FXGLStartupScene
23:18:29.191 [JavaFX Application Thread] DEBUG PrimaryStageWindow   - Opening main window
23:18:29.583 [JavaFX Application Thread] DEBUG PrimaryStageWindow   - Window border size: (16.0, 39.0)
23:18:29.583 [JavaFX Application Thread] DEBUG PrimaryStageWindow   - Scaled size: 1280.0 x 720.0
23:18:29.583 [JavaFX Application Thread] DEBUG PrimaryStageWindow   - Scaled ratio: (1.0, 1.0)
23:18:29.583 [JavaFX Application Thread] DEBUG PrimaryStageWindow   - Scene size: 1280.0 x 720.0
23:18:29.583 [JavaFX Application Thread] DEBUG PrimaryStageWindow   - Stage size: 1296.0 x 759.0
23:18:29.679 [FXGL Background Thread 1 ] DEBUG Engine               - Initializing environment variables
23:18:29.721 [FXGL Background Thread 1 ] DEBUG FXGLAssetLoaderServi - User app class for loading assets: class com.aen.spaceship_fights.SpaceShipFightsApp
23:18:29.721 [FXGL Background Thread 1 ] DEBUG GameApplicationServi - Applying CSS: fxgl_dark.css
23:18:29.723 [FXGL Background Thread 1 ] DEBUG FXGLAssetLoaderServi - Loading from file system: jar:file:/C:/Users/pc/.m2/repository/com/github/almasb/fxgl/21.1/fxgl-21.1.jar!/fxglassets/ui/css/fxgl_dark.css
23:18:29.784 [FXGL Background Thread 1 ] DEBUG GameApplicationServi - Initializing application scenes
23:18:29.878 [FXGL Background Thread 1 ] DEBUG GameWorld            - Game world initialized
23:18:29.934 [FXGL Background Thread 1 ] DEBUG PhysicsWorld         - Physics world initialized: appHeight=720, physics.ppm=50.0
23:18:29.934 [FXGL Background Thread 1 ] DEBUG PhysicsWorld         - Using strategy: BRUTE_FORCE
23:18:29.938 [FXGL Background Thread 1 ] DEBUG GameScene            - Game scene initialized: 1280x720
23:18:30.045 [FXGL Background Thread 1 ] DEBUG GameApplicationServi - Application scenes initialized
23:18:30.058 [FXGL Background Thread 1 ] DEBUG SystemBundleService  - Loading FXGL system data
23:18:30.060 [FXGL Background Thread 1 ] DEBUG FileSystemAccess     - Reading from: C:\Users\pc\Desktop\Java\GameEngines\Asteriods\system\fxgl.bundle
23:18:30.063 [FXGL Background Thread 1 ] DEBUG SystemBundleService  - Bundle FXGL: {}
23:18:30.063 [FXGL Background Thread 1 ] DEBUG UpdaterService       - Checking for updates
23:18:30.070 [FXGL Background Thread 1 ] DEBUG FXGLApplication      - Loading default localization
23:18:30.071 [FXGL Background Thread 1 ] DEBUG FXGLAssetLoaderServi - Loading from file system: jar:file:/C:/Users/pc/.m2/repository/com/github/almasb/fxgl/21.1/fxgl-21.1.jar!/fxglassets/languages/english.lang
23:18:30.088 [FXGL Background Thread 1 ] INFO  FXGLApplication      - FXGL initialization took: 0.408 sec
23:18:30.099 [JavaFX Application Thread] DEBUG Input                - Registered new binding: action0 - A
23:18:30.099 [JavaFX Application Thread] DEBUG Input                - Registered new binding: action1 - D
23:18:30.100 [JavaFX Application Thread] DEBUG Input                - Registered new binding: action2 - W
23:18:30.101 [JavaFX Application Thread] DEBUG Input                - Registered new binding: action3 - F
23:18:30.101 [JavaFX Application Thread] DEBUG Input                - Registered new binding: action4 - P
23:18:30.102 [JavaFX Application Thread] DEBUG Input                - Registered new binding: action5 - R
23:18:30.102 [JavaFX Application Thread] DEBUG Input                - Registered new binding: action6 - M
23:18:30.102 [JavaFX Application Thread] DEBUG FXGLAssetLoaderServi - Loading from file system: jar:file:/C:/Users/pc/.m2/repository/com/github/almasb/fxgl/21.1/fxgl-21.1.jar!/fxglassets/textures/fxgl_icon.png
23:18:30.212 [FXGL Background Thread 4 ] DEBUG FXGLApplication      - Loading fonts
23:18:30.213 [FXGL Background Thread 4 ] DEBUG FXGLAssetLoaderServi - Loading from file system: jar:file:/C:/Users/pc/.m2/repository/com/github/almasb/fxgl/21.1/fxgl-21.1.jar!/fxglassets/ui/fonts/VarelaRound-Regular.ttf
23:18:30.217 [JavaFX Application Thread] DEBUG FXGLAssetLoaderServi - Loading from file system: jar:file:/C:/Users/pc/.m2/repository/com/github/almasb/fxgl/21.1/fxgl-21.1.jar!/fxglassets/textures/fxgl_default_cursor.png
23:18:30.219 [FXGL Background Thread 4 ] DEBUG FXGLAssetLoaderServi - Loading from file system: jar:file:/C:/Users/pc/.m2/repository/com/github/almasb/fxgl/21.1/fxgl-21.1.jar!/fxglassets/ui/fonts/Abel-Regular.ttf
23:18:30.227 [JavaFX Application Thread] DEBUG Input                - Registered new binding: Screenshot - CTRL+8
23:18:30.228 [JavaFX Application Thread] DEBUG Input                - Registered new binding: System info dump - CTRL+9
23:18:30.228 [JavaFX Application Thread] DEBUG Input                - Registered new binding: Restart - CTRL+R
23:18:30.229 [FXGL Background Thread 4 ] DEBUG FXGLAssetLoaderServi - Loading from file system: jar:file:/C:/Users/pc/.m2/repository/com/github/almasb/fxgl/21.1/fxgl-21.1.jar!/fxglassets/ui/fonts/TerminalLandMono-Regular.otf
23:18:30.229 [JavaFX Application Thread] DEBUG Input                - Registered new binding: Toggle Debug Camera - CTRL+7
23:18:30.235 [FXGL Background Thread 4 ] DEBUG FXGLAssetLoaderServi - Loading from file system: jar:file:/C:/Users/pc/.m2/repository/com/github/almasb/fxgl/21.1/fxgl-21.1.jar!/fxglassets/ui/fonts/Courier-Prime.ttf
23:18:30.237 [JavaFX Application Thread] DEBUG LoopRunner           - Starting loop
23:18:30.237 [JavaFX Application Thread] DEBUG LoopRunner           - Initializing JavaFX AnimationTimerLoop
23:18:30.245 [JavaFX Application Thread] DEBUG Input                - Clearing active input actions
23:18:30.253 [JavaFX Application Thread] DEBUG GameApplicationServi - Removing overlay from FXGLStartupScene and adding to FXGLMainMenuDummyScene
23:18:30.253 [JavaFX Application Thread] DEBUG PrimaryStageWindow   - FXGLStartupScene -> FXGLMainMenuDummyScene
23:18:30.253 [JavaFX Application Thread] DEBUG PrimaryStageWindow   - Push state: MainMenu
23:18:30.254 [JavaFX Application Thread] DEBUG Input                - Clearing active input actions
23:18:30.301 [JavaFX Application Thread] DEBUG GameApplicationServi - Removing overlay from FXGLMainMenuDummyScene and adding to MainMenu
23:18:30.301 [JavaFX Application Thread] DEBUG PrimaryStageWindow   - FXGLMainMenuDummyScene -> MainMenu
23:18:30.301 [JavaFX Application Thread] DEBUG FXGLApplication      - Registering font factories with UI factory
23:18:33.066 [FXGL Background Thread 3 ] DEBUG Engine               - Logging environment variables
23:18:33.067 [FXGL Background Thread 3 ] DEBUG Engine               - achievements: []
23:18:33.067 [FXGL Background Thread 3 ] DEBUG Engine               - actualHeight: 720.0
23:18:33.067 [FXGL Background Thread 3 ] DEBUG Engine               - actualHeightProperty: ReadOnlyDoubleProperty [value: 720.0]
23:18:33.067 [FXGL Background Thread 3 ] DEBUG Engine               - actualWidth: 1280.0
23:18:33.067 [FXGL Background Thread 3 ] DEBUG Engine               - actualWidthProperty: ReadOnlyDoubleProperty [value: 1280.0]
23:18:33.067 [FXGL Background Thread 3 ] DEBUG Engine               - appIcon: fxgl_icon.png
23:18:33.067 [FXGL Background Thread 3 ] DEBUG Engine               - applicationMode: DEVELOPER
23:18:33.068 [FXGL Background Thread 3 ] DEBUG Engine               - cSSList: [fxgl_dark.css]
23:18:33.068 [FXGL Background Thread 3 ] DEBUG Engine               - collisionDetectionStrategy: BRUTE_FORCE
23:18:33.068 [FXGL Background Thread 3 ] DEBUG Engine               - configClass: Optional.empty
23:18:33.068 [FXGL Background Thread 3 ] DEBUG Engine               - credits: [Nyirenda Amos, Ouedraogo Luther Arthur, Magne Lidivine Merveille]
23:18:33.075 [FXGL Background Thread 3 ] DEBUG Engine               - defaultCursor: CursorInfo(imageName=fxgl_default_cursor.png, hotspotX=7.0, hotspotY=6.0)
23:18:33.075 [FXGL Background Thread 3 ] DEBUG Engine               - devBBoxColorProperty: ObjectProperty [value: 0xff0000ff]
23:18:33.075 [FXGL Background Thread 3 ] DEBUG Engine               - devEnableDebugCameraProperty: BooleanProperty [value: false]
23:18:33.075 [FXGL Background Thread 3 ] DEBUG Engine               - devSensorColorProperty: ObjectProperty [value: 0xffff00ff]
23:18:33.076 [FXGL Background Thread 3 ] DEBUG Engine               - devShowBBoxProperty: BooleanProperty [value: false]
23:18:33.076 [FXGL Background Thread 3 ] DEBUG Engine               - devShowPositionProperty: BooleanProperty [value: false]
23:18:33.076 [FXGL Background Thread 3 ] DEBUG Engine               - enabledMenuItems: []
23:18:33.076 [FXGL Background Thread 3 ] DEBUG Engine               - engineServices: [class com.almasb.fxgl.app.services.FXGLAssetLoaderService, class com.almasb.fxgl.app.FXGLApplication$GameApplicationService, class com.almasb.fxgl.app.services.FXGLDialogService, class com.almasb.fxgl.app.services.IOTaskExecutorService, class com.almasb.fxgl.io.FileSystemService, class com.almasb.fxgl.localization.LocalizationService, class com.almasb.fxgl.app.services.SystemBundleService, class com.almasb.fxgl.profile.SaveLoadService, class com.almasb.fxgl.ui.FXGLUIFactoryServiceProvider, class com.almasb.fxgl.ui.FXGLDialogFactoryServiceProvider, class com.almasb.fxgl.audio.AudioPlayer, class com.almasb.fxgl.notification.impl.NotificationServiceProvider, class com.almasb.fxgl.achievement.AchievementService, class com.almasb.fxgl.cutscene.CutsceneService, class com.almasb.fxgl.minigames.MiniGameService, class com.almasb.fxgl.net.NetService, class com.almasb.fxgl.app.services.UpdaterService, class com.almasb.fxgl.dev.DevService]
23:18:33.076 [FXGL Background Thread 3 ] DEBUG Engine               - fontGame: Abel-Regular.ttf
23:18:33.076 [FXGL Background Thread 3 ] DEBUG Engine               - fontMono: TerminalLandMono-Regular.otf
23:18:33.076 [FXGL Background Thread 3 ] DEBUG Engine               - fontSizeScaleUI: 1.0
23:18:33.076 [FXGL Background Thread 3 ] DEBUG Engine               - fontText: Courier-Prime.ttf
23:18:33.076 [FXGL Background Thread 3 ] DEBUG Engine               - fontUI: VarelaRound-Regular.ttf
23:18:33.076 [FXGL Background Thread 3 ] DEBUG Engine               - fullScreen: BooleanProperty [value: false]
23:18:33.076 [FXGL Background Thread 3 ] DEBUG Engine               - gameDifficulty: MEDIUM
23:18:33.076 [FXGL Background Thread 3 ] DEBUG Engine               - gameDifficultyProperty: ObjectProperty [value: MEDIUM]
23:18:33.076 [FXGL Background Thread 3 ] DEBUG Engine               - globalMusicVolume: 0.5
23:18:33.077 [FXGL Background Thread 3 ] DEBUG Engine               - globalMusicVolumeProperty: DoubleProperty [value: 0.5]
23:18:33.077 [FXGL Background Thread 3 ] DEBUG Engine               - globalSoundVolume: 0.5
23:18:33.077 [FXGL Background Thread 3 ] DEBUG Engine               - globalSoundVolumeProperty: DoubleProperty [value: 0.5]
23:18:33.077 [FXGL Background Thread 3 ] DEBUG Engine               - height: 720
23:18:33.077 [FXGL Background Thread 3 ] DEBUG Engine               - is3D: false
23:18:33.077 [FXGL Background Thread 3 ] DEBUG Engine               - isAndroid: false
23:18:33.077 [FXGL Background Thread 3 ] DEBUG Engine               - isBrowser: false
23:18:33.077 [FXGL Background Thread 3 ] DEBUG Engine               - isClickFeedbackEnabled: false
23:18:33.077 [FXGL Background Thread 3 ] DEBUG Engine               - isCloseConfirmation: false
23:18:33.077 [FXGL Background Thread 3 ] DEBUG Engine               - isDesktop: true
23:18:33.077 [FXGL Background Thread 3 ] DEBUG Engine               - isDeveloperMenuEnabled: false
23:18:33.088 [FXGL Background Thread 3 ] DEBUG Engine               - isEmbedded: false
23:18:33.088 [FXGL Background Thread 3 ] DEBUG Engine               - isEntityPreloadEnabled: true
23:18:33.089 [FXGL Background Thread 3 ] DEBUG Engine               - isExperimentalTiledLargeMap: false
23:18:33.089 [FXGL Background Thread 3 ] DEBUG Engine               - isFileSystemWriteAllowed: true
23:18:33.089 [FXGL Background Thread 3 ] DEBUG Engine               - isFullScreenAllowed: true
23:18:33.089 [FXGL Background Thread 3 ] DEBUG Engine               - isFullScreenFromStart: false
23:18:33.089 [FXGL Background Thread 3 ] DEBUG Engine               - isGameMenuEnabled: true
23:18:33.089 [FXGL Background Thread 3 ] DEBUG Engine               - isIOS: false
23:18:33.089 [FXGL Background Thread 3 ] DEBUG Engine               - isIntroEnabled: false
23:18:33.089 [FXGL Background Thread 3 ] DEBUG Engine               - isLinux: false
23:18:33.089 [FXGL Background Thread 3 ] DEBUG Engine               - isMac: false
23:18:33.089 [FXGL Background Thread 3 ] DEBUG Engine               - isMainMenuEnabled: true
23:18:33.089 [FXGL Background Thread 3 ] DEBUG Engine               - isManualResizeEnabled: false
23:18:33.089 [FXGL Background Thread 3 ] DEBUG Engine               - isMobile: false
23:18:33.090 [FXGL Background Thread 3 ] DEBUG Engine               - isNative: false
23:18:33.090 [FXGL Background Thread 3 ] DEBUG Engine               - isPauseMusicWhenMinimized: true
23:18:33.090 [FXGL Background Thread 3 ] DEBUG Engine               - isPreserveResizeRatio: false
23:18:33.090 [FXGL Background Thread 3 ] DEBUG Engine               - isProfilingEnabled: false
23:18:33.090 [FXGL Background Thread 3 ] DEBUG Engine               - isScaleAffectedOnResize: true
23:18:33.090 [FXGL Background Thread 3 ] DEBUG Engine               - isSingleStep: false
23:18:33.090 [FXGL Background Thread 3 ] DEBUG Engine               - isUserProfileEnabled: false
23:18:33.090 [FXGL Background Thread 3 ] DEBUG Engine               - isWindows: true
23:18:33.090 [FXGL Background Thread 3 ] DEBUG Engine               - language: ObjectProperty [value: ENGLISH]
23:18:33.090 [FXGL Background Thread 3 ] DEBUG Engine               - menuKey: ESCAPE
23:18:33.090 [FXGL Background Thread 3 ] DEBUG Engine               - mouseSensitivity: 0.2
23:18:33.090 [FXGL Background Thread 3 ] DEBUG Engine               - notificationViewClass: class com.almasb.fxgl.notification.view.XboxNotificationView
23:18:33.090 [FXGL Background Thread 3 ] DEBUG Engine               - pixelsPerMeter: 50.0
23:18:33.090 [FXGL Background Thread 3 ] DEBUG Engine               - platform: WINDOWS
23:18:33.090 [FXGL Background Thread 3 ] DEBUG Engine               - prefHeightProperty: ReadOnlyDoubleProperty [value: 720.0]
23:18:33.090 [FXGL Background Thread 3 ] DEBUG Engine               - prefWidthProperty: ReadOnlyDoubleProperty [value: 1280.0]
23:18:33.090 [FXGL Background Thread 3 ] DEBUG Engine               - profileDir: profiles/
23:18:33.090 [FXGL Background Thread 3 ] DEBUG Engine               - profileName: StringProperty [value: DEFAULT]
23:18:33.090 [FXGL Background Thread 3 ] DEBUG Engine               - randomSeed: -1
23:18:33.091 [FXGL Background Thread 3 ] DEBUG Engine               - runtimeInfo: RuntimeInfo(platform=WINDOWS, version=21.1, build=27.03.2024 07.52)
23:18:33.091 [FXGL Background Thread 3 ] DEBUG Engine               - saveFileExt: sav
23:18:33.091 [FXGL Background Thread 3 ] DEBUG Engine               - scaledHeightProp$fxgl: DoubleProperty [bound, value: 720.0]
23:18:33.091 [FXGL Background Thread 3 ] DEBUG Engine               - scaledWidthProp$fxgl: DoubleProperty [bound, value: 1280.0]
23:18:33.091 [FXGL Background Thread 3 ] DEBUG Engine               - sceneFactory: com.aen.spaceship_fights.MySceneFactory@9a11236
23:18:33.091 [FXGL Background Thread 3 ] DEBUG Engine               - secondsIn24h: 60
23:18:33.091 [FXGL Background Thread 3 ] DEBUG Engine               - soundMenuBack: menu/back.wav
23:18:33.091 [FXGL Background Thread 3 ] DEBUG Engine               - soundMenuPress: menu/press.wav
23:18:33.091 [FXGL Background Thread 3 ] DEBUG Engine               - soundMenuSelect: menu/select.wav
23:18:33.091 [FXGL Background Thread 3 ] DEBUG Engine               - soundNotification: core/notification.wav
23:18:33.091 [FXGL Background Thread 3 ] DEBUG Engine               - stageStyle: DECORATED
23:18:33.091 [FXGL Background Thread 3 ] DEBUG Engine               - supportedLanguages: [ENGLISH, FRENCH, GERMAN, HUNGARIAN, RUSSIAN]
23:18:33.091 [FXGL Background Thread 3 ] DEBUG Engine               - ticksPerSecond: -1
23:18:33.091 [FXGL Background Thread 3 ] DEBUG Engine               - title: Shooter
23:18:33.091 [FXGL Background Thread 3 ] DEBUG Engine               - urlGithub: https://github.com/AlmasB/FXGL
23:18:33.091 [FXGL Background Thread 3 ] DEBUG Engine               - urlLeaderboard: http://fxgl-top.herokuapp.com/
23:18:33.091 [FXGL Background Thread 3 ] DEBUG Engine               - urlPOM: https://raw.githubusercontent.com/AlmasB/FXGL/release/README.md
23:18:33.091 [FXGL Background Thread 3 ] DEBUG Engine               - userAppClass: class com.aen.spaceship_fights.SpaceShipFightsApp
23:18:33.091 [FXGL Background Thread 3 ] DEBUG Engine               - version: 0.1
23:18:33.091 [FXGL Background Thread 3 ] DEBUG Engine               - versionCheckDays: 7
23:18:33.091 [FXGL Background Thread 3 ] DEBUG Engine               - width: 1280
23:18:33.091 [FXGL Background Thread 3 ] DEBUG Engine               - Logging services
23:18:33.091 [FXGL Background Thread 3 ] DEBUG Engine               - class com.almasb.fxgl.app.services.FXGLAssetLoaderService
23:18:33.091 [FXGL Background Thread 3 ] DEBUG Engine               - class com.almasb.fxgl.app.FXGLApplication$GameApplicationService
23:18:33.091 [FXGL Background Thread 3 ] DEBUG Engine               - class com.almasb.fxgl.app.services.FXGLDialogService
23:18:33.091 [FXGL Background Thread 3 ] DEBUG Engine               - class com.almasb.fxgl.app.services.IOTaskExecutorService
23:18:33.091 [FXGL Background Thread 3 ] DEBUG Engine               - class com.almasb.fxgl.io.FileSystemService
23:18:33.091 [FXGL Background Thread 3 ] DEBUG Engine               - class com.almasb.fxgl.localization.LocalizationService
23:18:33.091 [FXGL Background Thread 3 ] DEBUG Engine               - class com.almasb.fxgl.app.services.SystemBundleService
23:18:33.091 [FXGL Background Thread 3 ] DEBUG Engine               - class com.almasb.fxgl.profile.SaveLoadService
23:18:33.091 [FXGL Background Thread 3 ] DEBUG Engine               - class com.almasb.fxgl.ui.FXGLUIFactoryServiceProvider
23:18:33.091 [FXGL Background Thread 3 ] DEBUG Engine               - class com.almasb.fxgl.ui.FXGLDialogFactoryServiceProvider
23:18:33.091 [FXGL Background Thread 3 ] DEBUG Engine               - class com.almasb.fxgl.audio.AudioPlayer
23:18:33.091 [FXGL Background Thread 3 ] DEBUG Engine               - class com.almasb.fxgl.notification.impl.NotificationServiceProvider
23:18:33.091 [FXGL Background Thread 3 ] DEBUG Engine               - class com.almasb.fxgl.achievement.AchievementService
23:18:33.091 [FXGL Background Thread 3 ] DEBUG Engine               - class com.almasb.fxgl.cutscene.CutsceneService
23:18:33.091 [FXGL Background Thread 3 ] DEBUG Engine               - class com.almasb.fxgl.minigames.MiniGameService
23:18:33.091 [FXGL Background Thread 3 ] DEBUG Engine               - class com.almasb.fxgl.net.NetService
23:18:33.091 [FXGL Background Thread 3 ] DEBUG Engine               - class com.almasb.fxgl.app.services.UpdaterService
23:18:33.091 [FXGL Background Thread 3 ] DEBUG Engine               - class com.almasb.fxgl.dev.DevService
23:18:50.000 [JavaFX Application Thread] DEBUG Menu                 - fireNewGame()
23:18:50.000 [JavaFX Application Thread] DEBUG GameApplicationServi - Starting new game
23:18:50.000 [JavaFX Application Thread] DEBUG PrimaryStageWindow   - Pop state: MainMenu
23:18:50.000 [JavaFX Application Thread] DEBUG Input                - Clearing active input actions
23:18:50.001 [JavaFX Application Thread] DEBUG GameApplicationServi - Removing overlay from MainMenu and adding to FXGLMainMenuDummyScene
23:18:50.001 [JavaFX Application Thread] DEBUG PrimaryStageWindow   - FXGLMainMenuDummyScene <- MainMenu
23:18:50.001 [JavaFX Application Thread] DEBUG Input                - Clearing active input actions
23:18:50.007 [JavaFX Application Thread] DEBUG GameApplicationServi - Removing overlay from FXGLMainMenuDummyScene and adding to FXGLLoadingScene
23:18:50.008 [JavaFX Application Thread] DEBUG PrimaryStageWindow   - FXGLMainMenuDummyScene -> FXGLLoadingScene
23:18:50.008 [JavaFX Application Thread] DEBUG GameApplicationServi - Clearing previous game
23:18:50.008 [JavaFX Application Thread] DEBUG GameScene            - Clearing game scene
23:18:50.008 [JavaFX Application Thread] DEBUG GameWorld            - Clearing game world
23:18:50.008 [JavaFX Application Thread] DEBUG PhysicsWorld         - Clearing physics world
23:18:50.009 [FXGL Background Thread 2 ] DEBUG FXGLApplication      - Initializing game
23:18:50.065 [FXGL Background Thread 2 ] DEBUG FXGLAssetLoaderServi - Loading from file system: file:/C:/Users/pc/Desktop/Java/GameEngines/Asteriods/target/classes/assets/textures/player.png
23:18:50.108 [FXGL Background Thread 2 ] DEBUG FXGLAssetLoaderServi - Loading from file system: file:/C:/Users/pc/Desktop/Java/GameEngines/Asteriods/target/classes/assets/textures/life.png
23:18:50.111 [FXGL Background Thread 2 ] INFO  FXGLApplication      - Game initialization took: 0.102 sec
23:18:50.126 [JavaFX Application Thread] DEBUG Input                - Clearing active input actions
23:18:50.133 [JavaFX Application Thread] DEBUG GameApplicationServi - Removing overlay from FXGLLoadingScene and adding to GameScene
23:18:50.133 [JavaFX Application Thread] DEBUG PrimaryStageWindow   - FXGLLoadingScene -> GameScene
23:18:56.126 [JavaFX Application Thread] DEBUG FXGLAssetLoaderServi - Loading from file system: file:/C:/Users/pc/Desktop/Java/GameEngines/Asteriods/target/classes/assets/textures/instructor_2.png
23:19:16.092 [JavaFX Application Thread] DEBUG FXGLAssetLoaderServi - Loading from file system: file:/C:/Users/pc/Desktop/Java/GameEngines/Asteriods/target/classes/assets/sounds/level.wav
23:19:17.639 [JavaFX Application Thread] DEBUG FXGLAssetLoaderServi - Loading from file system: file:/C:/Users/pc/Desktop/Java/GameEngines/Asteriods/target/classes/assets/textures/enemy2.png
23:19:18.150 [JavaFX Application Thread] DEBUG FXGLAssetLoaderServi - Loading from file system: file:/C:/Users/pc/Desktop/Java/GameEngines/Asteriods/target/classes/assets/textures/enemy1.png
23:20:55.040 [JavaFX Application Thread] DEBUG LoopRunner           - Pausing loop
23:20:55.735 [JavaFX Application Thread] DEBUG LoopRunner           - Resuming loop
23:21:33.581 [JavaFX Application Thread] DEBUG FXGLApplication      - Exiting FXGL
23:21:33.581 [JavaFX Application Thread] DEBUG LoopRunner           - Stopping loop
23:21:33.581 [JavaFX Application Thread] DEBUG SystemBundleService  - Saving FXGL system data
23:21:33.583 [JavaFX Application Thread] DEBUG FileSystemAccess     - Writing to: C:\Users\pc\Desktop\Java\GameEngines\Asteriods\system\fxgl.bundle
23:21:33.585 [JavaFX Application Thread] DEBUG Async                - Shutting down background threads
23:21:33.585 [JavaFX Application Thread] DEBUG PrimaryStageWindow   - Closing main window
23:21:33.597 [JavaFX Application Thread] DEBUG Logger               - Closing Logger
