10:32:55.407 [main                     ] DEBUG Logger               - Configured Logger
10:32:55.476 [main                     ] DEBUG GameApplication      - Logging settings
Title: Shooter
Version: 0.1
Width: 1280
Height: 720
Fullscreen: true
Intro: false
Profiling: false
Single step:false
App Mode: DEVELOPER
Menu Key: ESCAPE
Stage Style: DECORATED
Scene Factory: class com.aen.spaceship_fights.MySceneFactory

10:32:56.084 [JavaFX Application Thread] DEBUG FXGLApplication      - Initializing FXGL
10:32:56.087 [JavaFX Application Thread] INFO  Engine               - FXGL-21.1 (27.03.2024 07.52) on WINDOWS (J:22.0.2 FX:22.0.1)
10:32:56.087 [JavaFX Application Thread] DEBUG Engine               - JRE Vendor Name: Oracle Corporation
10:32:56.087 [JavaFX Application Thread] DEBUG Engine               - Running on OS: Windows 11 version 10.0
10:32:56.088 [JavaFX Application Thread] DEBUG Engine               - Architecture: amd64
10:32:56.088 [JavaFX Application Thread] INFO  Engine               - Source code and latest versions at: https://github.com/AlmasB/FXGL
10:32:56.088 [JavaFX Application Thread] INFO  Engine               -       Ask questions and discuss at: https://github.com/AlmasB/FXGL/discussions
10:32:56.088 [JavaFX Application Thread] INFO  Engine               -              Join the FXGL chat at: https://gitter.im/AlmasB/FXGL
10:32:56.207 [JavaFX Application Thread] DEBUG PrimaryStageWindow   - Creating a JavaFX scene
10:32:56.264 [JavaFX Application Thread] DEBUG PrimaryStageWindow   - Target settings size: 1280.0 x 720.0
10:32:56.265 [JavaFX Application Thread] DEBUG PrimaryStageWindow   - Scaled scene size:    1280.0 x 720.0
10:32:56.265 [JavaFX Application Thread] DEBUG PrimaryStageWindow   - Scaled ratio: (1.0, 1.0)
10:32:56.267 [JavaFX Application Thread] DEBUG PrimaryStageWindow   - Set initial scene to FXGLStartupScene
10:32:56.273 [JavaFX Application Thread] DEBUG PrimaryStageWindow   - Opening main window
10:32:56.733 [JavaFX Application Thread] DEBUG PrimaryStageWindow   - Window border size: (16.0, 39.0)
10:32:56.733 [JavaFX Application Thread] DEBUG PrimaryStageWindow   - Scaled size: 1280.0 x 720.0
10:32:56.734 [JavaFX Application Thread] DEBUG PrimaryStageWindow   - Scaled ratio: (1.0, 1.0)
10:32:56.734 [JavaFX Application Thread] DEBUG PrimaryStageWindow   - Scene size: 1280.0 x 720.0
10:32:56.734 [JavaFX Application Thread] DEBUG PrimaryStageWindow   - Stage size: 1296.0 x 759.0
10:32:56.750 [FXGL Background Thread 1 ] DEBUG Engine               - Initializing environment variables
10:32:56.817 [FXGL Background Thread 1 ] DEBUG FXGLAssetLoaderServi - User app class for loading assets: class com.aen.spaceship_fights.SpaceShipFightsApp
10:32:56.817 [FXGL Background Thread 1 ] DEBUG GameApplicationServi - Applying CSS: fxgl_dark.css
10:32:56.818 [FXGL Background Thread 1 ] DEBUG FXGLAssetLoaderServi - Loading from file system: jar:file:/C:/Users/pc/.m2/repository/com/github/almasb/fxgl/21.1/fxgl-21.1.jar!/fxglassets/ui/css/fxgl_dark.css
10:32:56.882 [FXGL Background Thread 1 ] DEBUG GameApplicationServi - Initializing application scenes
10:32:56.980 [FXGL Background Thread 1 ] DEBUG GameWorld            - Game world initialized
10:32:57.034 [FXGL Background Thread 1 ] DEBUG PhysicsWorld         - Physics world initialized: appHeight=720, physics.ppm=50.0
10:32:57.035 [FXGL Background Thread 1 ] DEBUG PhysicsWorld         - Using strategy: BRUTE_FORCE
10:32:57.037 [FXGL Background Thread 1 ] DEBUG GameScene            - Game scene initialized: 1280x720
10:32:57.140 [FXGL Background Thread 1 ] DEBUG GameApplicationServi - Application scenes initialized
10:32:57.151 [FXGL Background Thread 1 ] DEBUG SystemBundleService  - Loading FXGL system data
10:32:57.152 [FXGL Background Thread 1 ] DEBUG FileSystemAccess     - Reading from: C:\Users\pc\Desktop\Java\GameEngines\Asteriods\system\fxgl.bundle
10:32:57.154 [FXGL Background Thread 1 ] DEBUG SystemBundleService  - Bundle FXGL: {}
10:32:57.154 [FXGL Background Thread 1 ] DEBUG UpdaterService       - Checking for updates
10:32:57.158 [FXGL Background Thread 4 ] DEBUG FXGLApplication      - Loading fonts
10:32:57.158 [FXGL Background Thread 4 ] DEBUG FXGLAssetLoaderServi - Loading from file system: jar:file:/C:/Users/pc/.m2/repository/com/github/almasb/fxgl/21.1/fxgl-21.1.jar!/fxglassets/ui/fonts/VarelaRound-Regular.ttf
10:32:57.159 [FXGL Background Thread 1 ] DEBUG FXGLApplication      - Loading default localization
10:32:57.160 [FXGL Background Thread 1 ] DEBUG FXGLAssetLoaderServi - Loading from file system: jar:file:/C:/Users/pc/.m2/repository/com/github/almasb/fxgl/21.1/fxgl-21.1.jar!/fxglassets/languages/english.lang
10:32:57.163 [FXGL Background Thread 4 ] DEBUG FXGLAssetLoaderServi - Loading from file system: jar:file:/C:/Users/pc/.m2/repository/com/github/almasb/fxgl/21.1/fxgl-21.1.jar!/fxglassets/ui/fonts/Abel-Regular.ttf
10:32:57.167 [FXGL Background Thread 4 ] DEBUG FXGLAssetLoaderServi - Loading from file system: jar:file:/C:/Users/pc/.m2/repository/com/github/almasb/fxgl/21.1/fxgl-21.1.jar!/fxglassets/ui/fonts/TerminalLandMono-Regular.otf
10:32:57.172 [FXGL Background Thread 4 ] DEBUG FXGLAssetLoaderServi - Loading from file system: jar:file:/C:/Users/pc/.m2/repository/com/github/almasb/fxgl/21.1/fxgl-21.1.jar!/fxglassets/ui/fonts/Courier-Prime.ttf
10:32:57.182 [JavaFX Application Thread] DEBUG FXGLApplication      - Registering font factories with UI factory
10:32:57.194 [FXGL Background Thread 1 ] INFO  FXGLApplication      - FXGL initialization took: 0.444 sec
10:32:57.217 [JavaFX Application Thread] DEBUG Input                - Registered new binding: action0 - A
10:32:57.221 [JavaFX Application Thread] DEBUG Input                - Registered new binding: action1 - D
10:32:57.221 [JavaFX Application Thread] DEBUG Input                - Registered new binding: action2 - W
10:32:57.222 [JavaFX Application Thread] DEBUG Input                - Registered new binding: action3 - F
10:32:57.223 [JavaFX Application Thread] DEBUG Input                - Registered new binding: action4 - P
10:32:57.223 [JavaFX Application Thread] DEBUG Input                - Registered new binding: action5 - R
10:32:57.223 [JavaFX Application Thread] DEBUG Input                - Registered new binding: action6 - M
10:32:57.224 [JavaFX Application Thread] DEBUG FXGLAssetLoaderServi - Loading from file system: jar:file:/C:/Users/pc/.m2/repository/com/github/almasb/fxgl/21.1/fxgl-21.1.jar!/fxglassets/textures/fxgl_icon.png
10:32:57.262 [JavaFX Application Thread] DEBUG FXGLAssetLoaderServi - Loading from file system: jar:file:/C:/Users/pc/.m2/repository/com/github/almasb/fxgl/21.1/fxgl-21.1.jar!/fxglassets/textures/fxgl_default_cursor.png
10:32:57.264 [JavaFX Application Thread] DEBUG Input                - Registered new binding: Screenshot - CTRL+8
10:32:57.265 [JavaFX Application Thread] DEBUG Input                - Registered new binding: System info dump - CTRL+9
10:32:57.265 [JavaFX Application Thread] DEBUG Input                - Registered new binding: Restart - CTRL+R
10:32:57.267 [JavaFX Application Thread] DEBUG Input                - Registered new binding: Toggle Debug Camera - CTRL+7
10:32:57.279 [JavaFX Application Thread] DEBUG LoopRunner           - Starting loop
10:32:57.279 [JavaFX Application Thread] DEBUG LoopRunner           - Initializing JavaFX AnimationTimerLoop
10:32:57.289 [JavaFX Application Thread] DEBUG Input                - Clearing active input actions
10:32:57.307 [JavaFX Application Thread] DEBUG GameApplicationServi - Removing overlay from FXGLStartupScene and adding to FXGLMainMenuDummyScene
10:32:57.311 [JavaFX Application Thread] DEBUG PrimaryStageWindow   - FXGLStartupScene -> FXGLMainMenuDummyScene
10:32:57.311 [JavaFX Application Thread] DEBUG PrimaryStageWindow   - Push state: MainMenu
10:32:57.311 [JavaFX Application Thread] DEBUG Input                - Clearing active input actions
10:32:57.321 [JavaFX Application Thread] DEBUG GameApplicationServi - Removing overlay from FXGLMainMenuDummyScene and adding to MainMenu
10:32:57.322 [JavaFX Application Thread] DEBUG PrimaryStageWindow   - FXGLMainMenuDummyScene -> MainMenu
10:33:00.157 [FXGL Background Thread 3 ] DEBUG Engine               - Logging environment variables
10:33:00.157 [FXGL Background Thread 3 ] DEBUG Engine               - achievements: []
10:33:00.157 [FXGL Background Thread 3 ] DEBUG Engine               - actualHeight: 720.0
10:33:00.157 [FXGL Background Thread 3 ] DEBUG Engine               - actualHeightProperty: ReadOnlyDoubleProperty [value: 720.0]
10:33:00.157 [FXGL Background Thread 3 ] DEBUG Engine               - actualWidth: 1280.0
10:33:00.157 [FXGL Background Thread 3 ] DEBUG Engine               - actualWidthProperty: ReadOnlyDoubleProperty [value: 1280.0]
10:33:00.157 [FXGL Background Thread 3 ] DEBUG Engine               - appIcon: fxgl_icon.png
10:33:00.157 [FXGL Background Thread 3 ] DEBUG Engine               - applicationMode: DEVELOPER
10:33:00.157 [FXGL Background Thread 3 ] DEBUG Engine               - cSSList: [fxgl_dark.css]
10:33:00.157 [FXGL Background Thread 3 ] DEBUG Engine               - collisionDetectionStrategy: BRUTE_FORCE
10:33:00.157 [FXGL Background Thread 3 ] DEBUG Engine               - configClass: Optional.empty
10:33:00.158 [FXGL Background Thread 3 ] DEBUG Engine               - credits: [Nyirenda Amos, Ouedraogo Luther Arthur, Magne Lidivine Merveille]
10:33:00.160 [FXGL Background Thread 3 ] DEBUG Engine               - defaultCursor: CursorInfo(imageName=fxgl_default_cursor.png, hotspotX=7.0, hotspotY=6.0)
10:33:00.160 [FXGL Background Thread 3 ] DEBUG Engine               - devBBoxColorProperty: ObjectProperty [value: 0xff0000ff]
10:33:00.160 [FXGL Background Thread 3 ] DEBUG Engine               - devEnableDebugCameraProperty: BooleanProperty [value: false]
10:33:00.160 [FXGL Background Thread 3 ] DEBUG Engine               - devSensorColorProperty: ObjectProperty [value: 0xffff00ff]
10:33:00.160 [FXGL Background Thread 3 ] DEBUG Engine               - devShowBBoxProperty: BooleanProperty [value: false]
10:33:00.160 [FXGL Background Thread 3 ] DEBUG Engine               - devShowPositionProperty: BooleanProperty [value: false]
10:33:00.160 [FXGL Background Thread 3 ] DEBUG Engine               - enabledMenuItems: []
10:33:00.160 [FXGL Background Thread 3 ] DEBUG Engine               - engineServices: [class com.almasb.fxgl.app.services.FXGLAssetLoaderService, class com.almasb.fxgl.app.FXGLApplication$GameApplicationService, class com.almasb.fxgl.app.services.FXGLDialogService, class com.almasb.fxgl.app.services.IOTaskExecutorService, class com.almasb.fxgl.io.FileSystemService, class com.almasb.fxgl.localization.LocalizationService, class com.almasb.fxgl.app.services.SystemBundleService, class com.almasb.fxgl.profile.SaveLoadService, class com.almasb.fxgl.ui.FXGLUIFactoryServiceProvider, class com.almasb.fxgl.ui.FXGLDialogFactoryServiceProvider, class com.almasb.fxgl.audio.AudioPlayer, class com.almasb.fxgl.notification.impl.NotificationServiceProvider, class com.almasb.fxgl.achievement.AchievementService, class com.almasb.fxgl.cutscene.CutsceneService, class com.almasb.fxgl.minigames.MiniGameService, class com.almasb.fxgl.net.NetService, class com.almasb.fxgl.app.services.UpdaterService, class com.almasb.fxgl.dev.DevService]
10:33:00.160 [FXGL Background Thread 3 ] DEBUG Engine               - fontGame: Abel-Regular.ttf
10:33:00.160 [FXGL Background Thread 3 ] DEBUG Engine               - fontMono: TerminalLandMono-Regular.otf
10:33:00.160 [FXGL Background Thread 3 ] DEBUG Engine               - fontSizeScaleUI: 1.0
10:33:00.161 [FXGL Background Thread 3 ] DEBUG Engine               - fontText: Courier-Prime.ttf
10:33:00.161 [FXGL Background Thread 3 ] DEBUG Engine               - fontUI: VarelaRound-Regular.ttf
10:33:00.161 [FXGL Background Thread 3 ] DEBUG Engine               - fullScreen: BooleanProperty [value: false]
10:33:00.161 [FXGL Background Thread 3 ] DEBUG Engine               - gameDifficulty: MEDIUM
10:33:00.161 [FXGL Background Thread 3 ] DEBUG Engine               - gameDifficultyProperty: ObjectProperty [value: MEDIUM]
10:33:00.161 [FXGL Background Thread 3 ] DEBUG Engine               - globalMusicVolume: 0.5
10:33:00.161 [FXGL Background Thread 3 ] DEBUG Engine               - globalMusicVolumeProperty: DoubleProperty [value: 0.5]
10:33:00.161 [FXGL Background Thread 3 ] DEBUG Engine               - globalSoundVolume: 0.5
10:33:00.161 [FXGL Background Thread 3 ] DEBUG Engine               - globalSoundVolumeProperty: DoubleProperty [value: 0.5]
10:33:00.161 [FXGL Background Thread 3 ] DEBUG Engine               - height: 720
10:33:00.161 [FXGL Background Thread 3 ] DEBUG Engine               - is3D: false
10:33:00.161 [FXGL Background Thread 3 ] DEBUG Engine               - isAndroid: false
10:33:00.161 [FXGL Background Thread 3 ] DEBUG Engine               - isBrowser: false
10:33:00.161 [FXGL Background Thread 3 ] DEBUG Engine               - isClickFeedbackEnabled: false
10:33:00.161 [FXGL Background Thread 3 ] DEBUG Engine               - isCloseConfirmation: false
10:33:00.161 [FXGL Background Thread 3 ] DEBUG Engine               - isDesktop: true
10:33:00.161 [FXGL Background Thread 3 ] DEBUG Engine               - isDeveloperMenuEnabled: false
10:33:00.161 [FXGL Background Thread 3 ] DEBUG Engine               - isEmbedded: false
10:33:00.161 [FXGL Background Thread 3 ] DEBUG Engine               - isEntityPreloadEnabled: true
10:33:00.162 [FXGL Background Thread 3 ] DEBUG Engine               - isExperimentalTiledLargeMap: false
10:33:00.162 [FXGL Background Thread 3 ] DEBUG Engine               - isFileSystemWriteAllowed: true
10:33:00.162 [FXGL Background Thread 3 ] DEBUG Engine               - isFullScreenAllowed: true
10:33:00.162 [FXGL Background Thread 3 ] DEBUG Engine               - isFullScreenFromStart: false
10:33:00.162 [FXGL Background Thread 3 ] DEBUG Engine               - isGameMenuEnabled: true
10:33:00.162 [FXGL Background Thread 3 ] DEBUG Engine               - isIOS: false
10:33:00.162 [FXGL Background Thread 3 ] DEBUG Engine               - isIntroEnabled: false
10:33:00.162 [FXGL Background Thread 3 ] DEBUG Engine               - isLinux: false
10:33:00.162 [FXGL Background Thread 3 ] DEBUG Engine               - isMac: false
10:33:00.162 [FXGL Background Thread 3 ] DEBUG Engine               - isMainMenuEnabled: true
10:33:00.162 [FXGL Background Thread 3 ] DEBUG Engine               - isManualResizeEnabled: false
10:33:00.162 [FXGL Background Thread 3 ] DEBUG Engine               - isMobile: false
10:33:00.162 [FXGL Background Thread 3 ] DEBUG Engine               - isNative: false
10:33:00.162 [FXGL Background Thread 3 ] DEBUG Engine               - isPauseMusicWhenMinimized: true
10:33:00.162 [FXGL Background Thread 3 ] DEBUG Engine               - isPreserveResizeRatio: false
10:33:00.162 [FXGL Background Thread 3 ] DEBUG Engine               - isProfilingEnabled: false
10:33:00.162 [FXGL Background Thread 3 ] DEBUG Engine               - isScaleAffectedOnResize: true
10:33:00.162 [FXGL Background Thread 3 ] DEBUG Engine               - isSingleStep: false
10:33:00.162 [FXGL Background Thread 3 ] DEBUG Engine               - isUserProfileEnabled: false
10:33:00.162 [FXGL Background Thread 3 ] DEBUG Engine               - isWindows: true
10:33:00.162 [FXGL Background Thread 3 ] DEBUG Engine               - language: ObjectProperty [value: ENGLISH]
10:33:00.162 [FXGL Background Thread 3 ] DEBUG Engine               - menuKey: ESCAPE
10:33:00.162 [FXGL Background Thread 3 ] DEBUG Engine               - mouseSensitivity: 0.2
10:33:00.162 [FXGL Background Thread 3 ] DEBUG Engine               - notificationViewClass: class com.almasb.fxgl.notification.view.XboxNotificationView
10:33:00.162 [FXGL Background Thread 3 ] DEBUG Engine               - pixelsPerMeter: 50.0
10:33:00.162 [FXGL Background Thread 3 ] DEBUG Engine               - platform: WINDOWS
10:33:00.163 [FXGL Background Thread 3 ] DEBUG Engine               - prefHeightProperty: ReadOnlyDoubleProperty [value: 720.0]
10:33:00.163 [FXGL Background Thread 3 ] DEBUG Engine               - prefWidthProperty: ReadOnlyDoubleProperty [value: 1280.0]
10:33:00.163 [FXGL Background Thread 3 ] DEBUG Engine               - profileDir: profiles/
10:33:00.163 [FXGL Background Thread 3 ] DEBUG Engine               - profileName: StringProperty [value: DEFAULT]
10:33:00.163 [FXGL Background Thread 3 ] DEBUG Engine               - randomSeed: -1
10:33:00.163 [FXGL Background Thread 3 ] DEBUG Engine               - runtimeInfo: RuntimeInfo(platform=WINDOWS, version=21.1, build=27.03.2024 07.52)
10:33:00.163 [FXGL Background Thread 3 ] DEBUG Engine               - saveFileExt: sav
10:33:00.163 [FXGL Background Thread 3 ] DEBUG Engine               - scaledHeightProp$fxgl: DoubleProperty [bound, value: 720.0]
10:33:00.163 [FXGL Background Thread 3 ] DEBUG Engine               - scaledWidthProp$fxgl: DoubleProperty [bound, value: 1280.0]
10:33:00.163 [FXGL Background Thread 3 ] DEBUG Engine               - sceneFactory: com.aen.spaceship_fights.MySceneFactory@3b841942
10:33:00.163 [FXGL Background Thread 3 ] DEBUG Engine               - secondsIn24h: 60
10:33:00.163 [FXGL Background Thread 3 ] DEBUG Engine               - soundMenuBack: menu/back.wav
10:33:00.163 [FXGL Background Thread 3 ] DEBUG Engine               - soundMenuPress: menu/press.wav
10:33:00.163 [FXGL Background Thread 3 ] DEBUG Engine               - soundMenuSelect: menu/select.wav
10:33:00.163 [FXGL Background Thread 3 ] DEBUG Engine               - soundNotification: core/notification.wav
10:33:00.163 [FXGL Background Thread 3 ] DEBUG Engine               - stageStyle: DECORATED
10:33:00.163 [FXGL Background Thread 3 ] DEBUG Engine               - supportedLanguages: [ENGLISH, FRENCH, GERMAN, HUNGARIAN, RUSSIAN]
10:33:00.163 [FXGL Background Thread 3 ] DEBUG Engine               - ticksPerSecond: -1
10:33:00.163 [FXGL Background Thread 3 ] DEBUG Engine               - title: Shooter
10:33:00.163 [FXGL Background Thread 3 ] DEBUG Engine               - urlGithub: https://github.com/AlmasB/FXGL
10:33:00.163 [FXGL Background Thread 3 ] DEBUG Engine               - urlLeaderboard: http://fxgl-top.herokuapp.com/
10:33:00.163 [FXGL Background Thread 3 ] DEBUG Engine               - urlPOM: https://raw.githubusercontent.com/AlmasB/FXGL/release/README.md
10:33:00.163 [FXGL Background Thread 3 ] DEBUG Engine               - userAppClass: class com.aen.spaceship_fights.SpaceShipFightsApp
10:33:00.164 [FXGL Background Thread 3 ] DEBUG Engine               - version: 0.1
10:33:00.164 [FXGL Background Thread 3 ] DEBUG Engine               - versionCheckDays: 7
10:33:00.164 [FXGL Background Thread 3 ] DEBUG Engine               - width: 1280
10:33:00.164 [FXGL Background Thread 3 ] DEBUG Engine               - Logging services
10:33:00.164 [FXGL Background Thread 3 ] DEBUG Engine               - class com.almasb.fxgl.app.services.FXGLAssetLoaderService
10:33:00.164 [FXGL Background Thread 3 ] DEBUG Engine               - class com.almasb.fxgl.app.FXGLApplication$GameApplicationService
10:33:00.164 [FXGL Background Thread 3 ] DEBUG Engine               - class com.almasb.fxgl.app.services.FXGLDialogService
10:33:00.164 [FXGL Background Thread 3 ] DEBUG Engine               - class com.almasb.fxgl.app.services.IOTaskExecutorService
10:33:00.164 [FXGL Background Thread 3 ] DEBUG Engine               - class com.almasb.fxgl.io.FileSystemService
10:33:00.164 [FXGL Background Thread 3 ] DEBUG Engine               - class com.almasb.fxgl.localization.LocalizationService
10:33:00.164 [FXGL Background Thread 3 ] DEBUG Engine               - class com.almasb.fxgl.app.services.SystemBundleService
10:33:00.164 [FXGL Background Thread 3 ] DEBUG Engine               - class com.almasb.fxgl.profile.SaveLoadService
10:33:00.164 [FXGL Background Thread 3 ] DEBUG Engine               - class com.almasb.fxgl.ui.FXGLUIFactoryServiceProvider
10:33:00.164 [FXGL Background Thread 3 ] DEBUG Engine               - class com.almasb.fxgl.ui.FXGLDialogFactoryServiceProvider
10:33:00.164 [FXGL Background Thread 3 ] DEBUG Engine               - class com.almasb.fxgl.audio.AudioPlayer
10:33:00.164 [FXGL Background Thread 3 ] DEBUG Engine               - class com.almasb.fxgl.notification.impl.NotificationServiceProvider
10:33:00.164 [FXGL Background Thread 3 ] DEBUG Engine               - class com.almasb.fxgl.achievement.AchievementService
10:33:00.164 [FXGL Background Thread 3 ] DEBUG Engine               - class com.almasb.fxgl.cutscene.CutsceneService
10:33:00.164 [FXGL Background Thread 3 ] DEBUG Engine               - class com.almasb.fxgl.minigames.MiniGameService
10:33:00.164 [FXGL Background Thread 3 ] DEBUG Engine               - class com.almasb.fxgl.net.NetService
10:33:00.164 [FXGL Background Thread 3 ] DEBUG Engine               - class com.almasb.fxgl.app.services.UpdaterService
10:33:00.164 [FXGL Background Thread 3 ] DEBUG Engine               - class com.almasb.fxgl.dev.DevService
10:33:22.389 [JavaFX Application Thread] DEBUG Menu                 - fireNewGame()
10:33:22.390 [JavaFX Application Thread] DEBUG GameApplicationServi - Starting new game
10:33:22.390 [JavaFX Application Thread] DEBUG PrimaryStageWindow   - Pop state: MainMenu
10:33:22.390 [JavaFX Application Thread] DEBUG Input                - Clearing active input actions
10:33:22.390 [JavaFX Application Thread] DEBUG GameApplicationServi - Removing overlay from MainMenu and adding to FXGLMainMenuDummyScene
10:33:22.391 [JavaFX Application Thread] DEBUG PrimaryStageWindow   - FXGLMainMenuDummyScene <- MainMenu
10:33:22.391 [JavaFX Application Thread] DEBUG Input                - Clearing active input actions
10:33:22.396 [JavaFX Application Thread] DEBUG GameApplicationServi - Removing overlay from FXGLMainMenuDummyScene and adding to FXGLLoadingScene
10:33:22.396 [JavaFX Application Thread] DEBUG PrimaryStageWindow   - FXGLMainMenuDummyScene -> FXGLLoadingScene
10:33:22.396 [JavaFX Application Thread] DEBUG GameApplicationServi - Clearing previous game
10:33:22.396 [JavaFX Application Thread] DEBUG GameScene            - Clearing game scene
10:33:22.396 [JavaFX Application Thread] DEBUG GameWorld            - Clearing game world
10:33:22.397 [JavaFX Application Thread] DEBUG PhysicsWorld         - Clearing physics world
10:33:22.398 [FXGL Background Thread 2 ] DEBUG FXGLApplication      - Initializing game
10:33:22.432 [FXGL Background Thread 2 ] DEBUG FXGLAssetLoaderServi - Loading from file system: file:/C:/Users/pc/Desktop/Java/GameEngines/Asteriods/target/classes/assets/textures/DurrrSpaceShip.png
10:33:22.485 [FXGL Background Thread 2 ] DEBUG FXGLAssetLoaderServi - Loading from file system: file:/C:/Users/pc/Desktop/Java/GameEngines/Asteriods/target/classes/assets/textures/life.png
10:33:22.488 [FXGL Background Thread 2 ] INFO  FXGLApplication      - Game initialization took: 0.090 sec
10:33:22.494 [JavaFX Application Thread] DEBUG Input                - Clearing active input actions
10:33:22.503 [JavaFX Application Thread] DEBUG GameApplicationServi - Removing overlay from FXGLLoadingScene and adding to GameScene
10:33:22.503 [JavaFX Application Thread] DEBUG PrimaryStageWindow   - FXGLLoadingScene -> GameScene
10:33:28.358 [JavaFX Application Thread] DEBUG FXGLAssetLoaderServi - Loading from file system: file:/C:/Users/pc/Desktop/Java/GameEngines/Asteriods/target/classes/assets/textures/instructor_2.png
10:33:48.540 [JavaFX Application Thread] DEBUG FXGLAssetLoaderServi - Loading from file system: file:/C:/Users/pc/Desktop/Java/GameEngines/Asteriods/target/classes/assets/sounds/level.wav
10:33:50.095 [JavaFX Application Thread] DEBUG FXGLApplication      - Exiting FXGL
10:33:50.095 [JavaFX Application Thread] DEBUG LoopRunner           - Stopping loop
10:33:50.096 [JavaFX Application Thread] DEBUG SystemBundleService  - Saving FXGL system data
10:33:50.097 [JavaFX Application Thread] DEBUG FileSystemAccess     - Writing to: C:\Users\pc\Desktop\Java\GameEngines\Asteriods\system\fxgl.bundle
10:33:50.097 [JavaFX Application Thread] DEBUG Async                - Shutting down background threads
10:33:50.097 [JavaFX Application Thread] DEBUG PrimaryStageWindow   - Closing main window
10:33:50.118 [JavaFX Application Thread] DEBUG Logger               - Closing Logger
