18:01:10.836 [main                     ] DEBUG Logger               - Configured Logger
18:01:10.864 [main                     ] DEBUG GameApplication      - Logging settings
Title: Shooter
Version: 0.1
Width: 1280
Height: 720
Fullscreen: true
Intro: false
Profiling: false
Single step:false
App Mode: DEVELOPER
Menu Key: ESCAPE
Stage Style: DECORATED
Scene Factory: class com.aen.spaceship_fights.MySceneFactory

18:01:11.413 [JavaFX Application Thread] DEBUG FXGLApplication      - Initializing FXGL
18:01:11.418 [JavaFX Application Thread] INFO  Engine               - FXGL-21.1 (27.03.2024 07.52) on WINDOWS (J:22.0.2 FX:22.0.1)
18:01:11.418 [JavaFX Application Thread] DEBUG Engine               - JRE Vendor Name: Oracle Corporation
18:01:11.418 [JavaFX Application Thread] DEBUG Engine               - Running on OS: Windows 11 version 10.0
18:01:11.419 [JavaFX Application Thread] DEBUG Engine               - Architecture: amd64
18:01:11.419 [JavaFX Application Thread] INFO  Engine               - Source code and latest versions at: https://github.com/AlmasB/FXGL
18:01:11.419 [JavaFX Application Thread] INFO  Engine               -       Ask questions and discuss at: https://github.com/AlmasB/FXGL/discussions
18:01:11.419 [JavaFX Application Thread] INFO  Engine               -              Join the FXGL chat at: https://gitter.im/AlmasB/FXGL
18:01:11.551 [JavaFX Application Thread] DEBUG PrimaryStageWindow   - Creating a JavaFX scene
18:01:11.627 [JavaFX Application Thread] DEBUG PrimaryStageWindow   - Target settings size: 1280.0 x 720.0
18:01:11.627 [JavaFX Application Thread] DEBUG PrimaryStageWindow   - Scaled scene size:    1280.0 x 720.0
18:01:11.627 [JavaFX Application Thread] DEBUG PrimaryStageWindow   - Scaled ratio: (1.0, 1.0)
18:01:11.628 [JavaFX Application Thread] DEBUG PrimaryStageWindow   - Set initial scene to FXGLStartupScene
18:01:11.634 [JavaFX Application Thread] DEBUG PrimaryStageWindow   - Opening main window
18:01:12.035 [JavaFX Application Thread] DEBUG PrimaryStageWindow   - Window border size: (16.0, 39.0)
18:01:12.035 [JavaFX Application Thread] DEBUG PrimaryStageWindow   - Scaled size: 1280.0 x 720.0
18:01:12.035 [JavaFX Application Thread] DEBUG PrimaryStageWindow   - Scaled ratio: (1.0, 1.0)
18:01:12.035 [JavaFX Application Thread] DEBUG PrimaryStageWindow   - Scene size: 1280.0 x 720.0
18:01:12.035 [JavaFX Application Thread] DEBUG PrimaryStageWindow   - Stage size: 1296.0 x 759.0
18:01:12.041 [FXGL Background Thread 1 ] DEBUG Engine               - Initializing environment variables
18:01:12.114 [FXGL Background Thread 1 ] DEBUG FXGLAssetLoaderServi - User app class for loading assets: class com.aen.spaceship_fights.SpaceShipFightsApp
18:01:12.115 [FXGL Background Thread 1 ] DEBUG GameApplicationServi - Applying CSS: fxgl_dark.css
18:01:12.116 [FXGL Background Thread 1 ] DEBUG FXGLAssetLoaderServi - Loading from file system: jar:file:/C:/Users/pc/.m2/repository/com/github/almasb/fxgl/21.1/fxgl-21.1.jar!/fxglassets/ui/css/fxgl_dark.css
18:01:12.175 [FXGL Background Thread 1 ] DEBUG GameApplicationServi - Initializing application scenes
18:01:12.272 [FXGL Background Thread 1 ] DEBUG GameWorld            - Game world initialized
18:01:12.341 [FXGL Background Thread 1 ] DEBUG PhysicsWorld         - Physics world initialized: appHeight=720, physics.ppm=50.0
18:01:12.342 [FXGL Background Thread 1 ] DEBUG PhysicsWorld         - Using strategy: BRUTE_FORCE
18:01:12.345 [FXGL Background Thread 1 ] DEBUG GameScene            - Game scene initialized: 1280x720
18:01:12.449 [FXGL Background Thread 1 ] DEBUG GameApplicationServi - Application scenes initialized
18:01:12.460 [FXGL Background Thread 1 ] DEBUG SystemBundleService  - Loading FXGL system data
18:01:12.462 [FXGL Background Thread 1 ] DEBUG FileSystemAccess     - Reading from: C:\Users\pc\Desktop\Java\GameEngines\Asteriods\system\fxgl.bundle
18:01:12.464 [FXGL Background Thread 1 ] DEBUG SystemBundleService  - Bundle FXGL: {}
18:01:12.464 [FXGL Background Thread 1 ] DEBUG UpdaterService       - Checking for updates
18:01:12.469 [FXGL Background Thread 4 ] DEBUG FXGLApplication      - Loading fonts
18:01:12.470 [FXGL Background Thread 4 ] DEBUG FXGLAssetLoaderServi - Loading from file system: jar:file:/C:/Users/pc/.m2/repository/com/github/almasb/fxgl/21.1/fxgl-21.1.jar!/fxglassets/ui/fonts/VarelaRound-Regular.ttf
18:01:12.470 [FXGL Background Thread 1 ] DEBUG FXGLApplication      - Loading default localization
18:01:12.470 [FXGL Background Thread 1 ] DEBUG FXGLAssetLoaderServi - Loading from file system: jar:file:/C:/Users/pc/.m2/repository/com/github/almasb/fxgl/21.1/fxgl-21.1.jar!/fxglassets/languages/english.lang
18:01:12.473 [FXGL Background Thread 4 ] DEBUG FXGLAssetLoaderServi - Loading from file system: jar:file:/C:/Users/pc/.m2/repository/com/github/almasb/fxgl/21.1/fxgl-21.1.jar!/fxglassets/ui/fonts/Abel-Regular.ttf
18:01:12.476 [FXGL Background Thread 4 ] DEBUG FXGLAssetLoaderServi - Loading from file system: jar:file:/C:/Users/pc/.m2/repository/com/github/almasb/fxgl/21.1/fxgl-21.1.jar!/fxglassets/ui/fonts/TerminalLandMono-Regular.otf
18:01:12.484 [FXGL Background Thread 4 ] DEBUG FXGLAssetLoaderServi - Loading from file system: jar:file:/C:/Users/pc/.m2/repository/com/github/almasb/fxgl/21.1/fxgl-21.1.jar!/fxglassets/ui/fonts/Courier-Prime.ttf
18:01:12.492 [JavaFX Application Thread] DEBUG FXGLApplication      - Registering font factories with UI factory
18:01:12.503 [FXGL Background Thread 1 ] INFO  FXGLApplication      - FXGL initialization took: 0.461 sec
18:01:12.530 [JavaFX Application Thread] DEBUG Input                - Registered new binding: action0 - A
18:01:12.532 [JavaFX Application Thread] DEBUG Input                - Registered new binding: action1 - D
18:01:12.533 [JavaFX Application Thread] DEBUG Input                - Registered new binding: action2 - W
18:01:12.534 [JavaFX Application Thread] DEBUG Input                - Registered new binding: action3 - F
18:01:12.534 [JavaFX Application Thread] DEBUG Input                - Registered new binding: action4 - P
18:01:12.534 [JavaFX Application Thread] DEBUG Input                - Registered new binding: action5 - R
18:01:12.536 [JavaFX Application Thread] DEBUG Input                - Registered new binding: action6 - M
18:01:12.537 [JavaFX Application Thread] DEBUG FXGLAssetLoaderServi - Loading from file system: jar:file:/C:/Users/pc/.m2/repository/com/github/almasb/fxgl/21.1/fxgl-21.1.jar!/fxglassets/textures/fxgl_icon.png
18:01:12.574 [JavaFX Application Thread] DEBUG FXGLAssetLoaderServi - Loading from file system: jar:file:/C:/Users/pc/.m2/repository/com/github/almasb/fxgl/21.1/fxgl-21.1.jar!/fxglassets/textures/fxgl_default_cursor.png
18:01:12.576 [JavaFX Application Thread] DEBUG Input                - Registered new binding: Screenshot - CTRL+8
18:01:12.577 [JavaFX Application Thread] DEBUG Input                - Registered new binding: System info dump - CTRL+9
18:01:12.578 [JavaFX Application Thread] DEBUG Input                - Registered new binding: Restart - CTRL+R
18:01:12.578 [JavaFX Application Thread] DEBUG Input                - Registered new binding: Toggle Debug Camera - CTRL+7
18:01:12.590 [JavaFX Application Thread] DEBUG LoopRunner           - Starting loop
18:01:12.590 [JavaFX Application Thread] DEBUG LoopRunner           - Initializing JavaFX AnimationTimerLoop
18:01:12.596 [JavaFX Application Thread] DEBUG Input                - Clearing active input actions
18:01:12.609 [JavaFX Application Thread] DEBUG GameApplicationServi - Removing overlay from FXGLStartupScene and adding to FXGLMainMenuDummyScene
18:01:12.609 [JavaFX Application Thread] DEBUG PrimaryStageWindow   - FXGLStartupScene -> FXGLMainMenuDummyScene
18:01:12.610 [JavaFX Application Thread] DEBUG PrimaryStageWindow   - Push state: MainMenu
18:01:12.610 [JavaFX Application Thread] DEBUG Input                - Clearing active input actions
18:01:12.641 [JavaFX Application Thread] DEBUG GameApplicationServi - Removing overlay from FXGLMainMenuDummyScene and adding to MainMenu
18:01:12.641 [JavaFX Application Thread] DEBUG PrimaryStageWindow   - FXGLMainMenuDummyScene -> MainMenu
18:01:15.468 [FXGL Background Thread 3 ] DEBUG Engine               - Logging environment variables
18:01:15.469 [FXGL Background Thread 3 ] DEBUG Engine               - achievements: []
18:01:15.470 [FXGL Background Thread 3 ] DEBUG Engine               - actualHeight: 720.0
18:01:15.471 [FXGL Background Thread 3 ] DEBUG Engine               - actualHeightProperty: ReadOnlyDoubleProperty [value: 720.0]
18:01:15.471 [FXGL Background Thread 3 ] DEBUG Engine               - actualWidth: 1280.0
18:01:15.472 [FXGL Background Thread 3 ] DEBUG Engine               - actualWidthProperty: ReadOnlyDoubleProperty [value: 1280.0]
18:01:15.473 [FXGL Background Thread 3 ] DEBUG Engine               - appIcon: fxgl_icon.png
18:01:15.473 [FXGL Background Thread 3 ] DEBUG Engine               - applicationMode: DEVELOPER
18:01:15.473 [FXGL Background Thread 3 ] DEBUG Engine               - cSSList: [fxgl_dark.css]
18:01:15.473 [FXGL Background Thread 3 ] DEBUG Engine               - collisionDetectionStrategy: BRUTE_FORCE
18:01:15.474 [FXGL Background Thread 3 ] DEBUG Engine               - configClass: Optional.empty
18:01:15.474 [FXGL Background Thread 3 ] DEBUG Engine               - credits: [Nyirenda Amos, Ouedraogo Luther Arthur, Magne Lidivine Merveille]
18:01:15.481 [FXGL Background Thread 3 ] DEBUG Engine               - defaultCursor: CursorInfo(imageName=fxgl_default_cursor.png, hotspotX=7.0, hotspotY=6.0)
18:01:15.482 [FXGL Background Thread 3 ] DEBUG Engine               - devBBoxColorProperty: ObjectProperty [value: 0xff0000ff]
18:01:15.484 [FXGL Background Thread 3 ] DEBUG Engine               - devEnableDebugCameraProperty: BooleanProperty [value: false]
18:01:15.484 [FXGL Background Thread 3 ] DEBUG Engine               - devSensorColorProperty: ObjectProperty [value: 0xffff00ff]
18:01:15.486 [FXGL Background Thread 3 ] DEBUG Engine               - devShowBBoxProperty: BooleanProperty [value: false]
18:01:15.486 [FXGL Background Thread 3 ] DEBUG Engine               - devShowPositionProperty: BooleanProperty [value: false]
18:01:15.487 [FXGL Background Thread 3 ] DEBUG Engine               - enabledMenuItems: []
18:01:15.487 [FXGL Background Thread 3 ] DEBUG Engine               - engineServices: [class com.almasb.fxgl.app.services.FXGLAssetLoaderService, class com.almasb.fxgl.app.FXGLApplication$GameApplicationService, class com.almasb.fxgl.app.services.FXGLDialogService, class com.almasb.fxgl.app.services.IOTaskExecutorService, class com.almasb.fxgl.io.FileSystemService, class com.almasb.fxgl.localization.LocalizationService, class com.almasb.fxgl.app.services.SystemBundleService, class com.almasb.fxgl.profile.SaveLoadService, class com.almasb.fxgl.ui.FXGLUIFactoryServiceProvider, class com.almasb.fxgl.ui.FXGLDialogFactoryServiceProvider, class com.almasb.fxgl.audio.AudioPlayer, class com.almasb.fxgl.notification.impl.NotificationServiceProvider, class com.almasb.fxgl.achievement.AchievementService, class com.almasb.fxgl.cutscene.CutsceneService, class com.almasb.fxgl.minigames.MiniGameService, class com.almasb.fxgl.net.NetService, class com.almasb.fxgl.app.services.UpdaterService, class com.almasb.fxgl.dev.DevService]
18:01:15.487 [FXGL Background Thread 3 ] DEBUG Engine               - fontGame: Abel-Regular.ttf
18:01:15.488 [FXGL Background Thread 3 ] DEBUG Engine               - fontMono: TerminalLandMono-Regular.otf
18:01:15.488 [FXGL Background Thread 3 ] DEBUG Engine               - fontSizeScaleUI: 1.0
18:01:15.488 [FXGL Background Thread 3 ] DEBUG Engine               - fontText: Courier-Prime.ttf
18:01:15.488 [FXGL Background Thread 3 ] DEBUG Engine               - fontUI: VarelaRound-Regular.ttf
18:01:15.489 [FXGL Background Thread 3 ] DEBUG Engine               - fullScreen: BooleanProperty [value: false]
18:01:15.489 [FXGL Background Thread 3 ] DEBUG Engine               - gameDifficulty: MEDIUM
18:01:15.489 [FXGL Background Thread 3 ] DEBUG Engine               - gameDifficultyProperty: ObjectProperty [value: MEDIUM]
18:01:15.489 [FXGL Background Thread 3 ] DEBUG Engine               - globalMusicVolume: 0.5
18:01:15.490 [FXGL Background Thread 3 ] DEBUG Engine               - globalMusicVolumeProperty: DoubleProperty [value: 0.5]
18:01:15.490 [FXGL Background Thread 3 ] DEBUG Engine               - globalSoundVolume: 0.5
18:01:15.490 [FXGL Background Thread 3 ] DEBUG Engine               - globalSoundVolumeProperty: DoubleProperty [value: 0.5]
18:01:15.490 [FXGL Background Thread 3 ] DEBUG Engine               - height: 720
18:01:15.490 [FXGL Background Thread 3 ] DEBUG Engine               - is3D: false
18:01:15.491 [FXGL Background Thread 3 ] DEBUG Engine               - isAndroid: false
18:01:15.491 [FXGL Background Thread 3 ] DEBUG Engine               - isBrowser: false
18:01:15.491 [FXGL Background Thread 3 ] DEBUG Engine               - isClickFeedbackEnabled: false
18:01:15.491 [FXGL Background Thread 3 ] DEBUG Engine               - isCloseConfirmation: false
18:01:15.491 [FXGL Background Thread 3 ] DEBUG Engine               - isDesktop: true
18:01:15.491 [FXGL Background Thread 3 ] DEBUG Engine               - isDeveloperMenuEnabled: false
18:01:15.492 [FXGL Background Thread 3 ] DEBUG Engine               - isEmbedded: false
18:01:15.492 [FXGL Background Thread 3 ] DEBUG Engine               - isEntityPreloadEnabled: true
18:01:15.492 [FXGL Background Thread 3 ] DEBUG Engine               - isExperimentalTiledLargeMap: false
18:01:15.492 [FXGL Background Thread 3 ] DEBUG Engine               - isFileSystemWriteAllowed: true
18:01:15.492 [FXGL Background Thread 3 ] DEBUG Engine               - isFullScreenAllowed: true
18:01:15.492 [FXGL Background Thread 3 ] DEBUG Engine               - isFullScreenFromStart: false
18:01:15.492 [FXGL Background Thread 3 ] DEBUG Engine               - isGameMenuEnabled: true
18:01:15.492 [FXGL Background Thread 3 ] DEBUG Engine               - isIOS: false
18:01:15.492 [FXGL Background Thread 3 ] DEBUG Engine               - isIntroEnabled: false
18:01:15.493 [FXGL Background Thread 3 ] DEBUG Engine               - isLinux: false
18:01:15.493 [FXGL Background Thread 3 ] DEBUG Engine               - isMac: false
18:01:15.493 [FXGL Background Thread 3 ] DEBUG Engine               - isMainMenuEnabled: true
18:01:15.493 [FXGL Background Thread 3 ] DEBUG Engine               - isManualResizeEnabled: false
18:01:15.494 [FXGL Background Thread 3 ] DEBUG Engine               - isMobile: false
18:01:15.494 [FXGL Background Thread 3 ] DEBUG Engine               - isNative: false
18:01:15.494 [FXGL Background Thread 3 ] DEBUG Engine               - isPauseMusicWhenMinimized: true
18:01:15.494 [FXGL Background Thread 3 ] DEBUG Engine               - isPreserveResizeRatio: false
18:01:15.494 [FXGL Background Thread 3 ] DEBUG Engine               - isProfilingEnabled: false
18:01:15.494 [FXGL Background Thread 3 ] DEBUG Engine               - isScaleAffectedOnResize: true
18:01:15.495 [FXGL Background Thread 3 ] DEBUG Engine               - isSingleStep: false
18:01:15.495 [FXGL Background Thread 3 ] DEBUG Engine               - isUserProfileEnabled: false
18:01:15.495 [FXGL Background Thread 3 ] DEBUG Engine               - isWindows: true
18:01:15.495 [FXGL Background Thread 3 ] DEBUG Engine               - language: ObjectProperty [value: ENGLISH]
18:01:15.495 [FXGL Background Thread 3 ] DEBUG Engine               - menuKey: ESCAPE
18:01:15.495 [FXGL Background Thread 3 ] DEBUG Engine               - mouseSensitivity: 0.2
18:01:15.495 [FXGL Background Thread 3 ] DEBUG Engine               - notificationViewClass: class com.almasb.fxgl.notification.view.XboxNotificationView
18:01:15.496 [FXGL Background Thread 3 ] DEBUG Engine               - pixelsPerMeter: 50.0
18:01:15.496 [FXGL Background Thread 3 ] DEBUG Engine               - platform: WINDOWS
18:01:15.496 [FXGL Background Thread 3 ] DEBUG Engine               - prefHeightProperty: ReadOnlyDoubleProperty [value: 720.0]
18:01:15.496 [FXGL Background Thread 3 ] DEBUG Engine               - prefWidthProperty: ReadOnlyDoubleProperty [value: 1280.0]
18:01:15.496 [FXGL Background Thread 3 ] DEBUG Engine               - profileDir: profiles/
18:01:15.496 [FXGL Background Thread 3 ] DEBUG Engine               - profileName: StringProperty [value: DEFAULT]
18:01:15.496 [FXGL Background Thread 3 ] DEBUG Engine               - randomSeed: -1
18:01:15.498 [FXGL Background Thread 3 ] DEBUG Engine               - runtimeInfo: RuntimeInfo(platform=WINDOWS, version=21.1, build=27.03.2024 07.52)
18:01:15.498 [FXGL Background Thread 3 ] DEBUG Engine               - saveFileExt: sav
18:01:15.498 [FXGL Background Thread 3 ] DEBUG Engine               - scaledHeightProp$fxgl: DoubleProperty [bound, value: 720.0]
18:01:15.498 [FXGL Background Thread 3 ] DEBUG Engine               - scaledWidthProp$fxgl: DoubleProperty [bound, value: 1280.0]
18:01:15.498 [FXGL Background Thread 3 ] DEBUG Engine               - sceneFactory: com.aen.spaceship_fights.MySceneFactory@4ebd5667
18:01:15.499 [FXGL Background Thread 3 ] DEBUG Engine               - secondsIn24h: 60
18:01:15.499 [FXGL Background Thread 3 ] DEBUG Engine               - soundMenuBack: menu/back.wav
18:01:15.499 [FXGL Background Thread 3 ] DEBUG Engine               - soundMenuPress: menu/press.wav
18:01:15.499 [FXGL Background Thread 3 ] DEBUG Engine               - soundMenuSelect: menu/select.wav
18:01:15.499 [FXGL Background Thread 3 ] DEBUG Engine               - soundNotification: core/notification.wav
18:01:15.499 [FXGL Background Thread 3 ] DEBUG Engine               - stageStyle: DECORATED
18:01:15.499 [FXGL Background Thread 3 ] DEBUG Engine               - supportedLanguages: [ENGLISH, FRENCH, GERMAN, HUNGARIAN, RUSSIAN]
18:01:15.499 [FXGL Background Thread 3 ] DEBUG Engine               - ticksPerSecond: -1
18:01:15.499 [FXGL Background Thread 3 ] DEBUG Engine               - title: Shooter
18:01:15.500 [FXGL Background Thread 3 ] DEBUG Engine               - urlGithub: https://github.com/AlmasB/FXGL
18:01:15.500 [FXGL Background Thread 3 ] DEBUG Engine               - urlLeaderboard: http://fxgl-top.herokuapp.com/
18:01:15.500 [FXGL Background Thread 3 ] DEBUG Engine               - urlPOM: https://raw.githubusercontent.com/AlmasB/FXGL/release/README.md
18:01:15.500 [FXGL Background Thread 3 ] DEBUG Engine               - userAppClass: class com.aen.spaceship_fights.SpaceShipFightsApp
18:01:15.500 [FXGL Background Thread 3 ] DEBUG Engine               - version: 0.1
18:01:15.500 [FXGL Background Thread 3 ] DEBUG Engine               - versionCheckDays: 7
18:01:15.500 [FXGL Background Thread 3 ] DEBUG Engine               - width: 1280
18:01:15.500 [FXGL Background Thread 3 ] DEBUG Engine               - Logging services
18:01:15.500 [FXGL Background Thread 3 ] DEBUG Engine               - class com.almasb.fxgl.app.services.FXGLAssetLoaderService
18:01:15.501 [FXGL Background Thread 3 ] DEBUG Engine               - class com.almasb.fxgl.app.FXGLApplication$GameApplicationService
18:01:15.501 [FXGL Background Thread 3 ] DEBUG Engine               - class com.almasb.fxgl.app.services.FXGLDialogService
18:01:15.501 [FXGL Background Thread 3 ] DEBUG Engine               - class com.almasb.fxgl.app.services.IOTaskExecutorService
18:01:15.501 [FXGL Background Thread 3 ] DEBUG Engine               - class com.almasb.fxgl.io.FileSystemService
18:01:15.501 [FXGL Background Thread 3 ] DEBUG Engine               - class com.almasb.fxgl.localization.LocalizationService
18:01:15.501 [FXGL Background Thread 3 ] DEBUG Engine               - class com.almasb.fxgl.app.services.SystemBundleService
18:01:15.501 [FXGL Background Thread 3 ] DEBUG Engine               - class com.almasb.fxgl.profile.SaveLoadService
18:01:15.501 [FXGL Background Thread 3 ] DEBUG Engine               - class com.almasb.fxgl.ui.FXGLUIFactoryServiceProvider
18:01:15.501 [FXGL Background Thread 3 ] DEBUG Engine               - class com.almasb.fxgl.ui.FXGLDialogFactoryServiceProvider
18:01:15.501 [FXGL Background Thread 3 ] DEBUG Engine               - class com.almasb.fxgl.audio.AudioPlayer
18:01:15.501 [FXGL Background Thread 3 ] DEBUG Engine               - class com.almasb.fxgl.notification.impl.NotificationServiceProvider
18:01:15.501 [FXGL Background Thread 3 ] DEBUG Engine               - class com.almasb.fxgl.achievement.AchievementService
18:01:15.501 [FXGL Background Thread 3 ] DEBUG Engine               - class com.almasb.fxgl.cutscene.CutsceneService
18:01:15.501 [FXGL Background Thread 3 ] DEBUG Engine               - class com.almasb.fxgl.minigames.MiniGameService
18:01:15.501 [FXGL Background Thread 3 ] DEBUG Engine               - class com.almasb.fxgl.net.NetService
18:01:15.501 [FXGL Background Thread 3 ] DEBUG Engine               - class com.almasb.fxgl.app.services.UpdaterService
18:01:15.501 [FXGL Background Thread 3 ] DEBUG Engine               - class com.almasb.fxgl.dev.DevService
18:02:17.221 [JavaFX Application Thread] DEBUG Menu                 - fireNewGame()
18:02:17.222 [JavaFX Application Thread] DEBUG GameApplicationServi - Starting new game
18:02:17.222 [JavaFX Application Thread] DEBUG PrimaryStageWindow   - Pop state: MainMenu
18:02:17.222 [JavaFX Application Thread] DEBUG Input                - Clearing active input actions
18:02:17.223 [JavaFX Application Thread] DEBUG GameApplicationServi - Removing overlay from MainMenu and adding to FXGLMainMenuDummyScene
18:02:17.223 [JavaFX Application Thread] DEBUG PrimaryStageWindow   - FXGLMainMenuDummyScene <- MainMenu
18:02:17.223 [JavaFX Application Thread] DEBUG Input                - Clearing active input actions
18:02:17.230 [JavaFX Application Thread] DEBUG GameApplicationServi - Removing overlay from FXGLMainMenuDummyScene and adding to FXGLLoadingScene
18:02:17.230 [JavaFX Application Thread] DEBUG PrimaryStageWindow   - FXGLMainMenuDummyScene -> FXGLLoadingScene
18:02:17.230 [JavaFX Application Thread] DEBUG GameApplicationServi - Clearing previous game
18:02:17.230 [JavaFX Application Thread] DEBUG GameScene            - Clearing game scene
18:02:17.230 [JavaFX Application Thread] DEBUG GameWorld            - Clearing game world
18:02:17.230 [JavaFX Application Thread] DEBUG PhysicsWorld         - Clearing physics world
18:02:17.277 [FXGL Background Thread 5 ] DEBUG FXGLApplication      - Initializing game
18:02:17.313 [FXGL Background Thread 5 ] DEBUG FXGLAssetLoaderServi - Loading from file system: file:/C:/Users/pc/Desktop/Java/GameEngines/Asteriods/target/classes/assets/textures/player.png
18:02:17.362 [FXGL Background Thread 5 ] DEBUG FXGLAssetLoaderServi - Loading from file system: file:/C:/Users/pc/Desktop/Java/GameEngines/Asteriods/target/classes/assets/textures/life.png
18:02:17.363 [FXGL Background Thread 5 ] INFO  FXGLApplication      - Game initialization took: 0.086 sec
18:02:17.367 [JavaFX Application Thread] DEBUG Input                - Clearing active input actions
18:02:17.374 [JavaFX Application Thread] DEBUG GameApplicationServi - Removing overlay from FXGLLoadingScene and adding to GameScene
18:02:17.376 [JavaFX Application Thread] DEBUG PrimaryStageWindow   - FXGLLoadingScene -> GameScene
18:02:23.486 [JavaFX Application Thread] DEBUG FXGLAssetLoaderServi - Loading from file system: file:/C:/Users/pc/Desktop/Java/GameEngines/Asteriods/target/classes/assets/textures/instructor_2.png
18:02:43.391 [JavaFX Application Thread] DEBUG FXGLAssetLoaderServi - Loading from file system: file:/C:/Users/pc/Desktop/Java/GameEngines/Asteriods/target/classes/assets/sounds/level.wav
18:02:45.026 [JavaFX Application Thread] DEBUG FXGLAssetLoaderServi - Loading from file system: file:/C:/Users/pc/Desktop/Java/GameEngines/Asteriods/target/classes/assets/textures/enemy3.png
18:02:45.353 [JavaFX Application Thread] DEBUG FXGLAssetLoaderServi - Loading from file system: file:/C:/Users/pc/Desktop/Java/GameEngines/Asteriods/target/classes/assets/textures/enemy2.png
18:02:45.576 [JavaFX Application Thread] DEBUG FXGLAssetLoaderServi - Loading from file system: file:/C:/Users/pc/Desktop/Java/GameEngines/Asteriods/target/classes/assets/textures/enemy1.png
18:02:50.876 [JavaFX Application Thread] DEBUG LoopRunner           - Stopping loop
18:02:50.878 [JavaFX Application Thread] FATAL FXGLApplication      - Uncaught Exception:
java.lang.ClassCastException: class javafx.beans.property.SimpleIntegerProperty cannot be cast to class javafx.beans.property.StringProperty (javafx.beans.property.SimpleIntegerProperty and javafx.beans.property.StringProperty are in unnamed module of loader 'app')
	at com.almasb.fxgl.core.collection.PropertyMap.stringProperty(PropertyMap.kt:195)
	at com.almasb.fxgl.core.collection.PropertyMap.getString(PropertyMap.kt:185)
	at com.almasb.fxgl.dsl.FXGL$Companion.gets(FXGL.kt:305)
	at com.almasb.fxgl.dsl.FXGL.gets(FXGL.kt)
	at com.aen.spaceship_fights.networking.ChatServiceFXGL.lambda$showGameTimerUI$6(ChatServiceFXGL.java:193)
	at com.sun.scenario.animation.shared.TimelineClipCore.visitKeyFrame(TimelineClipCore.java:239)
	at com.sun.scenario.animation.shared.TimelineClipCore.playTo(TimelineClipCore.java:180)
	at javafx.animation.Timeline.doPlayTo(Timeline.java:172)
	at javafx.animation.AnimationAccessorImpl.playTo(AnimationAccessorImpl.java:39)
	at com.sun.scenario.animation.shared.FiniteClipEnvelope.timePulse(FiniteClipEnvelope.java:121)
	at javafx.animation.Animation.doTimePulse(Animation.java:1254)
	at javafx.animation.Animation$1.lambda$timePulse$0(Animation.java:208)
	at java.base/java.security.AccessController.doPrivileged(AccessController.java:400)
	at javafx.animation.Animation$1.timePulse(Animation.java:207)
	at com.sun.scenario.animation.AbstractPrimaryTimer.timePulseImpl(AbstractPrimaryTimer.java:343)
	at com.sun.scenario.animation.AbstractPrimaryTimer$MainLoop.run(AbstractPrimaryTimer.java:266)
	at com.sun.javafx.tk.quantum.QuantumToolkit.pulse(QuantumToolkit.java:594)
	at com.sun.javafx.tk.quantum.QuantumToolkit.pulse(QuantumToolkit.java:578)
	at com.sun.javafx.tk.quantum.QuantumToolkit.pulseFromQueue(QuantumToolkit.java:571)
	at com.sun.javafx.tk.quantum.QuantumToolkit.lambda$runToolkit$11(QuantumToolkit.java:352)
	at com.sun.glass.ui.InvokeLaterDispatcher$Future.run(InvokeLaterDispatcher.java:95)
	at com.sun.glass.ui.win.WinApplication._runLoop(Native Method)
	at com.sun.glass.ui.win.WinApplication.lambda$runLoop$3(WinApplication.java:184)
	at java.base/java.lang.Thread.run(Thread.java:1570)

18:02:50.878 [JavaFX Application Thread] FATAL FXGLApplication      - Application will now exit
18:02:50.890 [JavaFX Application Thread] DEBUG PrimaryStageWindow   - Push state: ErrorSubScene
18:02:50.890 [JavaFX Application Thread] DEBUG Input                - Clearing active input actions
18:02:50.891 [JavaFX Application Thread] DEBUG GameApplicationServi - Removing overlay from GameScene and adding to ErrorSubScene
18:02:50.891 [JavaFX Application Thread] DEBUG PrimaryStageWindow   - GameScene -> ErrorSubScene
18:03:01.549 [JavaFX Application Thread] DEBUG FXGLApplication      - Exiting FXGL
18:03:01.549 [JavaFX Application Thread] DEBUG Async                - Shutting down background threads
18:03:01.550 [JavaFX Application Thread] DEBUG PrimaryStageWindow   - Closing main window
18:03:01.581 [JavaFX Application Thread] DEBUG Logger               - Closing Logger
