20:17:48.574 [main                     ] DEBUG Logger               - Configured Logger
20:17:48.618 [main                     ] DEBUG GameApplication      - Logging settings
Title: Shooter
Version: 0.1
Width: 1280
Height: 720
Fullscreen: true
Intro: false
Profiling: false
Single step:false
App Mode: DEVELOPER
Menu Key: ESCAPE
Stage Style: DECORATED
Scene Factory: class com.aen.asteriods.MySceneFactory

20:17:49.527 [JavaFX Application Thread] DEBUG FXGLApplication      - Initializing FXGL
20:17:49.531 [JavaFX Application Thread] INFO  Engine               - FXGL-21.1 (27.03.2024 07.52) on WINDOWS (J:22.0.2 FX:22.0.1)
20:17:49.531 [JavaFX Application Thread] DEBUG Engine               - JRE Vendor Name: Oracle Corporation
20:17:49.532 [JavaFX Application Thread] DEBUG Engine               - Running on OS: Windows 11 version 10.0
20:17:49.532 [JavaFX Application Thread] DEBUG Engine               - Architecture: amd64
20:17:49.532 [JavaFX Application Thread] INFO  Engine               - Source code and latest versions at: https://github.com/AlmasB/FXGL
20:17:49.532 [JavaFX Application Thread] INFO  Engine               -       Ask questions and discuss at: https://github.com/AlmasB/FXGL/discussions
20:17:49.532 [JavaFX Application Thread] INFO  Engine               -              Join the FXGL chat at: https://gitter.im/AlmasB/FXGL
20:17:49.687 [JavaFX Application Thread] DEBUG PrimaryStageWindow   - Creating a JavaFX scene
20:17:49.767 [JavaFX Application Thread] DEBUG PrimaryStageWindow   - Target settings size: 1280.0 x 720.0
20:17:49.767 [JavaFX Application Thread] DEBUG PrimaryStageWindow   - Scaled scene size:    1280.0 x 720.0
20:17:49.767 [JavaFX Application Thread] DEBUG PrimaryStageWindow   - Scaled ratio: (1.0, 1.0)
20:17:49.769 [JavaFX Application Thread] DEBUG PrimaryStageWindow   - Set initial scene to FXGLStartupScene
20:17:49.774 [JavaFX Application Thread] DEBUG PrimaryStageWindow   - Opening main window
20:17:50.361 [JavaFX Application Thread] DEBUG PrimaryStageWindow   - Window border size: (16.0, 39.0)
20:17:50.362 [JavaFX Application Thread] DEBUG PrimaryStageWindow   - Scaled size: 1280.0 x 720.0
20:17:50.362 [JavaFX Application Thread] DEBUG PrimaryStageWindow   - Scaled ratio: (1.0, 1.0)
20:17:50.362 [JavaFX Application Thread] DEBUG PrimaryStageWindow   - Scene size: 1280.0 x 720.0
20:17:50.362 [JavaFX Application Thread] DEBUG PrimaryStageWindow   - Stage size: 1296.0 x 759.0
20:17:50.386 [FXGL Background Thread 1 ] DEBUG Engine               - Initializing environment variables
20:17:50.445 [FXGL Background Thread 1 ] DEBUG FXGLAssetLoaderServi - User app class for loading assets: class com.aen.asteriods.AsteroidsApp
20:17:50.445 [FXGL Background Thread 1 ] DEBUG GameApplicationServi - Applying CSS: fxgl_dark.css
20:17:50.449 [FXGL Background Thread 1 ] DEBUG FXGLAssetLoaderServi - Loading from file system: jar:file:/C:/Users/pc/.m2/repository/com/github/almasb/fxgl/21.1/fxgl-21.1.jar!/fxglassets/ui/css/fxgl_dark.css
20:17:50.512 [FXGL Background Thread 1 ] DEBUG GameApplicationServi - Initializing application scenes
20:17:50.721 [FXGL Background Thread 1 ] DEBUG GameWorld            - Game world initialized
20:17:50.794 [FXGL Background Thread 1 ] DEBUG PhysicsWorld         - Physics world initialized: appHeight=720, physics.ppm=50.0
20:17:50.794 [FXGL Background Thread 1 ] DEBUG PhysicsWorld         - Using strategy: BRUTE_FORCE
20:17:50.799 [FXGL Background Thread 1 ] DEBUG GameScene            - Game scene initialized: 1280x720
20:17:50.976 [FXGL Background Thread 1 ] DEBUG GameApplicationServi - Application scenes initialized
20:17:50.994 [FXGL Background Thread 1 ] DEBUG SystemBundleService  - Loading FXGL system data
20:17:50.996 [FXGL Background Thread 1 ] DEBUG FileSystemAccess     - Reading from: C:\Users\pc\Desktop\Java\GameEngines\Asteriods\system\fxgl.bundle
20:17:51.000 [FXGL Background Thread 1 ] DEBUG SystemBundleService  - Bundle FXGL: {}
20:17:51.001 [FXGL Background Thread 1 ] DEBUG UpdaterService       - Checking for updates
20:17:51.004 [FXGL Background Thread 4 ] DEBUG FXGLApplication      - Loading fonts
20:17:51.004 [FXGL Background Thread 4 ] DEBUG FXGLAssetLoaderServi - Loading from file system: jar:file:/C:/Users/pc/.m2/repository/com/github/almasb/fxgl/21.1/fxgl-21.1.jar!/fxglassets/ui/fonts/VarelaRound-Regular.ttf
20:17:51.004 [FXGL Background Thread 1 ] DEBUG FXGLApplication      - Loading default localization
20:17:51.005 [FXGL Background Thread 1 ] DEBUG FXGLAssetLoaderServi - Loading from file system: jar:file:/C:/Users/pc/.m2/repository/com/github/almasb/fxgl/21.1/fxgl-21.1.jar!/fxglassets/languages/english.lang
20:17:51.009 [FXGL Background Thread 4 ] DEBUG FXGLAssetLoaderServi - Loading from file system: jar:file:/C:/Users/pc/.m2/repository/com/github/almasb/fxgl/21.1/fxgl-21.1.jar!/fxglassets/ui/fonts/Abel-Regular.ttf
20:17:51.015 [FXGL Background Thread 4 ] DEBUG FXGLAssetLoaderServi - Loading from file system: jar:file:/C:/Users/pc/.m2/repository/com/github/almasb/fxgl/21.1/fxgl-21.1.jar!/fxglassets/ui/fonts/TerminalLandMono-Regular.otf
20:17:51.024 [FXGL Background Thread 4 ] DEBUG FXGLAssetLoaderServi - Loading from file system: jar:file:/C:/Users/pc/.m2/repository/com/github/almasb/fxgl/21.1/fxgl-21.1.jar!/fxglassets/ui/fonts/Courier-Prime.ttf
20:17:51.038 [JavaFX Application Thread] DEBUG FXGLApplication      - Registering font factories with UI factory
20:17:51.054 [FXGL Background Thread 1 ] INFO  FXGLApplication      - FXGL initialization took: 0.669 sec
20:17:51.064 [JavaFX Application Thread] DEBUG Input                - Registered new binding: action0 - A
20:17:51.064 [JavaFX Application Thread] DEBUG Input                - Registered new binding: action1 - D
20:17:51.065 [JavaFX Application Thread] DEBUG Input                - Registered new binding: action2 - W
20:17:51.065 [JavaFX Application Thread] DEBUG Input                - Registered new binding: action3 - F
20:17:51.066 [JavaFX Application Thread] DEBUG FXGLAssetLoaderServi - Loading from file system: jar:file:/C:/Users/pc/.m2/repository/com/github/almasb/fxgl/21.1/fxgl-21.1.jar!/fxglassets/textures/fxgl_icon.png
20:17:51.094 [JavaFX Application Thread] DEBUG FXGLAssetLoaderServi - Loading from file system: jar:file:/C:/Users/pc/.m2/repository/com/github/almasb/fxgl/21.1/fxgl-21.1.jar!/fxglassets/textures/fxgl_default_cursor.png
20:17:51.096 [JavaFX Application Thread] DEBUG Input                - Registered new binding: Screenshot - CTRL+8
20:17:51.097 [JavaFX Application Thread] DEBUG Input                - Registered new binding: System info dump - CTRL+9
20:17:51.097 [JavaFX Application Thread] DEBUG Input                - Registered new binding: Restart - CTRL+R
20:17:51.098 [JavaFX Application Thread] DEBUG Input                - Registered new binding: Toggle Debug Camera - CTRL+7
20:17:51.107 [JavaFX Application Thread] DEBUG LoopRunner           - Starting loop
20:17:51.108 [JavaFX Application Thread] DEBUG LoopRunner           - Initializing JavaFX AnimationTimerLoop
20:17:51.110 [JavaFX Application Thread] DEBUG Input                - Clearing active input actions
20:17:51.115 [JavaFX Application Thread] DEBUG GameApplicationServi - Removing overlay from FXGLStartupScene and adding to FXGLMainMenuDummyScene
20:17:51.117 [JavaFX Application Thread] DEBUG PrimaryStageWindow   - FXGLStartupScene -> FXGLMainMenuDummyScene
20:17:51.117 [JavaFX Application Thread] DEBUG PrimaryStageWindow   - Push state: MainMenu
20:17:51.117 [JavaFX Application Thread] DEBUG Input                - Clearing active input actions
20:17:51.127 [JavaFX Application Thread] DEBUG GameApplicationServi - Removing overlay from FXGLMainMenuDummyScene and adding to MainMenu
20:17:51.127 [JavaFX Application Thread] DEBUG PrimaryStageWindow   - FXGLMainMenuDummyScene -> MainMenu
20:17:54.004 [FXGL Background Thread 3 ] DEBUG Engine               - Logging environment variables
20:17:54.004 [FXGL Background Thread 3 ] DEBUG Engine               - achievements: []
20:17:54.004 [FXGL Background Thread 3 ] DEBUG Engine               - actualHeight: 720.0
20:17:54.004 [FXGL Background Thread 3 ] DEBUG Engine               - actualHeightProperty: ReadOnlyDoubleProperty [value: 720.0]
20:17:54.004 [FXGL Background Thread 3 ] DEBUG Engine               - actualWidth: 1280.0
20:17:54.004 [FXGL Background Thread 3 ] DEBUG Engine               - actualWidthProperty: ReadOnlyDoubleProperty [value: 1280.0]
20:17:54.004 [FXGL Background Thread 3 ] DEBUG Engine               - appIcon: fxgl_icon.png
20:17:54.005 [FXGL Background Thread 3 ] DEBUG Engine               - applicationMode: DEVELOPER
20:17:54.005 [FXGL Background Thread 3 ] DEBUG Engine               - cSSList: [fxgl_dark.css]
20:17:54.005 [FXGL Background Thread 3 ] DEBUG Engine               - collisionDetectionStrategy: BRUTE_FORCE
20:17:54.005 [FXGL Background Thread 3 ] DEBUG Engine               - configClass: Optional.empty
20:17:54.005 [FXGL Background Thread 3 ] DEBUG Engine               - credits: [Nyirenda Amos, Ouedraogo Luther Arthur, Magne Lidivine Merveille]
20:17:54.007 [FXGL Background Thread 3 ] DEBUG Engine               - defaultCursor: CursorInfo(imageName=fxgl_default_cursor.png, hotspotX=7.0, hotspotY=6.0)
20:17:54.007 [FXGL Background Thread 3 ] DEBUG Engine               - devBBoxColorProperty: ObjectProperty [value: 0xff0000ff]
20:17:54.007 [FXGL Background Thread 3 ] DEBUG Engine               - devEnableDebugCameraProperty: BooleanProperty [value: false]
20:17:54.007 [FXGL Background Thread 3 ] DEBUG Engine               - devSensorColorProperty: ObjectProperty [value: 0xffff00ff]
20:17:54.007 [FXGL Background Thread 3 ] DEBUG Engine               - devShowBBoxProperty: BooleanProperty [value: false]
20:17:54.007 [FXGL Background Thread 3 ] DEBUG Engine               - devShowPositionProperty: BooleanProperty [value: false]
20:17:54.007 [FXGL Background Thread 3 ] DEBUG Engine               - enabledMenuItems: []
20:17:54.007 [FXGL Background Thread 3 ] DEBUG Engine               - engineServices: [class com.almasb.fxgl.app.services.FXGLAssetLoaderService, class com.almasb.fxgl.app.FXGLApplication$GameApplicationService, class com.almasb.fxgl.app.services.FXGLDialogService, class com.almasb.fxgl.app.services.IOTaskExecutorService, class com.almasb.fxgl.io.FileSystemService, class com.almasb.fxgl.localization.LocalizationService, class com.almasb.fxgl.app.services.SystemBundleService, class com.almasb.fxgl.profile.SaveLoadService, class com.almasb.fxgl.ui.FXGLUIFactoryServiceProvider, class com.almasb.fxgl.ui.FXGLDialogFactoryServiceProvider, class com.almasb.fxgl.audio.AudioPlayer, class com.almasb.fxgl.notification.impl.NotificationServiceProvider, class com.almasb.fxgl.achievement.AchievementService, class com.almasb.fxgl.cutscene.CutsceneService, class com.almasb.fxgl.minigames.MiniGameService, class com.almasb.fxgl.net.NetService, class com.almasb.fxgl.app.services.UpdaterService, class com.almasb.fxgl.dev.DevService]
20:17:54.007 [FXGL Background Thread 3 ] DEBUG Engine               - fontGame: Abel-Regular.ttf
20:17:54.007 [FXGL Background Thread 3 ] DEBUG Engine               - fontMono: TerminalLandMono-Regular.otf
20:17:54.007 [FXGL Background Thread 3 ] DEBUG Engine               - fontSizeScaleUI: 1.0
20:17:54.008 [FXGL Background Thread 3 ] DEBUG Engine               - fontText: Courier-Prime.ttf
20:17:54.008 [FXGL Background Thread 3 ] DEBUG Engine               - fontUI: VarelaRound-Regular.ttf
20:17:54.008 [FXGL Background Thread 3 ] DEBUG Engine               - fullScreen: BooleanProperty [value: false]
20:17:54.008 [FXGL Background Thread 3 ] DEBUG Engine               - gameDifficulty: MEDIUM
20:17:54.008 [FXGL Background Thread 3 ] DEBUG Engine               - gameDifficultyProperty: ObjectProperty [value: MEDIUM]
20:17:54.008 [FXGL Background Thread 3 ] DEBUG Engine               - globalMusicVolume: 0.5
20:17:54.008 [FXGL Background Thread 3 ] DEBUG Engine               - globalMusicVolumeProperty: DoubleProperty [value: 0.5]
20:17:54.008 [FXGL Background Thread 3 ] DEBUG Engine               - globalSoundVolume: 0.5
20:17:54.008 [FXGL Background Thread 3 ] DEBUG Engine               - globalSoundVolumeProperty: DoubleProperty [value: 0.5]
20:17:54.008 [FXGL Background Thread 3 ] DEBUG Engine               - height: 720
20:17:54.008 [FXGL Background Thread 3 ] DEBUG Engine               - is3D: false
20:17:54.008 [FXGL Background Thread 3 ] DEBUG Engine               - isAndroid: false
20:17:54.008 [FXGL Background Thread 3 ] DEBUG Engine               - isBrowser: false
20:17:54.008 [FXGL Background Thread 3 ] DEBUG Engine               - isClickFeedbackEnabled: false
20:17:54.008 [FXGL Background Thread 3 ] DEBUG Engine               - isCloseConfirmation: false
20:17:54.008 [FXGL Background Thread 3 ] DEBUG Engine               - isDesktop: true
20:17:54.008 [FXGL Background Thread 3 ] DEBUG Engine               - isDeveloperMenuEnabled: false
20:17:54.008 [FXGL Background Thread 3 ] DEBUG Engine               - isEmbedded: false
20:17:54.008 [FXGL Background Thread 3 ] DEBUG Engine               - isEntityPreloadEnabled: true
20:17:54.008 [FXGL Background Thread 3 ] DEBUG Engine               - isExperimentalTiledLargeMap: false
20:17:54.008 [FXGL Background Thread 3 ] DEBUG Engine               - isFileSystemWriteAllowed: true
20:17:54.008 [FXGL Background Thread 3 ] DEBUG Engine               - isFullScreenAllowed: true
20:17:54.008 [FXGL Background Thread 3 ] DEBUG Engine               - isFullScreenFromStart: false
20:17:54.008 [FXGL Background Thread 3 ] DEBUG Engine               - isGameMenuEnabled: true
20:17:54.009 [FXGL Background Thread 3 ] DEBUG Engine               - isIOS: false
20:17:54.009 [FXGL Background Thread 3 ] DEBUG Engine               - isIntroEnabled: false
20:17:54.009 [FXGL Background Thread 3 ] DEBUG Engine               - isLinux: false
20:17:54.009 [FXGL Background Thread 3 ] DEBUG Engine               - isMac: false
20:17:54.009 [FXGL Background Thread 3 ] DEBUG Engine               - isMainMenuEnabled: true
20:17:54.009 [FXGL Background Thread 3 ] DEBUG Engine               - isManualResizeEnabled: false
20:17:54.009 [FXGL Background Thread 3 ] DEBUG Engine               - isMobile: false
20:17:54.009 [FXGL Background Thread 3 ] DEBUG Engine               - isNative: false
20:17:54.009 [FXGL Background Thread 3 ] DEBUG Engine               - isPauseMusicWhenMinimized: true
20:17:54.009 [FXGL Background Thread 3 ] DEBUG Engine               - isPreserveResizeRatio: false
20:17:54.009 [FXGL Background Thread 3 ] DEBUG Engine               - isProfilingEnabled: false
20:17:54.009 [FXGL Background Thread 3 ] DEBUG Engine               - isScaleAffectedOnResize: true
20:17:54.009 [FXGL Background Thread 3 ] DEBUG Engine               - isSingleStep: false
20:17:54.009 [FXGL Background Thread 3 ] DEBUG Engine               - isUserProfileEnabled: false
20:17:54.009 [FXGL Background Thread 3 ] DEBUG Engine               - isWindows: true
20:17:54.009 [FXGL Background Thread 3 ] DEBUG Engine               - language: ObjectProperty [value: ENGLISH]
20:17:54.009 [FXGL Background Thread 3 ] DEBUG Engine               - menuKey: ESCAPE
20:17:54.009 [FXGL Background Thread 3 ] DEBUG Engine               - mouseSensitivity: 0.2
20:17:54.009 [FXGL Background Thread 3 ] DEBUG Engine               - notificationViewClass: class com.almasb.fxgl.notification.view.XboxNotificationView
20:17:54.009 [FXGL Background Thread 3 ] DEBUG Engine               - pixelsPerMeter: 50.0
20:17:54.009 [FXGL Background Thread 3 ] DEBUG Engine               - platform: WINDOWS
20:17:54.009 [FXGL Background Thread 3 ] DEBUG Engine               - prefHeightProperty: ReadOnlyDoubleProperty [value: 720.0]
20:17:54.009 [FXGL Background Thread 3 ] DEBUG Engine               - prefWidthProperty: ReadOnlyDoubleProperty [value: 1280.0]
20:17:54.009 [FXGL Background Thread 3 ] DEBUG Engine               - profileDir: profiles/
20:17:54.009 [FXGL Background Thread 3 ] DEBUG Engine               - profileName: StringProperty [value: DEFAULT]
20:17:54.009 [FXGL Background Thread 3 ] DEBUG Engine               - randomSeed: -1
20:17:54.009 [FXGL Background Thread 3 ] DEBUG Engine               - runtimeInfo: RuntimeInfo(platform=WINDOWS, version=21.1, build=27.03.2024 07.52)
20:17:54.009 [FXGL Background Thread 3 ] DEBUG Engine               - saveFileExt: sav
20:17:54.009 [FXGL Background Thread 3 ] DEBUG Engine               - scaledHeightProp$fxgl: DoubleProperty [bound, value: 720.0]
20:17:54.009 [FXGL Background Thread 3 ] DEBUG Engine               - scaledWidthProp$fxgl: DoubleProperty [bound, value: 1280.0]
20:17:54.009 [FXGL Background Thread 3 ] DEBUG Engine               - sceneFactory: com.aen.asteriods.MySceneFactory@1bc40db2
20:17:54.009 [FXGL Background Thread 3 ] DEBUG Engine               - secondsIn24h: 60
20:17:54.010 [FXGL Background Thread 3 ] DEBUG Engine               - soundMenuBack: menu/back.wav
20:17:54.010 [FXGL Background Thread 3 ] DEBUG Engine               - soundMenuPress: menu/press.wav
20:17:54.010 [FXGL Background Thread 3 ] DEBUG Engine               - soundMenuSelect: menu/select.wav
20:17:54.010 [FXGL Background Thread 3 ] DEBUG Engine               - soundNotification: core/notification.wav
20:17:54.010 [FXGL Background Thread 3 ] DEBUG Engine               - stageStyle: DECORATED
20:17:54.010 [FXGL Background Thread 3 ] DEBUG Engine               - supportedLanguages: [ENGLISH, FRENCH, GERMAN, HUNGARIAN, RUSSIAN]
20:17:54.010 [FXGL Background Thread 3 ] DEBUG Engine               - ticksPerSecond: -1
20:17:54.010 [FXGL Background Thread 3 ] DEBUG Engine               - title: Shooter
20:17:54.010 [FXGL Background Thread 3 ] DEBUG Engine               - urlGithub: https://github.com/AlmasB/FXGL
20:17:54.010 [FXGL Background Thread 3 ] DEBUG Engine               - urlLeaderboard: http://fxgl-top.herokuapp.com/
20:17:54.010 [FXGL Background Thread 3 ] DEBUG Engine               - urlPOM: https://raw.githubusercontent.com/AlmasB/FXGL/release/README.md
20:17:54.010 [FXGL Background Thread 3 ] DEBUG Engine               - userAppClass: class com.aen.asteriods.AsteroidsApp
20:17:54.010 [FXGL Background Thread 3 ] DEBUG Engine               - version: 0.1
20:17:54.010 [FXGL Background Thread 3 ] DEBUG Engine               - versionCheckDays: 7
20:17:54.010 [FXGL Background Thread 3 ] DEBUG Engine               - width: 1280
20:17:54.010 [FXGL Background Thread 3 ] DEBUG Engine               - Logging services
20:17:54.010 [FXGL Background Thread 3 ] DEBUG Engine               - class com.almasb.fxgl.app.services.FXGLAssetLoaderService
20:17:54.010 [FXGL Background Thread 3 ] DEBUG Engine               - class com.almasb.fxgl.app.FXGLApplication$GameApplicationService
20:17:54.010 [FXGL Background Thread 3 ] DEBUG Engine               - class com.almasb.fxgl.app.services.FXGLDialogService
20:17:54.010 [FXGL Background Thread 3 ] DEBUG Engine               - class com.almasb.fxgl.app.services.IOTaskExecutorService
20:17:54.010 [FXGL Background Thread 3 ] DEBUG Engine               - class com.almasb.fxgl.io.FileSystemService
20:17:54.010 [FXGL Background Thread 3 ] DEBUG Engine               - class com.almasb.fxgl.localization.LocalizationService
20:17:54.010 [FXGL Background Thread 3 ] DEBUG Engine               - class com.almasb.fxgl.app.services.SystemBundleService
20:17:54.010 [FXGL Background Thread 3 ] DEBUG Engine               - class com.almasb.fxgl.profile.SaveLoadService
20:17:54.010 [FXGL Background Thread 3 ] DEBUG Engine               - class com.almasb.fxgl.ui.FXGLUIFactoryServiceProvider
20:17:54.011 [FXGL Background Thread 3 ] DEBUG Engine               - class com.almasb.fxgl.ui.FXGLDialogFactoryServiceProvider
20:17:54.011 [FXGL Background Thread 3 ] DEBUG Engine               - class com.almasb.fxgl.audio.AudioPlayer
20:17:54.011 [FXGL Background Thread 3 ] DEBUG Engine               - class com.almasb.fxgl.notification.impl.NotificationServiceProvider
20:17:54.011 [FXGL Background Thread 3 ] DEBUG Engine               - class com.almasb.fxgl.achievement.AchievementService
20:17:54.011 [FXGL Background Thread 3 ] DEBUG Engine               - class com.almasb.fxgl.cutscene.CutsceneService
20:17:54.011 [FXGL Background Thread 3 ] DEBUG Engine               - class com.almasb.fxgl.minigames.MiniGameService
20:17:54.011 [FXGL Background Thread 3 ] DEBUG Engine               - class com.almasb.fxgl.net.NetService
20:17:54.011 [FXGL Background Thread 3 ] DEBUG Engine               - class com.almasb.fxgl.app.services.UpdaterService
20:17:54.011 [FXGL Background Thread 3 ] DEBUG Engine               - class com.almasb.fxgl.dev.DevService
20:21:30.205 [JavaFX Application Thread] DEBUG Menu                 - fireNewGame()
20:21:30.205 [JavaFX Application Thread] DEBUG GameApplicationServi - Starting new game
20:21:30.205 [JavaFX Application Thread] DEBUG PrimaryStageWindow   - Pop state: MainMenu
20:21:30.205 [JavaFX Application Thread] DEBUG Input                - Clearing active input actions
20:21:30.206 [JavaFX Application Thread] DEBUG GameApplicationServi - Removing overlay from MainMenu and adding to FXGLMainMenuDummyScene
20:21:30.206 [JavaFX Application Thread] DEBUG PrimaryStageWindow   - FXGLMainMenuDummyScene <- MainMenu
20:21:30.206 [JavaFX Application Thread] DEBUG Input                - Clearing active input actions
20:21:30.209 [JavaFX Application Thread] DEBUG GameApplicationServi - Removing overlay from FXGLMainMenuDummyScene and adding to FXGLLoadingScene
20:21:30.209 [JavaFX Application Thread] DEBUG PrimaryStageWindow   - FXGLMainMenuDummyScene -> FXGLLoadingScene
20:21:30.209 [JavaFX Application Thread] DEBUG GameApplicationServi - Clearing previous game
20:21:30.209 [JavaFX Application Thread] DEBUG GameScene            - Clearing game scene
20:21:30.209 [JavaFX Application Thread] DEBUG GameWorld            - Clearing game world
20:21:30.210 [JavaFX Application Thread] DEBUG PhysicsWorld         - Clearing physics world
20:21:30.212 [FXGL Background Thread 5 ] DEBUG FXGLApplication      - Initializing game
20:21:30.214 [FXGL Background Thread 5 ] DEBUG FXGLAssetLoaderServi - Loading from file system: file:/C:/Users/pc/Desktop/Java/GameEngines/Asteriods/target/classes/assets/music/bgm.mp3
20:21:30.401 [FXGL Background Thread 5 ] DEBUG AudioPlayer          - Playing music com.almasb.fxgl.audio.Music@7e72f064
20:21:30.441 [FXGL Background Thread 5 ] DEBUG FXGLAssetLoaderServi - Loading from file system: file:/C:/Users/pc/Desktop/Java/GameEngines/Asteriods/target/classes/assets/textures/player.png
20:21:30.493 [FXGL Background Thread 5 ] DEBUG FXGLAssetLoaderServi - Loading from file system: file:/C:/Users/pc/Desktop/Java/GameEngines/Asteriods/target/classes/assets/textures/life.png
20:21:30.496 [FXGL Background Thread 5 ] INFO  FXGLApplication      - Game initialization took: 0.284 sec
20:21:30.514 [JavaFX Application Thread] DEBUG Input                - Clearing active input actions
20:21:30.518 [JavaFX Application Thread] DEBUG GameApplicationServi - Removing overlay from FXGLLoadingScene and adding to GameScene
20:21:30.518 [JavaFX Application Thread] DEBUG PrimaryStageWindow   - FXGLLoadingScene -> GameScene
20:21:30.758 [JavaFX Application Thread] DEBUG PrimaryStageWindow   - Push state: DialogSubScene
20:21:30.758 [JavaFX Application Thread] DEBUG Input                - Clearing active input actions
20:21:30.762 [JavaFX Application Thread] DEBUG GameApplicationServi - Removing overlay from GameScene and adding to DialogSubScene
20:21:30.762 [JavaFX Application Thread] DEBUG PrimaryStageWindow   - GameScene -> DialogSubScene
20:21:49.340 [JavaFX Application Thread] DEBUG FXGLApplication      - Exiting FXGL
20:21:49.340 [JavaFX Application Thread] DEBUG LoopRunner           - Stopping loop
20:21:49.341 [JavaFX Application Thread] DEBUG SystemBundleService  - Saving FXGL system data
20:21:49.343 [JavaFX Application Thread] DEBUG FileSystemAccess     - Writing to: C:\Users\pc\Desktop\Java\GameEngines\Asteriods\system\fxgl.bundle
20:21:49.344 [JavaFX Application Thread] DEBUG Async                - Shutting down background threads
20:21:49.344 [JavaFX Application Thread] DEBUG PrimaryStageWindow   - Closing main window
20:21:49.359 [JavaFX Application Thread] DEBUG Logger               - Closing Logger
